TMS320C2000 Assembler PC v22.6.1 Sat May 31 18:27:10 2025

Copyright (c) 1996-2018 Texas Instruments Incorporated
C:\Users\Daniel\AppData\Local\Temp\{3359E8EE-B19E-4A22-A35D-225BB9D7ABAC} PAGE    1

       1              ;***************************************************************
       2              ;* TMS320C2000 G3 C/C++ Codegen                               PC v22.6.1.LTS *
       3              ;* Date/Time created: Sat May 31 18:27:10 2025                 *
       4              ;***************************************************************
       5                      .compiler_opts --abi=coffabi --cla_support=cla2 --diag_wrap=off --float_support=fpu32 --hll_source=on
       6                      .asg    XAR2, FP
       7              
       8              $C$DW$CU        .dwtag  DW_TAG_compile_unit
       9                      .dwattr $C$DW$CU, DW_AT_name("../inc/pid.c")
      10                      .dwattr $C$DW$CU, DW_AT_producer("TI TMS320C2000 G3 C/C++ Codegen PC v22.6.1.LTS Copyright (c) 1996-2
      11                      .dwattr $C$DW$CU, DW_AT_TI_version(0x01)
      12                      .dwattr $C$DW$CU, DW_AT_comp_dir("C:\Users\Daniel\CodeComposer\UPS_MUCI\CPU1_FLASH")
      13              ;**************************************************************
      14              ;* CINIT RECORDS                                              *
      15              ;**************************************************************
      16 00000000               .sect   ".cinit"
      17                      .align  1
      18 00000000 FFEE          .field          -$C$IR_1,16
      19 00000001 0000-         .field          _IBattFast+0,32
         00000002 0000 
      20 00000003 0000          .xfloat $strtod("0x0p+0")               ; _IBattFast._value @ 0
         00000004 0000 
      21 00000005 0000          .xfloat $strtod("0x0p+0")               ; _IBattFast._ref @ 32
         00000006 0000 
      22 00000007 0000          .xfloat $strtod("0x0p+0")               ; _IBattFast._error @ 64
         00000008 0000 
      23 00000009 0000          .xfloat $strtod("0x0p+0")               ; _IBattFast._error_old @ 96
         0000000a 0000 
      24 0000000b 999A          .xfloat $strtod("0x1.333334p-3")                ; _IBattFast._Kp @ 128
         0000000c 3E19 
      25 0000000d D70A          .xfloat $strtod("0x1.47ae14p-7")                ; _IBattFast._Ki @ 160
         0000000e 3C23 
      26 0000000f 3333          .xfloat $strtod("0x1.666666p-1")                ; _IBattFast._output @ 192
         00000010 3F33 
      27 00000011 0000          .xfloat $strtod("0x0p+0")               ; _IBattFast._min @ 224
         00000012 0000 
      28 00000013 0000          .xfloat $strtod("0x1p+0")               ; _IBattFast._max @ 256
         00000014 3F80 
      29        0012  $C$IR_1:        .set    18
      30              
      31 00000015               .sect   ".cinit"
      32                      .align  1
      33 00000015 FFEE          .field          -$C$IR_2,16
      34 00000016 0012-         .field          _IBattSlow+0,32
         00000017 0000 
      35 00000018 0000          .xfloat $strtod("0x0p+0")               ; _IBattSlow._value @ 0
         00000019 0000 
      36 0000001a 0000          .xfloat $strtod("0x0p+0")               ; _IBattSlow._ref @ 32
         0000001b 0000 
      37 0000001c 0000          .xfloat $strtod("0x0p+0")               ; _IBattSlow._error @ 64
         0000001d 0000 
      38 0000001e 0000          .xfloat $strtod("0x0p+0")               ; _IBattSlow._error_old @ 96
         0000001f 0000 
      39 00000020 999A          .xfloat $strtod("0x1.333334p-3")                ; _IBattSlow._Kp @ 128
         00000021 3E19 
TMS320C2000 Assembler PC v22.6.1 Sat May 31 18:27:10 2025

Copyright (c) 1996-2018 Texas Instruments Incorporated
C:\Users\Daniel\AppData\Local\Temp\{3359E8EE-B19E-4A22-A35D-225BB9D7ABAC} PAGE    2

      40 00000022 D70A          .xfloat $strtod("0x1.47ae14p-7")                ; _IBattSlow._Ki @ 160
         00000023 3C23 
      41 00000024 0000          .xfloat $strtod("0x0p+0")               ; _IBattSlow._output @ 192
         00000025 0000 
      42 00000026 0000          .xfloat $strtod("0x0p+0")               ; _IBattSlow._min @ 224
         00000027 0000 
      43 00000028 0000          .xfloat $strtod("0x1p+0")               ; _IBattSlow._max @ 256
         00000029 3F80 
      44        0012  $C$IR_2:        .set    18
      45              
      46 0000002a               .sect   ".cinit"
      47                      .align  1
      48 0000002a FFEE          .field          -$C$IR_3,16
      49 0000002b 0024-         .field          _IBattReg+0,32
         0000002c 0000 
      50 0000002d 0000          .xfloat $strtod("0x0p+0")               ; _IBattReg._value @ 0
         0000002e 0000 
      51 0000002f 0000          .xfloat $strtod("0x0p+0")               ; _IBattReg._ref @ 32
         00000030 0000 
      52 00000031 0000          .xfloat $strtod("0x0p+0")               ; _IBattReg._error @ 64
         00000032 0000 
      53 00000033 0000          .xfloat $strtod("0x0p+0")               ; _IBattReg._error_old @ 96
         00000034 0000 
      54 00000035 999A          .xfloat $strtod("0x1.333334p-3")                ; _IBattReg._Kp @ 128
         00000036 3E19 
      55 00000037 D70A          .xfloat $strtod("0x1.47ae14p-7")                ; _IBattReg._Ki @ 160
         00000038 3C23 
      56 00000039 0000          .xfloat $strtod("0x0p+0")               ; _IBattReg._output @ 192
         0000003a 0000 
      57 0000003b 0000          .xfloat $strtod("0x0p+0")               ; _IBattReg._min @ 224
         0000003c 0000 
      58 0000003d 0000          .xfloat $strtod("0x1p+0")               ; _IBattReg._max @ 256
         0000003e 3F80 
      59        0012  $C$IR_3:        .set    18
      60              
      61 0000003f               .sect   ".cinit"
      62                      .align  1
      63 0000003f FFEE          .field          -$C$IR_4,16
      64 00000040 0040-         .field          _VBuckReg+0,32
         00000041 0000 
      65 00000042 0000          .xfloat $strtod("0x0p+0")               ; _VBuckReg._value @ 0
         00000043 0000 
      66 00000044 0000          .xfloat $strtod("0x1p+2")               ; _VBuckReg._ref @ 32
         00000045 4080 
      67 00000046 0000          .xfloat $strtod("0x0p+0")               ; _VBuckReg._error @ 64
         00000047 0000 
      68 00000048 0000          .xfloat $strtod("0x0p+0")               ; _VBuckReg._error_old @ 96
         00000049 0000 
      69 0000004a 0000          .xfloat $strtod("0x1.cp+1")             ; _VBuckReg._Kp @ 128
         0000004b 4060 
      70 0000004c 999A          .xfloat $strtod("0x1.333334p-3")                ; _VBuckReg._Ki @ 160
         0000004d 3E19 
      71 0000004e 0000          .xfloat $strtod("0x0p+0")               ; _VBuckReg._output @ 192
         0000004f 0000 
      72 00000050 0000          .xfloat $strtod("-0x1p+0")              ; _VBuckReg._min @ 224
TMS320C2000 Assembler PC v22.6.1 Sat May 31 18:27:10 2025

Copyright (c) 1996-2018 Texas Instruments Incorporated
C:\Users\Daniel\AppData\Local\Temp\{3359E8EE-B19E-4A22-A35D-225BB9D7ABAC} PAGE    3

         00000051 BF80 
      73 00000052 0000          .xfloat $strtod("0x1p+0")               ; _VBuckReg._max @ 256
         00000053 3F80 
      74        0012  $C$IR_4:        .set    18
      75              
      76 00000054               .sect   ".cinit"
      77                      .align  1
      78 00000054 FFEE          .field          -$C$IR_5,16
      79 00000055 0052-         .field          _VBoostFast+0,32
         00000056 0000 
      80 00000057 0000          .xfloat $strtod("0x0p+0")               ; _VBoostFast._value @ 0
         00000058 0000 
      81 00000059 0000          .xfloat $strtod("0x1.4p+2")             ; _VBoostFast._ref @ 32
         0000005a 40A0 
      82 0000005b 0000          .xfloat $strtod("0x0p+0")               ; _VBoostFast._error @ 64
         0000005c 0000 
      83 0000005d 0000          .xfloat $strtod("0x0p+0")               ; _VBoostFast._error_old @ 96
         0000005e 0000 
      84 0000005f 0000          .xfloat $strtod("0x1.4p+5")             ; _VBoostFast._Kp @ 128
         00000060 4220 
      85 00000061 0000          .xfloat $strtod("0x1p+0")               ; _VBoostFast._Ki @ 160
         00000062 3F80 
      86 00000063 0000          .xfloat $strtod("0x1.8p+2")             ; _VBoostFast._output @ 192
         00000064 40C0 
      87 00000065 0000          .xfloat $strtod("-0x1p+0")              ; _VBoostFast._min @ 224
         00000066 BF80 
      88 00000067 0000          .xfloat $strtod("0x1.8p+2")             ; _VBoostFast._max @ 256
         00000068 40C0 
      89        0012  $C$IR_5:        .set    18
      90              
      91 00000069               .sect   ".cinit"
      92                      .align  1
      93 00000069 FFEE          .field          -$C$IR_6,16
      94 0000006a 0064-         .field          _VBoostSlow+0,32
         0000006b 0000 
      95 0000006c 0000          .xfloat $strtod("0x0p+0")               ; _VBoostSlow._value @ 0
         0000006d 0000 
      96 0000006e 0000          .xfloat $strtod("0x1.4p+2")             ; _VBoostSlow._ref @ 32
         0000006f 40A0 
      97 00000070 0000          .xfloat $strtod("0x0p+0")               ; _VBoostSlow._error @ 64
         00000071 0000 
      98 00000072 0000          .xfloat $strtod("0x0p+0")               ; _VBoostSlow._error_old @ 96
         00000073 0000 
      99 00000074 0000          .xfloat $strtod("0x1.4p+3")             ; _VBoostSlow._Kp @ 128
         00000075 4120 
     100 00000076 CCCD          .xfloat $strtod("0x1.99999ap-4")                ; _VBoostSlow._Ki @ 160
         00000077 3DCC 
     101 00000078 0000          .xfloat $strtod("0x0p+0")               ; _VBoostSlow._output @ 192
         00000079 0000 
     102 0000007a 0000          .xfloat $strtod("-0x1p+0")              ; _VBoostSlow._min @ 224
         0000007b BF80 
     103 0000007c 0000          .xfloat $strtod("0x1.8p+2")             ; _VBoostSlow._max @ 256
         0000007d 40C0 
     104        0012  $C$IR_6:        .set    18
     105              
TMS320C2000 Assembler PC v22.6.1 Sat May 31 18:27:10 2025

Copyright (c) 1996-2018 Texas Instruments Incorporated
C:\Users\Daniel\AppData\Local\Temp\{3359E8EE-B19E-4A22-A35D-225BB9D7ABAC} PAGE    4

     106 0000007e               .sect   ".cinit"
     107                      .align  1
     108 0000007e FFEE          .field          -$C$IR_7,16
     109 0000007f 0080-         .field          _VBoostReg+0,32
         00000080 0000 
     110 00000081 0000          .xfloat $strtod("0x0p+0")               ; _VBoostReg._value @ 0
         00000082 0000 
     111 00000083 0000          .xfloat $strtod("0x1.4p+2")             ; _VBoostReg._ref @ 32
         00000084 40A0 
     112 00000085 0000          .xfloat $strtod("0x0p+0")               ; _VBoostReg._error @ 64
         00000086 0000 
     113 00000087 0000          .xfloat $strtod("0x0p+0")               ; _VBoostReg._error_old @ 96
         00000088 0000 
     114 00000089 0000          .xfloat $strtod("0x1.4p+3")             ; _VBoostReg._Kp @ 128
         0000008a 4120 
     115 0000008b CCCD          .xfloat $strtod("0x1.99999ap-4")                ; _VBoostReg._Ki @ 160
         0000008c 3DCC 
     116 0000008d 0000          .xfloat $strtod("0x0p+0")               ; _VBoostReg._output @ 192
         0000008e 0000 
     117 0000008f 0000          .xfloat $strtod("-0x1p+0")              ; _VBoostReg._min @ 224
         00000090 BF80 
     118 00000091 0000          .xfloat $strtod("0x1.8p+2")             ; _VBoostReg._max @ 256
         00000092 40C0 
     119        0012  $C$IR_7:        .set    18
     120              
     121              
     122              $C$DW$1 .dwtag  DW_TAG_subprogram
     123                      .dwattr $C$DW$1, DW_AT_name("__error__")
     124                      .dwattr $C$DW$1, DW_AT_TI_symbol_name("___error__")
     125                      .dwattr $C$DW$1, DW_AT_declaration
     126                      .dwattr $C$DW$1, DW_AT_external
     127              $C$DW$2 .dwtag  DW_TAG_formal_parameter
     128                      .dwattr $C$DW$2, DW_AT_type(*$C$DW$T$29)
     129              
     130              $C$DW$3 .dwtag  DW_TAG_formal_parameter
     131                      .dwattr $C$DW$3, DW_AT_type(*$C$DW$T$31)
     132              
     133                      .dwendtag $C$DW$1
     134              
     135              $C$DW$4 .dwtag  DW_TAG_variable
     136                      .dwattr $C$DW$4, DW_AT_name("VMain")
     137                      .dwattr $C$DW$4, DW_AT_TI_symbol_name("_VMain")
     138                      .dwattr $C$DW$4, DW_AT_type(*$C$DW$T$16)
     139                      .dwattr $C$DW$4, DW_AT_declaration
     140                      .dwattr $C$DW$4, DW_AT_external
     141              
     142              $C$DW$5 .dwtag  DW_TAG_variable
     143                      .dwattr $C$DW$5, DW_AT_name("VBatt")
     144                      .dwattr $C$DW$5, DW_AT_TI_symbol_name("_VBatt")
     145                      .dwattr $C$DW$5, DW_AT_type(*$C$DW$T$16)
     146                      .dwattr $C$DW$5, DW_AT_declaration
     147                      .dwattr $C$DW$5, DW_AT_external
     148              
     149              $C$DW$6 .dwtag  DW_TAG_variable
     150                      .dwattr $C$DW$6, DW_AT_name("IBatt")
TMS320C2000 Assembler PC v22.6.1 Sat May 31 18:27:10 2025

Copyright (c) 1996-2018 Texas Instruments Incorporated
C:\Users\Daniel\AppData\Local\Temp\{3359E8EE-B19E-4A22-A35D-225BB9D7ABAC} PAGE    5

     151                      .dwattr $C$DW$6, DW_AT_TI_symbol_name("_IBatt")
     152                      .dwattr $C$DW$6, DW_AT_type(*$C$DW$T$16)
     153                      .dwattr $C$DW$6, DW_AT_declaration
     154                      .dwattr $C$DW$6, DW_AT_external
     155              
     156                      .global _IBattFast
     157 00000000       _IBattFast:     .usect  ".ebss",18,1,1
     158              $C$DW$7 .dwtag  DW_TAG_variable
     159                      .dwattr $C$DW$7, DW_AT_name("IBattFast")
     160                      .dwattr $C$DW$7, DW_AT_TI_symbol_name("_IBattFast")
     161                      .dwattr $C$DW$7, DW_AT_location[DW_OP_addr _IBattFast]
     162                      .dwattr $C$DW$7, DW_AT_type(*$C$DW$T$22)
     163                      .dwattr $C$DW$7, DW_AT_external
     164              
     165                      .global _IBattSlow
     166 00000012       _IBattSlow:     .usect  ".ebss",18,1,1
     167              $C$DW$8 .dwtag  DW_TAG_variable
     168                      .dwattr $C$DW$8, DW_AT_name("IBattSlow")
     169                      .dwattr $C$DW$8, DW_AT_TI_symbol_name("_IBattSlow")
     170                      .dwattr $C$DW$8, DW_AT_location[DW_OP_addr _IBattSlow]
     171                      .dwattr $C$DW$8, DW_AT_type(*$C$DW$T$22)
     172                      .dwattr $C$DW$8, DW_AT_external
     173              
     174                      .global _IBattReg
     175 00000024       _IBattReg:      .usect  ".ebss",18,1,1
     176              $C$DW$9 .dwtag  DW_TAG_variable
     177                      .dwattr $C$DW$9, DW_AT_name("IBattReg")
     178                      .dwattr $C$DW$9, DW_AT_TI_symbol_name("_IBattReg")
     179                      .dwattr $C$DW$9, DW_AT_location[DW_OP_addr _IBattReg]
     180                      .dwattr $C$DW$9, DW_AT_type(*$C$DW$T$22)
     181                      .dwattr $C$DW$9, DW_AT_external
     182              
     183                      .global _VBuckReg
     184 00000040       _VBuckReg:      .usect  ".ebss",18,1,1
     185              $C$DW$10        .dwtag  DW_TAG_variable
     186                      .dwattr $C$DW$10, DW_AT_name("VBuckReg")
     187                      .dwattr $C$DW$10, DW_AT_TI_symbol_name("_VBuckReg")
     188                      .dwattr $C$DW$10, DW_AT_location[DW_OP_addr _VBuckReg]
     189                      .dwattr $C$DW$10, DW_AT_type(*$C$DW$T$22)
     190                      .dwattr $C$DW$10, DW_AT_external
     191              
     192                      .global _VBoostFast
     193 00000052       _VBoostFast:    .usect  ".ebss",18,1,1
     194              $C$DW$11        .dwtag  DW_TAG_variable
     195                      .dwattr $C$DW$11, DW_AT_name("VBoostFast")
     196                      .dwattr $C$DW$11, DW_AT_TI_symbol_name("_VBoostFast")
     197                      .dwattr $C$DW$11, DW_AT_location[DW_OP_addr _VBoostFast]
     198                      .dwattr $C$DW$11, DW_AT_type(*$C$DW$T$22)
     199                      .dwattr $C$DW$11, DW_AT_external
     200              
     201                      .global _VBoostSlow
     202 00000064       _VBoostSlow:    .usect  ".ebss",18,1,1
     203              $C$DW$12        .dwtag  DW_TAG_variable
     204                      .dwattr $C$DW$12, DW_AT_name("VBoostSlow")
     205                      .dwattr $C$DW$12, DW_AT_TI_symbol_name("_VBoostSlow")
TMS320C2000 Assembler PC v22.6.1 Sat May 31 18:27:10 2025

Copyright (c) 1996-2018 Texas Instruments Incorporated
C:\Users\Daniel\AppData\Local\Temp\{3359E8EE-B19E-4A22-A35D-225BB9D7ABAC} PAGE    6

     206                      .dwattr $C$DW$12, DW_AT_location[DW_OP_addr _VBoostSlow]
     207                      .dwattr $C$DW$12, DW_AT_type(*$C$DW$T$22)
     208                      .dwattr $C$DW$12, DW_AT_external
     209              
     210                      .global _VBoostReg
     211 00000080       _VBoostReg:     .usect  ".ebss",18,1,1
     212              $C$DW$13        .dwtag  DW_TAG_variable
     213                      .dwattr $C$DW$13, DW_AT_name("VBoostReg")
     214                      .dwattr $C$DW$13, DW_AT_TI_symbol_name("_VBoostReg")
     215                      .dwattr $C$DW$13, DW_AT_location[DW_OP_addr _VBoostReg]
     216                      .dwattr $C$DW$13, DW_AT_type(*$C$DW$T$22)
     217                      .dwattr $C$DW$13, DW_AT_external
     218              
     219                      .sblock ".ebss"
     220              ;       D:\Programs\TI\ccs1281\ccs\tools\compiler\ti-cgt-c2000_22.6.1.LTS\bin\opt2000.exe C:\\Users\\Daniel\\
     221              ;       D:\Programs\TI\ccs1281\ccs\tools\compiler\ti-cgt-c2000_22.6.1.LTS\bin\ac2000.exe -@C:\\Users\\Daniel\
     222 00000000               .sect   ".TI.ramfunc:_PID"
     223                      .clink
     224                      .global _PID
     225              
     226              $C$DW$14        .dwtag  DW_TAG_subprogram
     227                      .dwattr $C$DW$14, DW_AT_name("PID")
     228                      .dwattr $C$DW$14, DW_AT_low_pc(_PID)
     229                      .dwattr $C$DW$14, DW_AT_high_pc(0x00)
     230                      .dwattr $C$DW$14, DW_AT_TI_symbol_name("_PID")
     231                      .dwattr $C$DW$14, DW_AT_external
     232                      .dwattr $C$DW$14, DW_AT_type(*$C$DW$T$16)
     233                      .dwattr $C$DW$14, DW_AT_TI_begin_file("../inc/pid.c")
     234                      .dwattr $C$DW$14, DW_AT_TI_begin_line(0x20)
     235                      .dwattr $C$DW$14, DW_AT_TI_begin_column(0x07)
     236                      .dwattr $C$DW$14, DW_AT_TI_max_frame_size(-8)
     237                      .dwpsn  file "../inc/pid.c",line 32,column 54,is_stmt,address _PID,isa 0
     238              
     239                      .dwfde $C$DW$CIE, _PID
     240              $C$DW$15        .dwtag  DW_TAG_formal_parameter
     241                      .dwattr $C$DW$15, DW_AT_name("ref")
     242                      .dwattr $C$DW$15, DW_AT_TI_symbol_name("_ref")
     243                      .dwattr $C$DW$15, DW_AT_type(*$C$DW$T$16)
     244                      .dwattr $C$DW$15, DW_AT_location[DW_OP_regx 0x2b]
     245              
     246              $C$DW$16        .dwtag  DW_TAG_formal_parameter
     247                      .dwattr $C$DW$16, DW_AT_name("value")
     248                      .dwattr $C$DW$16, DW_AT_TI_symbol_name("_value")
     249                      .dwattr $C$DW$16, DW_AT_type(*$C$DW$T$16)
     250                      .dwattr $C$DW$16, DW_AT_location[DW_OP_regx 0x2f]
     251              
     252              $C$DW$17        .dwtag  DW_TAG_formal_parameter
     253                      .dwattr $C$DW$17, DW_AT_name("pid")
     254                      .dwattr $C$DW$17, DW_AT_TI_symbol_name("_pid")
     255                      .dwattr $C$DW$17, DW_AT_type(*$C$DW$T$23)
     256                      .dwattr $C$DW$17, DW_AT_location[DW_OP_reg12]
     257              
     258              
     259              ;***************************************************************
     260              ;* FNAME: _PID                          FR SIZE:   6           *
TMS320C2000 Assembler PC v22.6.1 Sat May 31 18:27:10 2025

Copyright (c) 1996-2018 Texas Instruments Incorporated
C:\Users\Daniel\AppData\Local\Temp\{3359E8EE-B19E-4A22-A35D-225BB9D7ABAC} PAGE    7

     261              ;*                                                             *
     262              ;* FUNCTION ENVIRONMENT                                        *
     263              ;*                                                             *
     264              ;* FUNCTION PROPERTIES                                         *
     265              ;*                            0 Parameter,  0 Auto,  6 SOE     *
     266              ;***************************************************************
     267              
     268              _PID:
     269              ;* R5    assigned to $O$C16
     270              ;* R3    assigned to $O$v2
     271              ;* R0    assigned to _ref
     272              $C$DW$18        .dwtag  DW_TAG_variable
     273                      .dwattr $C$DW$18, DW_AT_name("ref")
     274                      .dwattr $C$DW$18, DW_AT_TI_symbol_name("_ref")
     275                      .dwattr $C$DW$18, DW_AT_type(*$C$DW$T$43)
     276                      .dwattr $C$DW$18, DW_AT_location[DW_OP_regx 0x2b]
     277              
     278              ;* R1    assigned to _value
     279              $C$DW$19        .dwtag  DW_TAG_variable
     280                      .dwattr $C$DW$19, DW_AT_name("value")
     281                      .dwattr $C$DW$19, DW_AT_TI_symbol_name("_value")
     282                      .dwattr $C$DW$19, DW_AT_type(*$C$DW$T$43)
     283                      .dwattr $C$DW$19, DW_AT_location[DW_OP_regx 0x2f]
     284              
     285              ;* AR4   assigned to _pid
     286              $C$DW$20        .dwtag  DW_TAG_variable
     287                      .dwattr $C$DW$20, DW_AT_name("pid")
     288                      .dwattr $C$DW$20, DW_AT_TI_symbol_name("_pid")
     289                      .dwattr $C$DW$20, DW_AT_type(*$C$DW$T$24)
     290                      .dwattr $C$DW$20, DW_AT_location[DW_OP_reg12]
     291              
     292                      .dwcfi  cfa_offset, -2
     293                      .dwcfi  save_reg_to_mem, 26, 0
     294 00000000 E203          MOV32     *SP++,R4H             ; [CPU_FPU] 
         00000001 04BD 
     295                      .dwcfi  save_reg_to_mem, 59, 2
     296                      .dwcfi  cfa_offset, -4
     297                      .dwpsn  file "../inc/pid.c",line 39,column 5,is_stmt,isa 0
     298 00000002 D00C          MOVB      XAR0,#12              ; [CPU_ALU] |39| 
     299 00000003 E203          MOV32     *SP++,R5H             ; [CPU_FPU] 
         00000004 05BD 
     300                      .dwcfi  save_reg_to_mem, 63, 4
     301                      .dwcfi  cfa_offset, -6
     302 00000005 E203          MOV32     *SP++,R6H             ; [CPU_FPU] 
         00000006 06BD 
     303                      .dwcfi  save_reg_to_mem, 67, 6
     304                      .dwcfi  cfa_offset, -8
     305 00000007 E2AF          MOV32     R3H,*+XAR4[AR0]       ; [CPU_FPU] |39| 
         00000008 0394 
     306 00000009 E2AF          MOV32     R2H,*+XAR4[6]         ; [CPU_FPU] |39| 
         0000000a 02F4 
     307                      .dwpsn  file "../inc/pid.c",line 43,column 5,is_stmt,isa 0
     308 0000000b D010          MOVB      XAR0,#16              ; [CPU_ALU] |43| 
     309 0000000c E2AF          MOV32     R4H,*+XAR4[AR0]       ; [CPU_FPU] |43| 
         0000000d 0494 
TMS320C2000 Assembler PC v22.6.1 Sat May 31 18:27:10 2025

Copyright (c) 1996-2018 Texas Instruments Incorporated
C:\Users\Daniel\AppData\Local\Temp\{3359E8EE-B19E-4A22-A35D-225BB9D7ABAC} PAGE    8

     310                      .dwpsn  file "../inc/pid.c",line 34,column 5,is_stmt,isa 0
     311              
     312                      MOV32     *+XAR4[2],R0H         ; [CPU_FPU] |34| 
     313 0000000e E022  ||      SUBF32    R5H,R0H,R1H           ; [CPU_FPU] |37| 
         0000000f 28D4 
     314              
     315                      .dwpsn  file "../inc/pid.c",line 39,column 5,is_stmt,isa 0
     316 00000010 D008          MOVB      XAR0,#8               ; [CPU_ALU] |39| 
     317              
     318                      MOV32     R2H,*+XAR4[AR0]       ; [CPU_FPU] |39| 
     319 00000011 E325  ||      SUBF32    R6H,R5H,R2H           ; [CPU_FPU] |39| 
         00000012 7294 
     320              
     321 00000013 D00A          MOVB      XAR0,#10              ; [CPU_ALU] |39| 
     322              
     323                      MOV32     R6H,*+XAR4[AR0]       ; [CPU_FPU] |39| 
     324 00000014 E305  ||      MPYF32    R2H,R6H,R2H           ; [CPU_FPU] |39| 
         00000015 9694 
     325              
     326                      .dwpsn  file "../inc/pid.c",line 35,column 5,is_stmt,isa 0
     327              
     328 00000016 E00D          MPYF32    R6H,R5H,R6H           ; [CPU_FPU] |39| 
         00000017 71C4 
     329              ||      MOV32     *+XAR4[0],R1H         ; [CPU_FPU] |35| 
     330              
     331                      .dwpsn  file "../inc/pid.c",line 37,column 5,is_stmt,isa 0
     332 00000018 E203          MOV32     *+XAR4[4],R5H         ; [CPU_FPU] |37| 
         00000019 05E4 
     333                      .dwpsn  file "../inc/pid.c",line 39,column 5,is_stmt,isa 0
     334              
     335 0000001a E01C          ADDF32    R2H,R2H,R6H           ; [CPU_FPU] |39| 
         0000001b 95F4 
     336              ||      MOV32     *+XAR4[6],R5H         ; [CPU_FPU] |41| 
     337              
     338                      .dwpsn  file "../inc/pid.c",line 43,column 5,is_stmt,isa 0
     339 0000001c D00E          MOVB      XAR0,#14              ; [CPU_ALU] |43| 
     340                      .dwpsn  file "../inc/pid.c",line 39,column 5,is_stmt,isa 0
     341              
     342                      MOV32     R2H,*+XAR4[AR0]       ; [CPU_FPU] |43| 
     343 0000001d E314  ||      ADDF32    R3H,R3H,R2H           ; [CPU_FPU] |39| 
         0000001e DA94 
     344              
     345 0000001f D00C          MOVB      XAR0,#12              ; [CPU_ALU] |39| 
     346 00000020 E203          MOV32     *+XAR4[AR0],R3H       ; [CPU_FPU] |39| 
         00000021 0394 
     347                      .dwpsn  file "../inc/pid.c",line 43,column 5,is_stmt,isa 0
     348 00000022 D00C          MOVB      XAR0,#12              ; [CPU_ALU] |43| 
     349 00000023 E696          MAXF32    R3H,R2H               ; [CPU_FPU] |43| 
         00000024 0013 
     350 00000025 E697          MINF32    R3H,R4H               ; [CPU_FPU] |43| 
         00000026 0023 
     351                      .dwpsn  file "../inc/pid.c",line 45,column 5,is_stmt,isa 0
     352 00000027 E6CF          MOV32     R0H,R3H               ; [CPU_FPU] |45| 
         00000028 0018 
     353                      .dwpsn  file "../inc/pid.c",line 43,column 5,is_stmt,isa 0
TMS320C2000 Assembler PC v22.6.1 Sat May 31 18:27:10 2025

Copyright (c) 1996-2018 Texas Instruments Incorporated
C:\Users\Daniel\AppData\Local\Temp\{3359E8EE-B19E-4A22-A35D-225BB9D7ABAC} PAGE    9

     354 00000029 E203          MOV32     *+XAR4[AR0],R3H       ; [CPU_FPU] |43| 
         0000002a 0394 
     355 0000002b E2AF          MOV32     R6H,*--SP             ; [CPU_FPU] 
         0000002c 06BE 
     356                      .dwcfi  cfa_offset, -6
     357                      .dwcfi  restore_reg, 67
     358 0000002d E2AF          MOV32     R5H,*--SP             ; [CPU_FPU] 
         0000002e 05BE 
     359                      .dwcfi  cfa_offset, -4
     360                      .dwcfi  restore_reg, 63
     361 0000002f E2AF          MOV32     R4H,*--SP             ; [CPU_FPU] 
         00000030 04BE 
     362                      .dwcfi  cfa_offset, -2
     363                      .dwcfi  restore_reg, 59
     364              $C$DW$21        .dwtag  DW_TAG_TI_branch
     365                      .dwattr $C$DW$21, DW_AT_low_pc(0x00)
     366                      .dwattr $C$DW$21, DW_AT_TI_return
     367              
     368 00000031 0006          LRETR     ; [CPU_ALU] 
     369                      ; return occurs ; [] 
     370                      .dwattr $C$DW$14, DW_AT_TI_end_file("../inc/pid.c")
     371                      .dwattr $C$DW$14, DW_AT_TI_end_line(0x2e)
     372                      .dwattr $C$DW$14, DW_AT_TI_end_column(0x01)
     373                      .dwendentry
     374                      .dwendtag $C$DW$14
     375              
     376 00000000               .sect   ".TI.ramfunc:_ControlCurrent"
     377                      .clink
     378                      .global _ControlCurrent
     379              
     380              $C$DW$22        .dwtag  DW_TAG_subprogram
     381                      .dwattr $C$DW$22, DW_AT_name("ControlCurrent")
     382                      .dwattr $C$DW$22, DW_AT_low_pc(_ControlCurrent)
     383                      .dwattr $C$DW$22, DW_AT_high_pc(0x00)
     384                      .dwattr $C$DW$22, DW_AT_TI_symbol_name("_ControlCurrent")
     385                      .dwattr $C$DW$22, DW_AT_external
     386                      .dwattr $C$DW$22, DW_AT_TI_begin_file("../inc/pid.c")
     387                      .dwattr $C$DW$22, DW_AT_TI_begin_line(0x3b)
     388                      .dwattr $C$DW$22, DW_AT_TI_begin_column(0x06)
     389                      .dwattr $C$DW$22, DW_AT_TI_max_frame_size(-2)
     390                      .dwpsn  file "../inc/pid.c",line 59,column 33,is_stmt,address _ControlCurrent,isa 0
     391              
     392                      .dwfde $C$DW$CIE, _ControlCurrent
     393              $C$DW$23        .dwtag  DW_TAG_formal_parameter
     394                      .dwattr $C$DW$23, DW_AT_name("iRef")
     395                      .dwattr $C$DW$23, DW_AT_TI_symbol_name("_iRef")
     396                      .dwattr $C$DW$23, DW_AT_type(*$C$DW$T$16)
     397                      .dwattr $C$DW$23, DW_AT_location[DW_OP_regx 0x2b]
     398              
     399              
     400              ;***************************************************************
     401              ;* FNAME: _ControlCurrent               FR SIZE:   0           *
     402              ;*                                                             *
     403              ;* FUNCTION ENVIRONMENT                                        *
     404              ;*                                                             *
TMS320C2000 Assembler PC v22.6.1 Sat May 31 18:27:10 2025

Copyright (c) 1996-2018 Texas Instruments Incorporated
C:\Users\Daniel\AppData\Local\Temp\{3359E8EE-B19E-4A22-A35D-225BB9D7ABAC} PAGE   10

     405              ;* FUNCTION PROPERTIES                                         *
     406              ;*                            0 Parameter,  0 Auto,  0 SOE     *
     407              ;***************************************************************
     408              
     409              _ControlCurrent:
     410              ;* R0    assigned to _pwm
     411              $C$DW$24        .dwtag  DW_TAG_variable
     412                      .dwattr $C$DW$24, DW_AT_name("pwm")
     413                      .dwattr $C$DW$24, DW_AT_TI_symbol_name("_pwm")
     414                      .dwattr $C$DW$24, DW_AT_type(*$C$DW$T$16)
     415                      .dwattr $C$DW$24, DW_AT_location[DW_OP_regx 0x2b]
     416              
     417                      .dwcfi  cfa_offset, -2
     418                      .dwcfi  save_reg_to_mem, 26, 0
     419 00000000 761F!         MOVW      DP,#_IBatt            ; [CPU_ARAU] 
         00000001 0000 
     420                      .dwpsn  file "../inc/pid.c",line 60,column 15,is_stmt,isa 0
     421 00000002 8F00-         MOVL      XAR4,#_IBattReg       ; [CPU_ARAU] |60| 
         00000003 0024 
     422 00000004 E2AF!         MOV32     R1H,@_IBatt           ; [CPU_FPU] |60| 
         00000005 0100 
     423              $C$DW$25        .dwtag  DW_TAG_TI_branch
     424                      .dwattr $C$DW$25, DW_AT_low_pc(0x00)
     425                      .dwattr $C$DW$25, DW_AT_name("_PID")
     426                      .dwattr $C$DW$25, DW_AT_TI_call
     427              
     428 00000006 7640+         LCR       #_PID                 ; [CPU_ALU] |60| 
         00000007 0000 
     429                      ; call occurs [#_PID] ; [] |60| 
     430                      .dwpsn  file "C:/Users/Daniel/CodeComposer/UPS_MUCI/device/driverlib/epwm.h",line 2649,column 9,is_st
     431 00000008 E8CF          SUBF32    R0H,#16256,R0H        ; [CPU_FPU] |2649| 
         00000009 E000 
     432 0000000a 7700          NOP       ; [CPU_ALU] 
     433 0000000b E851          MPYF32    R0H,R0H,#17430        ; [CPU_FPU] |2649| 
         0000000c 0580 
     434 0000000d 7700          NOP       ; [CPU_ALU] 
     435 0000000e E68E          F32TOUI16 R0H,R0H               ; [CPU_FPU] |2649| 
         0000000f 0000 
     436 00000010 7700          NOP       ; [CPU_ALU] 
     437 00000011 7700          NOP       ; [CPU_ALU] 
     438 00000012 BFA9          MOV32     ACC,R0H               ; [CPU_FPU] |2649| 
         00000013 0F12 
     439 00000014 F4A9          MOV       *(0:0x406b),AL        ; [CPU_ALU] |2649| 
         00000015 406B 
     440              $C$DW$26        .dwtag  DW_TAG_TI_branch
     441                      .dwattr $C$DW$26, DW_AT_low_pc(0x00)
     442                      .dwattr $C$DW$26, DW_AT_TI_return
     443              
     444 00000016 0006          LRETR     ; [CPU_ALU] 
     445                      ; return occurs ; [] 
     446                      .dwattr $C$DW$22, DW_AT_TI_end_file("../inc/pid.c")
     447                      .dwattr $C$DW$22, DW_AT_TI_end_line(0x3e)
     448                      .dwattr $C$DW$22, DW_AT_TI_end_column(0x01)
     449                      .dwendentry
     450                      .dwendtag $C$DW$22
TMS320C2000 Assembler PC v22.6.1 Sat May 31 18:27:10 2025

Copyright (c) 1996-2018 Texas Instruments Incorporated
C:\Users\Daniel\AppData\Local\Temp\{3359E8EE-B19E-4A22-A35D-225BB9D7ABAC} PAGE   11

     451              
     452 00000000               .sect   ".TI.ramfunc:_ControlBuck"
     453                      .clink
     454                      .global _ControlBuck
     455              
     456              $C$DW$27        .dwtag  DW_TAG_subprogram
     457                      .dwattr $C$DW$27, DW_AT_name("ControlBuck")
     458                      .dwattr $C$DW$27, DW_AT_low_pc(_ControlBuck)
     459                      .dwattr $C$DW$27, DW_AT_high_pc(0x00)
     460                      .dwattr $C$DW$27, DW_AT_TI_symbol_name("_ControlBuck")
     461                      .dwattr $C$DW$27, DW_AT_external
     462                      .dwattr $C$DW$27, DW_AT_TI_begin_file("../inc/pid.c")
     463                      .dwattr $C$DW$27, DW_AT_TI_begin_line(0x42)
     464                      .dwattr $C$DW$27, DW_AT_TI_begin_column(0x06)
     465                      .dwattr $C$DW$27, DW_AT_TI_max_frame_size(-2)
     466                      .dwpsn  file "../inc/pid.c",line 66,column 20,is_stmt,address _ControlBuck,isa 0
     467              
     468                      .dwfde $C$DW$CIE, _ControlBuck
     469              
     470              ;***************************************************************
     471              ;* FNAME: _ControlBuck                  FR SIZE:   0           *
     472              ;*                                                             *
     473              ;* FUNCTION ENVIRONMENT                                        *
     474              ;*                                                             *
     475              ;* FUNCTION PROPERTIES                                         *
     476              ;*                            0 Parameter,  0 Auto,  0 SOE     *
     477              ;***************************************************************
     478              
     479 00000000       _ControlBuck:
     480                      .dwcfi  cfa_offset, -2
     481                      .dwcfi  save_reg_to_mem, 26, 0
     482 00000000 761F-         MOVW      DP,#_VBuckReg+2       ; [CPU_ARAU] 
         00000001 0001 
     483                      .dwpsn  file "../inc/pid.c",line 67,column 19,is_stmt,isa 0
     484 00000002 E2AF!         MOV32     R0H,@$BLOCKED(_VBuckReg)+2 ; [CPU_FPU] |67| 
         00000003 0002 
     485 00000004 761F!         MOVW      DP,#_VBatt            ; [CPU_ARAU] 
         00000005 0000 
     486 00000006 8F00-         MOVL      XAR4,#_VBuckReg       ; [CPU_ARAU] |67| 
         00000007 0040 
     487 00000008 E2AF!         MOV32     R1H,@_VBatt           ; [CPU_FPU] |67| 
         00000009 0100 
     488              $C$DW$28        .dwtag  DW_TAG_TI_branch
     489                      .dwattr $C$DW$28, DW_AT_low_pc(0x00)
     490                      .dwattr $C$DW$28, DW_AT_name("_PID")
     491                      .dwattr $C$DW$28, DW_AT_TI_call
     492              
     493 0000000a 7640+         LCR       #_PID                 ; [CPU_ALU] |67| 
         0000000b 0000 
     494                      ; call occurs [#_PID] ; [] |67| 
     495                      .dwpsn  file "../inc/pid.c",line 68,column 5,is_stmt,isa 0
     496              $C$DW$29        .dwtag  DW_TAG_TI_branch
     497                      .dwattr $C$DW$29, DW_AT_low_pc(0x00)
     498                      .dwattr $C$DW$29, DW_AT_name("_ControlCurrent")
     499                      .dwattr $C$DW$29, DW_AT_TI_call
TMS320C2000 Assembler PC v22.6.1 Sat May 31 18:27:10 2025

Copyright (c) 1996-2018 Texas Instruments Incorporated
C:\Users\Daniel\AppData\Local\Temp\{3359E8EE-B19E-4A22-A35D-225BB9D7ABAC} PAGE   12

     500              
     501 0000000c 7640+         LCR       #_ControlCurrent      ; [CPU_ALU] |68| 
         0000000d 0000 
     502                      ; call occurs [#_ControlCurrent] ; [] |68| 
     503              $C$DW$30        .dwtag  DW_TAG_TI_branch
     504                      .dwattr $C$DW$30, DW_AT_low_pc(0x00)
     505                      .dwattr $C$DW$30, DW_AT_TI_return
     506              
     507 0000000e 0006          LRETR     ; [CPU_ALU] 
     508                      ; return occurs ; [] 
     509                      .dwattr $C$DW$27, DW_AT_TI_end_file("../inc/pid.c")
     510                      .dwattr $C$DW$27, DW_AT_TI_end_line(0x45)
     511                      .dwattr $C$DW$27, DW_AT_TI_end_column(0x01)
     512                      .dwendentry
     513                      .dwendtag $C$DW$27
     514              
     515 00000000               .sect   ".TI.ramfunc:_ControlBoost"
     516                      .clink
     517                      .global _ControlBoost
     518              
     519              $C$DW$31        .dwtag  DW_TAG_subprogram
     520                      .dwattr $C$DW$31, DW_AT_name("ControlBoost")
     521                      .dwattr $C$DW$31, DW_AT_low_pc(_ControlBoost)
     522                      .dwattr $C$DW$31, DW_AT_high_pc(0x00)
     523                      .dwattr $C$DW$31, DW_AT_TI_symbol_name("_ControlBoost")
     524                      .dwattr $C$DW$31, DW_AT_external
     525                      .dwattr $C$DW$31, DW_AT_TI_begin_file("../inc/pid.c")
     526                      .dwattr $C$DW$31, DW_AT_TI_begin_line(0x49)
     527                      .dwattr $C$DW$31, DW_AT_TI_begin_column(0x06)
     528                      .dwattr $C$DW$31, DW_AT_TI_max_frame_size(-2)
     529                      .dwpsn  file "../inc/pid.c",line 73,column 21,is_stmt,address _ControlBoost,isa 0
     530              
     531                      .dwfde $C$DW$CIE, _ControlBoost
     532              
     533              ;***************************************************************
     534              ;* FNAME: _ControlBoost                 FR SIZE:   0           *
     535              ;*                                                             *
     536              ;* FUNCTION ENVIRONMENT                                        *
     537              ;*                                                             *
     538              ;* FUNCTION PROPERTIES                                         *
     539              ;*                            0 Parameter,  0 Auto,  0 SOE     *
     540              ;***************************************************************
     541              
     542              _ControlBoost:
     543              ;* R0    assigned to _current
     544              $C$DW$32        .dwtag  DW_TAG_variable
     545                      .dwattr $C$DW$32, DW_AT_name("current")
     546                      .dwattr $C$DW$32, DW_AT_TI_symbol_name("_current")
     547                      .dwattr $C$DW$32, DW_AT_type(*$C$DW$T$16)
     548                      .dwattr $C$DW$32, DW_AT_location[DW_OP_regx 0x2b]
     549              
     550                      .dwcfi  cfa_offset, -2
     551                      .dwcfi  save_reg_to_mem, 26, 0
     552 00000000 761F-         MOVW      DP,#_VBoostReg+2      ; [CPU_ARAU] 
         00000001 0002 
TMS320C2000 Assembler PC v22.6.1 Sat May 31 18:27:10 2025

Copyright (c) 1996-2018 Texas Instruments Incorporated
C:\Users\Daniel\AppData\Local\Temp\{3359E8EE-B19E-4A22-A35D-225BB9D7ABAC} PAGE   13

     553                      .dwpsn  file "../inc/pid.c",line 74,column 19,is_stmt,isa 0
     554 00000002 E2AF!         MOV32     R0H,@$BLOCKED(_VBoostReg)+2 ; [CPU_FPU] |74| 
         00000003 0002 
     555 00000004 761F!         MOVW      DP,#_VMain            ; [CPU_ARAU] 
         00000005 0000 
     556 00000006 8F00-         MOVL      XAR4,#_VBoostReg      ; [CPU_ARAU] |74| 
         00000007 0080 
     557 00000008 E2AF!         MOV32     R1H,@_VMain           ; [CPU_FPU] |74| 
         00000009 0100 
     558              $C$DW$33        .dwtag  DW_TAG_TI_branch
     559                      .dwattr $C$DW$33, DW_AT_low_pc(0x00)
     560                      .dwattr $C$DW$33, DW_AT_name("_PID")
     561                      .dwattr $C$DW$33, DW_AT_TI_call
     562              
     563 0000000a 7640+         LCR       #_PID                 ; [CPU_ALU] |74| 
         0000000b 0000 
     564                      ; call occurs [#_PID] ; [] |74| 
     565 0000000c 761F-         MOVW      DP,#_IBattReg+12      ; [CPU_ARAU] 
         0000000d 0000 
     566                      .dwpsn  file "../inc/pid.c",line 77,column 5,is_stmt,isa 0
     567 0000000e E2AF!         MOV32     R1H,@$BLOCKED(_IBattReg)+12 ; [CPU_FPU] |77| 
         0000000f 0130 
     568 00000010 E6AF          NEGF32    R1H,R1H               ; [CPU_FPU] |77| 
         00000011 0009 
     569 00000012 E700          MPYF32    R0H,R0H,R1H           ; [CPU_FPU] |77| 
         00000013 0040 
     570              $C$DW$34        .dwtag  DW_TAG_TI_branch
     571                      .dwattr $C$DW$34, DW_AT_low_pc(0x00)
     572                      .dwattr $C$DW$34, DW_AT_name("_ControlCurrent")
     573                      .dwattr $C$DW$34, DW_AT_TI_call
     574              
     575 00000014 7640+         LCR       #_ControlCurrent      ; [CPU_ALU] |77| 
         00000015 0000 
     576                      ; call occurs [#_ControlCurrent] ; [] |77| 
     577              $C$DW$35        .dwtag  DW_TAG_TI_branch
     578                      .dwattr $C$DW$35, DW_AT_low_pc(0x00)
     579                      .dwattr $C$DW$35, DW_AT_TI_return
     580              
     581 00000016 0006          LRETR     ; [CPU_ALU] 
     582                      ; return occurs ; [] 
     583                      .dwattr $C$DW$31, DW_AT_TI_end_file("../inc/pid.c")
     584                      .dwattr $C$DW$31, DW_AT_TI_end_line(0x4e)
     585                      .dwattr $C$DW$31, DW_AT_TI_end_column(0x01)
     586                      .dwendentry
     587                      .dwendtag $C$DW$31
     588              
     589              ;**************************************************************
     590              ;* UNDEFINED EXTERNAL REFERENCES                              *
     591              ;**************************************************************
     592                      .global _VMain
     593                      .global _VBatt
     594                      .global _IBatt
     595              
     596              ;***************************************************************
     597              ;* TYPE INFORMATION                                            *
TMS320C2000 Assembler PC v22.6.1 Sat May 31 18:27:10 2025

Copyright (c) 1996-2018 Texas Instruments Incorporated
C:\Users\Daniel\AppData\Local\Temp\{3359E8EE-B19E-4A22-A35D-225BB9D7ABAC} PAGE   14

     598              ;***************************************************************
     599              
     600              $C$DW$T$20      .dwtag  DW_TAG_enumeration_type
     601                      .dwattr $C$DW$T$20, DW_AT_byte_size(0x01)
     602              $C$DW$36        .dwtag  DW_TAG_enumerator
     603                      .dwattr $C$DW$36, DW_AT_name("EPWM_COUNTER_COMPARE_A")
     604                      .dwattr $C$DW$36, DW_AT_const_value(0x00)
     605              
     606              $C$DW$37        .dwtag  DW_TAG_enumerator
     607                      .dwattr $C$DW$37, DW_AT_name("EPWM_COUNTER_COMPARE_B")
     608                      .dwattr $C$DW$37, DW_AT_const_value(0x02)
     609              
     610              $C$DW$38        .dwtag  DW_TAG_enumerator
     611                      .dwattr $C$DW$38, DW_AT_name("EPWM_COUNTER_COMPARE_C")
     612                      .dwattr $C$DW$38, DW_AT_const_value(0x05)
     613              
     614              $C$DW$39        .dwtag  DW_TAG_enumerator
     615                      .dwattr $C$DW$39, DW_AT_name("EPWM_COUNTER_COMPARE_D")
     616                      .dwattr $C$DW$39, DW_AT_const_value(0x07)
     617              
     618                      .dwendtag $C$DW$T$20
     619              
     620              $C$DW$T$21      .dwtag  DW_TAG_typedef
     621                      .dwattr $C$DW$T$21, DW_AT_name("EPWM_CounterCompareModule")
     622                      .dwattr $C$DW$T$21, DW_AT_type(*$C$DW$T$20)
     623                      .dwattr $C$DW$T$21, DW_AT_language(DW_LANG_C)
     624              
     625              
     626              $C$DW$T$19      .dwtag  DW_TAG_structure_type
     627                      .dwattr $C$DW$T$19, DW_AT_byte_size(0x12)
     628              $C$DW$40        .dwtag  DW_TAG_member
     629                      .dwattr $C$DW$40, DW_AT_type(*$C$DW$T$16)
     630                      .dwattr $C$DW$40, DW_AT_name("value")
     631                      .dwattr $C$DW$40, DW_AT_TI_symbol_name("_value")
     632                      .dwattr $C$DW$40, DW_AT_data_member_location[DW_OP_plus_uconst 0x0]
     633                      .dwattr $C$DW$40, DW_AT_accessibility(DW_ACCESS_public)
     634              
     635              $C$DW$41        .dwtag  DW_TAG_member
     636                      .dwattr $C$DW$41, DW_AT_type(*$C$DW$T$16)
     637                      .dwattr $C$DW$41, DW_AT_name("ref")
     638                      .dwattr $C$DW$41, DW_AT_TI_symbol_name("_ref")
     639                      .dwattr $C$DW$41, DW_AT_data_member_location[DW_OP_plus_uconst 0x2]
     640                      .dwattr $C$DW$41, DW_AT_accessibility(DW_ACCESS_public)
     641              
     642              $C$DW$42        .dwtag  DW_TAG_member
     643                      .dwattr $C$DW$42, DW_AT_type(*$C$DW$T$16)
     644                      .dwattr $C$DW$42, DW_AT_name("error")
     645                      .dwattr $C$DW$42, DW_AT_TI_symbol_name("_error")
     646                      .dwattr $C$DW$42, DW_AT_data_member_location[DW_OP_plus_uconst 0x4]
     647                      .dwattr $C$DW$42, DW_AT_accessibility(DW_ACCESS_public)
     648              
     649              $C$DW$43        .dwtag  DW_TAG_member
     650                      .dwattr $C$DW$43, DW_AT_type(*$C$DW$T$16)
     651                      .dwattr $C$DW$43, DW_AT_name("error_old")
     652                      .dwattr $C$DW$43, DW_AT_TI_symbol_name("_error_old")
TMS320C2000 Assembler PC v22.6.1 Sat May 31 18:27:10 2025

Copyright (c) 1996-2018 Texas Instruments Incorporated
C:\Users\Daniel\AppData\Local\Temp\{3359E8EE-B19E-4A22-A35D-225BB9D7ABAC} PAGE   15

     653                      .dwattr $C$DW$43, DW_AT_data_member_location[DW_OP_plus_uconst 0x6]
     654                      .dwattr $C$DW$43, DW_AT_accessibility(DW_ACCESS_public)
     655              
     656              $C$DW$44        .dwtag  DW_TAG_member
     657                      .dwattr $C$DW$44, DW_AT_type(*$C$DW$T$16)
     658                      .dwattr $C$DW$44, DW_AT_name("Kp")
     659                      .dwattr $C$DW$44, DW_AT_TI_symbol_name("_Kp")
     660                      .dwattr $C$DW$44, DW_AT_data_member_location[DW_OP_plus_uconst 0x8]
     661                      .dwattr $C$DW$44, DW_AT_accessibility(DW_ACCESS_public)
     662              
     663              $C$DW$45        .dwtag  DW_TAG_member
     664                      .dwattr $C$DW$45, DW_AT_type(*$C$DW$T$16)
     665                      .dwattr $C$DW$45, DW_AT_name("Ki")
     666                      .dwattr $C$DW$45, DW_AT_TI_symbol_name("_Ki")
     667                      .dwattr $C$DW$45, DW_AT_data_member_location[DW_OP_plus_uconst 0xa]
     668                      .dwattr $C$DW$45, DW_AT_accessibility(DW_ACCESS_public)
     669              
     670              $C$DW$46        .dwtag  DW_TAG_member
     671                      .dwattr $C$DW$46, DW_AT_type(*$C$DW$T$16)
     672                      .dwattr $C$DW$46, DW_AT_name("output")
     673                      .dwattr $C$DW$46, DW_AT_TI_symbol_name("_output")
     674                      .dwattr $C$DW$46, DW_AT_data_member_location[DW_OP_plus_uconst 0xc]
     675                      .dwattr $C$DW$46, DW_AT_accessibility(DW_ACCESS_public)
     676              
     677              $C$DW$47        .dwtag  DW_TAG_member
     678                      .dwattr $C$DW$47, DW_AT_type(*$C$DW$T$16)
     679                      .dwattr $C$DW$47, DW_AT_name("min")
     680                      .dwattr $C$DW$47, DW_AT_TI_symbol_name("_min")
     681                      .dwattr $C$DW$47, DW_AT_data_member_location[DW_OP_plus_uconst 0xe]
     682                      .dwattr $C$DW$47, DW_AT_accessibility(DW_ACCESS_public)
     683              
     684              $C$DW$48        .dwtag  DW_TAG_member
     685                      .dwattr $C$DW$48, DW_AT_type(*$C$DW$T$16)
     686                      .dwattr $C$DW$48, DW_AT_name("max")
     687                      .dwattr $C$DW$48, DW_AT_TI_symbol_name("_max")
     688                      .dwattr $C$DW$48, DW_AT_data_member_location[DW_OP_plus_uconst 0x10]
     689                      .dwattr $C$DW$48, DW_AT_accessibility(DW_ACCESS_public)
     690              
     691                      .dwendtag $C$DW$T$19
     692              
     693              $C$DW$T$22      .dwtag  DW_TAG_typedef
     694                      .dwattr $C$DW$T$22, DW_AT_name("PIDControl_t")
     695                      .dwattr $C$DW$T$22, DW_AT_type(*$C$DW$T$19)
     696                      .dwattr $C$DW$T$22, DW_AT_language(DW_LANG_C)
     697              
     698              $C$DW$T$23      .dwtag  DW_TAG_pointer_type
     699                      .dwattr $C$DW$T$23, DW_AT_type(*$C$DW$T$22)
     700                      .dwattr $C$DW$T$23, DW_AT_address_class(0x20)
     701              
     702              $C$DW$49        .dwtag  DW_TAG_TI_far_type
     703                      .dwattr $C$DW$49, DW_AT_type(*$C$DW$T$23)
     704              
     705              $C$DW$T$24      .dwtag  DW_TAG_const_type
     706                      .dwattr $C$DW$T$24, DW_AT_type(*$C$DW$49)
     707              
TMS320C2000 Assembler PC v22.6.1 Sat May 31 18:27:10 2025

Copyright (c) 1996-2018 Texas Instruments Incorporated
C:\Users\Daniel\AppData\Local\Temp\{3359E8EE-B19E-4A22-A35D-225BB9D7ABAC} PAGE   16

     708              $C$DW$T$2       .dwtag  DW_TAG_unspecified_type
     709                      .dwattr $C$DW$T$2, DW_AT_name("void")
     710              
     711              $C$DW$T$4       .dwtag  DW_TAG_base_type
     712                      .dwattr $C$DW$T$4, DW_AT_encoding(DW_ATE_boolean)
     713                      .dwattr $C$DW$T$4, DW_AT_name("bool")
     714                      .dwattr $C$DW$T$4, DW_AT_byte_size(0x01)
     715              
     716              $C$DW$T$5       .dwtag  DW_TAG_base_type
     717                      .dwattr $C$DW$T$5, DW_AT_encoding(DW_ATE_signed_char)
     718                      .dwattr $C$DW$T$5, DW_AT_name("signed char")
     719                      .dwattr $C$DW$T$5, DW_AT_byte_size(0x01)
     720              
     721              $C$DW$T$6       .dwtag  DW_TAG_base_type
     722                      .dwattr $C$DW$T$6, DW_AT_encoding(DW_ATE_unsigned_char)
     723                      .dwattr $C$DW$T$6, DW_AT_name("unsigned char")
     724                      .dwattr $C$DW$T$6, DW_AT_byte_size(0x01)
     725              
     726              $C$DW$T$7       .dwtag  DW_TAG_base_type
     727                      .dwattr $C$DW$T$7, DW_AT_encoding(DW_ATE_signed_char)
     728                      .dwattr $C$DW$T$7, DW_AT_name("wchar_t")
     729                      .dwattr $C$DW$T$7, DW_AT_byte_size(0x01)
     730              
     731              $C$DW$T$8       .dwtag  DW_TAG_base_type
     732                      .dwattr $C$DW$T$8, DW_AT_encoding(DW_ATE_signed)
     733                      .dwattr $C$DW$T$8, DW_AT_name("short")
     734                      .dwattr $C$DW$T$8, DW_AT_byte_size(0x01)
     735              
     736              $C$DW$T$9       .dwtag  DW_TAG_base_type
     737                      .dwattr $C$DW$T$9, DW_AT_encoding(DW_ATE_unsigned)
     738                      .dwattr $C$DW$T$9, DW_AT_name("unsigned short")
     739                      .dwattr $C$DW$T$9, DW_AT_byte_size(0x01)
     740              
     741              $C$DW$T$10      .dwtag  DW_TAG_base_type
     742                      .dwattr $C$DW$T$10, DW_AT_encoding(DW_ATE_signed)
     743                      .dwattr $C$DW$T$10, DW_AT_name("int")
     744                      .dwattr $C$DW$T$10, DW_AT_byte_size(0x01)
     745              
     746              $C$DW$T$11      .dwtag  DW_TAG_base_type
     747                      .dwattr $C$DW$T$11, DW_AT_encoding(DW_ATE_unsigned)
     748                      .dwattr $C$DW$T$11, DW_AT_name("unsigned int")
     749                      .dwattr $C$DW$T$11, DW_AT_byte_size(0x01)
     750              
     751              $C$DW$T$33      .dwtag  DW_TAG_typedef
     752                      .dwattr $C$DW$T$33, DW_AT_name("__uint16_t")
     753                      .dwattr $C$DW$T$33, DW_AT_type(*$C$DW$T$11)
     754                      .dwattr $C$DW$T$33, DW_AT_language(DW_LANG_C)
     755              
     756              $C$DW$T$34      .dwtag  DW_TAG_typedef
     757                      .dwattr $C$DW$T$34, DW_AT_name("uint16_t")
     758                      .dwattr $C$DW$T$34, DW_AT_type(*$C$DW$T$33)
     759                      .dwattr $C$DW$T$34, DW_AT_language(DW_LANG_C)
     760              
     761              $C$DW$T$12      .dwtag  DW_TAG_base_type
     762                      .dwattr $C$DW$T$12, DW_AT_encoding(DW_ATE_signed)
TMS320C2000 Assembler PC v22.6.1 Sat May 31 18:27:10 2025

Copyright (c) 1996-2018 Texas Instruments Incorporated
C:\Users\Daniel\AppData\Local\Temp\{3359E8EE-B19E-4A22-A35D-225BB9D7ABAC} PAGE   17

     763                      .dwattr $C$DW$T$12, DW_AT_name("long")
     764                      .dwattr $C$DW$T$12, DW_AT_byte_size(0x02)
     765              
     766              $C$DW$T$13      .dwtag  DW_TAG_base_type
     767                      .dwattr $C$DW$T$13, DW_AT_encoding(DW_ATE_unsigned)
     768                      .dwattr $C$DW$T$13, DW_AT_name("unsigned long")
     769                      .dwattr $C$DW$T$13, DW_AT_byte_size(0x02)
     770              
     771              $C$DW$T$30      .dwtag  DW_TAG_typedef
     772                      .dwattr $C$DW$T$30, DW_AT_name("__uint32_t")
     773                      .dwattr $C$DW$T$30, DW_AT_type(*$C$DW$T$13)
     774                      .dwattr $C$DW$T$30, DW_AT_language(DW_LANG_C)
     775              
     776              $C$DW$T$31      .dwtag  DW_TAG_typedef
     777                      .dwattr $C$DW$T$31, DW_AT_name("uint32_t")
     778                      .dwattr $C$DW$T$31, DW_AT_type(*$C$DW$T$30)
     779                      .dwattr $C$DW$T$31, DW_AT_language(DW_LANG_C)
     780              
     781              $C$DW$T$14      .dwtag  DW_TAG_base_type
     782                      .dwattr $C$DW$T$14, DW_AT_encoding(DW_ATE_signed)
     783                      .dwattr $C$DW$T$14, DW_AT_name("long long")
     784                      .dwattr $C$DW$T$14, DW_AT_byte_size(0x04)
     785              
     786              $C$DW$T$15      .dwtag  DW_TAG_base_type
     787                      .dwattr $C$DW$T$15, DW_AT_encoding(DW_ATE_unsigned)
     788                      .dwattr $C$DW$T$15, DW_AT_name("unsigned long long")
     789                      .dwattr $C$DW$T$15, DW_AT_byte_size(0x04)
     790              
     791              $C$DW$T$16      .dwtag  DW_TAG_base_type
     792                      .dwattr $C$DW$T$16, DW_AT_encoding(DW_ATE_float)
     793                      .dwattr $C$DW$T$16, DW_AT_name("float")
     794                      .dwattr $C$DW$T$16, DW_AT_byte_size(0x02)
     795              
     796              $C$DW$50        .dwtag  DW_TAG_TI_far_type
     797                      .dwattr $C$DW$50, DW_AT_type(*$C$DW$T$16)
     798              
     799              $C$DW$T$43      .dwtag  DW_TAG_const_type
     800                      .dwattr $C$DW$T$43, DW_AT_type(*$C$DW$50)
     801              
     802              $C$DW$T$17      .dwtag  DW_TAG_base_type
     803                      .dwattr $C$DW$T$17, DW_AT_encoding(DW_ATE_float)
     804                      .dwattr $C$DW$T$17, DW_AT_name("double")
     805                      .dwattr $C$DW$T$17, DW_AT_byte_size(0x02)
     806              
     807              $C$DW$T$18      .dwtag  DW_TAG_base_type
     808                      .dwattr $C$DW$T$18, DW_AT_encoding(DW_ATE_float)
     809                      .dwattr $C$DW$T$18, DW_AT_name("long double")
     810                      .dwattr $C$DW$T$18, DW_AT_byte_size(0x04)
     811              
     812              $C$DW$51        .dwtag  DW_TAG_TI_far_type
     813                      .dwattr $C$DW$51, DW_AT_type(*$C$DW$T$5)
     814              
     815              $C$DW$T$28      .dwtag  DW_TAG_const_type
     816                      .dwattr $C$DW$T$28, DW_AT_type(*$C$DW$51)
     817              
TMS320C2000 Assembler PC v22.6.1 Sat May 31 18:27:10 2025

Copyright (c) 1996-2018 Texas Instruments Incorporated
C:\Users\Daniel\AppData\Local\Temp\{3359E8EE-B19E-4A22-A35D-225BB9D7ABAC} PAGE   18

     818              $C$DW$T$29      .dwtag  DW_TAG_pointer_type
     819                      .dwattr $C$DW$T$29, DW_AT_type(*$C$DW$T$28)
     820                      .dwattr $C$DW$T$29, DW_AT_address_class(0x20)
     821              
     822              $C$DW$T$44      .dwtag  DW_TAG_base_type
     823                      .dwattr $C$DW$T$44, DW_AT_encoding(DW_ATE_unsigned_char)
     824                      .dwattr $C$DW$T$44, DW_AT_name("unsigned char")
     825                      .dwattr $C$DW$T$44, DW_AT_byte_size(0x01)
     826              
     827                      .dwattr $C$DW$CU, DW_AT_language(DW_LANG_C)
     828              
     829              ;***************************************************************
     830              ;* DWARF CIE ENTRIES                                           *
     831              ;***************************************************************
     832              
     833              $C$DW$CIE       .dwcie 26
     834                      .dwcfi  cfa_register, 20
     835                      .dwcfi  cfa_offset, 0
     836                      .dwcfi  same_value, 28
     837                      .dwcfi  same_value, 6
     838                      .dwcfi  same_value, 7
     839                      .dwcfi  same_value, 8
     840                      .dwcfi  same_value, 9
     841                      .dwcfi  same_value, 10
     842                      .dwcfi  same_value, 11
     843                      .dwcfi  same_value, 59
     844                      .dwcfi  same_value, 63
     845                      .dwcfi  same_value, 67
     846                      .dwcfi  same_value, 71
     847                      .dwendentry
     848              
     849              ;***************************************************************
     850              ;* DWARF REGISTER MAP                                          *
     851              ;***************************************************************
     852              
     853              $C$DW$52        .dwtag  DW_TAG_TI_assign_register
     854                      .dwattr $C$DW$52, DW_AT_name("AL")
     855                      .dwattr $C$DW$52, DW_AT_location[DW_OP_reg0]
     856              
     857              $C$DW$53        .dwtag  DW_TAG_TI_assign_register
     858                      .dwattr $C$DW$53, DW_AT_name("AH")
     859                      .dwattr $C$DW$53, DW_AT_location[DW_OP_reg1]
     860              
     861              $C$DW$54        .dwtag  DW_TAG_TI_assign_register
     862                      .dwattr $C$DW$54, DW_AT_name("PL")
     863                      .dwattr $C$DW$54, DW_AT_location[DW_OP_reg2]
     864              
     865              $C$DW$55        .dwtag  DW_TAG_TI_assign_register
     866                      .dwattr $C$DW$55, DW_AT_name("PH")
     867                      .dwattr $C$DW$55, DW_AT_location[DW_OP_reg3]
     868              
     869              $C$DW$56        .dwtag  DW_TAG_TI_assign_register
     870                      .dwattr $C$DW$56, DW_AT_name("SP")
     871                      .dwattr $C$DW$56, DW_AT_location[DW_OP_reg20]
     872              
TMS320C2000 Assembler PC v22.6.1 Sat May 31 18:27:10 2025

Copyright (c) 1996-2018 Texas Instruments Incorporated
C:\Users\Daniel\AppData\Local\Temp\{3359E8EE-B19E-4A22-A35D-225BB9D7ABAC} PAGE   19

     873              $C$DW$57        .dwtag  DW_TAG_TI_assign_register
     874                      .dwattr $C$DW$57, DW_AT_name("XT")
     875                      .dwattr $C$DW$57, DW_AT_location[DW_OP_reg21]
     876              
     877              $C$DW$58        .dwtag  DW_TAG_TI_assign_register
     878                      .dwattr $C$DW$58, DW_AT_name("T")
     879                      .dwattr $C$DW$58, DW_AT_location[DW_OP_reg22]
     880              
     881              $C$DW$59        .dwtag  DW_TAG_TI_assign_register
     882                      .dwattr $C$DW$59, DW_AT_name("ST0")
     883                      .dwattr $C$DW$59, DW_AT_location[DW_OP_reg23]
     884              
     885              $C$DW$60        .dwtag  DW_TAG_TI_assign_register
     886                      .dwattr $C$DW$60, DW_AT_name("ST1")
     887                      .dwattr $C$DW$60, DW_AT_location[DW_OP_reg24]
     888              
     889              $C$DW$61        .dwtag  DW_TAG_TI_assign_register
     890                      .dwattr $C$DW$61, DW_AT_name("PC")
     891                      .dwattr $C$DW$61, DW_AT_location[DW_OP_reg25]
     892              
     893              $C$DW$62        .dwtag  DW_TAG_TI_assign_register
     894                      .dwattr $C$DW$62, DW_AT_name("RPC")
     895                      .dwattr $C$DW$62, DW_AT_location[DW_OP_reg26]
     896              
     897              $C$DW$63        .dwtag  DW_TAG_TI_assign_register
     898                      .dwattr $C$DW$63, DW_AT_name("FP")
     899                      .dwattr $C$DW$63, DW_AT_location[DW_OP_reg28]
     900              
     901              $C$DW$64        .dwtag  DW_TAG_TI_assign_register
     902                      .dwattr $C$DW$64, DW_AT_name("DP")
     903                      .dwattr $C$DW$64, DW_AT_location[DW_OP_reg29]
     904              
     905              $C$DW$65        .dwtag  DW_TAG_TI_assign_register
     906                      .dwattr $C$DW$65, DW_AT_name("SXM")
     907                      .dwattr $C$DW$65, DW_AT_location[DW_OP_reg30]
     908              
     909              $C$DW$66        .dwtag  DW_TAG_TI_assign_register
     910                      .dwattr $C$DW$66, DW_AT_name("PM")
     911                      .dwattr $C$DW$66, DW_AT_location[DW_OP_reg31]
     912              
     913              $C$DW$67        .dwtag  DW_TAG_TI_assign_register
     914                      .dwattr $C$DW$67, DW_AT_name("OVM")
     915                      .dwattr $C$DW$67, DW_AT_location[DW_OP_regx 0x20]
     916              
     917              $C$DW$68        .dwtag  DW_TAG_TI_assign_register
     918                      .dwattr $C$DW$68, DW_AT_name("PAGE0")
     919                      .dwattr $C$DW$68, DW_AT_location[DW_OP_regx 0x21]
     920              
     921              $C$DW$69        .dwtag  DW_TAG_TI_assign_register
     922                      .dwattr $C$DW$69, DW_AT_name("AMODE")
     923                      .dwattr $C$DW$69, DW_AT_location[DW_OP_regx 0x22]
     924              
     925              $C$DW$70        .dwtag  DW_TAG_TI_assign_register
     926                      .dwattr $C$DW$70, DW_AT_name("EALLOW")
     927                      .dwattr $C$DW$70, DW_AT_location[DW_OP_regx 0x4e]
TMS320C2000 Assembler PC v22.6.1 Sat May 31 18:27:10 2025

Copyright (c) 1996-2018 Texas Instruments Incorporated
C:\Users\Daniel\AppData\Local\Temp\{3359E8EE-B19E-4A22-A35D-225BB9D7ABAC} PAGE   20

     928              
     929              $C$DW$71        .dwtag  DW_TAG_TI_assign_register
     930                      .dwattr $C$DW$71, DW_AT_name("INTM")
     931                      .dwattr $C$DW$71, DW_AT_location[DW_OP_regx 0x23]
     932              
     933              $C$DW$72        .dwtag  DW_TAG_TI_assign_register
     934                      .dwattr $C$DW$72, DW_AT_name("IFR")
     935                      .dwattr $C$DW$72, DW_AT_location[DW_OP_regx 0x24]
     936              
     937              $C$DW$73        .dwtag  DW_TAG_TI_assign_register
     938                      .dwattr $C$DW$73, DW_AT_name("IER")
     939                      .dwattr $C$DW$73, DW_AT_location[DW_OP_regx 0x25]
     940              
     941              $C$DW$74        .dwtag  DW_TAG_TI_assign_register
     942                      .dwattr $C$DW$74, DW_AT_name("V")
     943                      .dwattr $C$DW$74, DW_AT_location[DW_OP_regx 0x26]
     944              
     945              $C$DW$75        .dwtag  DW_TAG_TI_assign_register
     946                      .dwattr $C$DW$75, DW_AT_name("PSEUDOH")
     947                      .dwattr $C$DW$75, DW_AT_location[DW_OP_regx 0x4c]
     948              
     949              $C$DW$76        .dwtag  DW_TAG_TI_assign_register
     950                      .dwattr $C$DW$76, DW_AT_name("VOL")
     951                      .dwattr $C$DW$76, DW_AT_location[DW_OP_regx 0x4d]
     952              
     953              $C$DW$77        .dwtag  DW_TAG_TI_assign_register
     954                      .dwattr $C$DW$77, DW_AT_name("AR0")
     955                      .dwattr $C$DW$77, DW_AT_location[DW_OP_reg4]
     956              
     957              $C$DW$78        .dwtag  DW_TAG_TI_assign_register
     958                      .dwattr $C$DW$78, DW_AT_name("XAR0")
     959                      .dwattr $C$DW$78, DW_AT_location[DW_OP_reg5]
     960              
     961              $C$DW$79        .dwtag  DW_TAG_TI_assign_register
     962                      .dwattr $C$DW$79, DW_AT_name("AR1")
     963                      .dwattr $C$DW$79, DW_AT_location[DW_OP_reg6]
     964              
     965              $C$DW$80        .dwtag  DW_TAG_TI_assign_register
     966                      .dwattr $C$DW$80, DW_AT_name("XAR1")
     967                      .dwattr $C$DW$80, DW_AT_location[DW_OP_reg7]
     968              
     969              $C$DW$81        .dwtag  DW_TAG_TI_assign_register
     970                      .dwattr $C$DW$81, DW_AT_name("AR2")
     971                      .dwattr $C$DW$81, DW_AT_location[DW_OP_reg8]
     972              
     973              $C$DW$82        .dwtag  DW_TAG_TI_assign_register
     974                      .dwattr $C$DW$82, DW_AT_name("XAR2")
     975                      .dwattr $C$DW$82, DW_AT_location[DW_OP_reg9]
     976              
     977              $C$DW$83        .dwtag  DW_TAG_TI_assign_register
     978                      .dwattr $C$DW$83, DW_AT_name("AR3")
     979                      .dwattr $C$DW$83, DW_AT_location[DW_OP_reg10]
     980              
     981              $C$DW$84        .dwtag  DW_TAG_TI_assign_register
     982                      .dwattr $C$DW$84, DW_AT_name("XAR3")
TMS320C2000 Assembler PC v22.6.1 Sat May 31 18:27:10 2025

Copyright (c) 1996-2018 Texas Instruments Incorporated
C:\Users\Daniel\AppData\Local\Temp\{3359E8EE-B19E-4A22-A35D-225BB9D7ABAC} PAGE   21

     983                      .dwattr $C$DW$84, DW_AT_location[DW_OP_reg11]
     984              
     985              $C$DW$85        .dwtag  DW_TAG_TI_assign_register
     986                      .dwattr $C$DW$85, DW_AT_name("AR4")
     987                      .dwattr $C$DW$85, DW_AT_location[DW_OP_reg12]
     988              
     989              $C$DW$86        .dwtag  DW_TAG_TI_assign_register
     990                      .dwattr $C$DW$86, DW_AT_name("XAR4")
     991                      .dwattr $C$DW$86, DW_AT_location[DW_OP_reg13]
     992              
     993              $C$DW$87        .dwtag  DW_TAG_TI_assign_register
     994                      .dwattr $C$DW$87, DW_AT_name("AR5")
     995                      .dwattr $C$DW$87, DW_AT_location[DW_OP_reg14]
     996              
     997              $C$DW$88        .dwtag  DW_TAG_TI_assign_register
     998                      .dwattr $C$DW$88, DW_AT_name("XAR5")
     999                      .dwattr $C$DW$88, DW_AT_location[DW_OP_reg15]
    1000              
    1001              $C$DW$89        .dwtag  DW_TAG_TI_assign_register
    1002                      .dwattr $C$DW$89, DW_AT_name("AR6")
    1003                      .dwattr $C$DW$89, DW_AT_location[DW_OP_reg16]
    1004              
    1005              $C$DW$90        .dwtag  DW_TAG_TI_assign_register
    1006                      .dwattr $C$DW$90, DW_AT_name("XAR6")
    1007                      .dwattr $C$DW$90, DW_AT_location[DW_OP_reg17]
    1008              
    1009              $C$DW$91        .dwtag  DW_TAG_TI_assign_register
    1010                      .dwattr $C$DW$91, DW_AT_name("AR7")
    1011                      .dwattr $C$DW$91, DW_AT_location[DW_OP_reg18]
    1012              
    1013              $C$DW$92        .dwtag  DW_TAG_TI_assign_register
    1014                      .dwattr $C$DW$92, DW_AT_name("XAR7")
    1015                      .dwattr $C$DW$92, DW_AT_location[DW_OP_reg19]
    1016              
    1017              $C$DW$93        .dwtag  DW_TAG_TI_assign_register
    1018                      .dwattr $C$DW$93, DW_AT_name("R0H")
    1019                      .dwattr $C$DW$93, DW_AT_location[DW_OP_regx 0x2b]
    1020              
    1021              $C$DW$94        .dwtag  DW_TAG_TI_assign_register
    1022                      .dwattr $C$DW$94, DW_AT_name("R1H")
    1023                      .dwattr $C$DW$94, DW_AT_location[DW_OP_regx 0x2f]
    1024              
    1025              $C$DW$95        .dwtag  DW_TAG_TI_assign_register
    1026                      .dwattr $C$DW$95, DW_AT_name("R2H")
    1027                      .dwattr $C$DW$95, DW_AT_location[DW_OP_regx 0x33]
    1028              
    1029              $C$DW$96        .dwtag  DW_TAG_TI_assign_register
    1030                      .dwattr $C$DW$96, DW_AT_name("R3H")
    1031                      .dwattr $C$DW$96, DW_AT_location[DW_OP_regx 0x37]
    1032              
    1033              $C$DW$97        .dwtag  DW_TAG_TI_assign_register
    1034                      .dwattr $C$DW$97, DW_AT_name("R4H")
    1035                      .dwattr $C$DW$97, DW_AT_location[DW_OP_regx 0x3b]
    1036              
    1037              $C$DW$98        .dwtag  DW_TAG_TI_assign_register
TMS320C2000 Assembler PC v22.6.1 Sat May 31 18:27:10 2025

Copyright (c) 1996-2018 Texas Instruments Incorporated
C:\Users\Daniel\AppData\Local\Temp\{3359E8EE-B19E-4A22-A35D-225BB9D7ABAC} PAGE   22

    1038                      .dwattr $C$DW$98, DW_AT_name("R5H")
    1039                      .dwattr $C$DW$98, DW_AT_location[DW_OP_regx 0x3f]
    1040              
    1041              $C$DW$99        .dwtag  DW_TAG_TI_assign_register
    1042                      .dwattr $C$DW$99, DW_AT_name("R6H")
    1043                      .dwattr $C$DW$99, DW_AT_location[DW_OP_regx 0x43]
    1044              
    1045              $C$DW$100       .dwtag  DW_TAG_TI_assign_register
    1046                      .dwattr $C$DW$100, DW_AT_name("R7H")
    1047                      .dwattr $C$DW$100, DW_AT_location[DW_OP_regx 0x47]
    1048              
    1049              $C$DW$101       .dwtag  DW_TAG_TI_assign_register
    1050                      .dwattr $C$DW$101, DW_AT_name("RB")
    1051                      .dwattr $C$DW$101, DW_AT_location[DW_OP_regx 0x4a]
    1052              
    1053              $C$DW$102       .dwtag  DW_TAG_TI_assign_register
    1054                      .dwattr $C$DW$102, DW_AT_name("STF")
    1055                      .dwattr $C$DW$102, DW_AT_location[DW_OP_regx 0x28]
    1056              
    1057              $C$DW$103       .dwtag  DW_TAG_TI_assign_register
    1058                      .dwattr $C$DW$103, DW_AT_name("FPUHAZ")
    1059                      .dwattr $C$DW$103, DW_AT_location[DW_OP_reg27]
    1060              
    1061              $C$DW$104       .dwtag  DW_TAG_TI_assign_register
    1062                      .dwattr $C$DW$104, DW_AT_name("STF_HWDIV")
    1063                      .dwattr $C$DW$104, DW_AT_location[DW_OP_regx 0x4f]
    1064              
    1065              $C$DW$105       .dwtag  DW_TAG_TI_assign_register
    1066                      .dwattr $C$DW$105, DW_AT_name("VCRC")
    1067                      .dwattr $C$DW$105, DW_AT_location[DW_OP_regx 0x50]
    1068              
    1069              $C$DW$106       .dwtag  DW_TAG_TI_assign_register
    1070                      .dwattr $C$DW$106, DW_AT_name("VSTATUS")
    1071                      .dwattr $C$DW$106, DW_AT_location[DW_OP_regx 0x51]
    1072              
    1073              $C$DW$107       .dwtag  DW_TAG_TI_assign_register
    1074                      .dwattr $C$DW$107, DW_AT_name("VCRCPOLY")
    1075                      .dwattr $C$DW$107, DW_AT_location[DW_OP_regx 0x52]
    1076              
    1077              $C$DW$108       .dwtag  DW_TAG_TI_assign_register
    1078                      .dwattr $C$DW$108, DW_AT_name("VCRCSIZE")
    1079                      .dwattr $C$DW$108, DW_AT_location[DW_OP_regx 0x53]
    1080              
    1081                      .dwendtag $C$DW$CU
    1082              

No Assembly Errors, No Assembly Warnings
