Generating Mesh	1.26783
Generating Mesh\Assigning Materials 	0.0481271
Generating Mesh\Reading Design 	0.186793
Generating Mesh\Reading Design \Reading Design	0.145605
Generating Mesh\Reading Design \Reading Design\Do Smart Slicing	0.0040471
Generating Mesh\Reading Design \Reading Design\Simplifying Design	0.0960999
Generating Mesh\Refining Surface Mesh	0.862795
Generating Mesh\Refining Surface Mesh\Checking via	0.0001456
Generating Mesh\Refining Surface Mesh\Convert Local Mesh to Global Mesh	0.0292438
Generating Mesh\Refining Surface Mesh\Detecting Connectivity Problems	0.0067724
Generating Mesh\Refining Surface Mesh\Insert pins MT	0.568743
Generating Mesh\Refining Surface Mesh\Locating Pins	0.0670134
Generating Mesh\Refining Surface Mesh\Locating Pins\Locating instances on layers	0.0551083
Generating Mesh\Refining Surface Mesh\Locating Pins\Locating pins on layers	0.0118889
Generating Mesh\Refining Surface Mesh\Looking for Electrically Isolated Patches 	0.0171651
Generating Mesh\Refining Surface Mesh\Mark electrical interconnects	0.011685
Generating Mesh\Refining Surface Mesh\Marking Degenerate Elements	0.0044854
Generating Mesh\Refining Surface Mesh\Marking Vias	0.0013648
Generating Mesh\Refining Surface Mesh\Marking thickness for non-circular vias	0.0001968
Generating Mesh\Refining Surface Mesh\Pruning Surface Mesh 	0.0164177
Generating Mesh\Refining Surface Mesh\Recovering surface attributes 	0.0013785
Generating Mesh\Refining Surface Mesh\Writing ASCII surface mesh file 	0.117821
Generating Mesh\Refining Surface Mesh\Writing BINARY surface mesh file 	0.0088585
Generating Mesh\SurfaceMesher	0.167106
Generating Mesh\SurfaceMesher\Generating surface mesh 	0.164695
Generating Mesh\SurfaceMesher\Generating surface mesh \Checking surface mesh consistency	0.0041401
Generating Mesh\SurfaceMesher\Generating surface mesh \Computing Aabbs	0.0002597
Generating Mesh\SurfaceMesher\Generating surface mesh \Convert Global Mesh into Local Meshes	0.0083727
Generating Mesh\SurfaceMesher\Generating surface mesh \Convert Global Mesh into Local Meshes\Stabilizing mesh	5.12e-05
Generating Mesh\SurfaceMesher\Generating surface mesh \Faceting	0.150798
Generating Mesh\SurfaceMesher\Generating surface mesh \Faceting\1D faceting	0.0775564
Generating Mesh\SurfaceMesher\Generating surface mesh \Faceting\1D faceting\1D meshing	0.074914
Generating Mesh\SurfaceMesher\Generating surface mesh \Faceting\2D faceting	0.0718313
Generating Mesh\SurfaceMesher\Generating surface mesh \Faceting\2D faceting\2D meshing	0.0718277
