TMS320C2000 Assembler PC v22.6.1 Wed May 21 09:51:58 2025

Copyright (c) 1996-2018 Texas Instruments Incorporated
C:\Users\Daniel\AppData\Local\Temp\{5A426337-3177-45CC-A543-B7E6F5E76B23} PAGE    1

       1              ;***************************************************************
       2              ;* TMS320C2000 G3 C/C++ Codegen                               PC v22.6.1.LTS *
       3              ;* Date/Time created: Wed May 21 09:51:58 2025                 *
       4              ;***************************************************************
       5                      .compiler_opts --abi=coffabi --cla_support=cla2 --diag_wrap=off --float_support=fpu32 --hll_source=on
       6                      .asg    XAR2, FP
       7              
       8              $C$DW$CU        .dwtag  DW_TAG_compile_unit
       9                      .dwattr $C$DW$CU, DW_AT_name("syscfg/c2000ware_libraries.c")
      10                      .dwattr $C$DW$CU, DW_AT_producer("TI TMS320C2000 G3 C/C++ Codegen PC v22.6.1.LTS Copyright (c) 1996-2
      11                      .dwattr $C$DW$CU, DW_AT_TI_version(0x01)
      12                      .dwattr $C$DW$CU, DW_AT_comp_dir("C:\Users\Daniel\CodeComposer\UPS_MUCI\CPU1_FLASH")
      13              ;       D:\Programs\TI\ccs1281\ccs\tools\compiler\ti-cgt-c2000_22.6.1.LTS\bin\opt2000.exe C:\\Users\\Daniel\\
      14              ;       D:\Programs\TI\ccs1281\ccs\tools\compiler\ti-cgt-c2000_22.6.1.LTS\bin\ac2000.exe -@C:\\Users\\Daniel\
      15 00000000               .sect   ".text:_C2000Ware_libraries_init"
      16                      .clink
      17                      .global _C2000Ware_libraries_init
      18              
      19              $C$DW$1 .dwtag  DW_TAG_subprogram
      20                      .dwattr $C$DW$1, DW_AT_name("C2000Ware_libraries_init")
      21                      .dwattr $C$DW$1, DW_AT_low_pc(_C2000Ware_libraries_init)
      22                      .dwattr $C$DW$1, DW_AT_high_pc(0x00)
      23                      .dwattr $C$DW$1, DW_AT_TI_symbol_name("_C2000Ware_libraries_init")
      24                      .dwattr $C$DW$1, DW_AT_external
      25                      .dwattr $C$DW$1, DW_AT_TI_begin_file("syscfg/c2000ware_libraries.c")
      26                      .dwattr $C$DW$1, DW_AT_TI_begin_line(0x25)
      27                      .dwattr $C$DW$1, DW_AT_TI_begin_column(0x06)
      28                      .dwattr $C$DW$1, DW_AT_TI_max_frame_size(-2)
      29                      .dwpsn  file "syscfg/c2000ware_libraries.c",line 38,column 1,is_stmt,address _C2000Ware_libraries_ini
      30              
      31                      .dwfde $C$DW$CIE, _C2000Ware_libraries_init
      32              
      33              ;***************************************************************
      34              ;* FNAME: _C2000Ware_libraries_init     FR SIZE:   0           *
      35              ;*                                                             *
      36              ;* FUNCTION ENVIRONMENT                                        *
      37              ;*                                                             *
      38              ;* FUNCTION PROPERTIES                                         *
      39              ;*                            0 Parameter,  0 Auto,  0 SOE     *
      40              ;***************************************************************
      41              
      42 00000000       _C2000Ware_libraries_init:
      43                      .dwcfi  cfa_offset, -2
      44                      .dwcfi  save_reg_to_mem, 26, 0
      45              $C$DW$2 .dwtag  DW_TAG_TI_branch
      46                      .dwattr $C$DW$2, DW_AT_low_pc(0x00)
      47                      .dwattr $C$DW$2, DW_AT_TI_return
      48              
      49 00000000 0006          LRETR     ; [CPU_ALU] 
      50                      ; return occurs ; [] 
      51                      .dwattr $C$DW$1, DW_AT_TI_end_file("syscfg/c2000ware_libraries.c")
      52                      .dwattr $C$DW$1, DW_AT_TI_end_line(0x27)
      53                      .dwattr $C$DW$1, DW_AT_TI_end_column(0x01)
      54                      .dwendentry
      55                      .dwendtag $C$DW$1
TMS320C2000 Assembler PC v22.6.1 Wed May 21 09:51:58 2025

Copyright (c) 1996-2018 Texas Instruments Incorporated
C:\Users\Daniel\AppData\Local\Temp\{5A426337-3177-45CC-A543-B7E6F5E76B23} PAGE    2

      56              
      57              
      58              ;***************************************************************
      59              ;* TYPE INFORMATION                                            *
      60              ;***************************************************************
      61              $C$DW$T$2       .dwtag  DW_TAG_unspecified_type
      62                      .dwattr $C$DW$T$2, DW_AT_name("void")
      63              
      64              $C$DW$T$4       .dwtag  DW_TAG_base_type
      65                      .dwattr $C$DW$T$4, DW_AT_encoding(DW_ATE_boolean)
      66                      .dwattr $C$DW$T$4, DW_AT_name("bool")
      67                      .dwattr $C$DW$T$4, DW_AT_byte_size(0x01)
      68              
      69              $C$DW$T$5       .dwtag  DW_TAG_base_type
      70                      .dwattr $C$DW$T$5, DW_AT_encoding(DW_ATE_signed_char)
      71                      .dwattr $C$DW$T$5, DW_AT_name("signed char")
      72                      .dwattr $C$DW$T$5, DW_AT_byte_size(0x01)
      73              
      74              $C$DW$T$6       .dwtag  DW_TAG_base_type
      75                      .dwattr $C$DW$T$6, DW_AT_encoding(DW_ATE_unsigned_char)
      76                      .dwattr $C$DW$T$6, DW_AT_name("unsigned char")
      77                      .dwattr $C$DW$T$6, DW_AT_byte_size(0x01)
      78              
      79              $C$DW$T$7       .dwtag  DW_TAG_base_type
      80                      .dwattr $C$DW$T$7, DW_AT_encoding(DW_ATE_signed_char)
      81                      .dwattr $C$DW$T$7, DW_AT_name("wchar_t")
      82                      .dwattr $C$DW$T$7, DW_AT_byte_size(0x01)
      83              
      84              $C$DW$T$8       .dwtag  DW_TAG_base_type
      85                      .dwattr $C$DW$T$8, DW_AT_encoding(DW_ATE_signed)
      86                      .dwattr $C$DW$T$8, DW_AT_name("short")
      87                      .dwattr $C$DW$T$8, DW_AT_byte_size(0x01)
      88              
      89              $C$DW$T$9       .dwtag  DW_TAG_base_type
      90                      .dwattr $C$DW$T$9, DW_AT_encoding(DW_ATE_unsigned)
      91                      .dwattr $C$DW$T$9, DW_AT_name("unsigned short")
      92                      .dwattr $C$DW$T$9, DW_AT_byte_size(0x01)
      93              
      94              $C$DW$T$10      .dwtag  DW_TAG_base_type
      95                      .dwattr $C$DW$T$10, DW_AT_encoding(DW_ATE_signed)
      96                      .dwattr $C$DW$T$10, DW_AT_name("int")
      97                      .dwattr $C$DW$T$10, DW_AT_byte_size(0x01)
      98              
      99              $C$DW$T$11      .dwtag  DW_TAG_base_type
     100                      .dwattr $C$DW$T$11, DW_AT_encoding(DW_ATE_unsigned)
     101                      .dwattr $C$DW$T$11, DW_AT_name("unsigned int")
     102                      .dwattr $C$DW$T$11, DW_AT_byte_size(0x01)
     103              
     104              $C$DW$T$12      .dwtag  DW_TAG_base_type
     105                      .dwattr $C$DW$T$12, DW_AT_encoding(DW_ATE_signed)
     106                      .dwattr $C$DW$T$12, DW_AT_name("long")
     107                      .dwattr $C$DW$T$12, DW_AT_byte_size(0x02)
     108              
     109              $C$DW$T$13      .dwtag  DW_TAG_base_type
     110                      .dwattr $C$DW$T$13, DW_AT_encoding(DW_ATE_unsigned)
TMS320C2000 Assembler PC v22.6.1 Wed May 21 09:51:58 2025

Copyright (c) 1996-2018 Texas Instruments Incorporated
C:\Users\Daniel\AppData\Local\Temp\{5A426337-3177-45CC-A543-B7E6F5E76B23} PAGE    3

     111                      .dwattr $C$DW$T$13, DW_AT_name("unsigned long")
     112                      .dwattr $C$DW$T$13, DW_AT_byte_size(0x02)
     113              
     114              $C$DW$T$14      .dwtag  DW_TAG_base_type
     115                      .dwattr $C$DW$T$14, DW_AT_encoding(DW_ATE_signed)
     116                      .dwattr $C$DW$T$14, DW_AT_name("long long")
     117                      .dwattr $C$DW$T$14, DW_AT_byte_size(0x04)
     118              
     119              $C$DW$T$15      .dwtag  DW_TAG_base_type
     120                      .dwattr $C$DW$T$15, DW_AT_encoding(DW_ATE_unsigned)
     121                      .dwattr $C$DW$T$15, DW_AT_name("unsigned long long")
     122                      .dwattr $C$DW$T$15, DW_AT_byte_size(0x04)
     123              
     124              $C$DW$T$16      .dwtag  DW_TAG_base_type
     125                      .dwattr $C$DW$T$16, DW_AT_encoding(DW_ATE_float)
     126                      .dwattr $C$DW$T$16, DW_AT_name("float")
     127                      .dwattr $C$DW$T$16, DW_AT_byte_size(0x02)
     128              
     129              $C$DW$T$17      .dwtag  DW_TAG_base_type
     130                      .dwattr $C$DW$T$17, DW_AT_encoding(DW_ATE_float)
     131                      .dwattr $C$DW$T$17, DW_AT_name("double")
     132                      .dwattr $C$DW$T$17, DW_AT_byte_size(0x02)
     133              
     134              $C$DW$T$18      .dwtag  DW_TAG_base_type
     135                      .dwattr $C$DW$T$18, DW_AT_encoding(DW_ATE_float)
     136                      .dwattr $C$DW$T$18, DW_AT_name("long double")
     137                      .dwattr $C$DW$T$18, DW_AT_byte_size(0x04)
     138              
     139                      .dwattr $C$DW$CU, DW_AT_language(DW_LANG_C)
     140              
     141              ;***************************************************************
     142              ;* DWARF CIE ENTRIES                                           *
     143              ;***************************************************************
     144              
     145              $C$DW$CIE       .dwcie 26
     146                      .dwcfi  cfa_register, 20
     147                      .dwcfi  cfa_offset, 0
     148                      .dwcfi  same_value, 28
     149                      .dwcfi  same_value, 6
     150                      .dwcfi  same_value, 7
     151                      .dwcfi  same_value, 8
     152                      .dwcfi  same_value, 9
     153                      .dwcfi  same_value, 10
     154                      .dwcfi  same_value, 11
     155                      .dwcfi  same_value, 59
     156                      .dwcfi  same_value, 63
     157                      .dwcfi  same_value, 67
     158                      .dwcfi  same_value, 71
     159                      .dwendentry
     160              
     161              ;***************************************************************
     162              ;* DWARF REGISTER MAP                                          *
     163              ;***************************************************************
     164              
     165              $C$DW$3 .dwtag  DW_TAG_TI_assign_register
TMS320C2000 Assembler PC v22.6.1 Wed May 21 09:51:58 2025

Copyright (c) 1996-2018 Texas Instruments Incorporated
C:\Users\Daniel\AppData\Local\Temp\{5A426337-3177-45CC-A543-B7E6F5E76B23} PAGE    4

     166                      .dwattr $C$DW$3, DW_AT_name("AL")
     167                      .dwattr $C$DW$3, DW_AT_location[DW_OP_reg0]
     168              
     169              $C$DW$4 .dwtag  DW_TAG_TI_assign_register
     170                      .dwattr $C$DW$4, DW_AT_name("AH")
     171                      .dwattr $C$DW$4, DW_AT_location[DW_OP_reg1]
     172              
     173              $C$DW$5 .dwtag  DW_TAG_TI_assign_register
     174                      .dwattr $C$DW$5, DW_AT_name("PL")
     175                      .dwattr $C$DW$5, DW_AT_location[DW_OP_reg2]
     176              
     177              $C$DW$6 .dwtag  DW_TAG_TI_assign_register
     178                      .dwattr $C$DW$6, DW_AT_name("PH")
     179                      .dwattr $C$DW$6, DW_AT_location[DW_OP_reg3]
     180              
     181              $C$DW$7 .dwtag  DW_TAG_TI_assign_register
     182                      .dwattr $C$DW$7, DW_AT_name("SP")
     183                      .dwattr $C$DW$7, DW_AT_location[DW_OP_reg20]
     184              
     185              $C$DW$8 .dwtag  DW_TAG_TI_assign_register
     186                      .dwattr $C$DW$8, DW_AT_name("XT")
     187                      .dwattr $C$DW$8, DW_AT_location[DW_OP_reg21]
     188              
     189              $C$DW$9 .dwtag  DW_TAG_TI_assign_register
     190                      .dwattr $C$DW$9, DW_AT_name("T")
     191                      .dwattr $C$DW$9, DW_AT_location[DW_OP_reg22]
     192              
     193              $C$DW$10        .dwtag  DW_TAG_TI_assign_register
     194                      .dwattr $C$DW$10, DW_AT_name("ST0")
     195                      .dwattr $C$DW$10, DW_AT_location[DW_OP_reg23]
     196              
     197              $C$DW$11        .dwtag  DW_TAG_TI_assign_register
     198                      .dwattr $C$DW$11, DW_AT_name("ST1")
     199                      .dwattr $C$DW$11, DW_AT_location[DW_OP_reg24]
     200              
     201              $C$DW$12        .dwtag  DW_TAG_TI_assign_register
     202                      .dwattr $C$DW$12, DW_AT_name("PC")
     203                      .dwattr $C$DW$12, DW_AT_location[DW_OP_reg25]
     204              
     205              $C$DW$13        .dwtag  DW_TAG_TI_assign_register
     206                      .dwattr $C$DW$13, DW_AT_name("RPC")
     207                      .dwattr $C$DW$13, DW_AT_location[DW_OP_reg26]
     208              
     209              $C$DW$14        .dwtag  DW_TAG_TI_assign_register
     210                      .dwattr $C$DW$14, DW_AT_name("FP")
     211                      .dwattr $C$DW$14, DW_AT_location[DW_OP_reg28]
     212              
     213              $C$DW$15        .dwtag  DW_TAG_TI_assign_register
     214                      .dwattr $C$DW$15, DW_AT_name("DP")
     215                      .dwattr $C$DW$15, DW_AT_location[DW_OP_reg29]
     216              
     217              $C$DW$16        .dwtag  DW_TAG_TI_assign_register
     218                      .dwattr $C$DW$16, DW_AT_name("SXM")
     219                      .dwattr $C$DW$16, DW_AT_location[DW_OP_reg30]
     220              
TMS320C2000 Assembler PC v22.6.1 Wed May 21 09:51:58 2025

Copyright (c) 1996-2018 Texas Instruments Incorporated
C:\Users\Daniel\AppData\Local\Temp\{5A426337-3177-45CC-A543-B7E6F5E76B23} PAGE    5

     221              $C$DW$17        .dwtag  DW_TAG_TI_assign_register
     222                      .dwattr $C$DW$17, DW_AT_name("PM")
     223                      .dwattr $C$DW$17, DW_AT_location[DW_OP_reg31]
     224              
     225              $C$DW$18        .dwtag  DW_TAG_TI_assign_register
     226                      .dwattr $C$DW$18, DW_AT_name("OVM")
     227                      .dwattr $C$DW$18, DW_AT_location[DW_OP_regx 0x20]
     228              
     229              $C$DW$19        .dwtag  DW_TAG_TI_assign_register
     230                      .dwattr $C$DW$19, DW_AT_name("PAGE0")
     231                      .dwattr $C$DW$19, DW_AT_location[DW_OP_regx 0x21]
     232              
     233              $C$DW$20        .dwtag  DW_TAG_TI_assign_register
     234                      .dwattr $C$DW$20, DW_AT_name("AMODE")
     235                      .dwattr $C$DW$20, DW_AT_location[DW_OP_regx 0x22]
     236              
     237              $C$DW$21        .dwtag  DW_TAG_TI_assign_register
     238                      .dwattr $C$DW$21, DW_AT_name("EALLOW")
     239                      .dwattr $C$DW$21, DW_AT_location[DW_OP_regx 0x4e]
     240              
     241              $C$DW$22        .dwtag  DW_TAG_TI_assign_register
     242                      .dwattr $C$DW$22, DW_AT_name("INTM")
     243                      .dwattr $C$DW$22, DW_AT_location[DW_OP_regx 0x23]
     244              
     245              $C$DW$23        .dwtag  DW_TAG_TI_assign_register
     246                      .dwattr $C$DW$23, DW_AT_name("IFR")
     247                      .dwattr $C$DW$23, DW_AT_location[DW_OP_regx 0x24]
     248              
     249              $C$DW$24        .dwtag  DW_TAG_TI_assign_register
     250                      .dwattr $C$DW$24, DW_AT_name("IER")
     251                      .dwattr $C$DW$24, DW_AT_location[DW_OP_regx 0x25]
     252              
     253              $C$DW$25        .dwtag  DW_TAG_TI_assign_register
     254                      .dwattr $C$DW$25, DW_AT_name("V")
     255                      .dwattr $C$DW$25, DW_AT_location[DW_OP_regx 0x26]
     256              
     257              $C$DW$26        .dwtag  DW_TAG_TI_assign_register
     258                      .dwattr $C$DW$26, DW_AT_name("PSEUDOH")
     259                      .dwattr $C$DW$26, DW_AT_location[DW_OP_regx 0x4c]
     260              
     261              $C$DW$27        .dwtag  DW_TAG_TI_assign_register
     262                      .dwattr $C$DW$27, DW_AT_name("VOL")
     263                      .dwattr $C$DW$27, DW_AT_location[DW_OP_regx 0x4d]
     264              
     265              $C$DW$28        .dwtag  DW_TAG_TI_assign_register
     266                      .dwattr $C$DW$28, DW_AT_name("AR0")
     267                      .dwattr $C$DW$28, DW_AT_location[DW_OP_reg4]
     268              
     269              $C$DW$29        .dwtag  DW_TAG_TI_assign_register
     270                      .dwattr $C$DW$29, DW_AT_name("XAR0")
     271                      .dwattr $C$DW$29, DW_AT_location[DW_OP_reg5]
     272              
     273              $C$DW$30        .dwtag  DW_TAG_TI_assign_register
     274                      .dwattr $C$DW$30, DW_AT_name("AR1")
     275                      .dwattr $C$DW$30, DW_AT_location[DW_OP_reg6]
TMS320C2000 Assembler PC v22.6.1 Wed May 21 09:51:58 2025

Copyright (c) 1996-2018 Texas Instruments Incorporated
C:\Users\Daniel\AppData\Local\Temp\{5A426337-3177-45CC-A543-B7E6F5E76B23} PAGE    6

     276              
     277              $C$DW$31        .dwtag  DW_TAG_TI_assign_register
     278                      .dwattr $C$DW$31, DW_AT_name("XAR1")
     279                      .dwattr $C$DW$31, DW_AT_location[DW_OP_reg7]
     280              
     281              $C$DW$32        .dwtag  DW_TAG_TI_assign_register
     282                      .dwattr $C$DW$32, DW_AT_name("AR2")
     283                      .dwattr $C$DW$32, DW_AT_location[DW_OP_reg8]
     284              
     285              $C$DW$33        .dwtag  DW_TAG_TI_assign_register
     286                      .dwattr $C$DW$33, DW_AT_name("XAR2")
     287                      .dwattr $C$DW$33, DW_AT_location[DW_OP_reg9]
     288              
     289              $C$DW$34        .dwtag  DW_TAG_TI_assign_register
     290                      .dwattr $C$DW$34, DW_AT_name("AR3")
     291                      .dwattr $C$DW$34, DW_AT_location[DW_OP_reg10]
     292              
     293              $C$DW$35        .dwtag  DW_TAG_TI_assign_register
     294                      .dwattr $C$DW$35, DW_AT_name("XAR3")
     295                      .dwattr $C$DW$35, DW_AT_location[DW_OP_reg11]
     296              
     297              $C$DW$36        .dwtag  DW_TAG_TI_assign_register
     298                      .dwattr $C$DW$36, DW_AT_name("AR4")
     299                      .dwattr $C$DW$36, DW_AT_location[DW_OP_reg12]
     300              
     301              $C$DW$37        .dwtag  DW_TAG_TI_assign_register
     302                      .dwattr $C$DW$37, DW_AT_name("XAR4")
     303                      .dwattr $C$DW$37, DW_AT_location[DW_OP_reg13]
     304              
     305              $C$DW$38        .dwtag  DW_TAG_TI_assign_register
     306                      .dwattr $C$DW$38, DW_AT_name("AR5")
     307                      .dwattr $C$DW$38, DW_AT_location[DW_OP_reg14]
     308              
     309              $C$DW$39        .dwtag  DW_TAG_TI_assign_register
     310                      .dwattr $C$DW$39, DW_AT_name("XAR5")
     311                      .dwattr $C$DW$39, DW_AT_location[DW_OP_reg15]
     312              
     313              $C$DW$40        .dwtag  DW_TAG_TI_assign_register
     314                      .dwattr $C$DW$40, DW_AT_name("AR6")
     315                      .dwattr $C$DW$40, DW_AT_location[DW_OP_reg16]
     316              
     317              $C$DW$41        .dwtag  DW_TAG_TI_assign_register
     318                      .dwattr $C$DW$41, DW_AT_name("XAR6")
     319                      .dwattr $C$DW$41, DW_AT_location[DW_OP_reg17]
     320              
     321              $C$DW$42        .dwtag  DW_TAG_TI_assign_register
     322                      .dwattr $C$DW$42, DW_AT_name("AR7")
     323                      .dwattr $C$DW$42, DW_AT_location[DW_OP_reg18]
     324              
     325              $C$DW$43        .dwtag  DW_TAG_TI_assign_register
     326                      .dwattr $C$DW$43, DW_AT_name("XAR7")
     327                      .dwattr $C$DW$43, DW_AT_location[DW_OP_reg19]
     328              
     329              $C$DW$44        .dwtag  DW_TAG_TI_assign_register
     330                      .dwattr $C$DW$44, DW_AT_name("R0H")
TMS320C2000 Assembler PC v22.6.1 Wed May 21 09:51:58 2025

Copyright (c) 1996-2018 Texas Instruments Incorporated
C:\Users\Daniel\AppData\Local\Temp\{5A426337-3177-45CC-A543-B7E6F5E76B23} PAGE    7

     331                      .dwattr $C$DW$44, DW_AT_location[DW_OP_regx 0x2b]
     332              
     333              $C$DW$45        .dwtag  DW_TAG_TI_assign_register
     334                      .dwattr $C$DW$45, DW_AT_name("R1H")
     335                      .dwattr $C$DW$45, DW_AT_location[DW_OP_regx 0x2f]
     336              
     337              $C$DW$46        .dwtag  DW_TAG_TI_assign_register
     338                      .dwattr $C$DW$46, DW_AT_name("R2H")
     339                      .dwattr $C$DW$46, DW_AT_location[DW_OP_regx 0x33]
     340              
     341              $C$DW$47        .dwtag  DW_TAG_TI_assign_register
     342                      .dwattr $C$DW$47, DW_AT_name("R3H")
     343                      .dwattr $C$DW$47, DW_AT_location[DW_OP_regx 0x37]
     344              
     345              $C$DW$48        .dwtag  DW_TAG_TI_assign_register
     346                      .dwattr $C$DW$48, DW_AT_name("R4H")
     347                      .dwattr $C$DW$48, DW_AT_location[DW_OP_regx 0x3b]
     348              
     349              $C$DW$49        .dwtag  DW_TAG_TI_assign_register
     350                      .dwattr $C$DW$49, DW_AT_name("R5H")
     351                      .dwattr $C$DW$49, DW_AT_location[DW_OP_regx 0x3f]
     352              
     353              $C$DW$50        .dwtag  DW_TAG_TI_assign_register
     354                      .dwattr $C$DW$50, DW_AT_name("R6H")
     355                      .dwattr $C$DW$50, DW_AT_location[DW_OP_regx 0x43]
     356              
     357              $C$DW$51        .dwtag  DW_TAG_TI_assign_register
     358                      .dwattr $C$DW$51, DW_AT_name("R7H")
     359                      .dwattr $C$DW$51, DW_AT_location[DW_OP_regx 0x47]
     360              
     361              $C$DW$52        .dwtag  DW_TAG_TI_assign_register
     362                      .dwattr $C$DW$52, DW_AT_name("RB")
     363                      .dwattr $C$DW$52, DW_AT_location[DW_OP_regx 0x4a]
     364              
     365              $C$DW$53        .dwtag  DW_TAG_TI_assign_register
     366                      .dwattr $C$DW$53, DW_AT_name("STF")
     367                      .dwattr $C$DW$53, DW_AT_location[DW_OP_regx 0x28]
     368              
     369              $C$DW$54        .dwtag  DW_TAG_TI_assign_register
     370                      .dwattr $C$DW$54, DW_AT_name("FPUHAZ")
     371                      .dwattr $C$DW$54, DW_AT_location[DW_OP_reg27]
     372              
     373              $C$DW$55        .dwtag  DW_TAG_TI_assign_register
     374                      .dwattr $C$DW$55, DW_AT_name("STF_HWDIV")
     375                      .dwattr $C$DW$55, DW_AT_location[DW_OP_regx 0x4f]
     376              
     377              $C$DW$56        .dwtag  DW_TAG_TI_assign_register
     378                      .dwattr $C$DW$56, DW_AT_name("VCRC")
     379                      .dwattr $C$DW$56, DW_AT_location[DW_OP_regx 0x50]
     380              
     381              $C$DW$57        .dwtag  DW_TAG_TI_assign_register
     382                      .dwattr $C$DW$57, DW_AT_name("VSTATUS")
     383                      .dwattr $C$DW$57, DW_AT_location[DW_OP_regx 0x51]
     384              
     385              $C$DW$58        .dwtag  DW_TAG_TI_assign_register
TMS320C2000 Assembler PC v22.6.1 Wed May 21 09:51:58 2025

Copyright (c) 1996-2018 Texas Instruments Incorporated
C:\Users\Daniel\AppData\Local\Temp\{5A426337-3177-45CC-A543-B7E6F5E76B23} PAGE    8

     386                      .dwattr $C$DW$58, DW_AT_name("VCRCPOLY")
     387                      .dwattr $C$DW$58, DW_AT_location[DW_OP_regx 0x52]
     388              
     389              $C$DW$59        .dwtag  DW_TAG_TI_assign_register
     390                      .dwattr $C$DW$59, DW_AT_name("VCRCSIZE")
     391                      .dwattr $C$DW$59, DW_AT_location[DW_OP_regx 0x53]
     392              
     393                      .dwendtag $C$DW$CU
     394              

No Assembly Errors, No Assembly Warnings
