TMS320C2000 Assembler PC v22.6.1 Wed May 21 09:51:55 2025

Copyright (c) 1996-2018 Texas Instruments Incorporated
C:\Users\Daniel\AppData\Local\Temp\{D1E6592F-FABD-49A5-8F9C-6B138556DE7B} PAGE    1

       1              ;***************************************************************
       2              ;* TMS320C2000 G3 C/C++ Codegen                               PC v22.6.1.LTS *
       3              ;* Date/Time created: Wed May 21 09:51:55 2025                 *
       4              ;***************************************************************
       5                      .compiler_opts --abi=coffabi --cla_support=cla2 --diag_wrap=off --float_support=fpu32 --hll_source=on
       6                      .asg    XAR2, FP
       7              
       8              $C$DW$CU        .dwtag  DW_TAG_compile_unit
       9                      .dwattr $C$DW$CU, DW_AT_name("../device/driverlib/adc.c")
      10                      .dwattr $C$DW$CU, DW_AT_producer("TI TMS320C2000 G3 C/C++ Codegen PC v22.6.1.LTS Copyright (c) 1996-2
      11                      .dwattr $C$DW$CU, DW_AT_TI_version(0x01)
      12                      .dwattr $C$DW$CU, DW_AT_comp_dir("C:\Users\Daniel\CodeComposer\UPS_MUCI\CPU1_FLASH")
      13              
      14              $C$DW$1 .dwtag  DW_TAG_subprogram
      15                      .dwattr $C$DW$1, DW_AT_name("__error__")
      16                      .dwattr $C$DW$1, DW_AT_TI_symbol_name("___error__")
      17                      .dwattr $C$DW$1, DW_AT_declaration
      18                      .dwattr $C$DW$1, DW_AT_external
      19              $C$DW$2 .dwtag  DW_TAG_formal_parameter
      20                      .dwattr $C$DW$2, DW_AT_type(*$C$DW$T$32)
      21              
      22              $C$DW$3 .dwtag  DW_TAG_formal_parameter
      23                      .dwattr $C$DW$3, DW_AT_type(*$C$DW$T$34)
      24              
      25                      .dwendtag $C$DW$1
      26              
      27              
      28              $C$DW$4 .dwtag  DW_TAG_subprogram
      29                      .dwattr $C$DW$4, DW_AT_name("__eallow")
      30                      .dwattr $C$DW$4, DW_AT_TI_symbol_name("___eallow")
      31                      .dwattr $C$DW$4, DW_AT_declaration
      32                      .dwattr $C$DW$4, DW_AT_external
      33                      .dwendtag $C$DW$4
      34              
      35              
      36              $C$DW$5 .dwtag  DW_TAG_subprogram
      37                      .dwattr $C$DW$5, DW_AT_name("__edis")
      38                      .dwattr $C$DW$5, DW_AT_TI_symbol_name("___edis")
      39                      .dwattr $C$DW$5, DW_AT_declaration
      40                      .dwattr $C$DW$5, DW_AT_external
      41                      .dwendtag $C$DW$5
      42              
      43              ;       D:\Programs\TI\ccs1281\ccs\tools\compiler\ti-cgt-c2000_22.6.1.LTS\bin\opt2000.exe C:\\Users\\Daniel\\
      44              ;       D:\Programs\TI\ccs1281\ccs\tools\compiler\ti-cgt-c2000_22.6.1.LTS\bin\ac2000.exe -@C:\\Users\\Daniel\
      45 00000000               .sect   ".text:_ADC_setOffsetTrimAll"
      46                      .clink
      47                      .global _ADC_setOffsetTrimAll
      48              
      49              $C$DW$6 .dwtag  DW_TAG_subprogram
      50                      .dwattr $C$DW$6, DW_AT_name("ADC_setOffsetTrimAll")
      51                      .dwattr $C$DW$6, DW_AT_low_pc(_ADC_setOffsetTrimAll)
      52                      .dwattr $C$DW$6, DW_AT_high_pc(0x00)
      53                      .dwattr $C$DW$6, DW_AT_TI_symbol_name("_ADC_setOffsetTrimAll")
      54                      .dwattr $C$DW$6, DW_AT_external
      55                      .dwattr $C$DW$6, DW_AT_TI_begin_file("../device/driverlib/adc.c")
TMS320C2000 Assembler PC v22.6.1 Wed May 21 09:51:55 2025

Copyright (c) 1996-2018 Texas Instruments Incorporated
C:\Users\Daniel\AppData\Local\Temp\{D1E6592F-FABD-49A5-8F9C-6B138556DE7B} PAGE    2

      56                      .dwattr $C$DW$6, DW_AT_TI_begin_line(0x107)
      57                      .dwattr $C$DW$6, DW_AT_TI_begin_column(0x01)
      58                      .dwattr $C$DW$6, DW_AT_TI_max_frame_size(-2)
      59                      .dwpsn  file "../device/driverlib/adc.c",line 264,column 1,is_stmt,address _ADC_setOffsetTrimAll,isa 
      60              
      61                      .dwfde $C$DW$CIE, _ADC_setOffsetTrimAll
      62              $C$DW$7 .dwtag  DW_TAG_formal_parameter
      63                      .dwattr $C$DW$7, DW_AT_name("refMode")
      64                      .dwattr $C$DW$7, DW_AT_TI_symbol_name("_refMode")
      65                      .dwattr $C$DW$7, DW_AT_type(*$C$DW$T$20)
      66                      .dwattr $C$DW$7, DW_AT_location[DW_OP_reg0]
      67              
      68              $C$DW$8 .dwtag  DW_TAG_formal_parameter
      69                      .dwattr $C$DW$8, DW_AT_name("refVoltage")
      70                      .dwattr $C$DW$8, DW_AT_TI_symbol_name("_refVoltage")
      71                      .dwattr $C$DW$8, DW_AT_type(*$C$DW$T$24)
      72                      .dwattr $C$DW$8, DW_AT_location[DW_OP_reg1]
      73              
      74              
      75              ;***************************************************************
      76              ;* FNAME: _ADC_setOffsetTrimAll         FR SIZE:   0           *
      77              ;*                                                             *
      78              ;* FUNCTION ENVIRONMENT                                        *
      79              ;*                                                             *
      80              ;* FUNCTION PROPERTIES                                         *
      81              ;*                            0 Parameter,  0 Auto,  0 SOE     *
      82              ;***************************************************************
      83              
      84              _ADC_setOffsetTrimAll:
      85              ;* AR4   assigned to $O$W1
      86              ;* AL    assigned to _refMode
      87              $C$DW$9 .dwtag  DW_TAG_variable
      88                      .dwattr $C$DW$9, DW_AT_name("refMode")
      89                      .dwattr $C$DW$9, DW_AT_TI_symbol_name("_refMode")
      90                      .dwattr $C$DW$9, DW_AT_type(*$C$DW$T$21)
      91                      .dwattr $C$DW$9, DW_AT_location[DW_OP_reg0]
      92              
      93              ;* T     assigned to _offsetShiftVal
      94              $C$DW$10        .dwtag  DW_TAG_variable
      95                      .dwattr $C$DW$10, DW_AT_name("offsetShiftVal")
      96                      .dwattr $C$DW$10, DW_AT_TI_symbol_name("_offsetShiftVal")
      97                      .dwattr $C$DW$10, DW_AT_type(*$C$DW$T$54)
      98                      .dwattr $C$DW$10, DW_AT_location[DW_OP_reg22]
      99              
     100                      .dwcfi  cfa_offset, -2
     101                      .dwcfi  save_reg_to_mem, 26, 0
     102                      .dwpsn  file "../device/driverlib/adc.c",line 278,column 9,is_stmt,isa 0
     103 00000000 CBA9          OR        AH,AL                 ; [CPU_ALU] |278| 
     104 00000001 6103          B         $C$L1,EQ              ; [CPU_ALU] |278| 
     105                      ; branchcc occurs ; [] |278| 
     106 00000002 2BAC          MOV       T,#0                  ; [CPU_ALU] |278| 
     107 00000003 6F03          B         $C$L2,UNC             ; [CPU_ALU] |278| 
     108                      ; branch occurs ; [] |278| 
     109 00000004       $C$L1:    
     110 00000004 28AC          MOV       T,#8                  ; [CPU_ALU] |278| 
TMS320C2000 Assembler PC v22.6.1 Wed May 21 09:51:55 2025

Copyright (c) 1996-2018 Texas Instruments Incorporated
C:\Users\Daniel\AppData\Local\Temp\{D1E6592F-FABD-49A5-8F9C-6B138556DE7B} PAGE    3

         00000005 0008 
     111 00000006       $C$L2:    
     112                      .dwpsn  file "../device/driverlib/adc.c",line 289,column 5,is_stmt,isa 0
     113 00000006 7622          EALLOW    ; [CPU_ALU] |289| 
     114                      .dwpsn  file "../device/driverlib/adc.c",line 290,column 5,is_stmt,isa 0
     115 00000007 8F07          MOVL      XAR4,#459116          ; [CPU_ARAU] |290| 
         00000008 016C 
     116 00000009 92C4          MOV       AL,*+XAR4[0]          ; [CPU_ALU] |290| 
     117 0000000a FF62          LSR       AL,T                  ; [CPU_ALU] |290| 
     118 0000000b 90FF          ANDB      AL,#0xff              ; [CPU_ALU] |290| 
     119 0000000c F4A9          MOV       *(0:0x743b),AL        ; [CPU_ALU] |290| 
         0000000d 743B 
     120                      .dwpsn  file "../device/driverlib/adc.c",line 300,column 5,is_stmt,isa 0
     121 0000000e 92CC          MOV       AL,*+XAR4[1]          ; [CPU_ALU] |300| 
     122 0000000f FF62          LSR       AL,T                  ; [CPU_ALU] |300| 
     123 00000010 90FF          ANDB      AL,#0xff              ; [CPU_ALU] |300| 
     124 00000011 F4A9          MOV       *(0:0x74bb),AL        ; [CPU_ALU] |300| 
         00000012 74BB 
     125                      .dwpsn  file "../device/driverlib/adc.c",line 310,column 5,is_stmt,isa 0
     126 00000013 92D4          MOV       AL,*+XAR4[2]          ; [CPU_ALU] |310| 
     127 00000014 FF62          LSR       AL,T                  ; [CPU_ALU] |310| 
     128 00000015 90FF          ANDB      AL,#0xff              ; [CPU_ALU] |310| 
     129 00000016 F4A9          MOV       *(0:0x753b),AL        ; [CPU_ALU] |310| 
         00000017 753B 
     130                      .dwpsn  file "../device/driverlib/adc.c",line 311,column 5,is_stmt,isa 0
     131 00000018 761A          EDIS      ; [CPU_ALU] |311| 
     132              $C$DW$11        .dwtag  DW_TAG_TI_branch
     133                      .dwattr $C$DW$11, DW_AT_low_pc(0x00)
     134                      .dwattr $C$DW$11, DW_AT_TI_return
     135              
     136 00000019 0006          LRETR     ; [CPU_ALU] 
     137                      ; return occurs ; [] 
     138                      .dwattr $C$DW$6, DW_AT_TI_end_file("../device/driverlib/adc.c")
     139                      .dwattr $C$DW$6, DW_AT_TI_end_line(0x138)
     140                      .dwattr $C$DW$6, DW_AT_TI_end_column(0x01)
     141                      .dwendentry
     142                      .dwendtag $C$DW$6
     143              
     144 00000000               .sect   ".text:_ADC_setVREF"
     145                      .clink
     146                      .global _ADC_setVREF
     147              
     148              $C$DW$12        .dwtag  DW_TAG_subprogram
     149                      .dwattr $C$DW$12, DW_AT_name("ADC_setVREF")
     150                      .dwattr $C$DW$12, DW_AT_low_pc(_ADC_setVREF)
     151                      .dwattr $C$DW$12, DW_AT_high_pc(0x00)
     152                      .dwattr $C$DW$12, DW_AT_TI_symbol_name("_ADC_setVREF")
     153                      .dwattr $C$DW$12, DW_AT_external
     154                      .dwattr $C$DW$12, DW_AT_TI_begin_file("../device/driverlib/adc.c")
     155                      .dwattr $C$DW$12, DW_AT_TI_begin_line(0x4c)
     156                      .dwattr $C$DW$12, DW_AT_TI_begin_column(0x01)
     157                      .dwattr $C$DW$12, DW_AT_TI_max_frame_size(-6)
     158                      .dwpsn  file "../device/driverlib/adc.c",line 78,column 1,is_stmt,address _ADC_setVREF,isa 0
     159              
     160                      .dwfde $C$DW$CIE, _ADC_setVREF
TMS320C2000 Assembler PC v22.6.1 Wed May 21 09:51:55 2025

Copyright (c) 1996-2018 Texas Instruments Incorporated
C:\Users\Daniel\AppData\Local\Temp\{D1E6592F-FABD-49A5-8F9C-6B138556DE7B} PAGE    4

     161              $C$DW$13        .dwtag  DW_TAG_formal_parameter
     162                      .dwattr $C$DW$13, DW_AT_name("base")
     163                      .dwattr $C$DW$13, DW_AT_TI_symbol_name("_base")
     164                      .dwattr $C$DW$13, DW_AT_type(*$C$DW$T$34)
     165                      .dwattr $C$DW$13, DW_AT_location[DW_OP_reg0]
     166              
     167              $C$DW$14        .dwtag  DW_TAG_formal_parameter
     168                      .dwattr $C$DW$14, DW_AT_name("refMode")
     169                      .dwattr $C$DW$14, DW_AT_TI_symbol_name("_refMode")
     170                      .dwattr $C$DW$14, DW_AT_type(*$C$DW$T$20)
     171                      .dwattr $C$DW$14, DW_AT_location[DW_OP_reg12]
     172              
     173              $C$DW$15        .dwtag  DW_TAG_formal_parameter
     174                      .dwattr $C$DW$15, DW_AT_name("refVoltage")
     175                      .dwattr $C$DW$15, DW_AT_TI_symbol_name("_refVoltage")
     176                      .dwattr $C$DW$15, DW_AT_type(*$C$DW$T$24)
     177                      .dwattr $C$DW$15, DW_AT_location[DW_OP_reg14]
     178              
     179              
     180              ;***************************************************************
     181              ;* FNAME: _ADC_setVREF                  FR SIZE:   4           *
     182              ;*                                                             *
     183              ;* FUNCTION ENVIRONMENT                                        *
     184              ;*                                                             *
     185              ;* FUNCTION PROPERTIES                                         *
     186              ;*                            0 Parameter,  0 Auto,  4 SOE     *
     187              ;***************************************************************
     188              
     189              _ADC_setVREF:
     190              ;* AR6   assigned to _base
     191              $C$DW$16        .dwtag  DW_TAG_variable
     192                      .dwattr $C$DW$16, DW_AT_name("base")
     193                      .dwattr $C$DW$16, DW_AT_TI_symbol_name("_base")
     194                      .dwattr $C$DW$16, DW_AT_type(*$C$DW$T$63)
     195                      .dwattr $C$DW$16, DW_AT_location[DW_OP_reg16]
     196              
     197              ;* AR2   assigned to _refMode
     198              $C$DW$17        .dwtag  DW_TAG_variable
     199                      .dwattr $C$DW$17, DW_AT_name("refMode")
     200                      .dwattr $C$DW$17, DW_AT_TI_symbol_name("_refMode")
     201                      .dwattr $C$DW$17, DW_AT_type(*$C$DW$T$22)
     202                      .dwattr $C$DW$17, DW_AT_location[DW_OP_reg8]
     203              
     204              ;* AR1   assigned to _refVoltage
     205              $C$DW$18        .dwtag  DW_TAG_variable
     206                      .dwattr $C$DW$18, DW_AT_name("refVoltage")
     207                      .dwattr $C$DW$18, DW_AT_TI_symbol_name("_refVoltage")
     208                      .dwattr $C$DW$18, DW_AT_type(*$C$DW$T$26)
     209                      .dwattr $C$DW$18, DW_AT_location[DW_OP_reg6]
     210              
     211                      .dwcfi  cfa_offset, -2
     212                      .dwcfi  save_reg_to_mem, 26, 0
     213 00000000 1EA6          MOVL      XAR6,ACC              ; [CPU_ALU] |78| 
     214 00000001 B2BD          MOVL      *SP++,XAR1            ; [CPU_ALU] 
     215                      .dwcfi  save_reg_to_mem, 7, 2
TMS320C2000 Assembler PC v22.6.1 Wed May 21 09:51:55 2025

Copyright (c) 1996-2018 Texas Instruments Incorporated
C:\Users\Daniel\AppData\Local\Temp\{D1E6592F-FABD-49A5-8F9C-6B138556DE7B} PAGE    5

     216                      .dwcfi  cfa_offset, -4
     217                      .dwpsn  file "..\device\driverlib\adc.h",line 402,column 5,is_stmt,isa 0
     218 00000002 FF20          MOV       ACC,#29696            ; [CPU_ALU] |402| 
         00000003 7400 
     219 00000004 AABD          MOVL      *SP++,XAR2            ; [CPU_ALU] 
     220                      .dwcfi  save_reg_to_mem, 9, 4
     221                      .dwcfi  cfa_offset, -6
     222                      .dwpsn  file "../device/driverlib/adc.c",line 78,column 1,is_stmt,isa 0
     223 00000005 59A5          MOVZ      AR1,AR5               ; [CPU_ALU] |78| 
     224 00000006 5AA4          MOVZ      AR2,AR4               ; [CPU_ALU] |78| 
     225                      .dwpsn  file "..\device\driverlib\adc.h",line 402,column 5,is_stmt,isa 0
     226 00000007 0FA6          CMPL      ACC,XAR6              ; [CPU_ALU] |402| 
     227 00000008 6109          B         $C$L3,EQ              ; [CPU_ALU] |402| 
     228                      ; branchcc occurs ; [] |402| 
     229 00000009 FF20          MOV       ACC,#29824            ; [CPU_ALU] |402| 
         0000000a 7480 
     230 0000000b 0FA6          CMPL      ACC,XAR6              ; [CPU_ALU] |402| 
     231 0000000c 6105          B         $C$L3,EQ              ; [CPU_ALU] |402| 
     232                      ; branchcc occurs ; [] |402| 
     233 0000000d FF20          MOV       ACC,#29952            ; [CPU_ALU] |402| 
         0000000e 7500 
     234 0000000f 0FA6          CMPL      ACC,XAR6              ; [CPU_ALU] |402| 
     235 00000010 6003          B         $C$L4,NEQ             ; [CPU_ALU] |402| 
     236                      ; branchcc occurs ; [] |402| 
     237 00000011       $C$L3:    
     238 00000011 9A01          MOVB      AL,#1                 ; [CPU_ALU] |402| 
     239 00000012 6006          B         $C$L5,NEQ             ; [CPU_ALU] |402| 
     240                      ; branchcc occurs ; [] |402| 
     241 00000013       $C$L4:    
     242                      .dwpsn  file "../device/driverlib/adc.c",line 82,column 5,is_stmt,isa 0
     243 00000013 8F00+         MOVL      XAR4,#$C$FSL1         ; [CPU_ARAU] |82| 
         00000014 0000 
     244 00000015 0252          MOVB      ACC,#82               ; [CPU_ALU] |82| 
     245              $C$DW$19        .dwtag  DW_TAG_TI_branch
     246                      .dwattr $C$DW$19, DW_AT_low_pc(0x00)
     247                      .dwattr $C$DW$19, DW_AT_name("___error__")
     248                      .dwattr $C$DW$19, DW_AT_TI_call
     249              
     250 00000016 7640!         LCR       #___error__           ; [CPU_ALU] |82| 
         00000017 0000 
     251                      ; call occurs [#___error__] ; [] |82| 
     252 00000018       $C$L5:    
     253                      .dwpsn  file "../device/driverlib/adc.c",line 84,column 5,is_stmt,isa 0
     254 00000018 7622          EALLOW    ; [CPU_ALU] |84| 
     255 00000019 92A2          MOV       AL,AR2                ; [CPU_ALU] |84| 
     256                      .dwpsn  file "../device/driverlib/adc.c",line 88,column 5,is_stmt,isa 0
     257 0000001a 6006          B         $C$L6,NEQ             ; [CPU_ALU] |88| 
     258                      ; branchcc occurs ; [] |88| 
     259                      .dwpsn  file "../device/driverlib/adc.c",line 90,column 9,is_stmt,isa 0
     260 0000001b 8F05          MOVL      XAR4,#382824          ; [CPU_ARAU] |90| 
         0000001c D768 
     261 0000001d 18C4          AND       *+XAR4[0],#0xfffe     ; [CPU_ALU] |90| 
         0000001e FFFE 
     262 0000001f 6F05          B         $C$L7,UNC             ; [CPU_ALU] 
     263                      ; branch occurs ; [] 
TMS320C2000 Assembler PC v22.6.1 Wed May 21 09:51:55 2025

Copyright (c) 1996-2018 Texas Instruments Incorporated
C:\Users\Daniel\AppData\Local\Temp\{D1E6592F-FABD-49A5-8F9C-6B138556DE7B} PAGE    6

     264 00000020       $C$L6:    
     265                      .dwpsn  file "../device/driverlib/adc.c",line 97,column 9,is_stmt,isa 0
     266 00000020 8F05          MOVL      XAR4,#382824          ; [CPU_ARAU] |97| 
         00000021 D768 
     267 00000022 1AC4          OR        *+XAR4[0],#0x0001     ; [CPU_ALU] |97| 
         00000023 0001 
     268 00000024       $C$L7:    
     269 00000024 92A1          MOV       AL,AR1                ; [CPU_ALU] 
     270                      .dwpsn  file "../device/driverlib/adc.c",line 104,column 5,is_stmt,isa 0
     271 00000025 6004          B         $C$L8,NEQ             ; [CPU_ALU] |104| 
     272                      ; branchcc occurs ; [] |104| 
     273                      .dwpsn  file "../device/driverlib/adc.c",line 106,column 9,is_stmt,isa 0
     274 00000026 18C4          AND       *+XAR4[0],#0xfeff     ; [CPU_ALU] |106| 
         00000027 FEFF 
     275 00000028 6F03          B         $C$L9,UNC             ; [CPU_ALU] 
     276                      ; branch occurs ; [] 
     277 00000029       $C$L8:    
     278                      .dwpsn  file "../device/driverlib/adc.c",line 111,column 9,is_stmt,isa 0
     279 00000029 1AC4          OR        *+XAR4[0],#0x0100     ; [CPU_ALU] |111| 
         0000002a 0100 
     280 0000002b       $C$L9:    
     281                      .dwpsn  file "../device/driverlib/adc.c",line 115,column 5,is_stmt,isa 0
     282 0000002b 761A          EDIS      ; [CPU_ALU] |115| 
     283 0000002c 92A2          MOV       AL,AR2                ; [CPU_ALU] |115| 
     284                      .dwpsn  file "../device/driverlib/adc.c",line 120,column 5,is_stmt,isa 0
     285 0000002d 93A1          MOV       AH,AR1                ; [CPU_ALU] |120| 
     286              $C$DW$20        .dwtag  DW_TAG_TI_branch
     287                      .dwattr $C$DW$20, DW_AT_low_pc(0x00)
     288                      .dwattr $C$DW$20, DW_AT_name("_ADC_setOffsetTrimAll")
     289                      .dwattr $C$DW$20, DW_AT_TI_call
     290              
     291 0000002e 7640+         LCR       #_ADC_setOffsetTrimAll ; [CPU_ALU] |120| 
         0000002f 0000 
     292                      ; call occurs [#_ADC_setOffsetTrimAll] ; [] |120| 
     293 00000030 86BE          MOVL      XAR2,*--SP            ; [CPU_ALU] 
     294                      .dwcfi  cfa_offset, -4
     295                      .dwcfi  restore_reg, 9
     296 00000031 8BBE          MOVL      XAR1,*--SP            ; [CPU_ALU] 
     297                      .dwcfi  cfa_offset, -2
     298                      .dwcfi  restore_reg, 7
     299              $C$DW$21        .dwtag  DW_TAG_TI_branch
     300                      .dwattr $C$DW$21, DW_AT_low_pc(0x00)
     301                      .dwattr $C$DW$21, DW_AT_TI_return
     302              
     303 00000032 0006          LRETR     ; [CPU_ALU] 
     304                      ; return occurs ; [] 
     305                      .dwattr $C$DW$12, DW_AT_TI_end_file("../device/driverlib/adc.c")
     306                      .dwattr $C$DW$12, DW_AT_TI_end_line(0x79)
     307                      .dwattr $C$DW$12, DW_AT_TI_end_column(0x01)
     308                      .dwendentry
     309                      .dwendtag $C$DW$12
     310              
     311 00000000               .sect   ".text:_ADC_setPPBTripLimits"
     312                      .clink
     313                      .global _ADC_setPPBTripLimits
TMS320C2000 Assembler PC v22.6.1 Wed May 21 09:51:55 2025

Copyright (c) 1996-2018 Texas Instruments Incorporated
C:\Users\Daniel\AppData\Local\Temp\{D1E6592F-FABD-49A5-8F9C-6B138556DE7B} PAGE    7

     314              
     315              $C$DW$22        .dwtag  DW_TAG_subprogram
     316                      .dwattr $C$DW$22, DW_AT_name("ADC_setPPBTripLimits")
     317                      .dwattr $C$DW$22, DW_AT_low_pc(_ADC_setPPBTripLimits)
     318                      .dwattr $C$DW$22, DW_AT_high_pc(0x00)
     319                      .dwattr $C$DW$22, DW_AT_TI_symbol_name("_ADC_setPPBTripLimits")
     320                      .dwattr $C$DW$22, DW_AT_external
     321                      .dwattr $C$DW$22, DW_AT_TI_begin_file("../device/driverlib/adc.c")
     322                      .dwattr $C$DW$22, DW_AT_TI_begin_line(0x140)
     323                      .dwattr $C$DW$22, DW_AT_TI_begin_column(0x01)
     324                      .dwattr $C$DW$22, DW_AT_TI_max_frame_size(-10)
     325                      .dwpsn  file "../device/driverlib/adc.c",line 322,column 1,is_stmt,address _ADC_setPPBTripLimits,isa 
     326              
     327                      .dwfde $C$DW$CIE, _ADC_setPPBTripLimits
     328              $C$DW$23        .dwtag  DW_TAG_formal_parameter
     329                      .dwattr $C$DW$23, DW_AT_name("base")
     330                      .dwattr $C$DW$23, DW_AT_TI_symbol_name("_base")
     331                      .dwattr $C$DW$23, DW_AT_type(*$C$DW$T$34)
     332                      .dwattr $C$DW$23, DW_AT_location[DW_OP_reg0]
     333              
     334              $C$DW$24        .dwtag  DW_TAG_formal_parameter
     335                      .dwattr $C$DW$24, DW_AT_name("ppbNumber")
     336                      .dwattr $C$DW$24, DW_AT_TI_symbol_name("_ppbNumber")
     337                      .dwattr $C$DW$24, DW_AT_type(*$C$DW$T$28)
     338                      .dwattr $C$DW$24, DW_AT_location[DW_OP_reg12]
     339              
     340              $C$DW$25        .dwtag  DW_TAG_formal_parameter
     341                      .dwattr $C$DW$25, DW_AT_name("tripHiLimit")
     342                      .dwattr $C$DW$25, DW_AT_TI_symbol_name("_tripHiLimit")
     343                      .dwattr $C$DW$25, DW_AT_type(*$C$DW$T$42)
     344                      .dwattr $C$DW$25, DW_AT_location[DW_OP_breg20 -12]
     345              
     346              $C$DW$26        .dwtag  DW_TAG_formal_parameter
     347                      .dwattr $C$DW$26, DW_AT_name("tripLoLimit")
     348                      .dwattr $C$DW$26, DW_AT_TI_symbol_name("_tripLoLimit")
     349                      .dwattr $C$DW$26, DW_AT_type(*$C$DW$T$42)
     350                      .dwattr $C$DW$26, DW_AT_location[DW_OP_breg20 -14]
     351              
     352              
     353              ;***************************************************************
     354              ;* FNAME: _ADC_setPPBTripLimits         FR SIZE:   8           *
     355              ;*                                                             *
     356              ;* FUNCTION ENVIRONMENT                                        *
     357              ;*                                                             *
     358              ;* FUNCTION PROPERTIES                                         *
     359              ;*                            0 Parameter,  1 Auto,  6 SOE     *
     360              ;***************************************************************
     361              
     362              _ADC_setPPBTripLimits:
     363              ;* AR1   assigned to $O$C2
     364              ;* AR6   assigned to $O$C3
     365              ;* AR4   assigned to $O$C4
     366              ;* AR1   assigned to _base
     367              $C$DW$27        .dwtag  DW_TAG_variable
     368                      .dwattr $C$DW$27, DW_AT_name("base")
TMS320C2000 Assembler PC v22.6.1 Wed May 21 09:51:55 2025

Copyright (c) 1996-2018 Texas Instruments Incorporated
C:\Users\Daniel\AppData\Local\Temp\{D1E6592F-FABD-49A5-8F9C-6B138556DE7B} PAGE    8

     369                      .dwattr $C$DW$27, DW_AT_TI_symbol_name("_base")
     370                      .dwattr $C$DW$27, DW_AT_type(*$C$DW$T$63)
     371                      .dwattr $C$DW$27, DW_AT_location[DW_OP_reg6]
     372              
     373              $C$DW$28        .dwtag  DW_TAG_variable
     374                      .dwattr $C$DW$28, DW_AT_name("ppbNumber")
     375                      .dwattr $C$DW$28, DW_AT_TI_symbol_name("_ppbNumber")
     376                      .dwattr $C$DW$28, DW_AT_type(*$C$DW$T$29)
     377                      .dwattr $C$DW$28, DW_AT_location[DW_OP_breg20 -1]
     378              
     379              ;* AR2   assigned to _tripHiLimit
     380              $C$DW$29        .dwtag  DW_TAG_variable
     381                      .dwattr $C$DW$29, DW_AT_name("tripHiLimit")
     382                      .dwattr $C$DW$29, DW_AT_TI_symbol_name("_tripHiLimit")
     383                      .dwattr $C$DW$29, DW_AT_type(*$C$DW$T$57)
     384                      .dwattr $C$DW$29, DW_AT_location[DW_OP_reg8]
     385              
     386              ;* AR3   assigned to _tripLoLimit
     387              $C$DW$30        .dwtag  DW_TAG_variable
     388                      .dwattr $C$DW$30, DW_AT_name("tripLoLimit")
     389                      .dwattr $C$DW$30, DW_AT_TI_symbol_name("_tripLoLimit")
     390                      .dwattr $C$DW$30, DW_AT_type(*$C$DW$T$57)
     391                      .dwattr $C$DW$30, DW_AT_location[DW_OP_reg10]
     392              
     393                      .dwcfi  cfa_offset, -2
     394                      .dwcfi  save_reg_to_mem, 26, 0
     395 00000000 B2BD          MOVL      *SP++,XAR1            ; [CPU_ALU] 
     396                      .dwcfi  save_reg_to_mem, 7, 2
     397                      .dwcfi  cfa_offset, -4
     398 00000001 AABD          MOVL      *SP++,XAR2            ; [CPU_ALU] 
     399                      .dwcfi  save_reg_to_mem, 9, 4
     400                      .dwcfi  cfa_offset, -6
     401 00000002 A2BD          MOVL      *SP++,XAR3            ; [CPU_ALU] 
     402                      .dwcfi  save_reg_to_mem, 11, 6
     403                      .dwcfi  cfa_offset, -8
     404 00000003 FE02          ADDB      SP,#2                 ; [CPU_ARAU] 
     405                      .dwcfi  cfa_offset, -10
     406 00000004 8BA9          MOVL      XAR1,ACC              ; [CPU_ALU] |322| 
     407                      .dwpsn  file "..\device\driverlib\adc.h",line 402,column 5,is_stmt,isa 0
     408 00000005 FF20          MOV       ACC,#29696            ; [CPU_ALU] |402| 
         00000006 7400 
     409                      .dwpsn  file "../device/driverlib/adc.c",line 322,column 1,is_stmt,isa 0
     410 00000007 7C41          MOV       *-SP[1],AR4           ; [CPU_ALU] |322| 
     411 00000008 824E          MOVL      XAR3,*-SP[14]         ; [CPU_ALU] |322| 
     412 00000009 864C          MOVL      XAR2,*-SP[12]         ; [CPU_ALU] |322| 
     413                      .dwpsn  file "..\device\driverlib\adc.h",line 402,column 5,is_stmt,isa 0
     414 0000000a 0FA1          CMPL      ACC,XAR1              ; [CPU_ALU] |402| 
     415 0000000b 6109          B         $C$L10,EQ             ; [CPU_ALU] |402| 
     416                      ; branchcc occurs ; [] |402| 
     417 0000000c FF20          MOV       ACC,#29824            ; [CPU_ALU] |402| 
         0000000d 7480 
     418 0000000e 0FA1          CMPL      ACC,XAR1              ; [CPU_ALU] |402| 
     419 0000000f 6105          B         $C$L10,EQ             ; [CPU_ALU] |402| 
     420                      ; branchcc occurs ; [] |402| 
     421 00000010 FF20          MOV       ACC,#29952            ; [CPU_ALU] |402| 
TMS320C2000 Assembler PC v22.6.1 Wed May 21 09:51:55 2025

Copyright (c) 1996-2018 Texas Instruments Incorporated
C:\Users\Daniel\AppData\Local\Temp\{D1E6592F-FABD-49A5-8F9C-6B138556DE7B} PAGE    9

         00000011 7500 
     422 00000012 0FA1          CMPL      ACC,XAR1              ; [CPU_ALU] |402| 
     423 00000013 6003          B         $C$L11,NEQ            ; [CPU_ALU] |402| 
     424                      ; branchcc occurs ; [] |402| 
     425 00000014       $C$L10:    
     426 00000014 9A01          MOVB      AL,#1                 ; [CPU_ALU] |402| 
     427 00000015 6007          B         $C$L12,NEQ            ; [CPU_ALU] |402| 
     428                      ; branchcc occurs ; [] |402| 
     429 00000016       $C$L11:    
     430                      .dwpsn  file "../device/driverlib/adc.c",line 329,column 5,is_stmt,isa 0
     431 00000016 FF20          MOV       ACC,#329              ; [CPU_ALU] |329| 
         00000017 0149 
     432 00000018 8F00+         MOVL      XAR4,#$C$FSL1         ; [CPU_ARAU] |329| 
         00000019 0000 
     433              $C$DW$31        .dwtag  DW_TAG_TI_branch
     434                      .dwattr $C$DW$31, DW_AT_low_pc(0x00)
     435                      .dwattr $C$DW$31, DW_AT_name("___error__")
     436                      .dwattr $C$DW$31, DW_AT_TI_call
     437              
     438 0000001a 7640!         LCR       #___error__           ; [CPU_ALU] |329| 
         0000001b 0000 
     439                      ; call occurs [#___error__] ; [] |329| 
     440 0000001c       $C$L12:    
     441                      .dwpsn  file "../device/driverlib/adc.c",line 330,column 5,is_stmt,isa 0
     442 0000001c 8F01          MOVL      XAR4,#65536           ; [CPU_ARAU] |330| 
         0000001d 0000 
     443 0000001e A8A9          MOVL      ACC,XAR4              ; [CPU_ALU] |330| 
     444 0000001f 0FA2          CMPL      ACC,XAR2              ; [CPU_ALU] |330| 
     445 00000020 6506          B         $C$L13,LEQ            ; [CPU_ALU] |330| 
     446                      ; branchcc occurs ; [] |330| 
     447 00000021 3B01          SETC      SXM                   ; [CPU_ALU] 
     448 00000022 FF2F          MOV       ACC,#-2 << 15         ; [CPU_ALU] |330| 
         00000023 FFFE 
     449 00000024 0FA2          CMPL      ACC,XAR2              ; [CPU_ALU] |330| 
     450 00000025 6507          B         $C$L14,LEQ            ; [CPU_ALU] |330| 
     451                      ; branchcc occurs ; [] |330| 
     452 00000026       $C$L13:    
     453 00000026 FF20          MOV       ACC,#330              ; [CPU_ALU] |330| 
         00000027 014A 
     454 00000028 8F00+         MOVL      XAR4,#$C$FSL1         ; [CPU_ARAU] |330| 
         00000029 0000 
     455              $C$DW$32        .dwtag  DW_TAG_TI_branch
     456                      .dwattr $C$DW$32, DW_AT_low_pc(0x00)
     457                      .dwattr $C$DW$32, DW_AT_name("___error__")
     458                      .dwattr $C$DW$32, DW_AT_TI_call
     459              
     460 0000002a 7640!         LCR       #___error__           ; [CPU_ALU] |330| 
         0000002b 0000 
     461                      ; call occurs [#___error__] ; [] |330| 
     462 0000002c       $C$L14:    
     463                      .dwpsn  file "../device/driverlib/adc.c",line 331,column 5,is_stmt,isa 0
     464 0000002c 8F01          MOVL      XAR4,#65536           ; [CPU_ARAU] |331| 
         0000002d 0000 
     465 0000002e A8A9          MOVL      ACC,XAR4              ; [CPU_ALU] |331| 
     466 0000002f 0FA3          CMPL      ACC,XAR3              ; [CPU_ALU] |331| 
TMS320C2000 Assembler PC v22.6.1 Wed May 21 09:51:55 2025

Copyright (c) 1996-2018 Texas Instruments Incorporated
C:\Users\Daniel\AppData\Local\Temp\{D1E6592F-FABD-49A5-8F9C-6B138556DE7B} PAGE   10

     467 00000030 6506          B         $C$L15,LEQ            ; [CPU_ALU] |331| 
     468                      ; branchcc occurs ; [] |331| 
     469 00000031 3B01          SETC      SXM                   ; [CPU_ALU] 
     470 00000032 FF2F          MOV       ACC,#-2 << 15         ; [CPU_ALU] |331| 
         00000033 FFFE 
     471 00000034 0FA3          CMPL      ACC,XAR3              ; [CPU_ALU] |331| 
     472 00000035 6507          B         $C$L16,LEQ            ; [CPU_ALU] |331| 
     473                      ; branchcc occurs ; [] |331| 
     474 00000036       $C$L15:    
     475 00000036 FF20          MOV       ACC,#331              ; [CPU_ALU] |331| 
         00000037 014B 
     476 00000038 8F00+         MOVL      XAR4,#$C$FSL1         ; [CPU_ARAU] |331| 
         00000039 0000 
     477              $C$DW$33        .dwtag  DW_TAG_TI_branch
     478                      .dwattr $C$DW$33, DW_AT_low_pc(0x00)
     479                      .dwattr $C$DW$33, DW_AT_name("___error__")
     480                      .dwattr $C$DW$33, DW_AT_TI_call
     481              
     482 0000003a 7640!         LCR       #___error__           ; [CPU_ALU] |331| 
         0000003b 0000 
     483                      ; call occurs [#___error__] ; [] |331| 
     484 0000003c       $C$L16:    
     485                      .dwpsn  file "../device/driverlib/adc.c",line 341,column 5,is_stmt,isa 0
     486 0000003c 7622          EALLOW    ; [CPU_ALU] |341| 
     487 0000003d 9241          MOV       AL,*-SP[1]            ; [CPU_ALU] |341| 
     488 0000003e 2901          CLRC      SXM                   ; [CPU_ALU] 
     489                      .dwpsn  file "../device/driverlib/adc.c",line 346,column 5,is_stmt,isa 0
     490 0000003f 5603          MOV       ACC,AL << 3           ; [CPU_ALU] |346| 
         00000040 03A9 
     491 00000041 1EA6          MOVL      XAR6,ACC              ; [CPU_ALU] |346| 
     492 00000042 B2A9          MOVL      ACC,XAR1              ; [CPU_ALU] |346| 
     493 00000043 07A6          ADDL      ACC,XAR6              ; [CPU_ALU] |346| 
     494 00000044 0944          ADDB      ACC,#68               ; [CPU_ALU] |346| 
     495 00000045 8AA9          MOVL      XAR4,ACC              ; [CPU_ALU] |346| 
     496 00000046 AAA9          MOVL      ACC,XAR2              ; [CPU_ALU] |346| 
     497 00000047 A3C4          MOVL      P,*+XAR4[0]           ; [CPU_ALU] |346| 
     498 00000048 9101          ANDB      AH,#1                 ; [CPU_ALU] |346| 
     499 00000049 18AB          AND       PL,#0                 ; [CPU_ALU] |346| 
         0000004a 0000 
     500 0000004b 18AA          AND       PH,#65534             ; [CPU_ALU] |346| 
         0000004c FFFE 
     501 0000004d CAAB          OR        AL,PL                 ; [CPU_ALU] |346| 
     502 0000004e CBAA          OR        AH,PH                 ; [CPU_ALU] |346| 
     503 0000004f 1EC4          MOVL      *+XAR4[0],ACC         ; [CPU_ALU] |346| 
     504                      .dwpsn  file "../device/driverlib/adc.c",line 353,column 5,is_stmt,isa 0
     505 00000050 B2A9          MOVL      ACC,XAR1              ; [CPU_ALU] |353| 
     506 00000051 07A6          ADDL      ACC,XAR6              ; [CPU_ALU] |353| 
     507 00000052 0946          ADDB      ACC,#70               ; [CPU_ALU] |353| 
     508 00000053 8BA9          MOVL      XAR1,ACC              ; [CPU_ALU] |353| 
     509 00000054 A2A9          MOVL      ACC,XAR3              ; [CPU_ALU] |353| 
     510 00000055 9101          ANDB      AH,#1                 ; [CPU_ALU] |353| 
     511 00000056 A3C1          MOVL      P,*+XAR1[0]           ; [CPU_FPU] |353| 
     512 00000057 18AB          AND       PL,#0                 ; [CPU_ALU] |353| 
         00000058 0000 
     513 00000059 18AA          AND       PH,#65534             ; [CPU_ALU] |353| 
TMS320C2000 Assembler PC v22.6.1 Wed May 21 09:51:55 2025

Copyright (c) 1996-2018 Texas Instruments Incorporated
C:\Users\Daniel\AppData\Local\Temp\{D1E6592F-FABD-49A5-8F9C-6B138556DE7B} PAGE   11

         0000005a FFFE 
     514 0000005b CAAB          OR        AL,PL                 ; [CPU_ALU] |353| 
     515 0000005c CBAA          OR        AH,PH                 ; [CPU_ALU] |353| 
     516 0000005d 1EC1          MOVL      *+XAR1[0],ACC         ; [CPU_ALU] |353| 
     517                      .dwpsn  file "../device/driverlib/adc.c",line 357,column 5,is_stmt,isa 0
     518 0000005e 761A          EDIS      ; [CPU_ALU] |357| 
     519 0000005f FE82          SUBB      SP,#2                 ; [CPU_ARAU] 
     520                      .dwcfi  cfa_offset, -8
     521 00000060 82BE          MOVL      XAR3,*--SP            ; [CPU_ALU] 
     522                      .dwcfi  cfa_offset, -6
     523                      .dwcfi  restore_reg, 11
     524 00000061 86BE          MOVL      XAR2,*--SP            ; [CPU_ALU] 
     525                      .dwcfi  cfa_offset, -4
     526                      .dwcfi  restore_reg, 9
     527 00000062 8BBE          MOVL      XAR1,*--SP            ; [CPU_ALU] 
     528                      .dwcfi  cfa_offset, -2
     529                      .dwcfi  restore_reg, 7
     530              $C$DW$34        .dwtag  DW_TAG_TI_branch
     531                      .dwattr $C$DW$34, DW_AT_low_pc(0x00)
     532                      .dwattr $C$DW$34, DW_AT_TI_return
     533              
     534 00000063 0006          LRETR     ; [CPU_ALU] 
     535                      ; return occurs ; [] 
     536                      .dwattr $C$DW$22, DW_AT_TI_end_file("../device/driverlib/adc.c")
     537                      .dwattr $C$DW$22, DW_AT_TI_end_line(0x166)
     538                      .dwattr $C$DW$22, DW_AT_TI_end_column(0x01)
     539                      .dwendentry
     540                      .dwendtag $C$DW$22
     541              
     542 00000000               .sect   ".text:_ADC_setOffsetTrim"
     543                      .clink
     544                      .global _ADC_setOffsetTrim
     545              
     546              $C$DW$35        .dwtag  DW_TAG_subprogram
     547                      .dwattr $C$DW$35, DW_AT_name("ADC_setOffsetTrim")
     548                      .dwattr $C$DW$35, DW_AT_low_pc(_ADC_setOffsetTrim)
     549                      .dwattr $C$DW$35, DW_AT_high_pc(0x00)
     550                      .dwattr $C$DW$35, DW_AT_TI_symbol_name("_ADC_setOffsetTrim")
     551                      .dwattr $C$DW$35, DW_AT_external
     552                      .dwattr $C$DW$35, DW_AT_TI_begin_file("../device/driverlib/adc.c")
     553                      .dwattr $C$DW$35, DW_AT_TI_begin_line(0xb5)
     554                      .dwattr $C$DW$35, DW_AT_TI_begin_column(0x01)
     555                      .dwattr $C$DW$35, DW_AT_TI_max_frame_size(-4)
     556                      .dwpsn  file "../device/driverlib/adc.c",line 182,column 1,is_stmt,address _ADC_setOffsetTrim,isa 0
     557              
     558                      .dwfde $C$DW$CIE, _ADC_setOffsetTrim
     559              $C$DW$36        .dwtag  DW_TAG_formal_parameter
     560                      .dwattr $C$DW$36, DW_AT_name("base")
     561                      .dwattr $C$DW$36, DW_AT_TI_symbol_name("_base")
     562                      .dwattr $C$DW$36, DW_AT_type(*$C$DW$T$34)
     563                      .dwattr $C$DW$36, DW_AT_location[DW_OP_reg0]
     564              
     565              
     566              ;***************************************************************
     567              ;* FNAME: _ADC_setOffsetTrim            FR SIZE:   2           *
TMS320C2000 Assembler PC v22.6.1 Wed May 21 09:51:55 2025

Copyright (c) 1996-2018 Texas Instruments Incorporated
C:\Users\Daniel\AppData\Local\Temp\{D1E6592F-FABD-49A5-8F9C-6B138556DE7B} PAGE   12

     568              ;*                                                             *
     569              ;* FUNCTION ENVIRONMENT                                        *
     570              ;*                                                             *
     571              ;* FUNCTION PROPERTIES                                         *
     572              ;*                            0 Parameter,  0 Auto,  2 SOE     *
     573              ;***************************************************************
     574              
     575              _ADC_setOffsetTrim:
     576              ;* AR1   assigned to _base
     577              $C$DW$37        .dwtag  DW_TAG_variable
     578                      .dwattr $C$DW$37, DW_AT_name("base")
     579                      .dwattr $C$DW$37, DW_AT_TI_symbol_name("_base")
     580                      .dwattr $C$DW$37, DW_AT_type(*$C$DW$T$63)
     581                      .dwattr $C$DW$37, DW_AT_location[DW_OP_reg6]
     582              
     583              ;* AR7   assigned to _moduleShiftVal
     584              $C$DW$38        .dwtag  DW_TAG_variable
     585                      .dwattr $C$DW$38, DW_AT_name("moduleShiftVal")
     586                      .dwattr $C$DW$38, DW_AT_TI_symbol_name("_moduleShiftVal")
     587                      .dwattr $C$DW$38, DW_AT_type(*$C$DW$T$34)
     588                      .dwattr $C$DW$38, DW_AT_location[DW_OP_reg18]
     589              
     590              ;* T     assigned to _offsetShiftVal
     591              $C$DW$39        .dwtag  DW_TAG_variable
     592                      .dwattr $C$DW$39, DW_AT_name("offsetShiftVal")
     593                      .dwattr $C$DW$39, DW_AT_TI_symbol_name("_offsetShiftVal")
     594                      .dwattr $C$DW$39, DW_AT_type(*$C$DW$T$54)
     595                      .dwattr $C$DW$39, DW_AT_location[DW_OP_reg22]
     596              
     597                      .dwcfi  cfa_offset, -2
     598                      .dwcfi  save_reg_to_mem, 26, 0
     599 00000000 B2BD          MOVL      *SP++,XAR1            ; [CPU_ALU] 
     600                      .dwcfi  save_reg_to_mem, 7, 2
     601                      .dwcfi  cfa_offset, -4
     602 00000001 8BA9          MOVL      XAR1,ACC              ; [CPU_ALU] |182| 
     603                      .dwpsn  file "..\device\driverlib\adc.h",line 402,column 5,is_stmt,isa 0
     604 00000002 FF20          MOV       ACC,#29696            ; [CPU_ALU] |402| 
         00000003 7400 
     605 00000004 0FA1          CMPL      ACC,XAR1              ; [CPU_ALU] |402| 
     606 00000005 6109          B         $C$L17,EQ             ; [CPU_ALU] |402| 
     607                      ; branchcc occurs ; [] |402| 
     608 00000006 FF20          MOV       ACC,#29824            ; [CPU_ALU] |402| 
         00000007 7480 
     609 00000008 0FA1          CMPL      ACC,XAR1              ; [CPU_ALU] |402| 
     610 00000009 6105          B         $C$L17,EQ             ; [CPU_ALU] |402| 
     611                      ; branchcc occurs ; [] |402| 
     612 0000000a FF20          MOV       ACC,#29952            ; [CPU_ALU] |402| 
         0000000b 7500 
     613 0000000c 0FA1          CMPL      ACC,XAR1              ; [CPU_ALU] |402| 
     614 0000000d 6003          B         $C$L18,NEQ            ; [CPU_ALU] |402| 
     615                      ; branchcc occurs ; [] |402| 
     616 0000000e       $C$L17:    
     617 0000000e 9A01          MOVB      AL,#1                 ; [CPU_ALU] |402| 
     618 0000000f 6006          B         $C$L19,NEQ            ; [CPU_ALU] |402| 
     619                      ; branchcc occurs ; [] |402| 
TMS320C2000 Assembler PC v22.6.1 Wed May 21 09:51:55 2025

Copyright (c) 1996-2018 Texas Instruments Incorporated
C:\Users\Daniel\AppData\Local\Temp\{D1E6592F-FABD-49A5-8F9C-6B138556DE7B} PAGE   13

     620 00000010       $C$L18:    
     621                      .dwpsn  file "../device/driverlib/adc.c",line 193,column 5,is_stmt,isa 0
     622 00000010 8F00+         MOVL      XAR4,#$C$FSL1         ; [CPU_ARAU] |193| 
         00000011 0000 
     623 00000012 02C1          MOVB      ACC,#193              ; [CPU_ALU] |193| 
     624              $C$DW$40        .dwtag  DW_TAG_TI_branch
     625                      .dwattr $C$DW$40, DW_AT_low_pc(0x00)
     626                      .dwattr $C$DW$40, DW_AT_name("___error__")
     627                      .dwattr $C$DW$40, DW_AT_TI_call
     628              
     629 00000013 7640!         LCR       #___error__           ; [CPU_ALU] |193| 
         00000014 0000 
     630                      ; call occurs [#___error__] ; [] |193| 
     631 00000015       $C$L19:    
     632                      .dwpsn  file "../device/driverlib/adc.c",line 199,column 5,is_stmt,isa 0
     633 00000015 FF20          MOV       ACC,#29824            ; [CPU_ALU] |199| 
         00000016 7480 
     634 00000017 0FA1          CMPL      ACC,XAR1              ; [CPU_ALU] |199| 
     635 00000018 6109          B         $C$L21,EQ             ; [CPU_ALU] |199| 
     636                      ; branchcc occurs ; [] |199| 
     637 00000019 FF20          MOV       ACC,#29952            ; [CPU_ALU] |199| 
         0000001a 7500 
     638 0000001b 0FA1          CMPL      ACC,XAR1              ; [CPU_ALU] |199| 
     639 0000001c 6103          B         $C$L20,EQ             ; [CPU_ALU] |199| 
     640                      ; branchcc occurs ; [] |199| 
     641                      .dwpsn  file "../device/driverlib/adc.c",line 202,column 13,is_stmt,isa 0
     642 0000001d 0200          MOVB      ACC,#0                ; [CPU_ALU] |202| 
     643                      .dwpsn  file "../device/driverlib/adc.c",line 203,column 13,is_stmt,isa 0
     644 0000001e 6F04          B         $C$L22,UNC            ; [CPU_ALU] |203| 
     645                      ; branch occurs ; [] |203| 
     646 0000001f       $C$L20:    
     647                      .dwpsn  file "../device/driverlib/adc.c",line 208,column 13,is_stmt,isa 0
     648 0000001f 0202          MOVB      ACC,#2                ; [CPU_ALU] |208| 
     649                      .dwpsn  file "../device/driverlib/adc.c",line 209,column 13,is_stmt,isa 0
     650 00000020 6F02          B         $C$L22,UNC            ; [CPU_ALU] |209| 
     651                      ; branch occurs ; [] |209| 
     652 00000021       $C$L21:    
     653                      .dwpsn  file "../device/driverlib/adc.c",line 205,column 13,is_stmt,isa 0
     654 00000021 0201          MOVB      ACC,#1                ; [CPU_ALU] |205| 
     655 00000022       $C$L22:    
     656 00000022 1EA7          MOVL      XAR7,ACC              ; [CPU_ALU] |205| 
     657                      .dwpsn  file "../device/driverlib/adc.c",line 241,column 9,is_stmt,isa 0
     658 00000023 9B01          MOVB      AH,#1                 ; [CPU_ALU] |241| 
     659 00000024 92A7          MOV       AL,AR7                ; [CPU_ALU] 
     660                      .dwpsn  file "../device/driverlib/adc.c",line 222,column 5,is_stmt,isa 0
     661 00000025 8F05          MOVL      XAR4,#382824          ; [CPU_ARAU] |222| 
         00000026 D768 
     662                      .dwpsn  file "../device/driverlib/adc.c",line 241,column 9,is_stmt,isa 0
     663 00000027 88A9          MOVZ      AR6,AL                ; [CPU_ALU] |241| 
     664 00000028 2DA9          MOV       T,AL                  ; [CPU_ALU] |241| 
     665 00000029 9A01          MOVB      AL,#1                 ; [CPU_ALU] |241| 
     666 0000002a FF67          LSL       AH,T                  ; [CPU_ALU] |241| 
     667 0000002b DE08          ADDB      XAR6,#8               ; [CPU_ALU] |241| 
     668 0000002c 2DA6          MOV       T,AR6                 ; [CPU_ALU] |241| 
     669 0000002d FF66          LSL       AL,T                  ; [CPU_ALU] |241| 
TMS320C2000 Assembler PC v22.6.1 Wed May 21 09:51:55 2025

Copyright (c) 1996-2018 Texas Instruments Incorporated
C:\Users\Daniel\AppData\Local\Temp\{D1E6592F-FABD-49A5-8F9C-6B138556DE7B} PAGE   14

     670 0000002e CAA8          OR        AL,AH                 ; [CPU_ALU] |241| 
     671 0000002f CEC4          AND       AL,*+XAR4[0]          ; [CPU_ALU] |241| 
     672 00000030 6103          B         $C$L23,EQ             ; [CPU_ALU] |241| 
     673                      ; branchcc occurs ; [] |241| 
     674 00000031 2BAC          MOV       T,#0                  ; [CPU_ALU] |241| 
     675 00000032 6F03          B         $C$L24,UNC            ; [CPU_ALU] |241| 
     676                      ; branch occurs ; [] |241| 
     677 00000033       $C$L23:    
     678 00000033 28AC          MOV       T,#8                  ; [CPU_ALU] |241| 
         00000034 0008 
     679 00000035       $C$L24:    
     680                      .dwpsn  file "../device/driverlib/adc.c",line 252,column 5,is_stmt,isa 0
     681 00000035 7622          EALLOW    ; [CPU_ALU] |252| 
     682                      .dwpsn  file "../device/driverlib/adc.c",line 253,column 5,is_stmt,isa 0
     683 00000036 8F07          MOVL      XAR4,#459116          ; [CPU_ARAU] |253| 
         00000037 016C 
     684 00000038 06A7          MOVL      ACC,XAR7              ; [CPU_ALU] |253| 
     685 00000039 5601          ADDL      XAR4,ACC              ; [CPU_ALU] |253| 
         0000003a 00A4 
     686 0000003b D03B          MOVB      XAR0,#59              ; [CPU_ALU] |253| 
     687 0000003c 92C4          MOV       AL,*+XAR4[0]          ; [CPU_ALU] |253| 
     688 0000003d FF62          LSR       AL,T                  ; [CPU_ALU] |253| 
     689 0000003e 90FF          ANDB      AL,#0xff              ; [CPU_ALU] |253| 
     690 0000003f 9691          MOV       *+XAR1[AR0],AL        ; [CPU_ALU] |253| 
     691                      .dwpsn  file "../device/driverlib/adc.c",line 254,column 5,is_stmt,isa 0
     692 00000040 761A          EDIS      ; [CPU_ALU] |254| 
     693 00000041 8BBE          MOVL      XAR1,*--SP            ; [CPU_ALU] 
     694                      .dwcfi  cfa_offset, -2
     695                      .dwcfi  restore_reg, 7
     696              $C$DW$41        .dwtag  DW_TAG_TI_branch
     697                      .dwattr $C$DW$41, DW_AT_low_pc(0x00)
     698                      .dwattr $C$DW$41, DW_AT_TI_return
     699              
     700 00000042 0006          LRETR     ; [CPU_ALU] 
     701                      ; return occurs ; [] 
     702                      .dwattr $C$DW$35, DW_AT_TI_end_file("../device/driverlib/adc.c")
     703                      .dwattr $C$DW$35, DW_AT_TI_end_line(0xff)
     704                      .dwattr $C$DW$35, DW_AT_TI_end_column(0x01)
     705                      .dwendentry
     706                      .dwendtag $C$DW$35
     707              
     708 00000000               .sect   ".text:_ADC_setINLTrim"
     709                      .clink
     710                      .global _ADC_setINLTrim
     711              
     712              $C$DW$42        .dwtag  DW_TAG_subprogram
     713                      .dwattr $C$DW$42, DW_AT_name("ADC_setINLTrim")
     714                      .dwattr $C$DW$42, DW_AT_low_pc(_ADC_setINLTrim)
     715                      .dwattr $C$DW$42, DW_AT_high_pc(0x00)
     716                      .dwattr $C$DW$42, DW_AT_TI_symbol_name("_ADC_setINLTrim")
     717                      .dwattr $C$DW$42, DW_AT_external
     718                      .dwattr $C$DW$42, DW_AT_TI_begin_file("../device/driverlib/adc.c")
     719                      .dwattr $C$DW$42, DW_AT_TI_begin_line(0x81)
     720                      .dwattr $C$DW$42, DW_AT_TI_begin_column(0x01)
     721                      .dwattr $C$DW$42, DW_AT_TI_max_frame_size(-4)
TMS320C2000 Assembler PC v22.6.1 Wed May 21 09:51:55 2025

Copyright (c) 1996-2018 Texas Instruments Incorporated
C:\Users\Daniel\AppData\Local\Temp\{D1E6592F-FABD-49A5-8F9C-6B138556DE7B} PAGE   15

     722                      .dwpsn  file "../device/driverlib/adc.c",line 130,column 1,is_stmt,address _ADC_setINLTrim,isa 0
     723              
     724                      .dwfde $C$DW$CIE, _ADC_setINLTrim
     725              $C$DW$43        .dwtag  DW_TAG_formal_parameter
     726                      .dwattr $C$DW$43, DW_AT_name("base")
     727                      .dwattr $C$DW$43, DW_AT_TI_symbol_name("_base")
     728                      .dwattr $C$DW$43, DW_AT_type(*$C$DW$T$34)
     729                      .dwattr $C$DW$43, DW_AT_location[DW_OP_reg0]
     730              
     731              
     732              ;***************************************************************
     733              ;* FNAME: _ADC_setINLTrim               FR SIZE:   2           *
     734              ;*                                                             *
     735              ;* FUNCTION ENVIRONMENT                                        *
     736              ;*                                                             *
     737              ;* FUNCTION PROPERTIES                                         *
     738              ;*                            0 Parameter,  0 Auto,  2 SOE     *
     739              ;***************************************************************
     740              
     741              _ADC_setINLTrim:
     742              ;* AR1   assigned to _base
     743              $C$DW$44        .dwtag  DW_TAG_variable
     744                      .dwattr $C$DW$44, DW_AT_name("base")
     745                      .dwattr $C$DW$44, DW_AT_TI_symbol_name("_base")
     746                      .dwattr $C$DW$44, DW_AT_type(*$C$DW$T$63)
     747                      .dwattr $C$DW$44, DW_AT_location[DW_OP_reg6]
     748              
     749              ;* AR5   assigned to _i
     750              $C$DW$45        .dwtag  DW_TAG_variable
     751                      .dwattr $C$DW$45, DW_AT_name("i")
     752                      .dwattr $C$DW$45, DW_AT_TI_symbol_name("_i")
     753                      .dwattr $C$DW$45, DW_AT_type(*$C$DW$T$54)
     754                      .dwattr $C$DW$45, DW_AT_location[DW_OP_reg14]
     755              
     756              ;* AR7   assigned to _inlTrimAddress
     757              $C$DW$46        .dwtag  DW_TAG_variable
     758                      .dwattr $C$DW$46, DW_AT_name("inlTrimAddress")
     759                      .dwattr $C$DW$46, DW_AT_TI_symbol_name("_inlTrimAddress")
     760                      .dwattr $C$DW$46, DW_AT_type(*$C$DW$T$62)
     761                      .dwattr $C$DW$46, DW_AT_location[DW_OP_reg18]
     762              
     763                      .dwcfi  cfa_offset, -2
     764                      .dwcfi  save_reg_to_mem, 26, 0
     765 00000000 B2BD          MOVL      *SP++,XAR1            ; [CPU_ALU] 
     766                      .dwcfi  save_reg_to_mem, 7, 2
     767                      .dwcfi  cfa_offset, -4
     768 00000001 8BA9          MOVL      XAR1,ACC              ; [CPU_ALU] |130| 
     769                      .dwpsn  file "..\device\driverlib\adc.h",line 402,column 5,is_stmt,isa 0
     770 00000002 FF20          MOV       ACC,#29696            ; [CPU_ALU] |402| 
         00000003 7400 
     771 00000004 0FA1          CMPL      ACC,XAR1              ; [CPU_ALU] |402| 
     772 00000005 6109          B         $C$L25,EQ             ; [CPU_ALU] |402| 
     773                      ; branchcc occurs ; [] |402| 
     774 00000006 FF20          MOV       ACC,#29824            ; [CPU_ALU] |402| 
         00000007 7480 
TMS320C2000 Assembler PC v22.6.1 Wed May 21 09:51:55 2025

Copyright (c) 1996-2018 Texas Instruments Incorporated
C:\Users\Daniel\AppData\Local\Temp\{D1E6592F-FABD-49A5-8F9C-6B138556DE7B} PAGE   16

     775 00000008 0FA1          CMPL      ACC,XAR1              ; [CPU_ALU] |402| 
     776 00000009 6105          B         $C$L25,EQ             ; [CPU_ALU] |402| 
     777                      ; branchcc occurs ; [] |402| 
     778 0000000a FF20          MOV       ACC,#29952            ; [CPU_ALU] |402| 
         0000000b 7500 
     779 0000000c 0FA1          CMPL      ACC,XAR1              ; [CPU_ALU] |402| 
     780 0000000d 6003          B         $C$L26,NEQ            ; [CPU_ALU] |402| 
     781                      ; branchcc occurs ; [] |402| 
     782 0000000e       $C$L25:    
     783 0000000e 9A01          MOVB      AL,#1                 ; [CPU_ALU] |402| 
     784 0000000f 6006          B         $C$L27,NEQ            ; [CPU_ALU] |402| 
     785                      ; branchcc occurs ; [] |402| 
     786 00000010       $C$L26:    
     787                      .dwpsn  file "../device/driverlib/adc.c",line 137,column 5,is_stmt,isa 0
     788 00000010 8F00+         MOVL      XAR4,#$C$FSL1         ; [CPU_ARAU] |137| 
         00000011 0000 
     789 00000012 0289          MOVB      ACC,#137              ; [CPU_ALU] |137| 
     790              $C$DW$47        .dwtag  DW_TAG_TI_branch
     791                      .dwattr $C$DW$47, DW_AT_low_pc(0x00)
     792                      .dwattr $C$DW$47, DW_AT_name("___error__")
     793                      .dwattr $C$DW$47, DW_AT_TI_call
     794              
     795 00000013 7640!         LCR       #___error__           ; [CPU_ALU] |137| 
         00000014 0000 
     796                      ; call occurs [#___error__] ; [] |137| 
     797 00000015       $C$L27:    
     798                      .dwpsn  file "../device/driverlib/adc.c",line 141,column 9,is_stmt,isa 0
     799 00000015 8F07          MOVL      XAR4,#459374          ; [CPU_ARAU] |141| 
         00000016 026E 
     800 00000017 28A9          MOV       AL,#23130             ; [CPU_ALU] |141| 
         00000018 5A5A 
     801 00000019 54C4          CMP       AL,*+XAR4[0]          ; [CPU_ALU] |141| 
     802 0000001a 6020          B         $C$L33,NEQ            ; [CPU_ALU] |141| 
     803                      ; branchcc occurs ; [] |141| 
     804 0000001b FF20          MOV       ACC,#29824            ; [CPU_ALU] |141| 
         0000001c 7480 
     805 0000001d 0FA1          CMPL      ACC,XAR1              ; [CPU_ALU] |141| 
     806 0000001e 610B          B         $C$L29,EQ             ; [CPU_ALU] |141| 
     807                      ; branchcc occurs ; [] |141| 
     808 0000001f FF20          MOV       ACC,#29952            ; [CPU_ALU] |141| 
         00000020 7500 
     809 00000021 0FA1          CMPL      ACC,XAR1              ; [CPU_ALU] |141| 
     810 00000022 6104          B         $C$L28,EQ             ; [CPU_ALU] |141| 
     811                      ; branchcc occurs ; [] |141| 
     812                      .dwpsn  file "../device/driverlib/adc.c",line 144,column 17,is_stmt,isa 0
     813 00000023 76C7          MOVL      XAR7,#459104          ; [CPU_ARAU] |144| 
         00000024 0160 
     814                      .dwpsn  file "../device/driverlib/adc.c",line 145,column 17,is_stmt,isa 0
     815 00000025 6F06          B         $C$L30,UNC            ; [CPU_ALU] |145| 
     816                      ; branch occurs ; [] |145| 
     817 00000026       $C$L28:    
     818                      .dwpsn  file "../device/driverlib/adc.c",line 150,column 17,is_stmt,isa 0
     819 00000026 76C7          MOVL      XAR7,#459112          ; [CPU_ARAU] |150| 
         00000027 0168 
     820                      .dwpsn  file "../device/driverlib/adc.c",line 151,column 17,is_stmt,isa 0
TMS320C2000 Assembler PC v22.6.1 Wed May 21 09:51:55 2025

Copyright (c) 1996-2018 Texas Instruments Incorporated
C:\Users\Daniel\AppData\Local\Temp\{D1E6592F-FABD-49A5-8F9C-6B138556DE7B} PAGE   17

     821 00000028 6F03          B         $C$L30,UNC            ; [CPU_ALU] |151| 
     822                      ; branch occurs ; [] |151| 
     823 00000029       $C$L29:    
     824                      .dwpsn  file "../device/driverlib/adc.c",line 147,column 17,is_stmt,isa 0
     825 00000029 76C7          MOVL      XAR7,#459108          ; [CPU_ARAU] |147| 
         0000002a 0164 
     826 0000002b       $C$L30:    
     827                      .dwpsn  file "../device/driverlib/adc.c",line 163,column 9,is_stmt,isa 0
     828 0000002b 7622          EALLOW    ; [CPU_ALU] |163| 
     829 0000002c BE01          MOVB      XAR6,#1               ; [CPU_ALU] 
     830                      .dwpsn  file "../device/driverlib/adc.c",line 164,column 13,is_stmt,isa 0
     831 0000002d D500          MOVB      XAR5,#0               ; [CPU_ALU] |164| 
     832                      .dwpsn  file "../device/driverlib/adc.c",line 164,column 21,is_stmt,isa 0
     833 0000002e B509          RPTB      $C$L32,AR6            ; [CPU_ALU] |164| 
         0000002f 00A6 
     834                      ; repeat block starts ; [] 
     835 00000030       $C$L31:    
     836                      .dwpsn  file "../device/driverlib/adc.c",line 169,column 13,is_stmt,isa 0
     837 00000030 B2A9          MOVL      ACC,XAR1              ; [CPU_ALU] |169| 
     838 00000031 0DA5          ADDU      ACC,AR5               ; [CPU_ALU] |169| 
     839 00000032 8AA9          MOVL      XAR4,ACC              ; [CPU_ALU] |169| 
     840 00000033 A387          MOVL      P,*XAR7++             ; [CPU_ALU] |169| 
     841 00000034 D072          MOVB      XAR0,#114             ; [CPU_ALU] |169| 
     842                      .dwpsn  file "../device/driverlib/adc.c",line 164,column 21,is_stmt,isa 0
     843 00000035 DD02          ADDB      XAR5,#2               ; [CPU_ALU] |164| 
     844                      .dwpsn  file "../device/driverlib/adc.c",line 169,column 13,is_stmt,isa 0
     845 00000036 A994          MOVL      *+XAR4[AR0],P         ; [CPU_FPU] |169| 
     846 00000037 7700          NOP       ; [CPU_ARAU] 
     847 00000038 7700          NOP       ; [CPU_ALU] 
     848                      ; repeat block ends ; [] 
     849 00000039       $C$L32:    
     850                      .dwpsn  file "../device/driverlib/adc.c",line 171,column 9,is_stmt,isa 0
     851 00000039 761A          EDIS      ; [CPU_ALU] |171| 
     852 0000003a       $C$L33:    
     853 0000003a 8BBE          MOVL      XAR1,*--SP            ; [CPU_ALU] 
     854                      .dwcfi  cfa_offset, -2
     855                      .dwcfi  restore_reg, 7
     856              $C$DW$48        .dwtag  DW_TAG_TI_branch
     857                      .dwattr $C$DW$48, DW_AT_low_pc(0x00)
     858                      .dwattr $C$DW$48, DW_AT_TI_return
     859              
     860 0000003b 0006          LRETR     ; [CPU_ALU] 
     861                      ; return occurs ; [] 
     862                      .dwattr $C$DW$42, DW_AT_TI_end_file("../device/driverlib/adc.c")
     863                      .dwattr $C$DW$42, DW_AT_TI_end_line(0xad)
     864                      .dwattr $C$DW$42, DW_AT_TI_end_column(0x01)
     865                      .dwendentry
     866                      .dwendtag $C$DW$42
     867              
     868              ;***************************************************************
     869              ;* FAR STRINGS                                                 *
     870              ;***************************************************************
     871 00000000               .sect   ".econst:.string"
     872                      .align  2
     873 00000000 002E  $C$FSL1:        .string "../device/driverlib/adc.c",0
TMS320C2000 Assembler PC v22.6.1 Wed May 21 09:51:55 2025

Copyright (c) 1996-2018 Texas Instruments Incorporated
C:\Users\Daniel\AppData\Local\Temp\{D1E6592F-FABD-49A5-8F9C-6B138556DE7B} PAGE   18

         00000001 002E 
         00000002 002F 
         00000003 0064 
         00000004 0065 
         00000005 0076 
         00000006 0069 
         00000007 0063 
         00000008 0065 
         00000009 002F 
         0000000a 0064 
         0000000b 0072 
         0000000c 0069 
         0000000d 0076 
         0000000e 0065 
         0000000f 0072 
         00000010 006C 
         00000011 0069 
         00000012 0062 
         00000013 002F 
         00000014 0061 
         00000015 0064 
         00000016 0063 
         00000017 002E 
         00000018 0063 
         00000019 0000 
     874              ;**************************************************************
     875              ;* UNDEFINED EXTERNAL REFERENCES                              *
     876              ;**************************************************************
     877                      .global ___error__
     878              
     879              ;***************************************************************
     880              ;* TYPE INFORMATION                                            *
     881              ;***************************************************************
     882              
     883              $C$DW$T$19      .dwtag  DW_TAG_enumeration_type
     884                      .dwattr $C$DW$T$19, DW_AT_byte_size(0x01)
     885              $C$DW$49        .dwtag  DW_TAG_enumerator
     886                      .dwattr $C$DW$49, DW_AT_name("ADC_REFERENCE_INTERNAL")
     887                      .dwattr $C$DW$49, DW_AT_const_value(0x00)
     888              
     889              $C$DW$50        .dwtag  DW_TAG_enumerator
     890                      .dwattr $C$DW$50, DW_AT_name("ADC_REFERENCE_EXTERNAL")
     891                      .dwattr $C$DW$50, DW_AT_const_value(0x01)
     892              
     893                      .dwendtag $C$DW$T$19
     894              
     895              $C$DW$T$20      .dwtag  DW_TAG_typedef
     896                      .dwattr $C$DW$T$20, DW_AT_name("ADC_ReferenceMode")
     897                      .dwattr $C$DW$T$20, DW_AT_type(*$C$DW$T$19)
     898                      .dwattr $C$DW$T$20, DW_AT_language(DW_LANG_C)
     899              
     900              $C$DW$51        .dwtag  DW_TAG_TI_far_type
     901                      .dwattr $C$DW$51, DW_AT_type(*$C$DW$T$20)
     902              
     903              $C$DW$T$21      .dwtag  DW_TAG_const_type
TMS320C2000 Assembler PC v22.6.1 Wed May 21 09:51:55 2025

Copyright (c) 1996-2018 Texas Instruments Incorporated
C:\Users\Daniel\AppData\Local\Temp\{D1E6592F-FABD-49A5-8F9C-6B138556DE7B} PAGE   19

     904                      .dwattr $C$DW$T$21, DW_AT_type(*$C$DW$51)
     905              
     906              $C$DW$52        .dwtag  DW_TAG_TI_far_type
     907                      .dwattr $C$DW$52, DW_AT_type(*$C$DW$T$20)
     908              
     909              $C$DW$T$22      .dwtag  DW_TAG_const_type
     910                      .dwattr $C$DW$T$22, DW_AT_type(*$C$DW$52)
     911              
     912              
     913              $C$DW$T$23      .dwtag  DW_TAG_enumeration_type
     914                      .dwattr $C$DW$T$23, DW_AT_byte_size(0x01)
     915              $C$DW$53        .dwtag  DW_TAG_enumerator
     916                      .dwattr $C$DW$53, DW_AT_name("ADC_REFERENCE_3_3V")
     917                      .dwattr $C$DW$53, DW_AT_const_value(0x00)
     918              
     919              $C$DW$54        .dwtag  DW_TAG_enumerator
     920                      .dwattr $C$DW$54, DW_AT_name("ADC_REFERENCE_2_5V")
     921                      .dwattr $C$DW$54, DW_AT_const_value(0x01)
     922              
     923              $C$DW$55        .dwtag  DW_TAG_enumerator
     924                      .dwattr $C$DW$55, DW_AT_name("ADC_REFERENCE_VREFHI")
     925                      .dwattr $C$DW$55, DW_AT_const_value(0x00)
     926              
     927                      .dwendtag $C$DW$T$23
     928              
     929              $C$DW$T$24      .dwtag  DW_TAG_typedef
     930                      .dwattr $C$DW$T$24, DW_AT_name("ADC_ReferenceVoltage")
     931                      .dwattr $C$DW$T$24, DW_AT_type(*$C$DW$T$23)
     932                      .dwattr $C$DW$T$24, DW_AT_language(DW_LANG_C)
     933              
     934              $C$DW$56        .dwtag  DW_TAG_TI_far_type
     935                      .dwattr $C$DW$56, DW_AT_type(*$C$DW$T$24)
     936              
     937              $C$DW$T$26      .dwtag  DW_TAG_const_type
     938                      .dwattr $C$DW$T$26, DW_AT_type(*$C$DW$56)
     939              
     940              
     941              $C$DW$T$27      .dwtag  DW_TAG_enumeration_type
     942                      .dwattr $C$DW$T$27, DW_AT_byte_size(0x01)
     943              $C$DW$57        .dwtag  DW_TAG_enumerator
     944                      .dwattr $C$DW$57, DW_AT_name("ADC_PPB_NUMBER1")
     945                      .dwattr $C$DW$57, DW_AT_const_value(0x00)
     946              
     947              $C$DW$58        .dwtag  DW_TAG_enumerator
     948                      .dwattr $C$DW$58, DW_AT_name("ADC_PPB_NUMBER2")
     949                      .dwattr $C$DW$58, DW_AT_const_value(0x01)
     950              
     951              $C$DW$59        .dwtag  DW_TAG_enumerator
     952                      .dwattr $C$DW$59, DW_AT_name("ADC_PPB_NUMBER3")
     953                      .dwattr $C$DW$59, DW_AT_const_value(0x02)
     954              
     955              $C$DW$60        .dwtag  DW_TAG_enumerator
     956                      .dwattr $C$DW$60, DW_AT_name("ADC_PPB_NUMBER4")
     957                      .dwattr $C$DW$60, DW_AT_const_value(0x03)
     958              
TMS320C2000 Assembler PC v22.6.1 Wed May 21 09:51:55 2025

Copyright (c) 1996-2018 Texas Instruments Incorporated
C:\Users\Daniel\AppData\Local\Temp\{D1E6592F-FABD-49A5-8F9C-6B138556DE7B} PAGE   20

     959                      .dwendtag $C$DW$T$27
     960              
     961              $C$DW$T$28      .dwtag  DW_TAG_typedef
     962                      .dwattr $C$DW$T$28, DW_AT_name("ADC_PPBNumber")
     963                      .dwattr $C$DW$T$28, DW_AT_type(*$C$DW$T$27)
     964                      .dwattr $C$DW$T$28, DW_AT_language(DW_LANG_C)
     965              
     966              $C$DW$61        .dwtag  DW_TAG_TI_far_type
     967                      .dwattr $C$DW$61, DW_AT_type(*$C$DW$T$28)
     968              
     969              $C$DW$T$29      .dwtag  DW_TAG_const_type
     970                      .dwattr $C$DW$T$29, DW_AT_type(*$C$DW$61)
     971              
     972              $C$DW$T$2       .dwtag  DW_TAG_unspecified_type
     973                      .dwattr $C$DW$T$2, DW_AT_name("void")
     974              
     975              $C$DW$T$4       .dwtag  DW_TAG_base_type
     976                      .dwattr $C$DW$T$4, DW_AT_encoding(DW_ATE_boolean)
     977                      .dwattr $C$DW$T$4, DW_AT_name("bool")
     978                      .dwattr $C$DW$T$4, DW_AT_byte_size(0x01)
     979              
     980              $C$DW$T$5       .dwtag  DW_TAG_base_type
     981                      .dwattr $C$DW$T$5, DW_AT_encoding(DW_ATE_signed_char)
     982                      .dwattr $C$DW$T$5, DW_AT_name("signed char")
     983                      .dwattr $C$DW$T$5, DW_AT_byte_size(0x01)
     984              
     985              $C$DW$T$6       .dwtag  DW_TAG_base_type
     986                      .dwattr $C$DW$T$6, DW_AT_encoding(DW_ATE_unsigned_char)
     987                      .dwattr $C$DW$T$6, DW_AT_name("unsigned char")
     988                      .dwattr $C$DW$T$6, DW_AT_byte_size(0x01)
     989              
     990              $C$DW$T$7       .dwtag  DW_TAG_base_type
     991                      .dwattr $C$DW$T$7, DW_AT_encoding(DW_ATE_signed_char)
     992                      .dwattr $C$DW$T$7, DW_AT_name("wchar_t")
     993                      .dwattr $C$DW$T$7, DW_AT_byte_size(0x01)
     994              
     995              $C$DW$T$8       .dwtag  DW_TAG_base_type
     996                      .dwattr $C$DW$T$8, DW_AT_encoding(DW_ATE_signed)
     997                      .dwattr $C$DW$T$8, DW_AT_name("short")
     998                      .dwattr $C$DW$T$8, DW_AT_byte_size(0x01)
     999              
    1000              $C$DW$T$9       .dwtag  DW_TAG_base_type
    1001                      .dwattr $C$DW$T$9, DW_AT_encoding(DW_ATE_unsigned)
    1002                      .dwattr $C$DW$T$9, DW_AT_name("unsigned short")
    1003                      .dwattr $C$DW$T$9, DW_AT_byte_size(0x01)
    1004              
    1005              $C$DW$T$10      .dwtag  DW_TAG_base_type
    1006                      .dwattr $C$DW$T$10, DW_AT_encoding(DW_ATE_signed)
    1007                      .dwattr $C$DW$T$10, DW_AT_name("int")
    1008                      .dwattr $C$DW$T$10, DW_AT_byte_size(0x01)
    1009              
    1010              $C$DW$T$11      .dwtag  DW_TAG_base_type
    1011                      .dwattr $C$DW$T$11, DW_AT_encoding(DW_ATE_unsigned)
    1012                      .dwattr $C$DW$T$11, DW_AT_name("unsigned int")
    1013                      .dwattr $C$DW$T$11, DW_AT_byte_size(0x01)
TMS320C2000 Assembler PC v22.6.1 Wed May 21 09:51:55 2025

Copyright (c) 1996-2018 Texas Instruments Incorporated
C:\Users\Daniel\AppData\Local\Temp\{D1E6592F-FABD-49A5-8F9C-6B138556DE7B} PAGE   21

    1014              
    1015              $C$DW$T$53      .dwtag  DW_TAG_typedef
    1016                      .dwattr $C$DW$T$53, DW_AT_name("__uint16_t")
    1017                      .dwattr $C$DW$T$53, DW_AT_type(*$C$DW$T$11)
    1018                      .dwattr $C$DW$T$53, DW_AT_language(DW_LANG_C)
    1019              
    1020              $C$DW$T$54      .dwtag  DW_TAG_typedef
    1021                      .dwattr $C$DW$T$54, DW_AT_name("uint16_t")
    1022                      .dwattr $C$DW$T$54, DW_AT_type(*$C$DW$T$53)
    1023                      .dwattr $C$DW$T$54, DW_AT_language(DW_LANG_C)
    1024              
    1025              $C$DW$T$12      .dwtag  DW_TAG_base_type
    1026                      .dwattr $C$DW$T$12, DW_AT_encoding(DW_ATE_signed)
    1027                      .dwattr $C$DW$T$12, DW_AT_name("long")
    1028                      .dwattr $C$DW$T$12, DW_AT_byte_size(0x02)
    1029              
    1030              $C$DW$T$41      .dwtag  DW_TAG_typedef
    1031                      .dwattr $C$DW$T$41, DW_AT_name("__int32_t")
    1032                      .dwattr $C$DW$T$41, DW_AT_type(*$C$DW$T$12)
    1033                      .dwattr $C$DW$T$41, DW_AT_language(DW_LANG_C)
    1034              
    1035              $C$DW$T$42      .dwtag  DW_TAG_typedef
    1036                      .dwattr $C$DW$T$42, DW_AT_name("int32_t")
    1037                      .dwattr $C$DW$T$42, DW_AT_type(*$C$DW$T$41)
    1038                      .dwattr $C$DW$T$42, DW_AT_language(DW_LANG_C)
    1039              
    1040              $C$DW$62        .dwtag  DW_TAG_TI_far_type
    1041                      .dwattr $C$DW$62, DW_AT_type(*$C$DW$T$42)
    1042              
    1043              $C$DW$T$57      .dwtag  DW_TAG_const_type
    1044                      .dwattr $C$DW$T$57, DW_AT_type(*$C$DW$62)
    1045              
    1046              $C$DW$T$13      .dwtag  DW_TAG_base_type
    1047                      .dwattr $C$DW$T$13, DW_AT_encoding(DW_ATE_unsigned)
    1048                      .dwattr $C$DW$T$13, DW_AT_name("unsigned long")
    1049                      .dwattr $C$DW$T$13, DW_AT_byte_size(0x02)
    1050              
    1051              $C$DW$T$33      .dwtag  DW_TAG_typedef
    1052                      .dwattr $C$DW$T$33, DW_AT_name("__uint32_t")
    1053                      .dwattr $C$DW$T$33, DW_AT_type(*$C$DW$T$13)
    1054                      .dwattr $C$DW$T$33, DW_AT_language(DW_LANG_C)
    1055              
    1056              $C$DW$T$34      .dwtag  DW_TAG_typedef
    1057                      .dwattr $C$DW$T$34, DW_AT_name("uint32_t")
    1058                      .dwattr $C$DW$T$34, DW_AT_type(*$C$DW$T$33)
    1059                      .dwattr $C$DW$T$34, DW_AT_language(DW_LANG_C)
    1060              
    1061              $C$DW$T$62      .dwtag  DW_TAG_pointer_type
    1062                      .dwattr $C$DW$T$62, DW_AT_type(*$C$DW$T$34)
    1063                      .dwattr $C$DW$T$62, DW_AT_address_class(0x20)
    1064              
    1065              $C$DW$63        .dwtag  DW_TAG_TI_far_type
    1066                      .dwattr $C$DW$63, DW_AT_type(*$C$DW$T$34)
    1067              
    1068              $C$DW$T$63      .dwtag  DW_TAG_const_type
TMS320C2000 Assembler PC v22.6.1 Wed May 21 09:51:55 2025

Copyright (c) 1996-2018 Texas Instruments Incorporated
C:\Users\Daniel\AppData\Local\Temp\{D1E6592F-FABD-49A5-8F9C-6B138556DE7B} PAGE   22

    1069                      .dwattr $C$DW$T$63, DW_AT_type(*$C$DW$63)
    1070              
    1071              $C$DW$T$14      .dwtag  DW_TAG_base_type
    1072                      .dwattr $C$DW$T$14, DW_AT_encoding(DW_ATE_signed)
    1073                      .dwattr $C$DW$T$14, DW_AT_name("long long")
    1074                      .dwattr $C$DW$T$14, DW_AT_byte_size(0x04)
    1075              
    1076              $C$DW$T$15      .dwtag  DW_TAG_base_type
    1077                      .dwattr $C$DW$T$15, DW_AT_encoding(DW_ATE_unsigned)
    1078                      .dwattr $C$DW$T$15, DW_AT_name("unsigned long long")
    1079                      .dwattr $C$DW$T$15, DW_AT_byte_size(0x04)
    1080              
    1081              $C$DW$T$16      .dwtag  DW_TAG_base_type
    1082                      .dwattr $C$DW$T$16, DW_AT_encoding(DW_ATE_float)
    1083                      .dwattr $C$DW$T$16, DW_AT_name("float")
    1084                      .dwattr $C$DW$T$16, DW_AT_byte_size(0x02)
    1085              
    1086              $C$DW$T$17      .dwtag  DW_TAG_base_type
    1087                      .dwattr $C$DW$T$17, DW_AT_encoding(DW_ATE_float)
    1088                      .dwattr $C$DW$T$17, DW_AT_name("double")
    1089                      .dwattr $C$DW$T$17, DW_AT_byte_size(0x02)
    1090              
    1091              $C$DW$T$18      .dwtag  DW_TAG_base_type
    1092                      .dwattr $C$DW$T$18, DW_AT_encoding(DW_ATE_float)
    1093                      .dwattr $C$DW$T$18, DW_AT_name("long double")
    1094                      .dwattr $C$DW$T$18, DW_AT_byte_size(0x04)
    1095              
    1096              $C$DW$64        .dwtag  DW_TAG_TI_far_type
    1097                      .dwattr $C$DW$64, DW_AT_type(*$C$DW$T$5)
    1098              
    1099              $C$DW$T$31      .dwtag  DW_TAG_const_type
    1100                      .dwattr $C$DW$T$31, DW_AT_type(*$C$DW$64)
    1101              
    1102              $C$DW$T$32      .dwtag  DW_TAG_pointer_type
    1103                      .dwattr $C$DW$T$32, DW_AT_type(*$C$DW$T$31)
    1104                      .dwattr $C$DW$T$32, DW_AT_address_class(0x20)
    1105              
    1106              $C$DW$T$64      .dwtag  DW_TAG_base_type
    1107                      .dwattr $C$DW$T$64, DW_AT_encoding(DW_ATE_unsigned_char)
    1108                      .dwattr $C$DW$T$64, DW_AT_name("unsigned char")
    1109                      .dwattr $C$DW$T$64, DW_AT_byte_size(0x01)
    1110              
    1111                      .dwattr $C$DW$CU, DW_AT_language(DW_LANG_C)
    1112              
    1113              ;***************************************************************
    1114              ;* DWARF CIE ENTRIES                                           *
    1115              ;***************************************************************
    1116              
    1117              $C$DW$CIE       .dwcie 26
    1118                      .dwcfi  cfa_register, 20
    1119                      .dwcfi  cfa_offset, 0
    1120                      .dwcfi  same_value, 28
    1121                      .dwcfi  same_value, 6
    1122                      .dwcfi  same_value, 7
    1123                      .dwcfi  same_value, 8
TMS320C2000 Assembler PC v22.6.1 Wed May 21 09:51:55 2025

Copyright (c) 1996-2018 Texas Instruments Incorporated
C:\Users\Daniel\AppData\Local\Temp\{D1E6592F-FABD-49A5-8F9C-6B138556DE7B} PAGE   23

    1124                      .dwcfi  same_value, 9
    1125                      .dwcfi  same_value, 10
    1126                      .dwcfi  same_value, 11
    1127                      .dwcfi  same_value, 59
    1128                      .dwcfi  same_value, 63
    1129                      .dwcfi  same_value, 67
    1130                      .dwcfi  same_value, 71
    1131                      .dwendentry
    1132              
    1133              ;***************************************************************
    1134              ;* DWARF REGISTER MAP                                          *
    1135              ;***************************************************************
    1136              
    1137              $C$DW$65        .dwtag  DW_TAG_TI_assign_register
    1138                      .dwattr $C$DW$65, DW_AT_name("AL")
    1139                      .dwattr $C$DW$65, DW_AT_location[DW_OP_reg0]
    1140              
    1141              $C$DW$66        .dwtag  DW_TAG_TI_assign_register
    1142                      .dwattr $C$DW$66, DW_AT_name("AH")
    1143                      .dwattr $C$DW$66, DW_AT_location[DW_OP_reg1]
    1144              
    1145              $C$DW$67        .dwtag  DW_TAG_TI_assign_register
    1146                      .dwattr $C$DW$67, DW_AT_name("PL")
    1147                      .dwattr $C$DW$67, DW_AT_location[DW_OP_reg2]
    1148              
    1149              $C$DW$68        .dwtag  DW_TAG_TI_assign_register
    1150                      .dwattr $C$DW$68, DW_AT_name("PH")
    1151                      .dwattr $C$DW$68, DW_AT_location[DW_OP_reg3]
    1152              
    1153              $C$DW$69        .dwtag  DW_TAG_TI_assign_register
    1154                      .dwattr $C$DW$69, DW_AT_name("SP")
    1155                      .dwattr $C$DW$69, DW_AT_location[DW_OP_reg20]
    1156              
    1157              $C$DW$70        .dwtag  DW_TAG_TI_assign_register
    1158                      .dwattr $C$DW$70, DW_AT_name("XT")
    1159                      .dwattr $C$DW$70, DW_AT_location[DW_OP_reg21]
    1160              
    1161              $C$DW$71        .dwtag  DW_TAG_TI_assign_register
    1162                      .dwattr $C$DW$71, DW_AT_name("T")
    1163                      .dwattr $C$DW$71, DW_AT_location[DW_OP_reg22]
    1164              
    1165              $C$DW$72        .dwtag  DW_TAG_TI_assign_register
    1166                      .dwattr $C$DW$72, DW_AT_name("ST0")
    1167                      .dwattr $C$DW$72, DW_AT_location[DW_OP_reg23]
    1168              
    1169              $C$DW$73        .dwtag  DW_TAG_TI_assign_register
    1170                      .dwattr $C$DW$73, DW_AT_name("ST1")
    1171                      .dwattr $C$DW$73, DW_AT_location[DW_OP_reg24]
    1172              
    1173              $C$DW$74        .dwtag  DW_TAG_TI_assign_register
    1174                      .dwattr $C$DW$74, DW_AT_name("PC")
    1175                      .dwattr $C$DW$74, DW_AT_location[DW_OP_reg25]
    1176              
    1177              $C$DW$75        .dwtag  DW_TAG_TI_assign_register
    1178                      .dwattr $C$DW$75, DW_AT_name("RPC")
TMS320C2000 Assembler PC v22.6.1 Wed May 21 09:51:55 2025

Copyright (c) 1996-2018 Texas Instruments Incorporated
C:\Users\Daniel\AppData\Local\Temp\{D1E6592F-FABD-49A5-8F9C-6B138556DE7B} PAGE   24

    1179                      .dwattr $C$DW$75, DW_AT_location[DW_OP_reg26]
    1180              
    1181              $C$DW$76        .dwtag  DW_TAG_TI_assign_register
    1182                      .dwattr $C$DW$76, DW_AT_name("FP")
    1183                      .dwattr $C$DW$76, DW_AT_location[DW_OP_reg28]
    1184              
    1185              $C$DW$77        .dwtag  DW_TAG_TI_assign_register
    1186                      .dwattr $C$DW$77, DW_AT_name("DP")
    1187                      .dwattr $C$DW$77, DW_AT_location[DW_OP_reg29]
    1188              
    1189              $C$DW$78        .dwtag  DW_TAG_TI_assign_register
    1190                      .dwattr $C$DW$78, DW_AT_name("SXM")
    1191                      .dwattr $C$DW$78, DW_AT_location[DW_OP_reg30]
    1192              
    1193              $C$DW$79        .dwtag  DW_TAG_TI_assign_register
    1194                      .dwattr $C$DW$79, DW_AT_name("PM")
    1195                      .dwattr $C$DW$79, DW_AT_location[DW_OP_reg31]
    1196              
    1197              $C$DW$80        .dwtag  DW_TAG_TI_assign_register
    1198                      .dwattr $C$DW$80, DW_AT_name("OVM")
    1199                      .dwattr $C$DW$80, DW_AT_location[DW_OP_regx 0x20]
    1200              
    1201              $C$DW$81        .dwtag  DW_TAG_TI_assign_register
    1202                      .dwattr $C$DW$81, DW_AT_name("PAGE0")
    1203                      .dwattr $C$DW$81, DW_AT_location[DW_OP_regx 0x21]
    1204              
    1205              $C$DW$82        .dwtag  DW_TAG_TI_assign_register
    1206                      .dwattr $C$DW$82, DW_AT_name("AMODE")
    1207                      .dwattr $C$DW$82, DW_AT_location[DW_OP_regx 0x22]
    1208              
    1209              $C$DW$83        .dwtag  DW_TAG_TI_assign_register
    1210                      .dwattr $C$DW$83, DW_AT_name("EALLOW")
    1211                      .dwattr $C$DW$83, DW_AT_location[DW_OP_regx 0x4e]
    1212              
    1213              $C$DW$84        .dwtag  DW_TAG_TI_assign_register
    1214                      .dwattr $C$DW$84, DW_AT_name("INTM")
    1215                      .dwattr $C$DW$84, DW_AT_location[DW_OP_regx 0x23]
    1216              
    1217              $C$DW$85        .dwtag  DW_TAG_TI_assign_register
    1218                      .dwattr $C$DW$85, DW_AT_name("IFR")
    1219                      .dwattr $C$DW$85, DW_AT_location[DW_OP_regx 0x24]
    1220              
    1221              $C$DW$86        .dwtag  DW_TAG_TI_assign_register
    1222                      .dwattr $C$DW$86, DW_AT_name("IER")
    1223                      .dwattr $C$DW$86, DW_AT_location[DW_OP_regx 0x25]
    1224              
    1225              $C$DW$87        .dwtag  DW_TAG_TI_assign_register
    1226                      .dwattr $C$DW$87, DW_AT_name("V")
    1227                      .dwattr $C$DW$87, DW_AT_location[DW_OP_regx 0x26]
    1228              
    1229              $C$DW$88        .dwtag  DW_TAG_TI_assign_register
    1230                      .dwattr $C$DW$88, DW_AT_name("PSEUDOH")
    1231                      .dwattr $C$DW$88, DW_AT_location[DW_OP_regx 0x4c]
    1232              
    1233              $C$DW$89        .dwtag  DW_TAG_TI_assign_register
TMS320C2000 Assembler PC v22.6.1 Wed May 21 09:51:55 2025

Copyright (c) 1996-2018 Texas Instruments Incorporated
C:\Users\Daniel\AppData\Local\Temp\{D1E6592F-FABD-49A5-8F9C-6B138556DE7B} PAGE   25

    1234                      .dwattr $C$DW$89, DW_AT_name("VOL")
    1235                      .dwattr $C$DW$89, DW_AT_location[DW_OP_regx 0x4d]
    1236              
    1237              $C$DW$90        .dwtag  DW_TAG_TI_assign_register
    1238                      .dwattr $C$DW$90, DW_AT_name("AR0")
    1239                      .dwattr $C$DW$90, DW_AT_location[DW_OP_reg4]
    1240              
    1241              $C$DW$91        .dwtag  DW_TAG_TI_assign_register
    1242                      .dwattr $C$DW$91, DW_AT_name("XAR0")
    1243                      .dwattr $C$DW$91, DW_AT_location[DW_OP_reg5]
    1244              
    1245              $C$DW$92        .dwtag  DW_TAG_TI_assign_register
    1246                      .dwattr $C$DW$92, DW_AT_name("AR1")
    1247                      .dwattr $C$DW$92, DW_AT_location[DW_OP_reg6]
    1248              
    1249              $C$DW$93        .dwtag  DW_TAG_TI_assign_register
    1250                      .dwattr $C$DW$93, DW_AT_name("XAR1")
    1251                      .dwattr $C$DW$93, DW_AT_location[DW_OP_reg7]
    1252              
    1253              $C$DW$94        .dwtag  DW_TAG_TI_assign_register
    1254                      .dwattr $C$DW$94, DW_AT_name("AR2")
    1255                      .dwattr $C$DW$94, DW_AT_location[DW_OP_reg8]
    1256              
    1257              $C$DW$95        .dwtag  DW_TAG_TI_assign_register
    1258                      .dwattr $C$DW$95, DW_AT_name("XAR2")
    1259                      .dwattr $C$DW$95, DW_AT_location[DW_OP_reg9]
    1260              
    1261              $C$DW$96        .dwtag  DW_TAG_TI_assign_register
    1262                      .dwattr $C$DW$96, DW_AT_name("AR3")
    1263                      .dwattr $C$DW$96, DW_AT_location[DW_OP_reg10]
    1264              
    1265              $C$DW$97        .dwtag  DW_TAG_TI_assign_register
    1266                      .dwattr $C$DW$97, DW_AT_name("XAR3")
    1267                      .dwattr $C$DW$97, DW_AT_location[DW_OP_reg11]
    1268              
    1269              $C$DW$98        .dwtag  DW_TAG_TI_assign_register
    1270                      .dwattr $C$DW$98, DW_AT_name("AR4")
    1271                      .dwattr $C$DW$98, DW_AT_location[DW_OP_reg12]
    1272              
    1273              $C$DW$99        .dwtag  DW_TAG_TI_assign_register
    1274                      .dwattr $C$DW$99, DW_AT_name("XAR4")
    1275                      .dwattr $C$DW$99, DW_AT_location[DW_OP_reg13]
    1276              
    1277              $C$DW$100       .dwtag  DW_TAG_TI_assign_register
    1278                      .dwattr $C$DW$100, DW_AT_name("AR5")
    1279                      .dwattr $C$DW$100, DW_AT_location[DW_OP_reg14]
    1280              
    1281              $C$DW$101       .dwtag  DW_TAG_TI_assign_register
    1282                      .dwattr $C$DW$101, DW_AT_name("XAR5")
    1283                      .dwattr $C$DW$101, DW_AT_location[DW_OP_reg15]
    1284              
    1285              $C$DW$102       .dwtag  DW_TAG_TI_assign_register
    1286                      .dwattr $C$DW$102, DW_AT_name("AR6")
    1287                      .dwattr $C$DW$102, DW_AT_location[DW_OP_reg16]
    1288              
TMS320C2000 Assembler PC v22.6.1 Wed May 21 09:51:55 2025

Copyright (c) 1996-2018 Texas Instruments Incorporated
C:\Users\Daniel\AppData\Local\Temp\{D1E6592F-FABD-49A5-8F9C-6B138556DE7B} PAGE   26

    1289              $C$DW$103       .dwtag  DW_TAG_TI_assign_register
    1290                      .dwattr $C$DW$103, DW_AT_name("XAR6")
    1291                      .dwattr $C$DW$103, DW_AT_location[DW_OP_reg17]
    1292              
    1293              $C$DW$104       .dwtag  DW_TAG_TI_assign_register
    1294                      .dwattr $C$DW$104, DW_AT_name("AR7")
    1295                      .dwattr $C$DW$104, DW_AT_location[DW_OP_reg18]
    1296              
    1297              $C$DW$105       .dwtag  DW_TAG_TI_assign_register
    1298                      .dwattr $C$DW$105, DW_AT_name("XAR7")
    1299                      .dwattr $C$DW$105, DW_AT_location[DW_OP_reg19]
    1300              
    1301              $C$DW$106       .dwtag  DW_TAG_TI_assign_register
    1302                      .dwattr $C$DW$106, DW_AT_name("R0H")
    1303                      .dwattr $C$DW$106, DW_AT_location[DW_OP_regx 0x2b]
    1304              
    1305              $C$DW$107       .dwtag  DW_TAG_TI_assign_register
    1306                      .dwattr $C$DW$107, DW_AT_name("R1H")
    1307                      .dwattr $C$DW$107, DW_AT_location[DW_OP_regx 0x2f]
    1308              
    1309              $C$DW$108       .dwtag  DW_TAG_TI_assign_register
    1310                      .dwattr $C$DW$108, DW_AT_name("R2H")
    1311                      .dwattr $C$DW$108, DW_AT_location[DW_OP_regx 0x33]
    1312              
    1313              $C$DW$109       .dwtag  DW_TAG_TI_assign_register
    1314                      .dwattr $C$DW$109, DW_AT_name("R3H")
    1315                      .dwattr $C$DW$109, DW_AT_location[DW_OP_regx 0x37]
    1316              
    1317              $C$DW$110       .dwtag  DW_TAG_TI_assign_register
    1318                      .dwattr $C$DW$110, DW_AT_name("R4H")
    1319                      .dwattr $C$DW$110, DW_AT_location[DW_OP_regx 0x3b]
    1320              
    1321              $C$DW$111       .dwtag  DW_TAG_TI_assign_register
    1322                      .dwattr $C$DW$111, DW_AT_name("R5H")
    1323                      .dwattr $C$DW$111, DW_AT_location[DW_OP_regx 0x3f]
    1324              
    1325              $C$DW$112       .dwtag  DW_TAG_TI_assign_register
    1326                      .dwattr $C$DW$112, DW_AT_name("R6H")
    1327                      .dwattr $C$DW$112, DW_AT_location[DW_OP_regx 0x43]
    1328              
    1329              $C$DW$113       .dwtag  DW_TAG_TI_assign_register
    1330                      .dwattr $C$DW$113, DW_AT_name("R7H")
    1331                      .dwattr $C$DW$113, DW_AT_location[DW_OP_regx 0x47]
    1332              
    1333              $C$DW$114       .dwtag  DW_TAG_TI_assign_register
    1334                      .dwattr $C$DW$114, DW_AT_name("RB")
    1335                      .dwattr $C$DW$114, DW_AT_location[DW_OP_regx 0x4a]
    1336              
    1337              $C$DW$115       .dwtag  DW_TAG_TI_assign_register
    1338                      .dwattr $C$DW$115, DW_AT_name("STF")
    1339                      .dwattr $C$DW$115, DW_AT_location[DW_OP_regx 0x28]
    1340              
    1341              $C$DW$116       .dwtag  DW_TAG_TI_assign_register
    1342                      .dwattr $C$DW$116, DW_AT_name("FPUHAZ")
    1343                      .dwattr $C$DW$116, DW_AT_location[DW_OP_reg27]
TMS320C2000 Assembler PC v22.6.1 Wed May 21 09:51:55 2025

Copyright (c) 1996-2018 Texas Instruments Incorporated
C:\Users\Daniel\AppData\Local\Temp\{D1E6592F-FABD-49A5-8F9C-6B138556DE7B} PAGE   27

    1344              
    1345              $C$DW$117       .dwtag  DW_TAG_TI_assign_register
    1346                      .dwattr $C$DW$117, DW_AT_name("STF_HWDIV")
    1347                      .dwattr $C$DW$117, DW_AT_location[DW_OP_regx 0x4f]
    1348              
    1349              $C$DW$118       .dwtag  DW_TAG_TI_assign_register
    1350                      .dwattr $C$DW$118, DW_AT_name("VCRC")
    1351                      .dwattr $C$DW$118, DW_AT_location[DW_OP_regx 0x50]
    1352              
    1353              $C$DW$119       .dwtag  DW_TAG_TI_assign_register
    1354                      .dwattr $C$DW$119, DW_AT_name("VSTATUS")
    1355                      .dwattr $C$DW$119, DW_AT_location[DW_OP_regx 0x51]
    1356              
    1357              $C$DW$120       .dwtag  DW_TAG_TI_assign_register
    1358                      .dwattr $C$DW$120, DW_AT_name("VCRCPOLY")
    1359                      .dwattr $C$DW$120, DW_AT_location[DW_OP_regx 0x52]
    1360              
    1361              $C$DW$121       .dwtag  DW_TAG_TI_assign_register
    1362                      .dwattr $C$DW$121, DW_AT_name("VCRCSIZE")
    1363                      .dwattr $C$DW$121, DW_AT_location[DW_OP_regx 0x53]
    1364              
    1365                      .dwendtag $C$DW$CU
    1366              

No Assembly Errors, No Assembly Warnings
