TMS320C2000 Assembler PC v22.6.1 Wed May 21 09:51:55 2025

Copyright (c) 1996-2018 Texas Instruments Incorporated
C:\Users\Daniel\AppData\Local\Temp\{652D3761-C7EF-450A-9977-8952B6E2B76A} PAGE    1

       1              ;***************************************************************
       2              ;* TMS320C2000 G3 C/C++ Codegen                               PC v22.6.1.LTS *
       3              ;* Date/Time created: Wed May 21 09:51:55 2025                 *
       4              ;***************************************************************
       5                      .compiler_opts --abi=coffabi --cla_support=cla2 --diag_wrap=off --float_support=fpu32 --hll_source=on
       6                      .asg    XAR2, FP
       7              
       8              $C$DW$CU        .dwtag  DW_TAG_compile_unit
       9                      .dwattr $C$DW$CU, DW_AT_name("../device/driverlib/asysctl.c")
      10                      .dwattr $C$DW$CU, DW_AT_producer("TI TMS320C2000 G3 C/C++ Codegen PC v22.6.1.LTS Copyright (c) 1996-2
      11                      .dwattr $C$DW$CU, DW_AT_TI_version(0x01)
      12                      .dwattr $C$DW$CU, DW_AT_comp_dir("C:\Users\Daniel\CodeComposer\UPS_MUCI\CPU1_FLASH")
      13              ;       D:\Programs\TI\ccs1281\ccs\tools\compiler\ti-cgt-c2000_22.6.1.LTS\bin\opt2000.exe C:\\Users\\Daniel\\
      14              ;       D:\Programs\TI\ccs1281\ccs\tools\compiler\ti-cgt-c2000_22.6.1.LTS\bin\ac2000.exe -@C:\\Users\\Daniel\
      15              
      16              ;***************************************************************
      17              ;* TYPE INFORMATION                                            *
      18              ;***************************************************************
      19              $C$DW$T$2       .dwtag  DW_TAG_unspecified_type
      20                      .dwattr $C$DW$T$2, DW_AT_name("void")
      21              
      22              $C$DW$T$4       .dwtag  DW_TAG_base_type
      23                      .dwattr $C$DW$T$4, DW_AT_encoding(DW_ATE_boolean)
      24                      .dwattr $C$DW$T$4, DW_AT_name("bool")
      25                      .dwattr $C$DW$T$4, DW_AT_byte_size(0x01)
      26              
      27              $C$DW$T$5       .dwtag  DW_TAG_base_type
      28                      .dwattr $C$DW$T$5, DW_AT_encoding(DW_ATE_signed_char)
      29                      .dwattr $C$DW$T$5, DW_AT_name("signed char")
      30                      .dwattr $C$DW$T$5, DW_AT_byte_size(0x01)
      31              
      32              $C$DW$T$6       .dwtag  DW_TAG_base_type
      33                      .dwattr $C$DW$T$6, DW_AT_encoding(DW_ATE_unsigned_char)
      34                      .dwattr $C$DW$T$6, DW_AT_name("unsigned char")
      35                      .dwattr $C$DW$T$6, DW_AT_byte_size(0x01)
      36              
      37              $C$DW$T$7       .dwtag  DW_TAG_base_type
      38                      .dwattr $C$DW$T$7, DW_AT_encoding(DW_ATE_signed_char)
      39                      .dwattr $C$DW$T$7, DW_AT_name("wchar_t")
      40                      .dwattr $C$DW$T$7, DW_AT_byte_size(0x01)
      41              
      42              $C$DW$T$8       .dwtag  DW_TAG_base_type
      43                      .dwattr $C$DW$T$8, DW_AT_encoding(DW_ATE_signed)
      44                      .dwattr $C$DW$T$8, DW_AT_name("short")
      45                      .dwattr $C$DW$T$8, DW_AT_byte_size(0x01)
      46              
      47              $C$DW$T$9       .dwtag  DW_TAG_base_type
      48                      .dwattr $C$DW$T$9, DW_AT_encoding(DW_ATE_unsigned)
      49                      .dwattr $C$DW$T$9, DW_AT_name("unsigned short")
      50                      .dwattr $C$DW$T$9, DW_AT_byte_size(0x01)
      51              
      52              $C$DW$T$10      .dwtag  DW_TAG_base_type
      53                      .dwattr $C$DW$T$10, DW_AT_encoding(DW_ATE_signed)
      54                      .dwattr $C$DW$T$10, DW_AT_name("int")
      55                      .dwattr $C$DW$T$10, DW_AT_byte_size(0x01)
TMS320C2000 Assembler PC v22.6.1 Wed May 21 09:51:55 2025

Copyright (c) 1996-2018 Texas Instruments Incorporated
C:\Users\Daniel\AppData\Local\Temp\{652D3761-C7EF-450A-9977-8952B6E2B76A} PAGE    2

      56              
      57              $C$DW$T$11      .dwtag  DW_TAG_base_type
      58                      .dwattr $C$DW$T$11, DW_AT_encoding(DW_ATE_unsigned)
      59                      .dwattr $C$DW$T$11, DW_AT_name("unsigned int")
      60                      .dwattr $C$DW$T$11, DW_AT_byte_size(0x01)
      61              
      62              $C$DW$T$12      .dwtag  DW_TAG_base_type
      63                      .dwattr $C$DW$T$12, DW_AT_encoding(DW_ATE_signed)
      64                      .dwattr $C$DW$T$12, DW_AT_name("long")
      65                      .dwattr $C$DW$T$12, DW_AT_byte_size(0x02)
      66              
      67              $C$DW$T$13      .dwtag  DW_TAG_base_type
      68                      .dwattr $C$DW$T$13, DW_AT_encoding(DW_ATE_unsigned)
      69                      .dwattr $C$DW$T$13, DW_AT_name("unsigned long")
      70                      .dwattr $C$DW$T$13, DW_AT_byte_size(0x02)
      71              
      72              $C$DW$T$14      .dwtag  DW_TAG_base_type
      73                      .dwattr $C$DW$T$14, DW_AT_encoding(DW_ATE_signed)
      74                      .dwattr $C$DW$T$14, DW_AT_name("long long")
      75                      .dwattr $C$DW$T$14, DW_AT_byte_size(0x04)
      76              
      77              $C$DW$T$15      .dwtag  DW_TAG_base_type
      78                      .dwattr $C$DW$T$15, DW_AT_encoding(DW_ATE_unsigned)
      79                      .dwattr $C$DW$T$15, DW_AT_name("unsigned long long")
      80                      .dwattr $C$DW$T$15, DW_AT_byte_size(0x04)
      81              
      82              $C$DW$T$16      .dwtag  DW_TAG_base_type
      83                      .dwattr $C$DW$T$16, DW_AT_encoding(DW_ATE_float)
      84                      .dwattr $C$DW$T$16, DW_AT_name("float")
      85                      .dwattr $C$DW$T$16, DW_AT_byte_size(0x02)
      86              
      87              $C$DW$T$17      .dwtag  DW_TAG_base_type
      88                      .dwattr $C$DW$T$17, DW_AT_encoding(DW_ATE_float)
      89                      .dwattr $C$DW$T$17, DW_AT_name("double")
      90                      .dwattr $C$DW$T$17, DW_AT_byte_size(0x02)
      91              
      92              $C$DW$T$18      .dwtag  DW_TAG_base_type
      93                      .dwattr $C$DW$T$18, DW_AT_encoding(DW_ATE_float)
      94                      .dwattr $C$DW$T$18, DW_AT_name("long double")
      95                      .dwattr $C$DW$T$18, DW_AT_byte_size(0x04)
      96              
      97                      .dwendtag $C$DW$CU
      98              

No Assembly Errors, No Assembly Warnings
