TMS320C2000 Assembler PC v22.6.1 Wed May 21 09:51:55 2025

Copyright (c) 1996-2018 Texas Instruments Incorporated
C:\Users\Daniel\AppData\Local\Temp\{44B20121-11DA-4165-90DA-E3219B7000DD} PAGE    1

       1              ;***************************************************************
       2              ;* TMS320C2000 G3 C/C++ Codegen                               PC v22.6.1.LTS *
       3              ;* Date/Time created: Wed May 21 09:51:55 2025                 *
       4              ;***************************************************************
       5                      .compiler_opts --abi=coffabi --cla_support=cla2 --diag_wrap=off --float_support=fpu32 --hll_source=on
       6                      .asg    XAR2, FP
       7              
       8              $C$DW$CU        .dwtag  DW_TAG_compile_unit
       9                      .dwattr $C$DW$CU, DW_AT_name("../device/driverlib/cla.c")
      10                      .dwattr $C$DW$CU, DW_AT_producer("TI TMS320C2000 G3 C/C++ Codegen PC v22.6.1.LTS Copyright (c) 1996-2
      11                      .dwattr $C$DW$CU, DW_AT_TI_version(0x01)
      12                      .dwattr $C$DW$CU, DW_AT_comp_dir("C:\Users\Daniel\CodeComposer\UPS_MUCI\CPU1_FLASH")
      13              
      14              $C$DW$1 .dwtag  DW_TAG_subprogram
      15                      .dwattr $C$DW$1, DW_AT_name("__eallow")
      16                      .dwattr $C$DW$1, DW_AT_TI_symbol_name("___eallow")
      17                      .dwattr $C$DW$1, DW_AT_declaration
      18                      .dwattr $C$DW$1, DW_AT_external
      19                      .dwendtag $C$DW$1
      20              
      21              
      22              $C$DW$2 .dwtag  DW_TAG_subprogram
      23                      .dwattr $C$DW$2, DW_AT_name("__edis")
      24                      .dwattr $C$DW$2, DW_AT_TI_symbol_name("___edis")
      25                      .dwattr $C$DW$2, DW_AT_declaration
      26                      .dwattr $C$DW$2, DW_AT_external
      27                      .dwendtag $C$DW$2
      28              
      29              ;       D:\Programs\TI\ccs1281\ccs\tools\compiler\ti-cgt-c2000_22.6.1.LTS\bin\opt2000.exe C:\\Users\\Daniel\\
      30              ;       D:\Programs\TI\ccs1281\ccs\tools\compiler\ti-cgt-c2000_22.6.1.LTS\bin\ac2000.exe -@C:\\Users\\Daniel\
      31 00000000               .sect   ".text:_CLA_setTriggerSource"
      32                      .clink
      33                      .global _CLA_setTriggerSource
      34              
      35              $C$DW$3 .dwtag  DW_TAG_subprogram
      36                      .dwattr $C$DW$3, DW_AT_name("CLA_setTriggerSource")
      37                      .dwattr $C$DW$3, DW_AT_low_pc(_CLA_setTriggerSource)
      38                      .dwattr $C$DW$3, DW_AT_high_pc(0x00)
      39                      .dwattr $C$DW$3, DW_AT_TI_symbol_name("_CLA_setTriggerSource")
      40                      .dwattr $C$DW$3, DW_AT_external
      41                      .dwattr $C$DW$3, DW_AT_TI_begin_file("../device/driverlib/cla.c")
      42                      .dwattr $C$DW$3, DW_AT_TI_begin_line(0x31)
      43                      .dwattr $C$DW$3, DW_AT_TI_begin_column(0x01)
      44                      .dwattr $C$DW$3, DW_AT_TI_max_frame_size(-2)
      45                      .dwpsn  file "../device/driverlib/cla.c",line 50,column 1,is_stmt,address _CLA_setTriggerSource,isa 0
      46              
      47                      .dwfde $C$DW$CIE, _CLA_setTriggerSource
      48              $C$DW$4 .dwtag  DW_TAG_formal_parameter
      49                      .dwattr $C$DW$4, DW_AT_name("taskNumber")
      50                      .dwattr $C$DW$4, DW_AT_TI_symbol_name("_taskNumber")
      51                      .dwattr $C$DW$4, DW_AT_type(*$C$DW$T$20)
      52                      .dwattr $C$DW$4, DW_AT_location[DW_OP_reg0]
      53              
      54              $C$DW$5 .dwtag  DW_TAG_formal_parameter
      55                      .dwattr $C$DW$5, DW_AT_name("trigger")
TMS320C2000 Assembler PC v22.6.1 Wed May 21 09:51:55 2025

Copyright (c) 1996-2018 Texas Instruments Incorporated
C:\Users\Daniel\AppData\Local\Temp\{44B20121-11DA-4165-90DA-E3219B7000DD} PAGE    2

      56                      .dwattr $C$DW$5, DW_AT_TI_symbol_name("_trigger")
      57                      .dwattr $C$DW$5, DW_AT_type(*$C$DW$T$23)
      58                      .dwattr $C$DW$5, DW_AT_location[DW_OP_reg1]
      59              
      60              
      61              ;***************************************************************
      62              ;* FNAME: _CLA_setTriggerSource         FR SIZE:   0           *
      63              ;*                                                             *
      64              ;* FUNCTION ENVIRONMENT                                        *
      65              ;*                                                             *
      66              ;* FUNCTION PROPERTIES                                         *
      67              ;*                            0 Parameter,  0 Auto,  0 SOE     *
      68              ;***************************************************************
      69              
      70              _CLA_setTriggerSource:
      71              ;* AR7   assigned to _taskNumber
      72              $C$DW$6 .dwtag  DW_TAG_variable
      73                      .dwattr $C$DW$6, DW_AT_name("taskNumber")
      74                      .dwattr $C$DW$6, DW_AT_TI_symbol_name("_taskNumber")
      75                      .dwattr $C$DW$6, DW_AT_type(*$C$DW$T$21)
      76                      .dwattr $C$DW$6, DW_AT_location[DW_OP_reg18]
      77              
      78              ;* AR6   assigned to _trigger
      79              $C$DW$7 .dwtag  DW_TAG_variable
      80                      .dwattr $C$DW$7, DW_AT_name("trigger")
      81                      .dwattr $C$DW$7, DW_AT_TI_symbol_name("_trigger")
      82                      .dwattr $C$DW$7, DW_AT_type(*$C$DW$T$24)
      83                      .dwattr $C$DW$7, DW_AT_location[DW_OP_reg16]
      84              
      85              ;* AR4   assigned to _srcSelReg
      86              $C$DW$8 .dwtag  DW_TAG_variable
      87                      .dwattr $C$DW$8, DW_AT_name("srcSelReg")
      88                      .dwattr $C$DW$8, DW_AT_TI_symbol_name("_srcSelReg")
      89                      .dwattr $C$DW$8, DW_AT_type(*$C$DW$T$31)
      90                      .dwattr $C$DW$8, DW_AT_location[DW_OP_reg12]
      91              
      92              ;* PL    assigned to _shiftVal
      93              $C$DW$9 .dwtag  DW_TAG_variable
      94                      .dwattr $C$DW$9, DW_AT_name("shiftVal")
      95                      .dwattr $C$DW$9, DW_AT_TI_symbol_name("_shiftVal")
      96                      .dwattr $C$DW$9, DW_AT_type(*$C$DW$T$31)
      97                      .dwattr $C$DW$9, DW_AT_location[DW_OP_reg2]
      98              
      99                      .dwcfi  cfa_offset, -2
     100                      .dwcfi  save_reg_to_mem, 26, 0
     101 00000000 80A9          MOVZ      AR7,AL                ; [CPU_ALU] |50| 
     102 00000001 88A8          MOVZ      AR6,AH                ; [CPU_ALU] |50| 
     103 00000002 2901          CLRC      SXM                   ; [CPU_ALU] 
     104                      .dwpsn  file "../device/driverlib/cla.c",line 57,column 5,is_stmt,isa 0
     105 00000003 9003          ANDB      AL,#3                 ; [CPU_ALU] |57| 
     106 00000004 5603          MOV       ACC,AL << 3           ; [CPU_ALU] |57| 
         00000005 03A9 
     107 00000006 FF5A          MOVL      P,ACC                 ; [CPU_ALU] |57| 
     108 00000007 92A7          MOV       AL,AR7                ; [CPU_ALU] |57| 
     109                      .dwpsn  file "../device/driverlib/cla.c",line 67,column 9,is_stmt,isa 0
TMS320C2000 Assembler PC v22.6.1 Wed May 21 09:51:55 2025

Copyright (c) 1996-2018 Texas Instruments Incorporated
C:\Users\Daniel\AppData\Local\Temp\{44B20121-11DA-4165-90DA-E3219B7000DD} PAGE    3

     110 00000008 5203          CMPB      AL,#3                 ; [CPU_ALU] |67| 
     111 00000009 6604          B         $C$L1,HI              ; [CPU_ALU] |67| 
     112                      ; branchcc occurs ; [] |67| 
     113 0000000a 8F00          MOVL      XAR4,#31110           ; [CPU_ARAU] |67| 
         0000000b 7986 
     114 0000000c 6F03          B         $C$L2,UNC             ; [CPU_ALU] |67| 
     115                      ; branch occurs ; [] |67| 
     116 0000000d       $C$L1:    
     117 0000000d 8F00          MOVL      XAR4,#31112           ; [CPU_ARAU] |67| 
         0000000e 7988 
     118 0000000f       $C$L2:    
     119                      .dwpsn  file "../device/driverlib/cla.c",line 77,column 5,is_stmt,isa 0
     120 0000000f 7622          EALLOW    ; [CPU_ALU] |77| 
     121                      .dwpsn  file "../device/driverlib/cla.c",line 82,column 5,is_stmt,isa 0
     122 00000010 2DAB          MOV       T,PL                  ; [CPU_ALU] |82| 
     123 00000011 02FF          MOVB      ACC,#255              ; [CPU_ALU] |82| 
     124 00000012 563B          LSLL      ACC,T                 ; [CPU_ALU] |82| 
     125 00000013 FF55          NOT       ACC                   ; [CPU_ALU] |82| 
     126 00000014 C0C4          AND       *+XAR4[0],AL          ; [CPU_ALU] |82| 
     127 00000015 C1CC          AND       *+XAR4[1],AH          ; [CPU_ALU] |82| 
     128                      .dwpsn  file "../device/driverlib/cla.c",line 84,column 5,is_stmt,isa 0
     129 00000016 0EA6          MOVU      ACC,AR6               ; [CPU_ALU] |84| 
     130 00000017 563B          LSLL      ACC,T                 ; [CPU_ALU] |84| 
     131 00000018 98C4          OR        *+XAR4[0],AL          ; [CPU_ALU] |84| 
     132 00000019 99CC          OR        *+XAR4[1],AH          ; [CPU_ALU] |84| 
     133                      .dwpsn  file "../device/driverlib/cla.c",line 86,column 5,is_stmt,isa 0
     134 0000001a 761A          EDIS      ; [CPU_ALU] |86| 
     135              $C$DW$10        .dwtag  DW_TAG_TI_branch
     136                      .dwattr $C$DW$10, DW_AT_low_pc(0x00)
     137                      .dwattr $C$DW$10, DW_AT_TI_return
     138              
     139 0000001b 0006          LRETR     ; [CPU_ALU] 
     140                      ; return occurs ; [] 
     141                      .dwattr $C$DW$3, DW_AT_TI_end_file("../device/driverlib/cla.c")
     142                      .dwattr $C$DW$3, DW_AT_TI_end_line(0x57)
     143                      .dwattr $C$DW$3, DW_AT_TI_end_column(0x01)
     144                      .dwendentry
     145                      .dwendtag $C$DW$3
     146              
     147              
     148              ;***************************************************************
     149              ;* TYPE INFORMATION                                            *
     150              ;***************************************************************
     151              
     152              $C$DW$T$19      .dwtag  DW_TAG_enumeration_type
     153                      .dwattr $C$DW$T$19, DW_AT_byte_size(0x01)
     154              $C$DW$11        .dwtag  DW_TAG_enumerator
     155                      .dwattr $C$DW$11, DW_AT_name("CLA_TASK_1")
     156                      .dwattr $C$DW$11, DW_AT_const_value(0x00)
     157              
     158              $C$DW$12        .dwtag  DW_TAG_enumerator
     159                      .dwattr $C$DW$12, DW_AT_name("CLA_TASK_2")
     160                      .dwattr $C$DW$12, DW_AT_const_value(0x01)
     161              
     162              $C$DW$13        .dwtag  DW_TAG_enumerator
TMS320C2000 Assembler PC v22.6.1 Wed May 21 09:51:55 2025

Copyright (c) 1996-2018 Texas Instruments Incorporated
C:\Users\Daniel\AppData\Local\Temp\{44B20121-11DA-4165-90DA-E3219B7000DD} PAGE    4

     163                      .dwattr $C$DW$13, DW_AT_name("CLA_TASK_3")
     164                      .dwattr $C$DW$13, DW_AT_const_value(0x02)
     165              
     166              $C$DW$14        .dwtag  DW_TAG_enumerator
     167                      .dwattr $C$DW$14, DW_AT_name("CLA_TASK_4")
     168                      .dwattr $C$DW$14, DW_AT_const_value(0x03)
     169              
     170              $C$DW$15        .dwtag  DW_TAG_enumerator
     171                      .dwattr $C$DW$15, DW_AT_name("CLA_TASK_5")
     172                      .dwattr $C$DW$15, DW_AT_const_value(0x04)
     173              
     174              $C$DW$16        .dwtag  DW_TAG_enumerator
     175                      .dwattr $C$DW$16, DW_AT_name("CLA_TASK_6")
     176                      .dwattr $C$DW$16, DW_AT_const_value(0x05)
     177              
     178              $C$DW$17        .dwtag  DW_TAG_enumerator
     179                      .dwattr $C$DW$17, DW_AT_name("CLA_TASK_7")
     180                      .dwattr $C$DW$17, DW_AT_const_value(0x06)
     181              
     182              $C$DW$18        .dwtag  DW_TAG_enumerator
     183                      .dwattr $C$DW$18, DW_AT_name("CLA_TASK_8")
     184                      .dwattr $C$DW$18, DW_AT_const_value(0x07)
     185              
     186                      .dwendtag $C$DW$T$19
     187              
     188              $C$DW$T$20      .dwtag  DW_TAG_typedef
     189                      .dwattr $C$DW$T$20, DW_AT_name("CLA_TaskNumber")
     190                      .dwattr $C$DW$T$20, DW_AT_type(*$C$DW$T$19)
     191                      .dwattr $C$DW$T$20, DW_AT_language(DW_LANG_C)
     192              
     193              $C$DW$19        .dwtag  DW_TAG_TI_far_type
     194                      .dwattr $C$DW$19, DW_AT_type(*$C$DW$T$20)
     195              
     196              $C$DW$T$21      .dwtag  DW_TAG_const_type
     197                      .dwattr $C$DW$T$21, DW_AT_type(*$C$DW$19)
     198              
     199              
     200              $C$DW$T$22      .dwtag  DW_TAG_enumeration_type
     201                      .dwattr $C$DW$T$22, DW_AT_byte_size(0x01)
     202              $C$DW$20        .dwtag  DW_TAG_enumerator
     203                      .dwattr $C$DW$20, DW_AT_name("CLA_TRIGGER_SOFTWARE")
     204                      .dwattr $C$DW$20, DW_AT_const_value(0x00)
     205              
     206              $C$DW$21        .dwtag  DW_TAG_enumerator
     207                      .dwattr $C$DW$21, DW_AT_name("CLA_TRIGGER_ADCA1")
     208                      .dwattr $C$DW$21, DW_AT_const_value(0x01)
     209              
     210              $C$DW$22        .dwtag  DW_TAG_enumerator
     211                      .dwattr $C$DW$22, DW_AT_name("CLA_TRIGGER_ADCA2")
     212                      .dwattr $C$DW$22, DW_AT_const_value(0x02)
     213              
     214              $C$DW$23        .dwtag  DW_TAG_enumerator
     215                      .dwattr $C$DW$23, DW_AT_name("CLA_TRIGGER_ADCA3")
     216                      .dwattr $C$DW$23, DW_AT_const_value(0x03)
     217              
TMS320C2000 Assembler PC v22.6.1 Wed May 21 09:51:55 2025

Copyright (c) 1996-2018 Texas Instruments Incorporated
C:\Users\Daniel\AppData\Local\Temp\{44B20121-11DA-4165-90DA-E3219B7000DD} PAGE    5

     218              $C$DW$24        .dwtag  DW_TAG_enumerator
     219                      .dwattr $C$DW$24, DW_AT_name("CLA_TRIGGER_ADCA4")
     220                      .dwattr $C$DW$24, DW_AT_const_value(0x04)
     221              
     222              $C$DW$25        .dwtag  DW_TAG_enumerator
     223                      .dwattr $C$DW$25, DW_AT_name("CLA_TRIGGER_ADCAEVT")
     224                      .dwattr $C$DW$25, DW_AT_const_value(0x05)
     225              
     226              $C$DW$26        .dwtag  DW_TAG_enumerator
     227                      .dwattr $C$DW$26, DW_AT_name("CLA_TRIGGER_ADCB1")
     228                      .dwattr $C$DW$26, DW_AT_const_value(0x06)
     229              
     230              $C$DW$27        .dwtag  DW_TAG_enumerator
     231                      .dwattr $C$DW$27, DW_AT_name("CLA_TRIGGER_ADCB2")
     232                      .dwattr $C$DW$27, DW_AT_const_value(0x07)
     233              
     234              $C$DW$28        .dwtag  DW_TAG_enumerator
     235                      .dwattr $C$DW$28, DW_AT_name("CLA_TRIGGER_ADCB3")
     236                      .dwattr $C$DW$28, DW_AT_const_value(0x08)
     237              
     238              $C$DW$29        .dwtag  DW_TAG_enumerator
     239                      .dwattr $C$DW$29, DW_AT_name("CLA_TRIGGER_ADCB4")
     240                      .dwattr $C$DW$29, DW_AT_const_value(0x09)
     241              
     242              $C$DW$30        .dwtag  DW_TAG_enumerator
     243                      .dwattr $C$DW$30, DW_AT_name("CLA_TRIGGER_ADCBEVT")
     244                      .dwattr $C$DW$30, DW_AT_const_value(0x0a)
     245              
     246              $C$DW$31        .dwtag  DW_TAG_enumerator
     247                      .dwattr $C$DW$31, DW_AT_name("CLA_TRIGGER_ADCC1")
     248                      .dwattr $C$DW$31, DW_AT_const_value(0x0b)
     249              
     250              $C$DW$32        .dwtag  DW_TAG_enumerator
     251                      .dwattr $C$DW$32, DW_AT_name("CLA_TRIGGER_ADCC2")
     252                      .dwattr $C$DW$32, DW_AT_const_value(0x0c)
     253              
     254              $C$DW$33        .dwtag  DW_TAG_enumerator
     255                      .dwattr $C$DW$33, DW_AT_name("CLA_TRIGGER_ADCC3")
     256                      .dwattr $C$DW$33, DW_AT_const_value(0x0d)
     257              
     258              $C$DW$34        .dwtag  DW_TAG_enumerator
     259                      .dwattr $C$DW$34, DW_AT_name("CLA_TRIGGER_ADCC4")
     260                      .dwattr $C$DW$34, DW_AT_const_value(0x0e)
     261              
     262              $C$DW$35        .dwtag  DW_TAG_enumerator
     263                      .dwattr $C$DW$35, DW_AT_name("CLA_TRIGGER_ADCCEVT")
     264                      .dwattr $C$DW$35, DW_AT_const_value(0x0f)
     265              
     266              $C$DW$36        .dwtag  DW_TAG_enumerator
     267                      .dwattr $C$DW$36, DW_AT_name("CLA_TRIGGER_XINT1")
     268                      .dwattr $C$DW$36, DW_AT_const_value(0x1d)
     269              
     270              $C$DW$37        .dwtag  DW_TAG_enumerator
     271                      .dwattr $C$DW$37, DW_AT_name("CLA_TRIGGER_XINT2")
     272                      .dwattr $C$DW$37, DW_AT_const_value(0x1e)
TMS320C2000 Assembler PC v22.6.1 Wed May 21 09:51:55 2025

Copyright (c) 1996-2018 Texas Instruments Incorporated
C:\Users\Daniel\AppData\Local\Temp\{44B20121-11DA-4165-90DA-E3219B7000DD} PAGE    6

     273              
     274              $C$DW$38        .dwtag  DW_TAG_enumerator
     275                      .dwattr $C$DW$38, DW_AT_name("CLA_TRIGGER_XINT3")
     276                      .dwattr $C$DW$38, DW_AT_const_value(0x1f)
     277              
     278              $C$DW$39        .dwtag  DW_TAG_enumerator
     279                      .dwattr $C$DW$39, DW_AT_name("CLA_TRIGGER_XINT4")
     280                      .dwattr $C$DW$39, DW_AT_const_value(0x20)
     281              
     282              $C$DW$40        .dwtag  DW_TAG_enumerator
     283                      .dwattr $C$DW$40, DW_AT_name("CLA_TRIGGER_XINT5")
     284                      .dwattr $C$DW$40, DW_AT_const_value(0x21)
     285              
     286              $C$DW$41        .dwtag  DW_TAG_enumerator
     287                      .dwattr $C$DW$41, DW_AT_name("CLA_TRIGGER_EPWM1INT")
     288                      .dwattr $C$DW$41, DW_AT_const_value(0x24)
     289              
     290              $C$DW$42        .dwtag  DW_TAG_enumerator
     291                      .dwattr $C$DW$42, DW_AT_name("CLA_TRIGGER_EPWM2INT")
     292                      .dwattr $C$DW$42, DW_AT_const_value(0x25)
     293              
     294              $C$DW$43        .dwtag  DW_TAG_enumerator
     295                      .dwattr $C$DW$43, DW_AT_name("CLA_TRIGGER_EPWM3INT")
     296                      .dwattr $C$DW$43, DW_AT_const_value(0x26)
     297              
     298              $C$DW$44        .dwtag  DW_TAG_enumerator
     299                      .dwattr $C$DW$44, DW_AT_name("CLA_TRIGGER_EPWM4INT")
     300                      .dwattr $C$DW$44, DW_AT_const_value(0x27)
     301              
     302              $C$DW$45        .dwtag  DW_TAG_enumerator
     303                      .dwattr $C$DW$45, DW_AT_name("CLA_TRIGGER_EPWM5INT")
     304                      .dwattr $C$DW$45, DW_AT_const_value(0x28)
     305              
     306              $C$DW$46        .dwtag  DW_TAG_enumerator
     307                      .dwattr $C$DW$46, DW_AT_name("CLA_TRIGGER_EPWM6INT")
     308                      .dwattr $C$DW$46, DW_AT_const_value(0x29)
     309              
     310              $C$DW$47        .dwtag  DW_TAG_enumerator
     311                      .dwattr $C$DW$47, DW_AT_name("CLA_TRIGGER_EPWM7INT")
     312                      .dwattr $C$DW$47, DW_AT_const_value(0x2a)
     313              
     314              $C$DW$48        .dwtag  DW_TAG_enumerator
     315                      .dwattr $C$DW$48, DW_AT_name("CLA_TRIGGER_EPWM8INT")
     316                      .dwattr $C$DW$48, DW_AT_const_value(0x2b)
     317              
     318              $C$DW$49        .dwtag  DW_TAG_enumerator
     319                      .dwattr $C$DW$49, DW_AT_name("CLA_TRIGGER_MCANA_FEVT0")
     320                      .dwattr $C$DW$49, DW_AT_const_value(0x34)
     321              
     322              $C$DW$50        .dwtag  DW_TAG_enumerator
     323                      .dwattr $C$DW$50, DW_AT_name("CLA_TRIGGER_MCANA_FEVT1")
     324                      .dwattr $C$DW$50, DW_AT_const_value(0x35)
     325              
     326              $C$DW$51        .dwtag  DW_TAG_enumerator
     327                      .dwattr $C$DW$51, DW_AT_name("CLA_TRIGGER_MCANA_FEVT2")
TMS320C2000 Assembler PC v22.6.1 Wed May 21 09:51:55 2025

Copyright (c) 1996-2018 Texas Instruments Incorporated
C:\Users\Daniel\AppData\Local\Temp\{44B20121-11DA-4165-90DA-E3219B7000DD} PAGE    7

     328                      .dwattr $C$DW$51, DW_AT_const_value(0x36)
     329              
     330              $C$DW$52        .dwtag  DW_TAG_enumerator
     331                      .dwattr $C$DW$52, DW_AT_name("CLA_TRIGGER_TINT0")
     332                      .dwattr $C$DW$52, DW_AT_const_value(0x44)
     333              
     334              $C$DW$53        .dwtag  DW_TAG_enumerator
     335                      .dwattr $C$DW$53, DW_AT_name("CLA_TRIGGER_TINT1")
     336                      .dwattr $C$DW$53, DW_AT_const_value(0x45)
     337              
     338              $C$DW$54        .dwtag  DW_TAG_enumerator
     339                      .dwattr $C$DW$54, DW_AT_name("CLA_TRIGGER_TINT2")
     340                      .dwattr $C$DW$54, DW_AT_const_value(0x46)
     341              
     342              $C$DW$55        .dwtag  DW_TAG_enumerator
     343                      .dwattr $C$DW$55, DW_AT_name("CLA_TRIGGER_ECAP1INT")
     344                      .dwattr $C$DW$55, DW_AT_const_value(0x4b)
     345              
     346              $C$DW$56        .dwtag  DW_TAG_enumerator
     347                      .dwattr $C$DW$56, DW_AT_name("CLA_TRIGGER_ECAP2INT")
     348                      .dwattr $C$DW$56, DW_AT_const_value(0x4c)
     349              
     350              $C$DW$57        .dwtag  DW_TAG_enumerator
     351                      .dwattr $C$DW$57, DW_AT_name("CLA_TRIGGER_ECAP3INT")
     352                      .dwattr $C$DW$57, DW_AT_const_value(0x4d)
     353              
     354              $C$DW$58        .dwtag  DW_TAG_enumerator
     355                      .dwattr $C$DW$58, DW_AT_name("CLA_TRIGGER_EQEP1INT")
     356                      .dwattr $C$DW$58, DW_AT_const_value(0x53)
     357              
     358              $C$DW$59        .dwtag  DW_TAG_enumerator
     359                      .dwattr $C$DW$59, DW_AT_name("CLA_TRIGGER_EQEP2INT")
     360                      .dwattr $C$DW$59, DW_AT_const_value(0x54)
     361              
     362              $C$DW$60        .dwtag  DW_TAG_enumerator
     363                      .dwattr $C$DW$60, DW_AT_name("CLA_TRIGGER_ECAP3INT2")
     364                      .dwattr $C$DW$60, DW_AT_const_value(0x59)
     365              
     366              $C$DW$61        .dwtag  DW_TAG_enumerator
     367                      .dwattr $C$DW$61, DW_AT_name("CLA_TRIGGER_SDFM1INT")
     368                      .dwattr $C$DW$61, DW_AT_const_value(0x5f)
     369              
     370              $C$DW$62        .dwtag  DW_TAG_enumerator
     371                      .dwattr $C$DW$62, DW_AT_name("CLA_TRIGGER_SDFM1DRINT1")
     372                      .dwattr $C$DW$62, DW_AT_const_value(0x60)
     373              
     374              $C$DW$63        .dwtag  DW_TAG_enumerator
     375                      .dwattr $C$DW$63, DW_AT_name("CLA_TRIGGER_SDFM1DRINT2")
     376                      .dwattr $C$DW$63, DW_AT_const_value(0x61)
     377              
     378              $C$DW$64        .dwtag  DW_TAG_enumerator
     379                      .dwattr $C$DW$64, DW_AT_name("CLA_TRIGGER_SDFM1DRINT3")
     380                      .dwattr $C$DW$64, DW_AT_const_value(0x62)
     381              
     382              $C$DW$65        .dwtag  DW_TAG_enumerator
TMS320C2000 Assembler PC v22.6.1 Wed May 21 09:51:55 2025

Copyright (c) 1996-2018 Texas Instruments Incorporated
C:\Users\Daniel\AppData\Local\Temp\{44B20121-11DA-4165-90DA-E3219B7000DD} PAGE    8

     383                      .dwattr $C$DW$65, DW_AT_name("CLA_TRIGGER_SDFM1DRINT4")
     384                      .dwattr $C$DW$65, DW_AT_const_value(0x63)
     385              
     386              $C$DW$66        .dwtag  DW_TAG_enumerator
     387                      .dwattr $C$DW$66, DW_AT_name("CLA_TRIGGER_SDFM2INT")
     388                      .dwattr $C$DW$66, DW_AT_const_value(0x64)
     389              
     390              $C$DW$67        .dwtag  DW_TAG_enumerator
     391                      .dwattr $C$DW$67, DW_AT_name("CLA_TRIGGER_SDFM2DRINT1")
     392                      .dwattr $C$DW$67, DW_AT_const_value(0x65)
     393              
     394              $C$DW$68        .dwtag  DW_TAG_enumerator
     395                      .dwattr $C$DW$68, DW_AT_name("CLA_TRIGGER_SDFM2DRINT2")
     396                      .dwattr $C$DW$68, DW_AT_const_value(0x66)
     397              
     398              $C$DW$69        .dwtag  DW_TAG_enumerator
     399                      .dwattr $C$DW$69, DW_AT_name("CLA_TRIGGER_SDFM2DRINT3")
     400                      .dwattr $C$DW$69, DW_AT_const_value(0x67)
     401              
     402              $C$DW$70        .dwtag  DW_TAG_enumerator
     403                      .dwattr $C$DW$70, DW_AT_name("CLA_TRIGGER_SDFM2DRINT4")
     404                      .dwattr $C$DW$70, DW_AT_const_value(0x68)
     405              
     406              $C$DW$71        .dwtag  DW_TAG_enumerator
     407                      .dwattr $C$DW$71, DW_AT_name("CLA_TRIGGER_PMBUSAINT")
     408                      .dwattr $C$DW$71, DW_AT_const_value(0x69)
     409              
     410              $C$DW$72        .dwtag  DW_TAG_enumerator
     411                      .dwattr $C$DW$72, DW_AT_name("CLA_TRIGGER_SPITXAINT")
     412                      .dwattr $C$DW$72, DW_AT_const_value(0x6d)
     413              
     414              $C$DW$73        .dwtag  DW_TAG_enumerator
     415                      .dwattr $C$DW$73, DW_AT_name("CLA_TRIGGER_SPIRXAINT")
     416                      .dwattr $C$DW$73, DW_AT_const_value(0x6e)
     417              
     418              $C$DW$74        .dwtag  DW_TAG_enumerator
     419                      .dwattr $C$DW$74, DW_AT_name("CLA_TRIGGER_SPITXBINT")
     420                      .dwattr $C$DW$74, DW_AT_const_value(0x6f)
     421              
     422              $C$DW$75        .dwtag  DW_TAG_enumerator
     423                      .dwattr $C$DW$75, DW_AT_name("CLA_TRIGGER_SPIRXBINT")
     424                      .dwattr $C$DW$75, DW_AT_const_value(0x70)
     425              
     426              $C$DW$76        .dwtag  DW_TAG_enumerator
     427                      .dwattr $C$DW$76, DW_AT_name("CLA_TRIGGER_LINAINT1")
     428                      .dwattr $C$DW$76, DW_AT_const_value(0x75)
     429              
     430              $C$DW$77        .dwtag  DW_TAG_enumerator
     431                      .dwattr $C$DW$77, DW_AT_name("CLA_TRIGGER_LINAINT0")
     432                      .dwattr $C$DW$77, DW_AT_const_value(0x76)
     433              
     434              $C$DW$78        .dwtag  DW_TAG_enumerator
     435                      .dwattr $C$DW$78, DW_AT_name("CLA_TRIGGER_LINBINT1")
     436                      .dwattr $C$DW$78, DW_AT_const_value(0x77)
     437              
TMS320C2000 Assembler PC v22.6.1 Wed May 21 09:51:55 2025

Copyright (c) 1996-2018 Texas Instruments Incorporated
C:\Users\Daniel\AppData\Local\Temp\{44B20121-11DA-4165-90DA-E3219B7000DD} PAGE    9

     438              $C$DW$79        .dwtag  DW_TAG_enumerator
     439                      .dwattr $C$DW$79, DW_AT_name("CLA_TRIGGER_LINBINT0")
     440                      .dwattr $C$DW$79, DW_AT_const_value(0x78)
     441              
     442              $C$DW$80        .dwtag  DW_TAG_enumerator
     443                      .dwattr $C$DW$80, DW_AT_name("CLA_TRIGGER_CLA1CRCINT")
     444                      .dwattr $C$DW$80, DW_AT_const_value(0x79)
     445              
     446              $C$DW$81        .dwtag  DW_TAG_enumerator
     447                      .dwattr $C$DW$81, DW_AT_name("CLA_TRIGGER_FSITXAINT1")
     448                      .dwattr $C$DW$81, DW_AT_const_value(0x7b)
     449              
     450              $C$DW$82        .dwtag  DW_TAG_enumerator
     451                      .dwattr $C$DW$82, DW_AT_name("CLA_TRIGGER_FSITXAINT2")
     452                      .dwattr $C$DW$82, DW_AT_const_value(0x7c)
     453              
     454              $C$DW$83        .dwtag  DW_TAG_enumerator
     455                      .dwattr $C$DW$83, DW_AT_name("CLA_TRIGGER_FSIRXAINT1")
     456                      .dwattr $C$DW$83, DW_AT_const_value(0x7d)
     457              
     458              $C$DW$84        .dwtag  DW_TAG_enumerator
     459                      .dwattr $C$DW$84, DW_AT_name("CLA_TRIGGER_FSIRXAINT2")
     460                      .dwattr $C$DW$84, DW_AT_const_value(0x7e)
     461              
     462              $C$DW$85        .dwtag  DW_TAG_enumerator
     463                      .dwattr $C$DW$85, DW_AT_name("CLA_TRIGGER_CLB1INT")
     464                      .dwattr $C$DW$85, DW_AT_const_value(0x7f)
     465              
     466              $C$DW$86        .dwtag  DW_TAG_enumerator
     467                      .dwattr $C$DW$86, DW_AT_name("CLA_TRIGGER_CLB2INT")
     468                      .dwattr $C$DW$86, DW_AT_const_value(0x80)
     469              
     470              $C$DW$87        .dwtag  DW_TAG_enumerator
     471                      .dwattr $C$DW$87, DW_AT_name("CLA_TRIGGER_CLB3INT")
     472                      .dwattr $C$DW$87, DW_AT_const_value(0x81)
     473              
     474              $C$DW$88        .dwtag  DW_TAG_enumerator
     475                      .dwattr $C$DW$88, DW_AT_name("CLA_TRIGGER_CLB4INT")
     476                      .dwattr $C$DW$88, DW_AT_const_value(0x82)
     477              
     478              $C$DW$89        .dwtag  DW_TAG_enumerator
     479                      .dwattr $C$DW$89, DW_AT_name("CLA_TRIGGER_HICAINT")
     480                      .dwattr $C$DW$89, DW_AT_const_value(0xb3)
     481              
     482              $C$DW$90        .dwtag  DW_TAG_enumerator
     483                      .dwattr $C$DW$90, DW_AT_name("CLA_TRIGGER_DMACH1INT")
     484                      .dwattr $C$DW$90, DW_AT_const_value(0xb8)
     485              
     486              $C$DW$91        .dwtag  DW_TAG_enumerator
     487                      .dwattr $C$DW$91, DW_AT_name("CLA_TRIGGER_DMACH2INT")
     488                      .dwattr $C$DW$91, DW_AT_const_value(0xb9)
     489              
     490              $C$DW$92        .dwtag  DW_TAG_enumerator
     491                      .dwattr $C$DW$92, DW_AT_name("CLA_TRIGGER_DMACH3INT")
     492                      .dwattr $C$DW$92, DW_AT_const_value(0xba)
TMS320C2000 Assembler PC v22.6.1 Wed May 21 09:51:55 2025

Copyright (c) 1996-2018 Texas Instruments Incorporated
C:\Users\Daniel\AppData\Local\Temp\{44B20121-11DA-4165-90DA-E3219B7000DD} PAGE   10

     493              
     494              $C$DW$93        .dwtag  DW_TAG_enumerator
     495                      .dwattr $C$DW$93, DW_AT_name("CLA_TRIGGER_DMACH4INT")
     496                      .dwattr $C$DW$93, DW_AT_const_value(0xbb)
     497              
     498              $C$DW$94        .dwtag  DW_TAG_enumerator
     499                      .dwattr $C$DW$94, DW_AT_name("CLA_TRIGGER_DMACH5INT")
     500                      .dwattr $C$DW$94, DW_AT_const_value(0xbc)
     501              
     502              $C$DW$95        .dwtag  DW_TAG_enumerator
     503                      .dwattr $C$DW$95, DW_AT_name("CLA_TRIGGER_DMACH6INT")
     504                      .dwattr $C$DW$95, DW_AT_const_value(0xbd)
     505              
     506                      .dwendtag $C$DW$T$22
     507              
     508              $C$DW$T$23      .dwtag  DW_TAG_typedef
     509                      .dwattr $C$DW$T$23, DW_AT_name("CLA_Trigger")
     510                      .dwattr $C$DW$T$23, DW_AT_type(*$C$DW$T$22)
     511                      .dwattr $C$DW$T$23, DW_AT_language(DW_LANG_C)
     512              
     513              $C$DW$96        .dwtag  DW_TAG_TI_far_type
     514                      .dwattr $C$DW$96, DW_AT_type(*$C$DW$T$23)
     515              
     516              $C$DW$T$24      .dwtag  DW_TAG_const_type
     517                      .dwattr $C$DW$T$24, DW_AT_type(*$C$DW$96)
     518              
     519              $C$DW$T$2       .dwtag  DW_TAG_unspecified_type
     520                      .dwattr $C$DW$T$2, DW_AT_name("void")
     521              
     522              $C$DW$T$4       .dwtag  DW_TAG_base_type
     523                      .dwattr $C$DW$T$4, DW_AT_encoding(DW_ATE_boolean)
     524                      .dwattr $C$DW$T$4, DW_AT_name("bool")
     525                      .dwattr $C$DW$T$4, DW_AT_byte_size(0x01)
     526              
     527              $C$DW$T$5       .dwtag  DW_TAG_base_type
     528                      .dwattr $C$DW$T$5, DW_AT_encoding(DW_ATE_signed_char)
     529                      .dwattr $C$DW$T$5, DW_AT_name("signed char")
     530                      .dwattr $C$DW$T$5, DW_AT_byte_size(0x01)
     531              
     532              $C$DW$T$6       .dwtag  DW_TAG_base_type
     533                      .dwattr $C$DW$T$6, DW_AT_encoding(DW_ATE_unsigned_char)
     534                      .dwattr $C$DW$T$6, DW_AT_name("unsigned char")
     535                      .dwattr $C$DW$T$6, DW_AT_byte_size(0x01)
     536              
     537              $C$DW$T$7       .dwtag  DW_TAG_base_type
     538                      .dwattr $C$DW$T$7, DW_AT_encoding(DW_ATE_signed_char)
     539                      .dwattr $C$DW$T$7, DW_AT_name("wchar_t")
     540                      .dwattr $C$DW$T$7, DW_AT_byte_size(0x01)
     541              
     542              $C$DW$T$8       .dwtag  DW_TAG_base_type
     543                      .dwattr $C$DW$T$8, DW_AT_encoding(DW_ATE_signed)
     544                      .dwattr $C$DW$T$8, DW_AT_name("short")
     545                      .dwattr $C$DW$T$8, DW_AT_byte_size(0x01)
     546              
     547              $C$DW$T$9       .dwtag  DW_TAG_base_type
TMS320C2000 Assembler PC v22.6.1 Wed May 21 09:51:55 2025

Copyright (c) 1996-2018 Texas Instruments Incorporated
C:\Users\Daniel\AppData\Local\Temp\{44B20121-11DA-4165-90DA-E3219B7000DD} PAGE   11

     548                      .dwattr $C$DW$T$9, DW_AT_encoding(DW_ATE_unsigned)
     549                      .dwattr $C$DW$T$9, DW_AT_name("unsigned short")
     550                      .dwattr $C$DW$T$9, DW_AT_byte_size(0x01)
     551              
     552              $C$DW$T$10      .dwtag  DW_TAG_base_type
     553                      .dwattr $C$DW$T$10, DW_AT_encoding(DW_ATE_signed)
     554                      .dwattr $C$DW$T$10, DW_AT_name("int")
     555                      .dwattr $C$DW$T$10, DW_AT_byte_size(0x01)
     556              
     557              $C$DW$T$11      .dwtag  DW_TAG_base_type
     558                      .dwattr $C$DW$T$11, DW_AT_encoding(DW_ATE_unsigned)
     559                      .dwattr $C$DW$T$11, DW_AT_name("unsigned int")
     560                      .dwattr $C$DW$T$11, DW_AT_byte_size(0x01)
     561              
     562              $C$DW$T$12      .dwtag  DW_TAG_base_type
     563                      .dwattr $C$DW$T$12, DW_AT_encoding(DW_ATE_signed)
     564                      .dwattr $C$DW$T$12, DW_AT_name("long")
     565                      .dwattr $C$DW$T$12, DW_AT_byte_size(0x02)
     566              
     567              $C$DW$T$13      .dwtag  DW_TAG_base_type
     568                      .dwattr $C$DW$T$13, DW_AT_encoding(DW_ATE_unsigned)
     569                      .dwattr $C$DW$T$13, DW_AT_name("unsigned long")
     570                      .dwattr $C$DW$T$13, DW_AT_byte_size(0x02)
     571              
     572              $C$DW$T$30      .dwtag  DW_TAG_typedef
     573                      .dwattr $C$DW$T$30, DW_AT_name("__uint32_t")
     574                      .dwattr $C$DW$T$30, DW_AT_type(*$C$DW$T$13)
     575                      .dwattr $C$DW$T$30, DW_AT_language(DW_LANG_C)
     576              
     577              $C$DW$T$31      .dwtag  DW_TAG_typedef
     578                      .dwattr $C$DW$T$31, DW_AT_name("uint32_t")
     579                      .dwattr $C$DW$T$31, DW_AT_type(*$C$DW$T$30)
     580                      .dwattr $C$DW$T$31, DW_AT_language(DW_LANG_C)
     581              
     582              $C$DW$T$14      .dwtag  DW_TAG_base_type
     583                      .dwattr $C$DW$T$14, DW_AT_encoding(DW_ATE_signed)
     584                      .dwattr $C$DW$T$14, DW_AT_name("long long")
     585                      .dwattr $C$DW$T$14, DW_AT_byte_size(0x04)
     586              
     587              $C$DW$T$15      .dwtag  DW_TAG_base_type
     588                      .dwattr $C$DW$T$15, DW_AT_encoding(DW_ATE_unsigned)
     589                      .dwattr $C$DW$T$15, DW_AT_name("unsigned long long")
     590                      .dwattr $C$DW$T$15, DW_AT_byte_size(0x04)
     591              
     592              $C$DW$T$16      .dwtag  DW_TAG_base_type
     593                      .dwattr $C$DW$T$16, DW_AT_encoding(DW_ATE_float)
     594                      .dwattr $C$DW$T$16, DW_AT_name("float")
     595                      .dwattr $C$DW$T$16, DW_AT_byte_size(0x02)
     596              
     597              $C$DW$T$17      .dwtag  DW_TAG_base_type
     598                      .dwattr $C$DW$T$17, DW_AT_encoding(DW_ATE_float)
     599                      .dwattr $C$DW$T$17, DW_AT_name("double")
     600                      .dwattr $C$DW$T$17, DW_AT_byte_size(0x02)
     601              
     602              $C$DW$T$18      .dwtag  DW_TAG_base_type
TMS320C2000 Assembler PC v22.6.1 Wed May 21 09:51:55 2025

Copyright (c) 1996-2018 Texas Instruments Incorporated
C:\Users\Daniel\AppData\Local\Temp\{44B20121-11DA-4165-90DA-E3219B7000DD} PAGE   12

     603                      .dwattr $C$DW$T$18, DW_AT_encoding(DW_ATE_float)
     604                      .dwattr $C$DW$T$18, DW_AT_name("long double")
     605                      .dwattr $C$DW$T$18, DW_AT_byte_size(0x04)
     606              
     607                      .dwattr $C$DW$CU, DW_AT_language(DW_LANG_C)
     608              
     609              ;***************************************************************
     610              ;* DWARF CIE ENTRIES                                           *
     611              ;***************************************************************
     612              
     613              $C$DW$CIE       .dwcie 26
     614                      .dwcfi  cfa_register, 20
     615                      .dwcfi  cfa_offset, 0
     616                      .dwcfi  same_value, 28
     617                      .dwcfi  same_value, 6
     618                      .dwcfi  same_value, 7
     619                      .dwcfi  same_value, 8
     620                      .dwcfi  same_value, 9
     621                      .dwcfi  same_value, 10
     622                      .dwcfi  same_value, 11
     623                      .dwcfi  same_value, 59
     624                      .dwcfi  same_value, 63
     625                      .dwcfi  same_value, 67
     626                      .dwcfi  same_value, 71
     627                      .dwendentry
     628              
     629              ;***************************************************************
     630              ;* DWARF REGISTER MAP                                          *
     631              ;***************************************************************
     632              
     633              $C$DW$97        .dwtag  DW_TAG_TI_assign_register
     634                      .dwattr $C$DW$97, DW_AT_name("AL")
     635                      .dwattr $C$DW$97, DW_AT_location[DW_OP_reg0]
     636              
     637              $C$DW$98        .dwtag  DW_TAG_TI_assign_register
     638                      .dwattr $C$DW$98, DW_AT_name("AH")
     639                      .dwattr $C$DW$98, DW_AT_location[DW_OP_reg1]
     640              
     641              $C$DW$99        .dwtag  DW_TAG_TI_assign_register
     642                      .dwattr $C$DW$99, DW_AT_name("PL")
     643                      .dwattr $C$DW$99, DW_AT_location[DW_OP_reg2]
     644              
     645              $C$DW$100       .dwtag  DW_TAG_TI_assign_register
     646                      .dwattr $C$DW$100, DW_AT_name("PH")
     647                      .dwattr $C$DW$100, DW_AT_location[DW_OP_reg3]
     648              
     649              $C$DW$101       .dwtag  DW_TAG_TI_assign_register
     650                      .dwattr $C$DW$101, DW_AT_name("SP")
     651                      .dwattr $C$DW$101, DW_AT_location[DW_OP_reg20]
     652              
     653              $C$DW$102       .dwtag  DW_TAG_TI_assign_register
     654                      .dwattr $C$DW$102, DW_AT_name("XT")
     655                      .dwattr $C$DW$102, DW_AT_location[DW_OP_reg21]
     656              
     657              $C$DW$103       .dwtag  DW_TAG_TI_assign_register
TMS320C2000 Assembler PC v22.6.1 Wed May 21 09:51:55 2025

Copyright (c) 1996-2018 Texas Instruments Incorporated
C:\Users\Daniel\AppData\Local\Temp\{44B20121-11DA-4165-90DA-E3219B7000DD} PAGE   13

     658                      .dwattr $C$DW$103, DW_AT_name("T")
     659                      .dwattr $C$DW$103, DW_AT_location[DW_OP_reg22]
     660              
     661              $C$DW$104       .dwtag  DW_TAG_TI_assign_register
     662                      .dwattr $C$DW$104, DW_AT_name("ST0")
     663                      .dwattr $C$DW$104, DW_AT_location[DW_OP_reg23]
     664              
     665              $C$DW$105       .dwtag  DW_TAG_TI_assign_register
     666                      .dwattr $C$DW$105, DW_AT_name("ST1")
     667                      .dwattr $C$DW$105, DW_AT_location[DW_OP_reg24]
     668              
     669              $C$DW$106       .dwtag  DW_TAG_TI_assign_register
     670                      .dwattr $C$DW$106, DW_AT_name("PC")
     671                      .dwattr $C$DW$106, DW_AT_location[DW_OP_reg25]
     672              
     673              $C$DW$107       .dwtag  DW_TAG_TI_assign_register
     674                      .dwattr $C$DW$107, DW_AT_name("RPC")
     675                      .dwattr $C$DW$107, DW_AT_location[DW_OP_reg26]
     676              
     677              $C$DW$108       .dwtag  DW_TAG_TI_assign_register
     678                      .dwattr $C$DW$108, DW_AT_name("FP")
     679                      .dwattr $C$DW$108, DW_AT_location[DW_OP_reg28]
     680              
     681              $C$DW$109       .dwtag  DW_TAG_TI_assign_register
     682                      .dwattr $C$DW$109, DW_AT_name("DP")
     683                      .dwattr $C$DW$109, DW_AT_location[DW_OP_reg29]
     684              
     685              $C$DW$110       .dwtag  DW_TAG_TI_assign_register
     686                      .dwattr $C$DW$110, DW_AT_name("SXM")
     687                      .dwattr $C$DW$110, DW_AT_location[DW_OP_reg30]
     688              
     689              $C$DW$111       .dwtag  DW_TAG_TI_assign_register
     690                      .dwattr $C$DW$111, DW_AT_name("PM")
     691                      .dwattr $C$DW$111, DW_AT_location[DW_OP_reg31]
     692              
     693              $C$DW$112       .dwtag  DW_TAG_TI_assign_register
     694                      .dwattr $C$DW$112, DW_AT_name("OVM")
     695                      .dwattr $C$DW$112, DW_AT_location[DW_OP_regx 0x20]
     696              
     697              $C$DW$113       .dwtag  DW_TAG_TI_assign_register
     698                      .dwattr $C$DW$113, DW_AT_name("PAGE0")
     699                      .dwattr $C$DW$113, DW_AT_location[DW_OP_regx 0x21]
     700              
     701              $C$DW$114       .dwtag  DW_TAG_TI_assign_register
     702                      .dwattr $C$DW$114, DW_AT_name("AMODE")
     703                      .dwattr $C$DW$114, DW_AT_location[DW_OP_regx 0x22]
     704              
     705              $C$DW$115       .dwtag  DW_TAG_TI_assign_register
     706                      .dwattr $C$DW$115, DW_AT_name("EALLOW")
     707                      .dwattr $C$DW$115, DW_AT_location[DW_OP_regx 0x4e]
     708              
     709              $C$DW$116       .dwtag  DW_TAG_TI_assign_register
     710                      .dwattr $C$DW$116, DW_AT_name("INTM")
     711                      .dwattr $C$DW$116, DW_AT_location[DW_OP_regx 0x23]
     712              
TMS320C2000 Assembler PC v22.6.1 Wed May 21 09:51:55 2025

Copyright (c) 1996-2018 Texas Instruments Incorporated
C:\Users\Daniel\AppData\Local\Temp\{44B20121-11DA-4165-90DA-E3219B7000DD} PAGE   14

     713              $C$DW$117       .dwtag  DW_TAG_TI_assign_register
     714                      .dwattr $C$DW$117, DW_AT_name("IFR")
     715                      .dwattr $C$DW$117, DW_AT_location[DW_OP_regx 0x24]
     716              
     717              $C$DW$118       .dwtag  DW_TAG_TI_assign_register
     718                      .dwattr $C$DW$118, DW_AT_name("IER")
     719                      .dwattr $C$DW$118, DW_AT_location[DW_OP_regx 0x25]
     720              
     721              $C$DW$119       .dwtag  DW_TAG_TI_assign_register
     722                      .dwattr $C$DW$119, DW_AT_name("V")
     723                      .dwattr $C$DW$119, DW_AT_location[DW_OP_regx 0x26]
     724              
     725              $C$DW$120       .dwtag  DW_TAG_TI_assign_register
     726                      .dwattr $C$DW$120, DW_AT_name("PSEUDOH")
     727                      .dwattr $C$DW$120, DW_AT_location[DW_OP_regx 0x4c]
     728              
     729              $C$DW$121       .dwtag  DW_TAG_TI_assign_register
     730                      .dwattr $C$DW$121, DW_AT_name("VOL")
     731                      .dwattr $C$DW$121, DW_AT_location[DW_OP_regx 0x4d]
     732              
     733              $C$DW$122       .dwtag  DW_TAG_TI_assign_register
     734                      .dwattr $C$DW$122, DW_AT_name("AR0")
     735                      .dwattr $C$DW$122, DW_AT_location[DW_OP_reg4]
     736              
     737              $C$DW$123       .dwtag  DW_TAG_TI_assign_register
     738                      .dwattr $C$DW$123, DW_AT_name("XAR0")
     739                      .dwattr $C$DW$123, DW_AT_location[DW_OP_reg5]
     740              
     741              $C$DW$124       .dwtag  DW_TAG_TI_assign_register
     742                      .dwattr $C$DW$124, DW_AT_name("AR1")
     743                      .dwattr $C$DW$124, DW_AT_location[DW_OP_reg6]
     744              
     745              $C$DW$125       .dwtag  DW_TAG_TI_assign_register
     746                      .dwattr $C$DW$125, DW_AT_name("XAR1")
     747                      .dwattr $C$DW$125, DW_AT_location[DW_OP_reg7]
     748              
     749              $C$DW$126       .dwtag  DW_TAG_TI_assign_register
     750                      .dwattr $C$DW$126, DW_AT_name("AR2")
     751                      .dwattr $C$DW$126, DW_AT_location[DW_OP_reg8]
     752              
     753              $C$DW$127       .dwtag  DW_TAG_TI_assign_register
     754                      .dwattr $C$DW$127, DW_AT_name("XAR2")
     755                      .dwattr $C$DW$127, DW_AT_location[DW_OP_reg9]
     756              
     757              $C$DW$128       .dwtag  DW_TAG_TI_assign_register
     758                      .dwattr $C$DW$128, DW_AT_name("AR3")
     759                      .dwattr $C$DW$128, DW_AT_location[DW_OP_reg10]
     760              
     761              $C$DW$129       .dwtag  DW_TAG_TI_assign_register
     762                      .dwattr $C$DW$129, DW_AT_name("XAR3")
     763                      .dwattr $C$DW$129, DW_AT_location[DW_OP_reg11]
     764              
     765              $C$DW$130       .dwtag  DW_TAG_TI_assign_register
     766                      .dwattr $C$DW$130, DW_AT_name("AR4")
     767                      .dwattr $C$DW$130, DW_AT_location[DW_OP_reg12]
TMS320C2000 Assembler PC v22.6.1 Wed May 21 09:51:55 2025

Copyright (c) 1996-2018 Texas Instruments Incorporated
C:\Users\Daniel\AppData\Local\Temp\{44B20121-11DA-4165-90DA-E3219B7000DD} PAGE   15

     768              
     769              $C$DW$131       .dwtag  DW_TAG_TI_assign_register
     770                      .dwattr $C$DW$131, DW_AT_name("XAR4")
     771                      .dwattr $C$DW$131, DW_AT_location[DW_OP_reg13]
     772              
     773              $C$DW$132       .dwtag  DW_TAG_TI_assign_register
     774                      .dwattr $C$DW$132, DW_AT_name("AR5")
     775                      .dwattr $C$DW$132, DW_AT_location[DW_OP_reg14]
     776              
     777              $C$DW$133       .dwtag  DW_TAG_TI_assign_register
     778                      .dwattr $C$DW$133, DW_AT_name("XAR5")
     779                      .dwattr $C$DW$133, DW_AT_location[DW_OP_reg15]
     780              
     781              $C$DW$134       .dwtag  DW_TAG_TI_assign_register
     782                      .dwattr $C$DW$134, DW_AT_name("AR6")
     783                      .dwattr $C$DW$134, DW_AT_location[DW_OP_reg16]
     784              
     785              $C$DW$135       .dwtag  DW_TAG_TI_assign_register
     786                      .dwattr $C$DW$135, DW_AT_name("XAR6")
     787                      .dwattr $C$DW$135, DW_AT_location[DW_OP_reg17]
     788              
     789              $C$DW$136       .dwtag  DW_TAG_TI_assign_register
     790                      .dwattr $C$DW$136, DW_AT_name("AR7")
     791                      .dwattr $C$DW$136, DW_AT_location[DW_OP_reg18]
     792              
     793              $C$DW$137       .dwtag  DW_TAG_TI_assign_register
     794                      .dwattr $C$DW$137, DW_AT_name("XAR7")
     795                      .dwattr $C$DW$137, DW_AT_location[DW_OP_reg19]
     796              
     797              $C$DW$138       .dwtag  DW_TAG_TI_assign_register
     798                      .dwattr $C$DW$138, DW_AT_name("R0H")
     799                      .dwattr $C$DW$138, DW_AT_location[DW_OP_regx 0x2b]
     800              
     801              $C$DW$139       .dwtag  DW_TAG_TI_assign_register
     802                      .dwattr $C$DW$139, DW_AT_name("R1H")
     803                      .dwattr $C$DW$139, DW_AT_location[DW_OP_regx 0x2f]
     804              
     805              $C$DW$140       .dwtag  DW_TAG_TI_assign_register
     806                      .dwattr $C$DW$140, DW_AT_name("R2H")
     807                      .dwattr $C$DW$140, DW_AT_location[DW_OP_regx 0x33]
     808              
     809              $C$DW$141       .dwtag  DW_TAG_TI_assign_register
     810                      .dwattr $C$DW$141, DW_AT_name("R3H")
     811                      .dwattr $C$DW$141, DW_AT_location[DW_OP_regx 0x37]
     812              
     813              $C$DW$142       .dwtag  DW_TAG_TI_assign_register
     814                      .dwattr $C$DW$142, DW_AT_name("R4H")
     815                      .dwattr $C$DW$142, DW_AT_location[DW_OP_regx 0x3b]
     816              
     817              $C$DW$143       .dwtag  DW_TAG_TI_assign_register
     818                      .dwattr $C$DW$143, DW_AT_name("R5H")
     819                      .dwattr $C$DW$143, DW_AT_location[DW_OP_regx 0x3f]
     820              
     821              $C$DW$144       .dwtag  DW_TAG_TI_assign_register
     822                      .dwattr $C$DW$144, DW_AT_name("R6H")
TMS320C2000 Assembler PC v22.6.1 Wed May 21 09:51:55 2025

Copyright (c) 1996-2018 Texas Instruments Incorporated
C:\Users\Daniel\AppData\Local\Temp\{44B20121-11DA-4165-90DA-E3219B7000DD} PAGE   16

     823                      .dwattr $C$DW$144, DW_AT_location[DW_OP_regx 0x43]
     824              
     825              $C$DW$145       .dwtag  DW_TAG_TI_assign_register
     826                      .dwattr $C$DW$145, DW_AT_name("R7H")
     827                      .dwattr $C$DW$145, DW_AT_location[DW_OP_regx 0x47]
     828              
     829              $C$DW$146       .dwtag  DW_TAG_TI_assign_register
     830                      .dwattr $C$DW$146, DW_AT_name("RB")
     831                      .dwattr $C$DW$146, DW_AT_location[DW_OP_regx 0x4a]
     832              
     833              $C$DW$147       .dwtag  DW_TAG_TI_assign_register
     834                      .dwattr $C$DW$147, DW_AT_name("STF")
     835                      .dwattr $C$DW$147, DW_AT_location[DW_OP_regx 0x28]
     836              
     837              $C$DW$148       .dwtag  DW_TAG_TI_assign_register
     838                      .dwattr $C$DW$148, DW_AT_name("FPUHAZ")
     839                      .dwattr $C$DW$148, DW_AT_location[DW_OP_reg27]
     840              
     841              $C$DW$149       .dwtag  DW_TAG_TI_assign_register
     842                      .dwattr $C$DW$149, DW_AT_name("STF_HWDIV")
     843                      .dwattr $C$DW$149, DW_AT_location[DW_OP_regx 0x4f]
     844              
     845              $C$DW$150       .dwtag  DW_TAG_TI_assign_register
     846                      .dwattr $C$DW$150, DW_AT_name("VCRC")
     847                      .dwattr $C$DW$150, DW_AT_location[DW_OP_regx 0x50]
     848              
     849              $C$DW$151       .dwtag  DW_TAG_TI_assign_register
     850                      .dwattr $C$DW$151, DW_AT_name("VSTATUS")
     851                      .dwattr $C$DW$151, DW_AT_location[DW_OP_regx 0x51]
     852              
     853              $C$DW$152       .dwtag  DW_TAG_TI_assign_register
     854                      .dwattr $C$DW$152, DW_AT_name("VCRCPOLY")
     855                      .dwattr $C$DW$152, DW_AT_location[DW_OP_regx 0x52]
     856              
     857              $C$DW$153       .dwtag  DW_TAG_TI_assign_register
     858                      .dwattr $C$DW$153, DW_AT_name("VCRCSIZE")
     859                      .dwattr $C$DW$153, DW_AT_location[DW_OP_regx 0x53]
     860              
     861                      .dwendtag $C$DW$CU
     862              

No Assembly Errors, No Assembly Warnings
