TMS320C2000 Assembler PC v22.6.1 Wed May 21 09:51:56 2025

Copyright (c) 1996-2018 Texas Instruments Incorporated
C:\Users\Daniel\AppData\Local\Temp\{C8800D8B-1166-47F3-AD33-FE81BD97B89E} PAGE    1

       1              ;***************************************************************
       2              ;* TMS320C2000 G3 C/C++ Codegen                               PC v22.6.1.LTS *
       3              ;* Date/Time created: Wed May 21 09:51:56 2025                 *
       4              ;***************************************************************
       5                      .compiler_opts --abi=coffabi --cla_support=cla2 --diag_wrap=off --float_support=fpu32 --hll_source=on
       6                      .asg    XAR2, FP
       7              
       8              $C$DW$CU        .dwtag  DW_TAG_compile_unit
       9                      .dwattr $C$DW$CU, DW_AT_name("../device/driverlib/epg.c")
      10                      .dwattr $C$DW$CU, DW_AT_producer("TI TMS320C2000 G3 C/C++ Codegen PC v22.6.1.LTS Copyright (c) 1996-2
      11                      .dwattr $C$DW$CU, DW_AT_TI_version(0x01)
      12                      .dwattr $C$DW$CU, DW_AT_comp_dir("C:\Users\Daniel\CodeComposer\UPS_MUCI\CPU1_FLASH")
      13              
      14              $C$DW$1 .dwtag  DW_TAG_subprogram
      15                      .dwattr $C$DW$1, DW_AT_name("__error__")
      16                      .dwattr $C$DW$1, DW_AT_TI_symbol_name("___error__")
      17                      .dwattr $C$DW$1, DW_AT_declaration
      18                      .dwattr $C$DW$1, DW_AT_external
      19              $C$DW$2 .dwtag  DW_TAG_formal_parameter
      20                      .dwattr $C$DW$2, DW_AT_type(*$C$DW$T$27)
      21              
      22              $C$DW$3 .dwtag  DW_TAG_formal_parameter
      23                      .dwattr $C$DW$3, DW_AT_type(*$C$DW$T$29)
      24              
      25                      .dwendtag $C$DW$1
      26              
      27              ;       D:\Programs\TI\ccs1281\ccs\tools\compiler\ti-cgt-c2000_22.6.1.LTS\bin\opt2000.exe C:\\Users\\Daniel\\
      28              ;       D:\Programs\TI\ccs1281\ccs\tools\compiler\ti-cgt-c2000_22.6.1.LTS\bin\ac2000.exe -@C:\\Users\\Daniel\
      29 00000000               .sect   ".text:_EPG_selectEPGDataOut"
      30                      .clink
      31                      .global _EPG_selectEPGDataOut
      32              
      33              $C$DW$4 .dwtag  DW_TAG_subprogram
      34                      .dwattr $C$DW$4, DW_AT_name("EPG_selectEPGDataOut")
      35                      .dwattr $C$DW$4, DW_AT_low_pc(_EPG_selectEPGDataOut)
      36                      .dwattr $C$DW$4, DW_AT_high_pc(0x00)
      37                      .dwattr $C$DW$4, DW_AT_TI_symbol_name("_EPG_selectEPGDataOut")
      38                      .dwattr $C$DW$4, DW_AT_external
      39                      .dwattr $C$DW$4, DW_AT_TI_begin_file("../device/driverlib/epg.c")
      40                      .dwattr $C$DW$4, DW_AT_TI_begin_line(0x2e)
      41                      .dwattr $C$DW$4, DW_AT_TI_begin_column(0x06)
      42                      .dwattr $C$DW$4, DW_AT_TI_max_frame_size(-8)
      43                      .dwpsn  file "../device/driverlib/epg.c",line 48,column 1,is_stmt,address _EPG_selectEPGDataOut,isa 0
      44              
      45                      .dwfde $C$DW$CIE, _EPG_selectEPGDataOut
      46              $C$DW$5 .dwtag  DW_TAG_formal_parameter
      47                      .dwattr $C$DW$5, DW_AT_name("muxbase")
      48                      .dwattr $C$DW$5, DW_AT_TI_symbol_name("_muxbase")
      49                      .dwattr $C$DW$5, DW_AT_type(*$C$DW$T$29)
      50                      .dwattr $C$DW$5, DW_AT_location[DW_OP_reg0]
      51              
      52              $C$DW$6 .dwtag  DW_TAG_formal_parameter
      53                      .dwattr $C$DW$6, DW_AT_name("dataIn")
      54                      .dwattr $C$DW$6, DW_AT_TI_symbol_name("_dataIn")
      55                      .dwattr $C$DW$6, DW_AT_type(*$C$DW$T$20)
TMS320C2000 Assembler PC v22.6.1 Wed May 21 09:51:56 2025

Copyright (c) 1996-2018 Texas Instruments Incorporated
C:\Users\Daniel\AppData\Local\Temp\{C8800D8B-1166-47F3-AD33-FE81BD97B89E} PAGE    2

      56                      .dwattr $C$DW$6, DW_AT_location[DW_OP_reg12]
      57              
      58              $C$DW$7 .dwtag  DW_TAG_formal_parameter
      59                      .dwattr $C$DW$7, DW_AT_name("dataOutSel")
      60                      .dwattr $C$DW$7, DW_AT_TI_symbol_name("_dataOutSel")
      61                      .dwattr $C$DW$7, DW_AT_type(*$C$DW$T$23)
      62                      .dwattr $C$DW$7, DW_AT_location[DW_OP_reg14]
      63              
      64              
      65              ;***************************************************************
      66              ;* FNAME: _EPG_selectEPGDataOut         FR SIZE:   6           *
      67              ;*                                                             *
      68              ;* FUNCTION ENVIRONMENT                                        *
      69              ;*                                                             *
      70              ;* FUNCTION PROPERTIES                                         *
      71              ;*                            0 Parameter,  0 Auto,  6 SOE     *
      72              ;***************************************************************
      73              
      74              _EPG_selectEPGDataOut:
      75              ;* AR2   assigned to _muxbase
      76              $C$DW$8 .dwtag  DW_TAG_variable
      77                      .dwattr $C$DW$8, DW_AT_name("muxbase")
      78                      .dwattr $C$DW$8, DW_AT_TI_symbol_name("_muxbase")
      79                      .dwattr $C$DW$8, DW_AT_type(*$C$DW$T$43)
      80                      .dwattr $C$DW$8, DW_AT_location[DW_OP_reg8]
      81              
      82              ;* AR1   assigned to _dataIn
      83              $C$DW$9 .dwtag  DW_TAG_variable
      84                      .dwattr $C$DW$9, DW_AT_name("dataIn")
      85                      .dwattr $C$DW$9, DW_AT_TI_symbol_name("_dataIn")
      86                      .dwattr $C$DW$9, DW_AT_type(*$C$DW$T$21)
      87                      .dwattr $C$DW$9, DW_AT_location[DW_OP_reg6]
      88              
      89              ;* AR3   assigned to _dataOutSel
      90              $C$DW$10        .dwtag  DW_TAG_variable
      91                      .dwattr $C$DW$10, DW_AT_name("dataOutSel")
      92                      .dwattr $C$DW$10, DW_AT_TI_symbol_name("_dataOutSel")
      93                      .dwattr $C$DW$10, DW_AT_type(*$C$DW$T$24)
      94                      .dwattr $C$DW$10, DW_AT_location[DW_OP_reg10]
      95              
      96                      .dwcfi  cfa_offset, -2
      97                      .dwcfi  save_reg_to_mem, 26, 0
      98 00000000 B2BD          MOVL      *SP++,XAR1            ; [CPU_ALU] 
      99                      .dwcfi  save_reg_to_mem, 7, 2
     100                      .dwcfi  cfa_offset, -4
     101 00000001 59A4          MOVZ      AR1,AR4               ; [CPU_ALU] |48| 
     102                      .dwpsn  file "../device/driverlib/epg.c",line 49,column 5,is_stmt,isa 0
     103 00000002 8F05          MOVL      XAR4,#388304          ; [CPU_ARAU] |49| 
         00000003 ECD0 
     104 00000004 AABD          MOVL      *SP++,XAR2            ; [CPU_ALU] 
     105                      .dwcfi  save_reg_to_mem, 9, 4
     106                      .dwcfi  cfa_offset, -6
     107                      .dwpsn  file "../device/driverlib/epg.c",line 48,column 1,is_stmt,isa 0
     108 00000005 86A9          MOVL      XAR2,ACC              ; [CPU_ALU] |48| 
     109 00000006 A2BD          MOVL      *SP++,XAR3            ; [CPU_ALU] 
TMS320C2000 Assembler PC v22.6.1 Wed May 21 09:51:56 2025

Copyright (c) 1996-2018 Texas Instruments Incorporated
C:\Users\Daniel\AppData\Local\Temp\{C8800D8B-1166-47F3-AD33-FE81BD97B89E} PAGE    3

     110                      .dwcfi  save_reg_to_mem, 11, 6
     111                      .dwcfi  cfa_offset, -8
     112                      .dwpsn  file "../device/driverlib/epg.c",line 49,column 5,is_stmt,isa 0
     113 00000007 A8A9          MOVL      ACC,XAR4              ; [CPU_ALU] |49| 
     114                      .dwpsn  file "../device/driverlib/epg.c",line 48,column 1,is_stmt,isa 0
     115 00000008 5BA5          MOVZ      AR3,AR5               ; [CPU_ALU] |48| 
     116                      .dwpsn  file "../device/driverlib/epg.c",line 49,column 5,is_stmt,isa 0
     117 00000009 0FA2          CMPL      ACC,XAR2              ; [CPU_ALU] |49| 
     118 0000000a 6106          B         $C$L1,EQ              ; [CPU_ALU] |49| 
     119                      ; branchcc occurs ; [] |49| 
     120 0000000b 8F00+         MOVL      XAR4,#$C$FSL1         ; [CPU_ARAU] |49| 
         0000000c 0000 
     121 0000000d 0231          MOVB      ACC,#49               ; [CPU_ALU] |49| 
     122              $C$DW$11        .dwtag  DW_TAG_TI_branch
     123                      .dwattr $C$DW$11, DW_AT_low_pc(0x00)
     124                      .dwattr $C$DW$11, DW_AT_name("___error__")
     125                      .dwattr $C$DW$11, DW_AT_TI_call
     126              
     127 0000000e 7640!         LCR       #___error__           ; [CPU_ALU] |49| 
         0000000f 0000 
     128                      ; call occurs [#___error__] ; [] |49| 
     129 00000010       $C$L1:    
     130 00000010 92A1          MOV       AL,AR1                ; [CPU_ALU] 
     131                      .dwpsn  file "../device/driverlib/epg.c",line 51,column 5,is_stmt,isa 0
     132 00000011 521F          CMPB      AL,#31                ; [CPU_ALU] |51| 
     133 00000012 660F          B         $C$L2,HI              ; [CPU_ALU] |51| 
     134                      ; branchcc occurs ; [] |51| 
     135                      .dwpsn  file "../device/driverlib/epg.c",line 53,column 9,is_stmt,isa 0
     136 00000013 27A3          MOV       PL,AR3                ; [CPU_ALU] |53| 
     137 00000014 2BAA          MOV       PH,#0                 ; [CPU_ALU] |53| 
     138 00000015 16A1          MOVP      T,AR1                 ; [CPU_ALU] 
     139 00000016 563B          LSLL      ACC,T                 ; [CPU_ALU] |53| 
     140 00000017 FF5A          MOVL      P,ACC                 ; [CPU_ALU] |53| 
     141 00000018 9A01          MOVB      AL,#1                 ; [CPU_ALU] |53| 
     142 00000019 FF66          LSL       AL,T                  ; [CPU_ALU] |53| 
     143 0000001a FF5E          NOT       AL                    ; [CPU_ALU] |53| 
     144 0000001b 88A9          MOVZ      AR6,AL                ; [CPU_ALU] |53| 
     145 0000001c 06C2          MOVL      ACC,*+XAR2[0]         ; [CPU_ALU] |53| 
     146 0000001d 89A6          AND       ACC,AR6               ; [CPU_ALU] |53| 
     147 0000001e CAAB          OR        AL,PL                 ; [CPU_ALU] |53| 
     148 0000001f CBAA          OR        AH,PH                 ; [CPU_ALU] |53| 
     149 00000020 1EC2          MOVL      *+XAR2[0],ACC         ; [CPU_ALU] |53| 
     150 00000021       $C$L2:    
     151 00000021 82BE          MOVL      XAR3,*--SP            ; [CPU_ALU] 
     152                      .dwcfi  cfa_offset, -6
     153                      .dwcfi  restore_reg, 11
     154 00000022 86BE          MOVL      XAR2,*--SP            ; [CPU_ALU] 
     155                      .dwcfi  cfa_offset, -4
     156                      .dwcfi  restore_reg, 9
     157 00000023 8BBE          MOVL      XAR1,*--SP            ; [CPU_ALU] 
     158                      .dwcfi  cfa_offset, -2
     159                      .dwcfi  restore_reg, 7
     160              $C$DW$12        .dwtag  DW_TAG_TI_branch
     161                      .dwattr $C$DW$12, DW_AT_low_pc(0x00)
     162                      .dwattr $C$DW$12, DW_AT_TI_return
TMS320C2000 Assembler PC v22.6.1 Wed May 21 09:51:56 2025

Copyright (c) 1996-2018 Texas Instruments Incorporated
C:\Users\Daniel\AppData\Local\Temp\{C8800D8B-1166-47F3-AD33-FE81BD97B89E} PAGE    4

     163              
     164 00000024 0006          LRETR     ; [CPU_ALU] 
     165                      ; return occurs ; [] 
     166                      .dwattr $C$DW$4, DW_AT_TI_end_file("../device/driverlib/epg.c")
     167                      .dwattr $C$DW$4, DW_AT_TI_end_line(0x3a)
     168                      .dwattr $C$DW$4, DW_AT_TI_end_column(0x01)
     169                      .dwendentry
     170                      .dwendtag $C$DW$4
     171              
     172              ;***************************************************************
     173              ;* FAR STRINGS                                                 *
     174              ;***************************************************************
     175 00000000               .sect   ".econst:.string"
     176                      .align  2
     177 00000000 002E  $C$FSL1:        .string "../device/driverlib/epg.c",0
         00000001 002E 
         00000002 002F 
         00000003 0064 
         00000004 0065 
         00000005 0076 
         00000006 0069 
         00000007 0063 
         00000008 0065 
         00000009 002F 
         0000000a 0064 
         0000000b 0072 
         0000000c 0069 
         0000000d 0076 
         0000000e 0065 
         0000000f 0072 
         00000010 006C 
         00000011 0069 
         00000012 0062 
         00000013 002F 
         00000014 0065 
         00000015 0070 
         00000016 0067 
         00000017 002E 
         00000018 0063 
         00000019 0000 
     178              ;**************************************************************
     179              ;* UNDEFINED EXTERNAL REFERENCES                              *
     180              ;**************************************************************
     181                      .global ___error__
     182              
     183              ;***************************************************************
     184              ;* TYPE INFORMATION                                            *
     185              ;***************************************************************
     186              
     187              $C$DW$T$19      .dwtag  DW_TAG_enumeration_type
     188                      .dwattr $C$DW$T$19, DW_AT_byte_size(0x01)
     189              $C$DW$13        .dwtag  DW_TAG_enumerator
     190                      .dwattr $C$DW$13, DW_AT_name("EPG_DATAIN_CANARX")
     191                      .dwattr $C$DW$13, DW_AT_const_value(0x00)
     192              
TMS320C2000 Assembler PC v22.6.1 Wed May 21 09:51:56 2025

Copyright (c) 1996-2018 Texas Instruments Incorporated
C:\Users\Daniel\AppData\Local\Temp\{C8800D8B-1166-47F3-AD33-FE81BD97B89E} PAGE    5

     193              $C$DW$14        .dwtag  DW_TAG_enumerator
     194                      .dwattr $C$DW$14, DW_AT_name("EPG_DATAIN_MCANARX")
     195                      .dwattr $C$DW$14, DW_AT_const_value(0x01)
     196              
     197              $C$DW$15        .dwtag  DW_TAG_enumerator
     198                      .dwattr $C$DW$15, DW_AT_name("EPG_DATAIN_SD1C1")
     199                      .dwattr $C$DW$15, DW_AT_const_value(0x13)
     200              
     201              $C$DW$16        .dwtag  DW_TAG_enumerator
     202                      .dwattr $C$DW$16, DW_AT_name("EPG_DATAIN_SD1C2")
     203                      .dwattr $C$DW$16, DW_AT_const_value(0x14)
     204              
     205              $C$DW$17        .dwtag  DW_TAG_enumerator
     206                      .dwattr $C$DW$17, DW_AT_name("EPG_DATAIN_SD1C3")
     207                      .dwattr $C$DW$17, DW_AT_const_value(0x15)
     208              
     209              $C$DW$18        .dwtag  DW_TAG_enumerator
     210                      .dwattr $C$DW$18, DW_AT_name("EPG_DATAIN_SD1C4")
     211                      .dwattr $C$DW$18, DW_AT_const_value(0x16)
     212              
     213              $C$DW$19        .dwtag  DW_TAG_enumerator
     214                      .dwattr $C$DW$19, DW_AT_name("EPG_DATAIN_SD2C1")
     215                      .dwattr $C$DW$19, DW_AT_const_value(0x17)
     216              
     217              $C$DW$20        .dwtag  DW_TAG_enumerator
     218                      .dwattr $C$DW$20, DW_AT_name("EPG_DATAIN_SD2C2")
     219                      .dwattr $C$DW$20, DW_AT_const_value(0x18)
     220              
     221              $C$DW$21        .dwtag  DW_TAG_enumerator
     222                      .dwattr $C$DW$21, DW_AT_name("EPG_DATAIN_SD2C3")
     223                      .dwattr $C$DW$21, DW_AT_const_value(0x19)
     224              
     225              $C$DW$22        .dwtag  DW_TAG_enumerator
     226                      .dwattr $C$DW$22, DW_AT_name("EPG_DATAIN_SD2C4")
     227                      .dwattr $C$DW$22, DW_AT_const_value(0x1a)
     228              
     229                      .dwendtag $C$DW$T$19
     230              
     231              $C$DW$T$20      .dwtag  DW_TAG_typedef
     232                      .dwattr $C$DW$T$20, DW_AT_name("EPG_DataIn")
     233                      .dwattr $C$DW$T$20, DW_AT_type(*$C$DW$T$19)
     234                      .dwattr $C$DW$T$20, DW_AT_language(DW_LANG_C)
     235              
     236              $C$DW$23        .dwtag  DW_TAG_TI_far_type
     237                      .dwattr $C$DW$23, DW_AT_type(*$C$DW$T$20)
     238              
     239              $C$DW$T$21      .dwtag  DW_TAG_const_type
     240                      .dwattr $C$DW$T$21, DW_AT_type(*$C$DW$23)
     241              
     242              
     243              $C$DW$T$22      .dwtag  DW_TAG_enumeration_type
     244                      .dwattr $C$DW$T$22, DW_AT_byte_size(0x01)
     245              $C$DW$24        .dwtag  DW_TAG_enumerator
     246                      .dwattr $C$DW$24, DW_AT_name("EPG_DATAOUT_DATAIN")
     247                      .dwattr $C$DW$24, DW_AT_const_value(0x00)
TMS320C2000 Assembler PC v22.6.1 Wed May 21 09:51:56 2025

Copyright (c) 1996-2018 Texas Instruments Incorporated
C:\Users\Daniel\AppData\Local\Temp\{C8800D8B-1166-47F3-AD33-FE81BD97B89E} PAGE    6

     248              
     249              $C$DW$25        .dwtag  DW_TAG_enumerator
     250                      .dwattr $C$DW$25, DW_AT_name("EPG_DATAOUT_EPGOUT")
     251                      .dwattr $C$DW$25, DW_AT_const_value(0x01)
     252              
     253                      .dwendtag $C$DW$T$22
     254              
     255              $C$DW$T$23      .dwtag  DW_TAG_typedef
     256                      .dwattr $C$DW$T$23, DW_AT_name("EPG_DataOutSel")
     257                      .dwattr $C$DW$T$23, DW_AT_type(*$C$DW$T$22)
     258                      .dwattr $C$DW$T$23, DW_AT_language(DW_LANG_C)
     259              
     260              $C$DW$26        .dwtag  DW_TAG_TI_far_type
     261                      .dwattr $C$DW$26, DW_AT_type(*$C$DW$T$23)
     262              
     263              $C$DW$T$24      .dwtag  DW_TAG_const_type
     264                      .dwattr $C$DW$T$24, DW_AT_type(*$C$DW$26)
     265              
     266              $C$DW$T$2       .dwtag  DW_TAG_unspecified_type
     267                      .dwattr $C$DW$T$2, DW_AT_name("void")
     268              
     269              $C$DW$T$4       .dwtag  DW_TAG_base_type
     270                      .dwattr $C$DW$T$4, DW_AT_encoding(DW_ATE_boolean)
     271                      .dwattr $C$DW$T$4, DW_AT_name("bool")
     272                      .dwattr $C$DW$T$4, DW_AT_byte_size(0x01)
     273              
     274              $C$DW$T$5       .dwtag  DW_TAG_base_type
     275                      .dwattr $C$DW$T$5, DW_AT_encoding(DW_ATE_signed_char)
     276                      .dwattr $C$DW$T$5, DW_AT_name("signed char")
     277                      .dwattr $C$DW$T$5, DW_AT_byte_size(0x01)
     278              
     279              $C$DW$T$6       .dwtag  DW_TAG_base_type
     280                      .dwattr $C$DW$T$6, DW_AT_encoding(DW_ATE_unsigned_char)
     281                      .dwattr $C$DW$T$6, DW_AT_name("unsigned char")
     282                      .dwattr $C$DW$T$6, DW_AT_byte_size(0x01)
     283              
     284              $C$DW$T$7       .dwtag  DW_TAG_base_type
     285                      .dwattr $C$DW$T$7, DW_AT_encoding(DW_ATE_signed_char)
     286                      .dwattr $C$DW$T$7, DW_AT_name("wchar_t")
     287                      .dwattr $C$DW$T$7, DW_AT_byte_size(0x01)
     288              
     289              $C$DW$T$8       .dwtag  DW_TAG_base_type
     290                      .dwattr $C$DW$T$8, DW_AT_encoding(DW_ATE_signed)
     291                      .dwattr $C$DW$T$8, DW_AT_name("short")
     292                      .dwattr $C$DW$T$8, DW_AT_byte_size(0x01)
     293              
     294              $C$DW$T$9       .dwtag  DW_TAG_base_type
     295                      .dwattr $C$DW$T$9, DW_AT_encoding(DW_ATE_unsigned)
     296                      .dwattr $C$DW$T$9, DW_AT_name("unsigned short")
     297                      .dwattr $C$DW$T$9, DW_AT_byte_size(0x01)
     298              
     299              $C$DW$T$10      .dwtag  DW_TAG_base_type
     300                      .dwattr $C$DW$T$10, DW_AT_encoding(DW_ATE_signed)
     301                      .dwattr $C$DW$T$10, DW_AT_name("int")
     302                      .dwattr $C$DW$T$10, DW_AT_byte_size(0x01)
TMS320C2000 Assembler PC v22.6.1 Wed May 21 09:51:56 2025

Copyright (c) 1996-2018 Texas Instruments Incorporated
C:\Users\Daniel\AppData\Local\Temp\{C8800D8B-1166-47F3-AD33-FE81BD97B89E} PAGE    7

     303              
     304              $C$DW$T$11      .dwtag  DW_TAG_base_type
     305                      .dwattr $C$DW$T$11, DW_AT_encoding(DW_ATE_unsigned)
     306                      .dwattr $C$DW$T$11, DW_AT_name("unsigned int")
     307                      .dwattr $C$DW$T$11, DW_AT_byte_size(0x01)
     308              
     309              $C$DW$T$38      .dwtag  DW_TAG_typedef
     310                      .dwattr $C$DW$T$38, DW_AT_name("__uint16_t")
     311                      .dwattr $C$DW$T$38, DW_AT_type(*$C$DW$T$11)
     312                      .dwattr $C$DW$T$38, DW_AT_language(DW_LANG_C)
     313              
     314              $C$DW$T$39      .dwtag  DW_TAG_typedef
     315                      .dwattr $C$DW$T$39, DW_AT_name("uint16_t")
     316                      .dwattr $C$DW$T$39, DW_AT_type(*$C$DW$T$38)
     317                      .dwattr $C$DW$T$39, DW_AT_language(DW_LANG_C)
     318              
     319              $C$DW$T$12      .dwtag  DW_TAG_base_type
     320                      .dwattr $C$DW$T$12, DW_AT_encoding(DW_ATE_signed)
     321                      .dwattr $C$DW$T$12, DW_AT_name("long")
     322                      .dwattr $C$DW$T$12, DW_AT_byte_size(0x02)
     323              
     324              $C$DW$T$13      .dwtag  DW_TAG_base_type
     325                      .dwattr $C$DW$T$13, DW_AT_encoding(DW_ATE_unsigned)
     326                      .dwattr $C$DW$T$13, DW_AT_name("unsigned long")
     327                      .dwattr $C$DW$T$13, DW_AT_byte_size(0x02)
     328              
     329              $C$DW$T$28      .dwtag  DW_TAG_typedef
     330                      .dwattr $C$DW$T$28, DW_AT_name("__uint32_t")
     331                      .dwattr $C$DW$T$28, DW_AT_type(*$C$DW$T$13)
     332                      .dwattr $C$DW$T$28, DW_AT_language(DW_LANG_C)
     333              
     334              $C$DW$T$29      .dwtag  DW_TAG_typedef
     335                      .dwattr $C$DW$T$29, DW_AT_name("uint32_t")
     336                      .dwattr $C$DW$T$29, DW_AT_type(*$C$DW$T$28)
     337                      .dwattr $C$DW$T$29, DW_AT_language(DW_LANG_C)
     338              
     339              $C$DW$27        .dwtag  DW_TAG_TI_far_type
     340                      .dwattr $C$DW$27, DW_AT_type(*$C$DW$T$29)
     341              
     342              $C$DW$T$43      .dwtag  DW_TAG_const_type
     343                      .dwattr $C$DW$T$43, DW_AT_type(*$C$DW$27)
     344              
     345              $C$DW$T$14      .dwtag  DW_TAG_base_type
     346                      .dwattr $C$DW$T$14, DW_AT_encoding(DW_ATE_signed)
     347                      .dwattr $C$DW$T$14, DW_AT_name("long long")
     348                      .dwattr $C$DW$T$14, DW_AT_byte_size(0x04)
     349              
     350              $C$DW$T$15      .dwtag  DW_TAG_base_type
     351                      .dwattr $C$DW$T$15, DW_AT_encoding(DW_ATE_unsigned)
     352                      .dwattr $C$DW$T$15, DW_AT_name("unsigned long long")
     353                      .dwattr $C$DW$T$15, DW_AT_byte_size(0x04)
     354              
     355              $C$DW$T$16      .dwtag  DW_TAG_base_type
     356                      .dwattr $C$DW$T$16, DW_AT_encoding(DW_ATE_float)
     357                      .dwattr $C$DW$T$16, DW_AT_name("float")
TMS320C2000 Assembler PC v22.6.1 Wed May 21 09:51:56 2025

Copyright (c) 1996-2018 Texas Instruments Incorporated
C:\Users\Daniel\AppData\Local\Temp\{C8800D8B-1166-47F3-AD33-FE81BD97B89E} PAGE    8

     358                      .dwattr $C$DW$T$16, DW_AT_byte_size(0x02)
     359              
     360              $C$DW$T$17      .dwtag  DW_TAG_base_type
     361                      .dwattr $C$DW$T$17, DW_AT_encoding(DW_ATE_float)
     362                      .dwattr $C$DW$T$17, DW_AT_name("double")
     363                      .dwattr $C$DW$T$17, DW_AT_byte_size(0x02)
     364              
     365              $C$DW$T$18      .dwtag  DW_TAG_base_type
     366                      .dwattr $C$DW$T$18, DW_AT_encoding(DW_ATE_float)
     367                      .dwattr $C$DW$T$18, DW_AT_name("long double")
     368                      .dwattr $C$DW$T$18, DW_AT_byte_size(0x04)
     369              
     370              $C$DW$28        .dwtag  DW_TAG_TI_far_type
     371                      .dwattr $C$DW$28, DW_AT_type(*$C$DW$T$5)
     372              
     373              $C$DW$T$26      .dwtag  DW_TAG_const_type
     374                      .dwattr $C$DW$T$26, DW_AT_type(*$C$DW$28)
     375              
     376              $C$DW$T$27      .dwtag  DW_TAG_pointer_type
     377                      .dwattr $C$DW$T$27, DW_AT_type(*$C$DW$T$26)
     378                      .dwattr $C$DW$T$27, DW_AT_address_class(0x20)
     379              
     380              $C$DW$T$44      .dwtag  DW_TAG_base_type
     381                      .dwattr $C$DW$T$44, DW_AT_encoding(DW_ATE_unsigned_char)
     382                      .dwattr $C$DW$T$44, DW_AT_name("unsigned char")
     383                      .dwattr $C$DW$T$44, DW_AT_byte_size(0x01)
     384              
     385                      .dwattr $C$DW$CU, DW_AT_language(DW_LANG_C)
     386              
     387              ;***************************************************************
     388              ;* DWARF CIE ENTRIES                                           *
     389              ;***************************************************************
     390              
     391              $C$DW$CIE       .dwcie 26
     392                      .dwcfi  cfa_register, 20
     393                      .dwcfi  cfa_offset, 0
     394                      .dwcfi  same_value, 28
     395                      .dwcfi  same_value, 6
     396                      .dwcfi  same_value, 7
     397                      .dwcfi  same_value, 8
     398                      .dwcfi  same_value, 9
     399                      .dwcfi  same_value, 10
     400                      .dwcfi  same_value, 11
     401                      .dwcfi  same_value, 59
     402                      .dwcfi  same_value, 63
     403                      .dwcfi  same_value, 67
     404                      .dwcfi  same_value, 71
     405                      .dwendentry
     406              
     407              ;***************************************************************
     408              ;* DWARF REGISTER MAP                                          *
     409              ;***************************************************************
     410              
     411              $C$DW$29        .dwtag  DW_TAG_TI_assign_register
     412                      .dwattr $C$DW$29, DW_AT_name("AL")
TMS320C2000 Assembler PC v22.6.1 Wed May 21 09:51:56 2025

Copyright (c) 1996-2018 Texas Instruments Incorporated
C:\Users\Daniel\AppData\Local\Temp\{C8800D8B-1166-47F3-AD33-FE81BD97B89E} PAGE    9

     413                      .dwattr $C$DW$29, DW_AT_location[DW_OP_reg0]
     414              
     415              $C$DW$30        .dwtag  DW_TAG_TI_assign_register
     416                      .dwattr $C$DW$30, DW_AT_name("AH")
     417                      .dwattr $C$DW$30, DW_AT_location[DW_OP_reg1]
     418              
     419              $C$DW$31        .dwtag  DW_TAG_TI_assign_register
     420                      .dwattr $C$DW$31, DW_AT_name("PL")
     421                      .dwattr $C$DW$31, DW_AT_location[DW_OP_reg2]
     422              
     423              $C$DW$32        .dwtag  DW_TAG_TI_assign_register
     424                      .dwattr $C$DW$32, DW_AT_name("PH")
     425                      .dwattr $C$DW$32, DW_AT_location[DW_OP_reg3]
     426              
     427              $C$DW$33        .dwtag  DW_TAG_TI_assign_register
     428                      .dwattr $C$DW$33, DW_AT_name("SP")
     429                      .dwattr $C$DW$33, DW_AT_location[DW_OP_reg20]
     430              
     431              $C$DW$34        .dwtag  DW_TAG_TI_assign_register
     432                      .dwattr $C$DW$34, DW_AT_name("XT")
     433                      .dwattr $C$DW$34, DW_AT_location[DW_OP_reg21]
     434              
     435              $C$DW$35        .dwtag  DW_TAG_TI_assign_register
     436                      .dwattr $C$DW$35, DW_AT_name("T")
     437                      .dwattr $C$DW$35, DW_AT_location[DW_OP_reg22]
     438              
     439              $C$DW$36        .dwtag  DW_TAG_TI_assign_register
     440                      .dwattr $C$DW$36, DW_AT_name("ST0")
     441                      .dwattr $C$DW$36, DW_AT_location[DW_OP_reg23]
     442              
     443              $C$DW$37        .dwtag  DW_TAG_TI_assign_register
     444                      .dwattr $C$DW$37, DW_AT_name("ST1")
     445                      .dwattr $C$DW$37, DW_AT_location[DW_OP_reg24]
     446              
     447              $C$DW$38        .dwtag  DW_TAG_TI_assign_register
     448                      .dwattr $C$DW$38, DW_AT_name("PC")
     449                      .dwattr $C$DW$38, DW_AT_location[DW_OP_reg25]
     450              
     451              $C$DW$39        .dwtag  DW_TAG_TI_assign_register
     452                      .dwattr $C$DW$39, DW_AT_name("RPC")
     453                      .dwattr $C$DW$39, DW_AT_location[DW_OP_reg26]
     454              
     455              $C$DW$40        .dwtag  DW_TAG_TI_assign_register
     456                      .dwattr $C$DW$40, DW_AT_name("FP")
     457                      .dwattr $C$DW$40, DW_AT_location[DW_OP_reg28]
     458              
     459              $C$DW$41        .dwtag  DW_TAG_TI_assign_register
     460                      .dwattr $C$DW$41, DW_AT_name("DP")
     461                      .dwattr $C$DW$41, DW_AT_location[DW_OP_reg29]
     462              
     463              $C$DW$42        .dwtag  DW_TAG_TI_assign_register
     464                      .dwattr $C$DW$42, DW_AT_name("SXM")
     465                      .dwattr $C$DW$42, DW_AT_location[DW_OP_reg30]
     466              
     467              $C$DW$43        .dwtag  DW_TAG_TI_assign_register
TMS320C2000 Assembler PC v22.6.1 Wed May 21 09:51:56 2025

Copyright (c) 1996-2018 Texas Instruments Incorporated
C:\Users\Daniel\AppData\Local\Temp\{C8800D8B-1166-47F3-AD33-FE81BD97B89E} PAGE   10

     468                      .dwattr $C$DW$43, DW_AT_name("PM")
     469                      .dwattr $C$DW$43, DW_AT_location[DW_OP_reg31]
     470              
     471              $C$DW$44        .dwtag  DW_TAG_TI_assign_register
     472                      .dwattr $C$DW$44, DW_AT_name("OVM")
     473                      .dwattr $C$DW$44, DW_AT_location[DW_OP_regx 0x20]
     474              
     475              $C$DW$45        .dwtag  DW_TAG_TI_assign_register
     476                      .dwattr $C$DW$45, DW_AT_name("PAGE0")
     477                      .dwattr $C$DW$45, DW_AT_location[DW_OP_regx 0x21]
     478              
     479              $C$DW$46        .dwtag  DW_TAG_TI_assign_register
     480                      .dwattr $C$DW$46, DW_AT_name("AMODE")
     481                      .dwattr $C$DW$46, DW_AT_location[DW_OP_regx 0x22]
     482              
     483              $C$DW$47        .dwtag  DW_TAG_TI_assign_register
     484                      .dwattr $C$DW$47, DW_AT_name("EALLOW")
     485                      .dwattr $C$DW$47, DW_AT_location[DW_OP_regx 0x4e]
     486              
     487              $C$DW$48        .dwtag  DW_TAG_TI_assign_register
     488                      .dwattr $C$DW$48, DW_AT_name("INTM")
     489                      .dwattr $C$DW$48, DW_AT_location[DW_OP_regx 0x23]
     490              
     491              $C$DW$49        .dwtag  DW_TAG_TI_assign_register
     492                      .dwattr $C$DW$49, DW_AT_name("IFR")
     493                      .dwattr $C$DW$49, DW_AT_location[DW_OP_regx 0x24]
     494              
     495              $C$DW$50        .dwtag  DW_TAG_TI_assign_register
     496                      .dwattr $C$DW$50, DW_AT_name("IER")
     497                      .dwattr $C$DW$50, DW_AT_location[DW_OP_regx 0x25]
     498              
     499              $C$DW$51        .dwtag  DW_TAG_TI_assign_register
     500                      .dwattr $C$DW$51, DW_AT_name("V")
     501                      .dwattr $C$DW$51, DW_AT_location[DW_OP_regx 0x26]
     502              
     503              $C$DW$52        .dwtag  DW_TAG_TI_assign_register
     504                      .dwattr $C$DW$52, DW_AT_name("PSEUDOH")
     505                      .dwattr $C$DW$52, DW_AT_location[DW_OP_regx 0x4c]
     506              
     507              $C$DW$53        .dwtag  DW_TAG_TI_assign_register
     508                      .dwattr $C$DW$53, DW_AT_name("VOL")
     509                      .dwattr $C$DW$53, DW_AT_location[DW_OP_regx 0x4d]
     510              
     511              $C$DW$54        .dwtag  DW_TAG_TI_assign_register
     512                      .dwattr $C$DW$54, DW_AT_name("AR0")
     513                      .dwattr $C$DW$54, DW_AT_location[DW_OP_reg4]
     514              
     515              $C$DW$55        .dwtag  DW_TAG_TI_assign_register
     516                      .dwattr $C$DW$55, DW_AT_name("XAR0")
     517                      .dwattr $C$DW$55, DW_AT_location[DW_OP_reg5]
     518              
     519              $C$DW$56        .dwtag  DW_TAG_TI_assign_register
     520                      .dwattr $C$DW$56, DW_AT_name("AR1")
     521                      .dwattr $C$DW$56, DW_AT_location[DW_OP_reg6]
     522              
TMS320C2000 Assembler PC v22.6.1 Wed May 21 09:51:56 2025

Copyright (c) 1996-2018 Texas Instruments Incorporated
C:\Users\Daniel\AppData\Local\Temp\{C8800D8B-1166-47F3-AD33-FE81BD97B89E} PAGE   11

     523              $C$DW$57        .dwtag  DW_TAG_TI_assign_register
     524                      .dwattr $C$DW$57, DW_AT_name("XAR1")
     525                      .dwattr $C$DW$57, DW_AT_location[DW_OP_reg7]
     526              
     527              $C$DW$58        .dwtag  DW_TAG_TI_assign_register
     528                      .dwattr $C$DW$58, DW_AT_name("AR2")
     529                      .dwattr $C$DW$58, DW_AT_location[DW_OP_reg8]
     530              
     531              $C$DW$59        .dwtag  DW_TAG_TI_assign_register
     532                      .dwattr $C$DW$59, DW_AT_name("XAR2")
     533                      .dwattr $C$DW$59, DW_AT_location[DW_OP_reg9]
     534              
     535              $C$DW$60        .dwtag  DW_TAG_TI_assign_register
     536                      .dwattr $C$DW$60, DW_AT_name("AR3")
     537                      .dwattr $C$DW$60, DW_AT_location[DW_OP_reg10]
     538              
     539              $C$DW$61        .dwtag  DW_TAG_TI_assign_register
     540                      .dwattr $C$DW$61, DW_AT_name("XAR3")
     541                      .dwattr $C$DW$61, DW_AT_location[DW_OP_reg11]
     542              
     543              $C$DW$62        .dwtag  DW_TAG_TI_assign_register
     544                      .dwattr $C$DW$62, DW_AT_name("AR4")
     545                      .dwattr $C$DW$62, DW_AT_location[DW_OP_reg12]
     546              
     547              $C$DW$63        .dwtag  DW_TAG_TI_assign_register
     548                      .dwattr $C$DW$63, DW_AT_name("XAR4")
     549                      .dwattr $C$DW$63, DW_AT_location[DW_OP_reg13]
     550              
     551              $C$DW$64        .dwtag  DW_TAG_TI_assign_register
     552                      .dwattr $C$DW$64, DW_AT_name("AR5")
     553                      .dwattr $C$DW$64, DW_AT_location[DW_OP_reg14]
     554              
     555              $C$DW$65        .dwtag  DW_TAG_TI_assign_register
     556                      .dwattr $C$DW$65, DW_AT_name("XAR5")
     557                      .dwattr $C$DW$65, DW_AT_location[DW_OP_reg15]
     558              
     559              $C$DW$66        .dwtag  DW_TAG_TI_assign_register
     560                      .dwattr $C$DW$66, DW_AT_name("AR6")
     561                      .dwattr $C$DW$66, DW_AT_location[DW_OP_reg16]
     562              
     563              $C$DW$67        .dwtag  DW_TAG_TI_assign_register
     564                      .dwattr $C$DW$67, DW_AT_name("XAR6")
     565                      .dwattr $C$DW$67, DW_AT_location[DW_OP_reg17]
     566              
     567              $C$DW$68        .dwtag  DW_TAG_TI_assign_register
     568                      .dwattr $C$DW$68, DW_AT_name("AR7")
     569                      .dwattr $C$DW$68, DW_AT_location[DW_OP_reg18]
     570              
     571              $C$DW$69        .dwtag  DW_TAG_TI_assign_register
     572                      .dwattr $C$DW$69, DW_AT_name("XAR7")
     573                      .dwattr $C$DW$69, DW_AT_location[DW_OP_reg19]
     574              
     575              $C$DW$70        .dwtag  DW_TAG_TI_assign_register
     576                      .dwattr $C$DW$70, DW_AT_name("R0H")
     577                      .dwattr $C$DW$70, DW_AT_location[DW_OP_regx 0x2b]
TMS320C2000 Assembler PC v22.6.1 Wed May 21 09:51:56 2025

Copyright (c) 1996-2018 Texas Instruments Incorporated
C:\Users\Daniel\AppData\Local\Temp\{C8800D8B-1166-47F3-AD33-FE81BD97B89E} PAGE   12

     578              
     579              $C$DW$71        .dwtag  DW_TAG_TI_assign_register
     580                      .dwattr $C$DW$71, DW_AT_name("R1H")
     581                      .dwattr $C$DW$71, DW_AT_location[DW_OP_regx 0x2f]
     582              
     583              $C$DW$72        .dwtag  DW_TAG_TI_assign_register
     584                      .dwattr $C$DW$72, DW_AT_name("R2H")
     585                      .dwattr $C$DW$72, DW_AT_location[DW_OP_regx 0x33]
     586              
     587              $C$DW$73        .dwtag  DW_TAG_TI_assign_register
     588                      .dwattr $C$DW$73, DW_AT_name("R3H")
     589                      .dwattr $C$DW$73, DW_AT_location[DW_OP_regx 0x37]
     590              
     591              $C$DW$74        .dwtag  DW_TAG_TI_assign_register
     592                      .dwattr $C$DW$74, DW_AT_name("R4H")
     593                      .dwattr $C$DW$74, DW_AT_location[DW_OP_regx 0x3b]
     594              
     595              $C$DW$75        .dwtag  DW_TAG_TI_assign_register
     596                      .dwattr $C$DW$75, DW_AT_name("R5H")
     597                      .dwattr $C$DW$75, DW_AT_location[DW_OP_regx 0x3f]
     598              
     599              $C$DW$76        .dwtag  DW_TAG_TI_assign_register
     600                      .dwattr $C$DW$76, DW_AT_name("R6H")
     601                      .dwattr $C$DW$76, DW_AT_location[DW_OP_regx 0x43]
     602              
     603              $C$DW$77        .dwtag  DW_TAG_TI_assign_register
     604                      .dwattr $C$DW$77, DW_AT_name("R7H")
     605                      .dwattr $C$DW$77, DW_AT_location[DW_OP_regx 0x47]
     606              
     607              $C$DW$78        .dwtag  DW_TAG_TI_assign_register
     608                      .dwattr $C$DW$78, DW_AT_name("RB")
     609                      .dwattr $C$DW$78, DW_AT_location[DW_OP_regx 0x4a]
     610              
     611              $C$DW$79        .dwtag  DW_TAG_TI_assign_register
     612                      .dwattr $C$DW$79, DW_AT_name("STF")
     613                      .dwattr $C$DW$79, DW_AT_location[DW_OP_regx 0x28]
     614              
     615              $C$DW$80        .dwtag  DW_TAG_TI_assign_register
     616                      .dwattr $C$DW$80, DW_AT_name("FPUHAZ")
     617                      .dwattr $C$DW$80, DW_AT_location[DW_OP_reg27]
     618              
     619              $C$DW$81        .dwtag  DW_TAG_TI_assign_register
     620                      .dwattr $C$DW$81, DW_AT_name("STF_HWDIV")
     621                      .dwattr $C$DW$81, DW_AT_location[DW_OP_regx 0x4f]
     622              
     623              $C$DW$82        .dwtag  DW_TAG_TI_assign_register
     624                      .dwattr $C$DW$82, DW_AT_name("VCRC")
     625                      .dwattr $C$DW$82, DW_AT_location[DW_OP_regx 0x50]
     626              
     627              $C$DW$83        .dwtag  DW_TAG_TI_assign_register
     628                      .dwattr $C$DW$83, DW_AT_name("VSTATUS")
     629                      .dwattr $C$DW$83, DW_AT_location[DW_OP_regx 0x51]
     630              
     631              $C$DW$84        .dwtag  DW_TAG_TI_assign_register
     632                      .dwattr $C$DW$84, DW_AT_name("VCRCPOLY")
TMS320C2000 Assembler PC v22.6.1 Wed May 21 09:51:56 2025

Copyright (c) 1996-2018 Texas Instruments Incorporated
C:\Users\Daniel\AppData\Local\Temp\{C8800D8B-1166-47F3-AD33-FE81BD97B89E} PAGE   13

     633                      .dwattr $C$DW$84, DW_AT_location[DW_OP_regx 0x52]
     634              
     635              $C$DW$85        .dwtag  DW_TAG_TI_assign_register
     636                      .dwattr $C$DW$85, DW_AT_name("VCRCSIZE")
     637                      .dwattr $C$DW$85, DW_AT_location[DW_OP_regx 0x53]
     638              
     639                      .dwendtag $C$DW$CU
     640              

No Assembly Errors, No Assembly Warnings
