TMS320C2000 Assembler PC v22.6.1 Wed May 21 09:51:56 2025

Copyright (c) 1996-2018 Texas Instruments Incorporated
C:\Users\Daniel\AppData\Local\Temp\{9C93A50B-CE44-4E21-B1BD-8AE2C26BB0E5} PAGE    1

       1              ;***************************************************************
       2              ;* TMS320C2000 G3 C/C++ Codegen                               PC v22.6.1.LTS *
       3              ;* Date/Time created: Wed May 21 09:51:56 2025                 *
       4              ;***************************************************************
       5                      .compiler_opts --abi=coffabi --cla_support=cla2 --diag_wrap=off --float_support=fpu32 --hll_source=on
       6                      .asg    XAR2, FP
       7              
       8              $C$DW$CU        .dwtag  DW_TAG_compile_unit
       9                      .dwattr $C$DW$CU, DW_AT_name("../device/driverlib/flash.c")
      10                      .dwattr $C$DW$CU, DW_AT_producer("TI TMS320C2000 G3 C/C++ Codegen PC v22.6.1.LTS Copyright (c) 1996-2
      11                      .dwattr $C$DW$CU, DW_AT_TI_version(0x01)
      12                      .dwattr $C$DW$CU, DW_AT_comp_dir("C:\Users\Daniel\CodeComposer\UPS_MUCI\CPU1_FLASH")
      13              
      14              $C$DW$1 .dwtag  DW_TAG_subprogram
      15                      .dwattr $C$DW$1, DW_AT_name("__error__")
      16                      .dwattr $C$DW$1, DW_AT_TI_symbol_name("___error__")
      17                      .dwattr $C$DW$1, DW_AT_declaration
      18                      .dwattr $C$DW$1, DW_AT_external
      19              $C$DW$2 .dwtag  DW_TAG_formal_parameter
      20                      .dwattr $C$DW$2, DW_AT_type(*$C$DW$T$27)
      21              
      22              $C$DW$3 .dwtag  DW_TAG_formal_parameter
      23                      .dwattr $C$DW$3, DW_AT_type(*$C$DW$T$29)
      24              
      25                      .dwendtag $C$DW$1
      26              
      27              
      28              $C$DW$4 .dwtag  DW_TAG_subprogram
      29                      .dwattr $C$DW$4, DW_AT_name("__eallow")
      30                      .dwattr $C$DW$4, DW_AT_TI_symbol_name("___eallow")
      31                      .dwattr $C$DW$4, DW_AT_declaration
      32                      .dwattr $C$DW$4, DW_AT_external
      33                      .dwendtag $C$DW$4
      34              
      35              
      36              $C$DW$5 .dwtag  DW_TAG_subprogram
      37                      .dwattr $C$DW$5, DW_AT_name("__edis")
      38                      .dwattr $C$DW$5, DW_AT_TI_symbol_name("___edis")
      39                      .dwattr $C$DW$5, DW_AT_declaration
      40                      .dwattr $C$DW$5, DW_AT_external
      41                      .dwendtag $C$DW$5
      42              
      43              ;       D:\Programs\TI\ccs1281\ccs\tools\compiler\ti-cgt-c2000_22.6.1.LTS\bin\opt2000.exe C:\\Users\\Daniel\\
      44              ;       D:\Programs\TI\ccs1281\ccs\tools\compiler\ti-cgt-c2000_22.6.1.LTS\bin\ac2000.exe -@C:\\Users\\Daniel\
      45 00000000               .sect   ".TI.ramfunc:_Flash_wakeFromLPM"
      46                      .clink
      47                      .global _Flash_wakeFromLPM
      48              
      49              $C$DW$6 .dwtag  DW_TAG_subprogram
      50                      .dwattr $C$DW$6, DW_AT_name("Flash_wakeFromLPM")
      51                      .dwattr $C$DW$6, DW_AT_low_pc(_Flash_wakeFromLPM)
      52                      .dwattr $C$DW$6, DW_AT_high_pc(0x00)
      53                      .dwattr $C$DW$6, DW_AT_TI_symbol_name("_Flash_wakeFromLPM")
      54                      .dwattr $C$DW$6, DW_AT_external
      55                      .dwattr $C$DW$6, DW_AT_TI_begin_file("../device/driverlib/flash.c")
TMS320C2000 Assembler PC v22.6.1 Wed May 21 09:51:56 2025

Copyright (c) 1996-2018 Texas Instruments Incorporated
C:\Users\Daniel\AppData\Local\Temp\{9C93A50B-CE44-4E21-B1BD-8AE2C26BB0E5} PAGE    2

      56                      .dwattr $C$DW$6, DW_AT_TI_begin_line(0x97)
      57                      .dwattr $C$DW$6, DW_AT_TI_begin_column(0x01)
      58                      .dwattr $C$DW$6, DW_AT_TI_max_frame_size(-4)
      59                      .dwpsn  file "../device/driverlib/flash.c",line 152,column 1,is_stmt,address _Flash_wakeFromLPM,isa 0
      60              
      61                      .dwfde $C$DW$CIE, _Flash_wakeFromLPM
      62              $C$DW$7 .dwtag  DW_TAG_formal_parameter
      63                      .dwattr $C$DW$7, DW_AT_name("ctrlBase")
      64                      .dwattr $C$DW$7, DW_AT_TI_symbol_name("_ctrlBase")
      65                      .dwattr $C$DW$7, DW_AT_type(*$C$DW$T$29)
      66                      .dwattr $C$DW$7, DW_AT_location[DW_OP_reg0]
      67              
      68              
      69              ;***************************************************************
      70              ;* FNAME: _Flash_wakeFromLPM            FR SIZE:   2           *
      71              ;*                                                             *
      72              ;* FUNCTION ENVIRONMENT                                        *
      73              ;*                                                             *
      74              ;* FUNCTION PROPERTIES                                         *
      75              ;*                            0 Parameter,  0 Auto,  2 SOE     *
      76              ;***************************************************************
      77              
      78              _Flash_wakeFromLPM:
      79              ;* AR1   assigned to _ctrlBase
      80              $C$DW$8 .dwtag  DW_TAG_variable
      81                      .dwattr $C$DW$8, DW_AT_name("ctrlBase")
      82                      .dwattr $C$DW$8, DW_AT_TI_symbol_name("_ctrlBase")
      83                      .dwattr $C$DW$8, DW_AT_type(*$C$DW$T$49)
      84                      .dwattr $C$DW$8, DW_AT_location[DW_OP_reg6]
      85              
      86                      .dwcfi  cfa_offset, -2
      87                      .dwcfi  save_reg_to_mem, 26, 0
      88 00000000 B2BD          MOVL      *SP++,XAR1            ; [CPU_ALU] 
      89                      .dwcfi  save_reg_to_mem, 7, 2
      90                      .dwcfi  cfa_offset, -4
      91 00000001 8BA9          MOVL      XAR1,ACC              ; [CPU_ALU] |152| 
      92                      .dwpsn  file "../device/driverlib/flash.c",line 156,column 5,is_stmt,isa 0
      93 00000002 8F05          MOVL      XAR4,#391168          ; [CPU_ARAU] |156| 
         00000003 F800 
      94 00000004 A8A9          MOVL      ACC,XAR4              ; [CPU_ALU] |156| 
      95 00000005 0FA1          CMPL      ACC,XAR1              ; [CPU_ALU] |156| 
      96 00000006 6106          B         $C$L1,EQ              ; [CPU_ALU] |156| 
      97                      ; branchcc occurs ; [] |156| 
      98 00000007 8F00+         MOVL      XAR4,#$C$FSL1         ; [CPU_ARAU] |156| 
         00000008 0000 
      99 00000009 029C          MOVB      ACC,#156              ; [CPU_ALU] |156| 
     100              $C$DW$9 .dwtag  DW_TAG_TI_branch
     101                      .dwattr $C$DW$9, DW_AT_low_pc(0x00)
     102                      .dwattr $C$DW$9, DW_AT_name("___error__")
     103                      .dwattr $C$DW$9, DW_AT_TI_call
     104              
     105 0000000a 7640!         LCR       #___error__           ; [CPU_ALU] |156| 
         0000000b 0000 
     106                      ; call occurs [#___error__] ; [] |156| 
     107 0000000c       $C$L1:    
TMS320C2000 Assembler PC v22.6.1 Wed May 21 09:51:56 2025

Copyright (c) 1996-2018 Texas Instruments Incorporated
C:\Users\Daniel\AppData\Local\Temp\{9C93A50B-CE44-4E21-B1BD-8AE2C26BB0E5} PAGE    3

     108                      .dwpsn  file "..\device\driverlib\flash.h",line 305,column 5,is_stmt,isa 0
     109 0000000c 8F05          MOVL      XAR4,#391168          ; [CPU_ARAU] |305| 
         0000000d F800 
     110 0000000e A8A9          MOVL      ACC,XAR4              ; [CPU_ALU] |305| 
     111 0000000f 0FA1          CMPL      ACC,XAR1              ; [CPU_ALU] |305| 
     112 00000010 6107          B         $C$L2,EQ              ; [CPU_ALU] |305| 
     113                      ; branchcc occurs ; [] |305| 
     114 00000011 FF20          MOV       ACC,#305              ; [CPU_ALU] |305| 
         00000012 0131 
     115 00000013 8F00+         MOVL      XAR4,#$C$FSL2         ; [CPU_ARAU] |305| 
         00000014 001C 
     116              $C$DW$10        .dwtag  DW_TAG_TI_branch
     117                      .dwattr $C$DW$10, DW_AT_low_pc(0x00)
     118                      .dwattr $C$DW$10, DW_AT_name("___error__")
     119                      .dwattr $C$DW$10, DW_AT_TI_call
     120              
     121 00000015 7640!         LCR       #___error__           ; [CPU_ALU] |305| 
         00000016 0000 
     122                      ; call occurs [#___error__] ; [] |305| 
     123 00000017       $C$L2:    
     124                      .dwpsn  file "..\device\driverlib\flash.h",line 307,column 5,is_stmt,isa 0
     125 00000017 7622          EALLOW    ; [CPU_ALU] |307| 
     126                      .dwpsn  file "..\device\driverlib\flash.h",line 312,column 5,is_stmt,isa 0
     127 00000018 D020          MOVB      XAR0,#32              ; [CPU_ALU] |312| 
     128 00000019 0691          MOVL      ACC,*+XAR1[AR0]       ; [CPU_ALU] |312| 
     129 0000001a D020          MOVB      XAR0,#32              ; [CPU_ALU] |312| 
     130 0000001b 9100          ANDB      AH,#0                 ; [CPU_ALU] |312| 
     131 0000001c 5003          ORB       AL,#0x03              ; [CPU_ALU] |312| 
     132 0000001d 1E91          MOVL      *+XAR1[AR0],ACC       ; [CPU_ALU] |312| 
     133                      .dwpsn  file "..\device\driverlib\flash.h",line 316,column 5,is_stmt,isa 0
     134 0000001e 761A          EDIS      ; [CPU_ALU] |316| 
     135                      .dwpsn  file "..\device\driverlib\flash.h",line 305,column 5,is_stmt,isa 0
     136 0000001f 8F05          MOVL      XAR4,#391168          ; [CPU_ARAU] |305| 
         00000020 F800 
     137 00000021 A8A9          MOVL      ACC,XAR4              ; [CPU_ALU] |305| 
     138 00000022 0FA1          CMPL      ACC,XAR1              ; [CPU_ALU] |305| 
     139 00000023 6107          B         $C$L3,EQ              ; [CPU_ALU] |305| 
     140                      ; branchcc occurs ; [] |305| 
     141 00000024 FF20          MOV       ACC,#305              ; [CPU_ALU] |305| 
         00000025 0131 
     142 00000026 8F00+         MOVL      XAR4,#$C$FSL2         ; [CPU_ARAU] |305| 
         00000027 001C 
     143              $C$DW$11        .dwtag  DW_TAG_TI_branch
     144                      .dwattr $C$DW$11, DW_AT_low_pc(0x00)
     145                      .dwattr $C$DW$11, DW_AT_name("___error__")
     146                      .dwattr $C$DW$11, DW_AT_TI_call
     147              
     148 00000028 7640!         LCR       #___error__           ; [CPU_ALU] |305| 
         00000029 0000 
     149                      ; call occurs [#___error__] ; [] |305| 
     150 0000002a       $C$L3:    
     151                      .dwpsn  file "..\device\driverlib\flash.h",line 307,column 5,is_stmt,isa 0
     152 0000002a 7622          EALLOW    ; [CPU_ALU] |307| 
     153                      .dwpsn  file "..\device\driverlib\flash.h",line 312,column 5,is_stmt,isa 0
     154 0000002b D020          MOVB      XAR0,#32              ; [CPU_ALU] |312| 
TMS320C2000 Assembler PC v22.6.1 Wed May 21 09:51:56 2025

Copyright (c) 1996-2018 Texas Instruments Incorporated
C:\Users\Daniel\AppData\Local\Temp\{9C93A50B-CE44-4E21-B1BD-8AE2C26BB0E5} PAGE    4

     155 0000002c 0691          MOVL      ACC,*+XAR1[AR0]       ; [CPU_ALU] |312| 
     156 0000002d D020          MOVB      XAR0,#32              ; [CPU_ALU] |312| 
     157 0000002e 9100          ANDB      AH,#0                 ; [CPU_ALU] |312| 
     158 0000002f 500C          ORB       AL,#0x0c              ; [CPU_ALU] |312| 
     159 00000030 1E91          MOVL      *+XAR1[AR0],ACC       ; [CPU_ALU] |312| 
     160                      .dwpsn  file "..\device\driverlib\flash.h",line 316,column 5,is_stmt,isa 0
     161 00000031 761A          EDIS      ; [CPU_ALU] |316| 
     162                      .dwpsn  file "..\device\driverlib\flash.h",line 305,column 5,is_stmt,isa 0
     163 00000032 8F05          MOVL      XAR4,#391168          ; [CPU_ARAU] |305| 
         00000033 F800 
     164 00000034 A8A9          MOVL      ACC,XAR4              ; [CPU_ALU] |305| 
     165 00000035 0FA1          CMPL      ACC,XAR1              ; [CPU_ALU] |305| 
     166 00000036 6107          B         $C$L4,EQ              ; [CPU_ALU] |305| 
     167                      ; branchcc occurs ; [] |305| 
     168 00000037 FF20          MOV       ACC,#305              ; [CPU_ALU] |305| 
         00000038 0131 
     169 00000039 8F00+         MOVL      XAR4,#$C$FSL2         ; [CPU_ARAU] |305| 
         0000003a 001C 
     170              $C$DW$12        .dwtag  DW_TAG_TI_branch
     171                      .dwattr $C$DW$12, DW_AT_low_pc(0x00)
     172                      .dwattr $C$DW$12, DW_AT_name("___error__")
     173                      .dwattr $C$DW$12, DW_AT_TI_call
     174              
     175 0000003b 7640!         LCR       #___error__           ; [CPU_ALU] |305| 
         0000003c 0000 
     176                      ; call occurs [#___error__] ; [] |305| 
     177 0000003d       $C$L4:    
     178                      .dwpsn  file "..\device\driverlib\flash.h",line 307,column 5,is_stmt,isa 0
     179 0000003d 7622          EALLOW    ; [CPU_ALU] |307| 
     180                      .dwpsn  file "..\device\driverlib\flash.h",line 312,column 5,is_stmt,isa 0
     181 0000003e D020          MOVB      XAR0,#32              ; [CPU_ALU] |312| 
     182 0000003f 0691          MOVL      ACC,*+XAR1[AR0]       ; [CPU_ALU] |312| 
     183 00000040 D020          MOVB      XAR0,#32              ; [CPU_ALU] |312| 
     184 00000041 9100          ANDB      AH,#0                 ; [CPU_ALU] |312| 
     185 00000042 5030          ORB       AL,#0x30              ; [CPU_ALU] |312| 
     186 00000043 1E91          MOVL      *+XAR1[AR0],ACC       ; [CPU_ALU] |312| 
     187                      .dwpsn  file "..\device\driverlib\flash.h",line 316,column 5,is_stmt,isa 0
     188 00000044 761A          EDIS      ; [CPU_ALU] |316| 
     189                      .dwpsn  file "..\device\driverlib\flash.h",line 343,column 5,is_stmt,isa 0
     190 00000045 8F05          MOVL      XAR4,#391168          ; [CPU_ARAU] |343| 
         00000046 F800 
     191 00000047 A8A9          MOVL      ACC,XAR4              ; [CPU_ALU] |343| 
     192 00000048 0FA1          CMPL      ACC,XAR1              ; [CPU_ALU] |343| 
     193 00000049 6107          B         $C$L5,EQ              ; [CPU_ALU] |343| 
     194                      ; branchcc occurs ; [] |343| 
     195 0000004a FF20          MOV       ACC,#343              ; [CPU_ALU] |343| 
         0000004b 0157 
     196 0000004c 8F00+         MOVL      XAR4,#$C$FSL2         ; [CPU_ARAU] |343| 
         0000004d 001C 
     197              $C$DW$13        .dwtag  DW_TAG_TI_branch
     198                      .dwattr $C$DW$13, DW_AT_low_pc(0x00)
     199                      .dwattr $C$DW$13, DW_AT_name("___error__")
     200                      .dwattr $C$DW$13, DW_AT_TI_call
     201              
     202 0000004e 7640!         LCR       #___error__           ; [CPU_ALU] |343| 
TMS320C2000 Assembler PC v22.6.1 Wed May 21 09:51:56 2025

Copyright (c) 1996-2018 Texas Instruments Incorporated
C:\Users\Daniel\AppData\Local\Temp\{9C93A50B-CE44-4E21-B1BD-8AE2C26BB0E5} PAGE    5

         0000004f 0000 
     203                      ; call occurs [#___error__] ; [] |343| 
     204 00000050       $C$L5:    
     205                      .dwpsn  file "..\device\driverlib\flash.h",line 345,column 5,is_stmt,isa 0
     206 00000050 7622          EALLOW    ; [CPU_ALU] |345| 
     207                      .dwpsn  file "..\device\driverlib\flash.h",line 350,column 5,is_stmt,isa 0
     208 00000051 D024          MOVB      XAR0,#36              ; [CPU_ALU] |350| 
     209 00000052 0691          MOVL      ACC,*+XAR1[AR0]       ; [CPU_ALU] |350| 
     210 00000053 D024          MOVB      XAR0,#36              ; [CPU_ALU] |350| 
     211 00000054 5001          ORB       AL,#0x01              ; [CPU_ALU] |350| 
     212 00000055 1E91          MOVL      *+XAR1[AR0],ACC       ; [CPU_ALU] |350| 
     213                      .dwpsn  file "..\device\driverlib\flash.h",line 353,column 5,is_stmt,isa 0
     214 00000056 761A          EDIS      ; [CPU_ALU] |353| 
     215 00000057 8BBE          MOVL      XAR1,*--SP            ; [CPU_ALU] 
     216                      .dwcfi  cfa_offset, -2
     217                      .dwcfi  restore_reg, 7
     218              $C$DW$14        .dwtag  DW_TAG_TI_branch
     219                      .dwattr $C$DW$14, DW_AT_low_pc(0x00)
     220                      .dwattr $C$DW$14, DW_AT_TI_return
     221              
     222 00000058 0006          LRETR     ; [CPU_ALU] 
     223                      ; return occurs ; [] 
     224                      .dwattr $C$DW$6, DW_AT_TI_end_file("../device/driverlib/flash.c")
     225                      .dwattr $C$DW$6, DW_AT_TI_end_line(0xa9)
     226                      .dwattr $C$DW$6, DW_AT_TI_end_column(0x01)
     227                      .dwendentry
     228                      .dwendtag $C$DW$6
     229              
     230 00000000               .sect   ".TI.ramfunc:_Flash_powerDown"
     231                      .clink
     232                      .global _Flash_powerDown
     233              
     234              $C$DW$15        .dwtag  DW_TAG_subprogram
     235                      .dwattr $C$DW$15, DW_AT_name("Flash_powerDown")
     236                      .dwattr $C$DW$15, DW_AT_low_pc(_Flash_powerDown)
     237                      .dwattr $C$DW$15, DW_AT_high_pc(0x00)
     238                      .dwattr $C$DW$15, DW_AT_TI_symbol_name("_Flash_powerDown")
     239                      .dwattr $C$DW$15, DW_AT_external
     240                      .dwattr $C$DW$15, DW_AT_TI_begin_file("../device/driverlib/flash.c")
     241                      .dwattr $C$DW$15, DW_AT_TI_begin_line(0x7a)
     242                      .dwattr $C$DW$15, DW_AT_TI_begin_column(0x01)
     243                      .dwattr $C$DW$15, DW_AT_TI_max_frame_size(-4)
     244                      .dwpsn  file "../device/driverlib/flash.c",line 123,column 1,is_stmt,address _Flash_powerDown,isa 0
     245              
     246                      .dwfde $C$DW$CIE, _Flash_powerDown
     247              $C$DW$16        .dwtag  DW_TAG_formal_parameter
     248                      .dwattr $C$DW$16, DW_AT_name("ctrlBase")
     249                      .dwattr $C$DW$16, DW_AT_TI_symbol_name("_ctrlBase")
     250                      .dwattr $C$DW$16, DW_AT_type(*$C$DW$T$29)
     251                      .dwattr $C$DW$16, DW_AT_location[DW_OP_reg0]
     252              
     253              
     254              ;***************************************************************
     255              ;* FNAME: _Flash_powerDown              FR SIZE:   2           *
     256              ;*                                                             *
TMS320C2000 Assembler PC v22.6.1 Wed May 21 09:51:56 2025

Copyright (c) 1996-2018 Texas Instruments Incorporated
C:\Users\Daniel\AppData\Local\Temp\{9C93A50B-CE44-4E21-B1BD-8AE2C26BB0E5} PAGE    6

     257              ;* FUNCTION ENVIRONMENT                                        *
     258              ;*                                                             *
     259              ;* FUNCTION PROPERTIES                                         *
     260              ;*                            0 Parameter,  0 Auto,  2 SOE     *
     261              ;***************************************************************
     262              
     263              _Flash_powerDown:
     264              ;* AR1   assigned to _ctrlBase
     265              $C$DW$17        .dwtag  DW_TAG_variable
     266                      .dwattr $C$DW$17, DW_AT_name("ctrlBase")
     267                      .dwattr $C$DW$17, DW_AT_TI_symbol_name("_ctrlBase")
     268                      .dwattr $C$DW$17, DW_AT_type(*$C$DW$T$49)
     269                      .dwattr $C$DW$17, DW_AT_location[DW_OP_reg6]
     270              
     271                      .dwcfi  cfa_offset, -2
     272                      .dwcfi  save_reg_to_mem, 26, 0
     273 00000000 B2BD          MOVL      *SP++,XAR1            ; [CPU_ALU] 
     274                      .dwcfi  save_reg_to_mem, 7, 2
     275                      .dwcfi  cfa_offset, -4
     276 00000001 8BA9          MOVL      XAR1,ACC              ; [CPU_ALU] |123| 
     277                      .dwpsn  file "../device/driverlib/flash.c",line 127,column 5,is_stmt,isa 0
     278 00000002 8F05          MOVL      XAR4,#391168          ; [CPU_ARAU] |127| 
         00000003 F800 
     279 00000004 A8A9          MOVL      ACC,XAR4              ; [CPU_ALU] |127| 
     280 00000005 0FA1          CMPL      ACC,XAR1              ; [CPU_ALU] |127| 
     281 00000006 6106          B         $C$L6,EQ              ; [CPU_ALU] |127| 
     282                      ; branchcc occurs ; [] |127| 
     283 00000007 8F00+         MOVL      XAR4,#$C$FSL1         ; [CPU_ARAU] |127| 
         00000008 0000 
     284 00000009 027F          MOVB      ACC,#127              ; [CPU_ALU] |127| 
     285              $C$DW$18        .dwtag  DW_TAG_TI_branch
     286                      .dwattr $C$DW$18, DW_AT_low_pc(0x00)
     287                      .dwattr $C$DW$18, DW_AT_name("___error__")
     288                      .dwattr $C$DW$18, DW_AT_TI_call
     289              
     290 0000000a 7640!         LCR       #___error__           ; [CPU_ALU] |127| 
         0000000b 0000 
     291                      ; call occurs [#___error__] ; [] |127| 
     292 0000000c       $C$L6:    
     293                      .dwpsn  file "..\device\driverlib\flash.h",line 305,column 5,is_stmt,isa 0
     294 0000000c 8F05          MOVL      XAR4,#391168          ; [CPU_ARAU] |305| 
         0000000d F800 
     295 0000000e A8A9          MOVL      ACC,XAR4              ; [CPU_ALU] |305| 
     296 0000000f 0FA1          CMPL      ACC,XAR1              ; [CPU_ALU] |305| 
     297 00000010 6107          B         $C$L7,EQ              ; [CPU_ALU] |305| 
     298                      ; branchcc occurs ; [] |305| 
     299 00000011 FF20          MOV       ACC,#305              ; [CPU_ALU] |305| 
         00000012 0131 
     300 00000013 8F00+         MOVL      XAR4,#$C$FSL2         ; [CPU_ARAU] |305| 
         00000014 001C 
     301              $C$DW$19        .dwtag  DW_TAG_TI_branch
     302                      .dwattr $C$DW$19, DW_AT_low_pc(0x00)
     303                      .dwattr $C$DW$19, DW_AT_name("___error__")
     304                      .dwattr $C$DW$19, DW_AT_TI_call
     305              
TMS320C2000 Assembler PC v22.6.1 Wed May 21 09:51:56 2025

Copyright (c) 1996-2018 Texas Instruments Incorporated
C:\Users\Daniel\AppData\Local\Temp\{9C93A50B-CE44-4E21-B1BD-8AE2C26BB0E5} PAGE    7

     306 00000015 7640!         LCR       #___error__           ; [CPU_ALU] |305| 
         00000016 0000 
     307                      ; call occurs [#___error__] ; [] |305| 
     308 00000017       $C$L7:    
     309                      .dwpsn  file "..\device\driverlib\flash.h",line 307,column 5,is_stmt,isa 0
     310 00000017 7622          EALLOW    ; [CPU_ALU] |307| 
     311                      .dwpsn  file "..\device\driverlib\flash.h",line 312,column 5,is_stmt,isa 0
     312 00000018 D020          MOVB      XAR0,#32              ; [CPU_ALU] |312| 
     313 00000019 0691          MOVL      ACC,*+XAR1[AR0]       ; [CPU_ALU] |312| 
     314 0000001a D020          MOVB      XAR0,#32              ; [CPU_ALU] |312| 
     315 0000001b 18A9          AND       AL,#65532             ; [CPU_ALU] |312| 
         0000001c FFFC 
     316 0000001d 9100          ANDB      AH,#0                 ; [CPU_ALU] |312| 
     317 0000001e 1E91          MOVL      *+XAR1[AR0],ACC       ; [CPU_ALU] |312| 
     318                      .dwpsn  file "..\device\driverlib\flash.h",line 316,column 5,is_stmt,isa 0
     319 0000001f 761A          EDIS      ; [CPU_ALU] |316| 
     320                      .dwpsn  file "..\device\driverlib\flash.h",line 305,column 5,is_stmt,isa 0
     321 00000020 8F05          MOVL      XAR4,#391168          ; [CPU_ARAU] |305| 
         00000021 F800 
     322 00000022 A8A9          MOVL      ACC,XAR4              ; [CPU_ALU] |305| 
     323 00000023 0FA1          CMPL      ACC,XAR1              ; [CPU_ALU] |305| 
     324 00000024 6107          B         $C$L8,EQ              ; [CPU_ALU] |305| 
     325                      ; branchcc occurs ; [] |305| 
     326 00000025 FF20          MOV       ACC,#305              ; [CPU_ALU] |305| 
         00000026 0131 
     327 00000027 8F00+         MOVL      XAR4,#$C$FSL2         ; [CPU_ARAU] |305| 
         00000028 001C 
     328              $C$DW$20        .dwtag  DW_TAG_TI_branch
     329                      .dwattr $C$DW$20, DW_AT_low_pc(0x00)
     330                      .dwattr $C$DW$20, DW_AT_name("___error__")
     331                      .dwattr $C$DW$20, DW_AT_TI_call
     332              
     333 00000029 7640!         LCR       #___error__           ; [CPU_ALU] |305| 
         0000002a 0000 
     334                      ; call occurs [#___error__] ; [] |305| 
     335 0000002b       $C$L8:    
     336                      .dwpsn  file "..\device\driverlib\flash.h",line 307,column 5,is_stmt,isa 0
     337 0000002b 7622          EALLOW    ; [CPU_ALU] |307| 
     338                      .dwpsn  file "..\device\driverlib\flash.h",line 312,column 5,is_stmt,isa 0
     339 0000002c D020          MOVB      XAR0,#32              ; [CPU_ALU] |312| 
     340 0000002d 0691          MOVL      ACC,*+XAR1[AR0]       ; [CPU_ALU] |312| 
     341 0000002e D020          MOVB      XAR0,#32              ; [CPU_ALU] |312| 
     342 0000002f 18A9          AND       AL,#65523             ; [CPU_ALU] |312| 
         00000030 FFF3 
     343 00000031 9100          ANDB      AH,#0                 ; [CPU_ALU] |312| 
     344 00000032 1E91          MOVL      *+XAR1[AR0],ACC       ; [CPU_ALU] |312| 
     345                      .dwpsn  file "..\device\driverlib\flash.h",line 316,column 5,is_stmt,isa 0
     346 00000033 761A          EDIS      ; [CPU_ALU] |316| 
     347                      .dwpsn  file "..\device\driverlib\flash.h",line 305,column 5,is_stmt,isa 0
     348 00000034 8F05          MOVL      XAR4,#391168          ; [CPU_ARAU] |305| 
         00000035 F800 
     349 00000036 A8A9          MOVL      ACC,XAR4              ; [CPU_ALU] |305| 
     350 00000037 0FA1          CMPL      ACC,XAR1              ; [CPU_ALU] |305| 
     351 00000038 6107          B         $C$L9,EQ              ; [CPU_ALU] |305| 
     352                      ; branchcc occurs ; [] |305| 
TMS320C2000 Assembler PC v22.6.1 Wed May 21 09:51:56 2025

Copyright (c) 1996-2018 Texas Instruments Incorporated
C:\Users\Daniel\AppData\Local\Temp\{9C93A50B-CE44-4E21-B1BD-8AE2C26BB0E5} PAGE    8

     353 00000039 FF20          MOV       ACC,#305              ; [CPU_ALU] |305| 
         0000003a 0131 
     354 0000003b 8F00+         MOVL      XAR4,#$C$FSL2         ; [CPU_ARAU] |305| 
         0000003c 001C 
     355              $C$DW$21        .dwtag  DW_TAG_TI_branch
     356                      .dwattr $C$DW$21, DW_AT_low_pc(0x00)
     357                      .dwattr $C$DW$21, DW_AT_name("___error__")
     358                      .dwattr $C$DW$21, DW_AT_TI_call
     359              
     360 0000003d 7640!         LCR       #___error__           ; [CPU_ALU] |305| 
         0000003e 0000 
     361                      ; call occurs [#___error__] ; [] |305| 
     362 0000003f       $C$L9:    
     363                      .dwpsn  file "..\device\driverlib\flash.h",line 307,column 5,is_stmt,isa 0
     364 0000003f 7622          EALLOW    ; [CPU_ALU] |307| 
     365                      .dwpsn  file "..\device\driverlib\flash.h",line 312,column 5,is_stmt,isa 0
     366 00000040 D020          MOVB      XAR0,#32              ; [CPU_ALU] |312| 
     367 00000041 0691          MOVL      ACC,*+XAR1[AR0]       ; [CPU_ALU] |312| 
     368 00000042 D020          MOVB      XAR0,#32              ; [CPU_ALU] |312| 
     369 00000043 18A9          AND       AL,#65487             ; [CPU_ALU] |312| 
         00000044 FFCF 
     370 00000045 9100          ANDB      AH,#0                 ; [CPU_ALU] |312| 
     371 00000046 1E91          MOVL      *+XAR1[AR0],ACC       ; [CPU_ALU] |312| 
     372                      .dwpsn  file "..\device\driverlib\flash.h",line 316,column 5,is_stmt,isa 0
     373 00000047 761A          EDIS      ; [CPU_ALU] |316| 
     374                      .dwpsn  file "..\device\driverlib\flash.h",line 343,column 5,is_stmt,isa 0
     375 00000048 8F05          MOVL      XAR4,#391168          ; [CPU_ARAU] |343| 
         00000049 F800 
     376 0000004a A8A9          MOVL      ACC,XAR4              ; [CPU_ALU] |343| 
     377 0000004b 0FA1          CMPL      ACC,XAR1              ; [CPU_ALU] |343| 
     378 0000004c 6107          B         $C$L10,EQ             ; [CPU_ALU] |343| 
     379                      ; branchcc occurs ; [] |343| 
     380 0000004d FF20          MOV       ACC,#343              ; [CPU_ALU] |343| 
         0000004e 0157 
     381 0000004f 8F00+         MOVL      XAR4,#$C$FSL2         ; [CPU_ARAU] |343| 
         00000050 001C 
     382              $C$DW$22        .dwtag  DW_TAG_TI_branch
     383                      .dwattr $C$DW$22, DW_AT_low_pc(0x00)
     384                      .dwattr $C$DW$22, DW_AT_name("___error__")
     385                      .dwattr $C$DW$22, DW_AT_TI_call
     386              
     387 00000051 7640!         LCR       #___error__           ; [CPU_ALU] |343| 
         00000052 0000 
     388                      ; call occurs [#___error__] ; [] |343| 
     389 00000053       $C$L10:    
     390                      .dwpsn  file "..\device\driverlib\flash.h",line 345,column 5,is_stmt,isa 0
     391 00000053 7622          EALLOW    ; [CPU_ALU] |345| 
     392                      .dwpsn  file "..\device\driverlib\flash.h",line 350,column 5,is_stmt,isa 0
     393 00000054 D024          MOVB      XAR0,#36              ; [CPU_ALU] |350| 
     394 00000055 0691          MOVL      ACC,*+XAR1[AR0]       ; [CPU_ALU] |350| 
     395 00000056 D024          MOVB      XAR0,#36              ; [CPU_ALU] |350| 
     396 00000057 18A9          AND       AL,#65534             ; [CPU_ALU] |350| 
         00000058 FFFE 
     397 00000059 1E91          MOVL      *+XAR1[AR0],ACC       ; [CPU_ALU] |350| 
     398                      .dwpsn  file "..\device\driverlib\flash.h",line 353,column 5,is_stmt,isa 0
TMS320C2000 Assembler PC v22.6.1 Wed May 21 09:51:56 2025

Copyright (c) 1996-2018 Texas Instruments Incorporated
C:\Users\Daniel\AppData\Local\Temp\{9C93A50B-CE44-4E21-B1BD-8AE2C26BB0E5} PAGE    9

     399 0000005a 761A          EDIS      ; [CPU_ALU] |353| 
     400 0000005b 8BBE          MOVL      XAR1,*--SP            ; [CPU_ALU] 
     401                      .dwcfi  cfa_offset, -2
     402                      .dwcfi  restore_reg, 7
     403              $C$DW$23        .dwtag  DW_TAG_TI_branch
     404                      .dwattr $C$DW$23, DW_AT_low_pc(0x00)
     405                      .dwattr $C$DW$23, DW_AT_TI_return
     406              
     407 0000005c 0006          LRETR     ; [CPU_ALU] 
     408                      ; return occurs ; [] 
     409                      .dwattr $C$DW$15, DW_AT_TI_end_file("../device/driverlib/flash.c")
     410                      .dwattr $C$DW$15, DW_AT_TI_end_line(0x8c)
     411                      .dwattr $C$DW$15, DW_AT_TI_end_column(0x01)
     412                      .dwendentry
     413                      .dwendtag $C$DW$15
     414              
     415 00000000               .sect   ".TI.ramfunc:_Flash_initModule"
     416                      .clink
     417                      .global _Flash_initModule
     418              
     419              $C$DW$24        .dwtag  DW_TAG_subprogram
     420                      .dwattr $C$DW$24, DW_AT_name("Flash_initModule")
     421                      .dwattr $C$DW$24, DW_AT_low_pc(_Flash_initModule)
     422                      .dwattr $C$DW$24, DW_AT_high_pc(0x00)
     423                      .dwattr $C$DW$24, DW_AT_TI_symbol_name("_Flash_initModule")
     424                      .dwattr $C$DW$24, DW_AT_external
     425                      .dwattr $C$DW$24, DW_AT_TI_begin_file("../device/driverlib/flash.c")
     426                      .dwattr $C$DW$24, DW_AT_TI_begin_line(0x3a)
     427                      .dwattr $C$DW$24, DW_AT_TI_begin_column(0x01)
     428                      .dwattr $C$DW$24, DW_AT_TI_max_frame_size(-8)
     429                      .dwpsn  file "../device/driverlib/flash.c",line 59,column 1,is_stmt,address _Flash_initModule,isa 0
     430              
     431                      .dwfde $C$DW$CIE, _Flash_initModule
     432              $C$DW$25        .dwtag  DW_TAG_formal_parameter
     433                      .dwattr $C$DW$25, DW_AT_name("ctrlBase")
     434                      .dwattr $C$DW$25, DW_AT_TI_symbol_name("_ctrlBase")
     435                      .dwattr $C$DW$25, DW_AT_type(*$C$DW$T$29)
     436                      .dwattr $C$DW$25, DW_AT_location[DW_OP_reg0]
     437              
     438              $C$DW$26        .dwtag  DW_TAG_formal_parameter
     439                      .dwattr $C$DW$26, DW_AT_name("eccBase")
     440                      .dwattr $C$DW$26, DW_AT_TI_symbol_name("_eccBase")
     441                      .dwattr $C$DW$26, DW_AT_type(*$C$DW$T$29)
     442                      .dwattr $C$DW$26, DW_AT_location[DW_OP_breg20 -10]
     443              
     444              $C$DW$27        .dwtag  DW_TAG_formal_parameter
     445                      .dwattr $C$DW$27, DW_AT_name("waitstates")
     446                      .dwattr $C$DW$27, DW_AT_TI_symbol_name("_waitstates")
     447                      .dwattr $C$DW$27, DW_AT_type(*$C$DW$T$33)
     448                      .dwattr $C$DW$27, DW_AT_location[DW_OP_reg12]
     449              
     450              
     451              ;***************************************************************
     452              ;* FNAME: _Flash_initModule             FR SIZE:   6           *
     453              ;*                                                             *
TMS320C2000 Assembler PC v22.6.1 Wed May 21 09:51:56 2025

Copyright (c) 1996-2018 Texas Instruments Incorporated
C:\Users\Daniel\AppData\Local\Temp\{9C93A50B-CE44-4E21-B1BD-8AE2C26BB0E5} PAGE   10

     454              ;* FUNCTION ENVIRONMENT                                        *
     455              ;*                                                             *
     456              ;* FUNCTION PROPERTIES                                         *
     457              ;*                            0 Parameter,  0 Auto,  6 SOE     *
     458              ;***************************************************************
     459              
     460              _Flash_initModule:
     461              ;* AR1   assigned to _ctrlBase
     462              $C$DW$28        .dwtag  DW_TAG_variable
     463                      .dwattr $C$DW$28, DW_AT_name("ctrlBase")
     464                      .dwattr $C$DW$28, DW_AT_TI_symbol_name("_ctrlBase")
     465                      .dwattr $C$DW$28, DW_AT_type(*$C$DW$T$49)
     466                      .dwattr $C$DW$28, DW_AT_location[DW_OP_reg6]
     467              
     468              ;* AR2   assigned to _eccBase
     469              $C$DW$29        .dwtag  DW_TAG_variable
     470                      .dwattr $C$DW$29, DW_AT_name("eccBase")
     471                      .dwattr $C$DW$29, DW_AT_TI_symbol_name("_eccBase")
     472                      .dwattr $C$DW$29, DW_AT_type(*$C$DW$T$49)
     473                      .dwattr $C$DW$29, DW_AT_location[DW_OP_reg8]
     474              
     475              ;* AR3   assigned to _waitstates
     476              $C$DW$30        .dwtag  DW_TAG_variable
     477                      .dwattr $C$DW$30, DW_AT_name("waitstates")
     478                      .dwattr $C$DW$30, DW_AT_TI_symbol_name("_waitstates")
     479                      .dwattr $C$DW$30, DW_AT_type(*$C$DW$T$45)
     480                      .dwattr $C$DW$30, DW_AT_location[DW_OP_reg10]
     481              
     482                      .dwcfi  cfa_offset, -2
     483                      .dwcfi  save_reg_to_mem, 26, 0
     484 00000000 B2BD          MOVL      *SP++,XAR1            ; [CPU_ALU] 
     485                      .dwcfi  save_reg_to_mem, 7, 2
     486                      .dwcfi  cfa_offset, -4
     487 00000001 8BA9          MOVL      XAR1,ACC              ; [CPU_ALU] |59| 
     488 00000002 AABD          MOVL      *SP++,XAR2            ; [CPU_ALU] 
     489                      .dwcfi  save_reg_to_mem, 9, 4
     490                      .dwcfi  cfa_offset, -6
     491 00000003 A2BD          MOVL      *SP++,XAR3            ; [CPU_ALU] 
     492                      .dwcfi  save_reg_to_mem, 11, 6
     493                      .dwcfi  cfa_offset, -8
     494 00000004 5BA4          MOVZ      AR3,AR4               ; [CPU_ALU] |59| 
     495                      .dwpsn  file "../device/driverlib/flash.c",line 63,column 5,is_stmt,isa 0
     496 00000005 8F05          MOVL      XAR4,#391168          ; [CPU_ARAU] |63| 
         00000006 F800 
     497 00000007 A8A9          MOVL      ACC,XAR4              ; [CPU_ALU] |63| 
     498                      .dwpsn  file "../device/driverlib/flash.c",line 59,column 1,is_stmt,isa 0
     499 00000008 864A          MOVL      XAR2,*-SP[10]         ; [CPU_ALU] |59| 
     500                      .dwpsn  file "../device/driverlib/flash.c",line 63,column 5,is_stmt,isa 0
     501 00000009 0FA1          CMPL      ACC,XAR1              ; [CPU_ALU] |63| 
     502 0000000a 6106          B         $C$L11,EQ             ; [CPU_ALU] |63| 
     503                      ; branchcc occurs ; [] |63| 
     504 0000000b 8F00+         MOVL      XAR4,#$C$FSL1         ; [CPU_ARAU] |63| 
         0000000c 0000 
     505 0000000d 023F          MOVB      ACC,#63               ; [CPU_ALU] |63| 
     506              $C$DW$31        .dwtag  DW_TAG_TI_branch
TMS320C2000 Assembler PC v22.6.1 Wed May 21 09:51:56 2025

Copyright (c) 1996-2018 Texas Instruments Incorporated
C:\Users\Daniel\AppData\Local\Temp\{9C93A50B-CE44-4E21-B1BD-8AE2C26BB0E5} PAGE   11

     507                      .dwattr $C$DW$31, DW_AT_low_pc(0x00)
     508                      .dwattr $C$DW$31, DW_AT_name("___error__")
     509                      .dwattr $C$DW$31, DW_AT_TI_call
     510              
     511 0000000e 7640!         LCR       #___error__           ; [CPU_ALU] |63| 
         0000000f 0000 
     512                      ; call occurs [#___error__] ; [] |63| 
     513 00000010       $C$L11:    
     514                      .dwpsn  file "../device/driverlib/flash.c",line 64,column 5,is_stmt,isa 0
     515 00000010 8F05          MOVL      XAR4,#391936          ; [CPU_ARAU] |64| 
         00000011 FB00 
     516 00000012 A8A9          MOVL      ACC,XAR4              ; [CPU_ALU] |64| 
     517 00000013 0FA2          CMPL      ACC,XAR2              ; [CPU_ALU] |64| 
     518 00000014 6106          B         $C$L12,EQ             ; [CPU_ALU] |64| 
     519                      ; branchcc occurs ; [] |64| 
     520 00000015 8F00+         MOVL      XAR4,#$C$FSL1         ; [CPU_ARAU] |64| 
         00000016 0000 
     521 00000017 0240          MOVB      ACC,#64               ; [CPU_ALU] |64| 
     522              $C$DW$32        .dwtag  DW_TAG_TI_branch
     523                      .dwattr $C$DW$32, DW_AT_low_pc(0x00)
     524                      .dwattr $C$DW$32, DW_AT_name("___error__")
     525                      .dwattr $C$DW$32, DW_AT_TI_call
     526              
     527 00000018 7640!         LCR       #___error__           ; [CPU_ALU] |64| 
         00000019 0000 
     528                      ; call occurs [#___error__] ; [] |64| 
     529 0000001a       $C$L12:    
     530 0000001a 92A3          MOV       AL,AR3                ; [CPU_ALU] 
     531                      .dwpsn  file "../device/driverlib/flash.c",line 65,column 5,is_stmt,isa 0
     532 0000001b 520F          CMPB      AL,#15                ; [CPU_ALU] |65| 
     533 0000001c 6906          B         $C$L13,LOS            ; [CPU_ALU] |65| 
     534                      ; branchcc occurs ; [] |65| 
     535 0000001d 8F00+         MOVL      XAR4,#$C$FSL1         ; [CPU_ARAU] |65| 
         0000001e 0000 
     536 0000001f 0241          MOVB      ACC,#65               ; [CPU_ALU] |65| 
     537              $C$DW$33        .dwtag  DW_TAG_TI_branch
     538                      .dwattr $C$DW$33, DW_AT_low_pc(0x00)
     539                      .dwattr $C$DW$33, DW_AT_name("___error__")
     540                      .dwattr $C$DW$33, DW_AT_TI_call
     541              
     542 00000020 7640!         LCR       #___error__           ; [CPU_ALU] |65| 
         00000021 0000 
     543                      ; call occurs [#___error__] ; [] |65| 
     544 00000022       $C$L13:    
     545                      .dwpsn  file "..\device\driverlib\flash.h",line 305,column 5,is_stmt,isa 0
     546 00000022 8F05          MOVL      XAR4,#391168          ; [CPU_ARAU] |305| 
         00000023 F800 
     547 00000024 A8A9          MOVL      ACC,XAR4              ; [CPU_ALU] |305| 
     548 00000025 0FA1          CMPL      ACC,XAR1              ; [CPU_ALU] |305| 
     549 00000026 6107          B         $C$L14,EQ             ; [CPU_ALU] |305| 
     550                      ; branchcc occurs ; [] |305| 
     551 00000027 FF20          MOV       ACC,#305              ; [CPU_ALU] |305| 
         00000028 0131 
     552 00000029 8F00+         MOVL      XAR4,#$C$FSL2         ; [CPU_ARAU] |305| 
         0000002a 001C 
TMS320C2000 Assembler PC v22.6.1 Wed May 21 09:51:56 2025

Copyright (c) 1996-2018 Texas Instruments Incorporated
C:\Users\Daniel\AppData\Local\Temp\{9C93A50B-CE44-4E21-B1BD-8AE2C26BB0E5} PAGE   12

     553              $C$DW$34        .dwtag  DW_TAG_TI_branch
     554                      .dwattr $C$DW$34, DW_AT_low_pc(0x00)
     555                      .dwattr $C$DW$34, DW_AT_name("___error__")
     556                      .dwattr $C$DW$34, DW_AT_TI_call
     557              
     558 0000002b 7640!         LCR       #___error__           ; [CPU_ALU] |305| 
         0000002c 0000 
     559                      ; call occurs [#___error__] ; [] |305| 
     560 0000002d       $C$L14:    
     561                      .dwpsn  file "..\device\driverlib\flash.h",line 307,column 5,is_stmt,isa 0
     562 0000002d 7622          EALLOW    ; [CPU_ALU] |307| 
     563                      .dwpsn  file "..\device\driverlib\flash.h",line 312,column 5,is_stmt,isa 0
     564 0000002e D020          MOVB      XAR0,#32              ; [CPU_ALU] |312| 
     565 0000002f 0691          MOVL      ACC,*+XAR1[AR0]       ; [CPU_ALU] |312| 
     566 00000030 D020          MOVB      XAR0,#32              ; [CPU_ALU] |312| 
     567 00000031 9100          ANDB      AH,#0                 ; [CPU_ALU] |312| 
     568 00000032 5003          ORB       AL,#0x03              ; [CPU_ALU] |312| 
     569 00000033 1E91          MOVL      *+XAR1[AR0],ACC       ; [CPU_ALU] |312| 
     570                      .dwpsn  file "..\device\driverlib\flash.h",line 316,column 5,is_stmt,isa 0
     571 00000034 761A          EDIS      ; [CPU_ALU] |316| 
     572                      .dwpsn  file "..\device\driverlib\flash.h",line 305,column 5,is_stmt,isa 0
     573 00000035 8F05          MOVL      XAR4,#391168          ; [CPU_ARAU] |305| 
         00000036 F800 
     574 00000037 A8A9          MOVL      ACC,XAR4              ; [CPU_ALU] |305| 
     575 00000038 0FA1          CMPL      ACC,XAR1              ; [CPU_ALU] |305| 
     576 00000039 6107          B         $C$L15,EQ             ; [CPU_ALU] |305| 
     577                      ; branchcc occurs ; [] |305| 
     578 0000003a FF20          MOV       ACC,#305              ; [CPU_ALU] |305| 
         0000003b 0131 
     579 0000003c 8F00+         MOVL      XAR4,#$C$FSL2         ; [CPU_ARAU] |305| 
         0000003d 001C 
     580              $C$DW$35        .dwtag  DW_TAG_TI_branch
     581                      .dwattr $C$DW$35, DW_AT_low_pc(0x00)
     582                      .dwattr $C$DW$35, DW_AT_name("___error__")
     583                      .dwattr $C$DW$35, DW_AT_TI_call
     584              
     585 0000003e 7640!         LCR       #___error__           ; [CPU_ALU] |305| 
         0000003f 0000 
     586                      ; call occurs [#___error__] ; [] |305| 
     587 00000040       $C$L15:    
     588                      .dwpsn  file "..\device\driverlib\flash.h",line 307,column 5,is_stmt,isa 0
     589 00000040 7622          EALLOW    ; [CPU_ALU] |307| 
     590                      .dwpsn  file "..\device\driverlib\flash.h",line 312,column 5,is_stmt,isa 0
     591 00000041 D020          MOVB      XAR0,#32              ; [CPU_ALU] |312| 
     592 00000042 0691          MOVL      ACC,*+XAR1[AR0]       ; [CPU_ALU] |312| 
     593 00000043 D020          MOVB      XAR0,#32              ; [CPU_ALU] |312| 
     594 00000044 9100          ANDB      AH,#0                 ; [CPU_ALU] |312| 
     595 00000045 500C          ORB       AL,#0x0c              ; [CPU_ALU] |312| 
     596 00000046 1E91          MOVL      *+XAR1[AR0],ACC       ; [CPU_ALU] |312| 
     597                      .dwpsn  file "..\device\driverlib\flash.h",line 316,column 5,is_stmt,isa 0
     598 00000047 761A          EDIS      ; [CPU_ALU] |316| 
     599                      .dwpsn  file "..\device\driverlib\flash.h",line 305,column 5,is_stmt,isa 0
     600 00000048 8F05          MOVL      XAR4,#391168          ; [CPU_ARAU] |305| 
         00000049 F800 
     601 0000004a A8A9          MOVL      ACC,XAR4              ; [CPU_ALU] |305| 
TMS320C2000 Assembler PC v22.6.1 Wed May 21 09:51:56 2025

Copyright (c) 1996-2018 Texas Instruments Incorporated
C:\Users\Daniel\AppData\Local\Temp\{9C93A50B-CE44-4E21-B1BD-8AE2C26BB0E5} PAGE   13

     602 0000004b 0FA1          CMPL      ACC,XAR1              ; [CPU_ALU] |305| 
     603 0000004c 6107          B         $C$L16,EQ             ; [CPU_ALU] |305| 
     604                      ; branchcc occurs ; [] |305| 
     605 0000004d FF20          MOV       ACC,#305              ; [CPU_ALU] |305| 
         0000004e 0131 
     606 0000004f 8F00+         MOVL      XAR4,#$C$FSL2         ; [CPU_ARAU] |305| 
         00000050 001C 
     607              $C$DW$36        .dwtag  DW_TAG_TI_branch
     608                      .dwattr $C$DW$36, DW_AT_low_pc(0x00)
     609                      .dwattr $C$DW$36, DW_AT_name("___error__")
     610                      .dwattr $C$DW$36, DW_AT_TI_call
     611              
     612 00000051 7640!         LCR       #___error__           ; [CPU_ALU] |305| 
         00000052 0000 
     613                      ; call occurs [#___error__] ; [] |305| 
     614 00000053       $C$L16:    
     615                      .dwpsn  file "..\device\driverlib\flash.h",line 307,column 5,is_stmt,isa 0
     616 00000053 7622          EALLOW    ; [CPU_ALU] |307| 
     617                      .dwpsn  file "..\device\driverlib\flash.h",line 312,column 5,is_stmt,isa 0
     618 00000054 D020          MOVB      XAR0,#32              ; [CPU_ALU] |312| 
     619 00000055 0691          MOVL      ACC,*+XAR1[AR0]       ; [CPU_ALU] |312| 
     620 00000056 D020          MOVB      XAR0,#32              ; [CPU_ALU] |312| 
     621 00000057 9100          ANDB      AH,#0                 ; [CPU_ALU] |312| 
     622 00000058 5030          ORB       AL,#0x30              ; [CPU_ALU] |312| 
     623 00000059 1E91          MOVL      *+XAR1[AR0],ACC       ; [CPU_ALU] |312| 
     624                      .dwpsn  file "..\device\driverlib\flash.h",line 316,column 5,is_stmt,isa 0
     625 0000005a 761A          EDIS      ; [CPU_ALU] |316| 
     626                      .dwpsn  file "..\device\driverlib\flash.h",line 343,column 5,is_stmt,isa 0
     627 0000005b 8F05          MOVL      XAR4,#391168          ; [CPU_ARAU] |343| 
         0000005c F800 
     628 0000005d A8A9          MOVL      ACC,XAR4              ; [CPU_ALU] |343| 
     629 0000005e 0FA1          CMPL      ACC,XAR1              ; [CPU_ALU] |343| 
     630 0000005f 6107          B         $C$L17,EQ             ; [CPU_ALU] |343| 
     631                      ; branchcc occurs ; [] |343| 
     632 00000060 FF20          MOV       ACC,#343              ; [CPU_ALU] |343| 
         00000061 0157 
     633 00000062 8F00+         MOVL      XAR4,#$C$FSL2         ; [CPU_ARAU] |343| 
         00000063 001C 
     634              $C$DW$37        .dwtag  DW_TAG_TI_branch
     635                      .dwattr $C$DW$37, DW_AT_low_pc(0x00)
     636                      .dwattr $C$DW$37, DW_AT_name("___error__")
     637                      .dwattr $C$DW$37, DW_AT_TI_call
     638              
     639 00000064 7640!         LCR       #___error__           ; [CPU_ALU] |343| 
         00000065 0000 
     640                      ; call occurs [#___error__] ; [] |343| 
     641 00000066       $C$L17:    
     642                      .dwpsn  file "..\device\driverlib\flash.h",line 345,column 5,is_stmt,isa 0
     643 00000066 7622          EALLOW    ; [CPU_ALU] |345| 
     644                      .dwpsn  file "..\device\driverlib\flash.h",line 350,column 5,is_stmt,isa 0
     645 00000067 D024          MOVB      XAR0,#36              ; [CPU_ALU] |350| 
     646 00000068 0691          MOVL      ACC,*+XAR1[AR0]       ; [CPU_ALU] |350| 
     647 00000069 D024          MOVB      XAR0,#36              ; [CPU_ALU] |350| 
     648 0000006a 5001          ORB       AL,#0x01              ; [CPU_ALU] |350| 
     649 0000006b 1E91          MOVL      *+XAR1[AR0],ACC       ; [CPU_ALU] |350| 
TMS320C2000 Assembler PC v22.6.1 Wed May 21 09:51:56 2025

Copyright (c) 1996-2018 Texas Instruments Incorporated
C:\Users\Daniel\AppData\Local\Temp\{9C93A50B-CE44-4E21-B1BD-8AE2C26BB0E5} PAGE   14

     650                      .dwpsn  file "..\device\driverlib\flash.h",line 353,column 5,is_stmt,isa 0
     651 0000006c 761A          EDIS      ; [CPU_ALU] |353| 
     652                      .dwpsn  file "..\device\driverlib\flash.h",line 464,column 5,is_stmt,isa 0
     653 0000006d 8F05          MOVL      XAR4,#391168          ; [CPU_ARAU] |464| 
         0000006e F800 
     654 0000006f A8A9          MOVL      ACC,XAR4              ; [CPU_ALU] |464| 
     655 00000070 0FA1          CMPL      ACC,XAR1              ; [CPU_ALU] |464| 
     656 00000071 6107          B         $C$L18,EQ             ; [CPU_ALU] |464| 
     657                      ; branchcc occurs ; [] |464| 
     658 00000072 FF20          MOV       ACC,#464              ; [CPU_ALU] |464| 
         00000073 01D0 
     659 00000074 8F00+         MOVL      XAR4,#$C$FSL2         ; [CPU_ARAU] |464| 
         00000075 001C 
     660              $C$DW$38        .dwtag  DW_TAG_TI_branch
     661                      .dwattr $C$DW$38, DW_AT_low_pc(0x00)
     662                      .dwattr $C$DW$38, DW_AT_name("___error__")
     663                      .dwattr $C$DW$38, DW_AT_TI_call
     664              
     665 00000076 7640!         LCR       #___error__           ; [CPU_ALU] |464| 
         00000077 0000 
     666                      ; call occurs [#___error__] ; [] |464| 
     667 00000078       $C$L18:    
     668                      .dwpsn  file "..\device\driverlib\flash.h",line 466,column 5,is_stmt,isa 0
     669 00000078 7622          EALLOW    ; [CPU_ALU] |466| 
     670                      .dwpsn  file "..\device\driverlib\flash.h",line 471,column 5,is_stmt,isa 0
     671 00000079 B2A9          MOVL      ACC,XAR1              ; [CPU_ALU] |471| 
     672 0000007a FF17          ADD       ACC,#3 << 7           ; [CPU_ALU] |471| 
         0000007b 0003 
     673 0000007c 8AA9          MOVL      XAR4,ACC              ; [CPU_ALU] |471| 
     674 0000007d 06C4          MOVL      ACC,*+XAR4[0]         ; [CPU_ALU] |471| 
     675 0000007e 18A9          AND       AL,#65533             ; [CPU_ALU] |471| 
         0000007f FFFD 
     676 00000080 1EC4          MOVL      *+XAR4[0],ACC         ; [CPU_ALU] |471| 
     677                      .dwpsn  file "..\device\driverlib\flash.h",line 473,column 5,is_stmt,isa 0
     678 00000081 761A          EDIS      ; [CPU_ALU] |473| 
     679                      .dwpsn  file "..\device\driverlib\flash.h",line 404,column 5,is_stmt,isa 0
     680 00000082 8F05          MOVL      XAR4,#391168          ; [CPU_ARAU] |404| 
         00000083 F800 
     681 00000084 A8A9          MOVL      ACC,XAR4              ; [CPU_ALU] |404| 
     682 00000085 0FA1          CMPL      ACC,XAR1              ; [CPU_ALU] |404| 
     683 00000086 6107          B         $C$L19,EQ             ; [CPU_ALU] |404| 
     684                      ; branchcc occurs ; [] |404| 
     685 00000087 FF20          MOV       ACC,#404              ; [CPU_ALU] |404| 
         00000088 0194 
     686 00000089 8F00+         MOVL      XAR4,#$C$FSL2         ; [CPU_ARAU] |404| 
         0000008a 001C 
     687              $C$DW$39        .dwtag  DW_TAG_TI_branch
     688                      .dwattr $C$DW$39, DW_AT_low_pc(0x00)
     689                      .dwattr $C$DW$39, DW_AT_name("___error__")
     690                      .dwattr $C$DW$39, DW_AT_TI_call
     691              
     692 0000008b 7640!         LCR       #___error__           ; [CPU_ALU] |404| 
         0000008c 0000 
     693                      ; call occurs [#___error__] ; [] |404| 
     694 0000008d       $C$L19:    
TMS320C2000 Assembler PC v22.6.1 Wed May 21 09:51:56 2025

Copyright (c) 1996-2018 Texas Instruments Incorporated
C:\Users\Daniel\AppData\Local\Temp\{9C93A50B-CE44-4E21-B1BD-8AE2C26BB0E5} PAGE   15

     695                      .dwpsn  file "..\device\driverlib\flash.h",line 406,column 5,is_stmt,isa 0
     696 0000008d 7622          EALLOW    ; [CPU_ALU] |406| 
     697                      .dwpsn  file "..\device\driverlib\flash.h",line 411,column 5,is_stmt,isa 0
     698 0000008e B2A9          MOVL      ACC,XAR1              ; [CPU_ALU] |411| 
     699 0000008f FF17          ADD       ACC,#3 << 7           ; [CPU_ALU] |411| 
         00000090 0003 
     700 00000091 8AA9          MOVL      XAR4,ACC              ; [CPU_ALU] |411| 
     701 00000092 06C4          MOVL      ACC,*+XAR4[0]         ; [CPU_ALU] |411| 
     702 00000093 18A9          AND       AL,#65534             ; [CPU_ALU] |411| 
         00000094 FFFE 
     703 00000095 1EC4          MOVL      *+XAR4[0],ACC         ; [CPU_ALU] |411| 
     704                      .dwpsn  file "..\device\driverlib\flash.h",line 413,column 5,is_stmt,isa 0
     705 00000096 761A          EDIS      ; [CPU_ALU] |413| 
     706                      .dwpsn  file "..\device\driverlib\flash.h",line 257,column 5,is_stmt,isa 0
     707 00000097 8F05          MOVL      XAR4,#391168          ; [CPU_ARAU] |257| 
         00000098 F800 
     708 00000099 A8A9          MOVL      ACC,XAR4              ; [CPU_ALU] |257| 
     709 0000009a 0FA1          CMPL      ACC,XAR1              ; [CPU_ALU] |257| 
     710 0000009b 6107          B         $C$L20,EQ             ; [CPU_ALU] |257| 
     711                      ; branchcc occurs ; [] |257| 
     712 0000009c FF20          MOV       ACC,#257              ; [CPU_ALU] |257| 
         0000009d 0101 
     713 0000009e 8F00+         MOVL      XAR4,#$C$FSL2         ; [CPU_ARAU] |257| 
         0000009f 001C 
     714              $C$DW$40        .dwtag  DW_TAG_TI_branch
     715                      .dwattr $C$DW$40, DW_AT_low_pc(0x00)
     716                      .dwattr $C$DW$40, DW_AT_name("___error__")
     717                      .dwattr $C$DW$40, DW_AT_TI_call
     718              
     719 000000a0 7640!         LCR       #___error__           ; [CPU_ALU] |257| 
         000000a1 0000 
     720                      ; call occurs [#___error__] ; [] |257| 
     721 000000a2       $C$L20:    
     722 000000a2 92A3          MOV       AL,AR3                ; [CPU_ALU] 
     723                      .dwpsn  file "..\device\driverlib\flash.h",line 262,column 5,is_stmt,isa 0
     724 000000a3 520F          CMPB      AL,#15                ; [CPU_ALU] |262| 
     725 000000a4 6907          B         $C$L21,LOS            ; [CPU_ALU] |262| 
     726                      ; branchcc occurs ; [] |262| 
     727 000000a5 FF20          MOV       ACC,#262              ; [CPU_ALU] |262| 
         000000a6 0106 
     728 000000a7 8F00+         MOVL      XAR4,#$C$FSL2         ; [CPU_ARAU] |262| 
         000000a8 001C 
     729              $C$DW$41        .dwtag  DW_TAG_TI_branch
     730                      .dwattr $C$DW$41, DW_AT_low_pc(0x00)
     731                      .dwattr $C$DW$41, DW_AT_name("___error__")
     732                      .dwattr $C$DW$41, DW_AT_TI_call
     733              
     734 000000a9 7640!         LCR       #___error__           ; [CPU_ALU] |262| 
         000000aa 0000 
     735                      ; call occurs [#___error__] ; [] |262| 
     736 000000ab       $C$L21:    
     737                      .dwpsn  file "..\device\driverlib\flash.h",line 264,column 5,is_stmt,isa 0
     738 000000ab 7622          EALLOW    ; [CPU_ALU] |264| 
     739 000000ac 2901          CLRC      SXM                   ; [CPU_ALU] 
     740                      .dwpsn  file "..\device\driverlib\flash.h",line 268,column 5,is_stmt,isa 0
TMS320C2000 Assembler PC v22.6.1 Wed May 21 09:51:56 2025

Copyright (c) 1996-2018 Texas Instruments Incorporated
C:\Users\Daniel\AppData\Local\Temp\{9C93A50B-CE44-4E21-B1BD-8AE2C26BB0E5} PAGE   16

     741 000000ad A3C1          MOVL      P,*+XAR1[0]           ; [CPU_ALU] |268| 
     742 000000ae 5603          MOV       ACC,AR3 << 8          ; [CPU_ALU] |268| 
         000000af 08A3 
     743 000000b0 18AB          AND       PL,#61695             ; [CPU_ALU] |268| 
         000000b1 F0FF 
     744 000000b2 CBAA          OR        AH,PH                 ; [CPU_ALU] |268| 
     745 000000b3 CAAB          OR        AL,PL                 ; [CPU_ALU] |268| 
     746 000000b4 1EC1          MOVL      *+XAR1[0],ACC         ; [CPU_ALU] |268| 
     747                      .dwpsn  file "..\device\driverlib\flash.h",line 272,column 5,is_stmt,isa 0
     748 000000b5 761A          EDIS      ; [CPU_ALU] |272| 
     749                      .dwpsn  file "..\device\driverlib\flash.h",line 434,column 5,is_stmt,isa 0
     750 000000b6 8F05          MOVL      XAR4,#391168          ; [CPU_ARAU] |434| 
         000000b7 F800 
     751 000000b8 A8A9          MOVL      ACC,XAR4              ; [CPU_ALU] |434| 
     752 000000b9 0FA1          CMPL      ACC,XAR1              ; [CPU_ALU] |434| 
     753 000000ba 6107          B         $C$L22,EQ             ; [CPU_ALU] |434| 
     754                      ; branchcc occurs ; [] |434| 
     755 000000bb FF20          MOV       ACC,#434              ; [CPU_ALU] |434| 
         000000bc 01B2 
     756 000000bd 8F00+         MOVL      XAR4,#$C$FSL2         ; [CPU_ARAU] |434| 
         000000be 001C 
     757              $C$DW$42        .dwtag  DW_TAG_TI_branch
     758                      .dwattr $C$DW$42, DW_AT_low_pc(0x00)
     759                      .dwattr $C$DW$42, DW_AT_name("___error__")
     760                      .dwattr $C$DW$42, DW_AT_TI_call
     761              
     762 000000bf 7640!         LCR       #___error__           ; [CPU_ALU] |434| 
         000000c0 0000 
     763                      ; call occurs [#___error__] ; [] |434| 
     764 000000c1       $C$L22:    
     765                      .dwpsn  file "..\device\driverlib\flash.h",line 436,column 5,is_stmt,isa 0
     766 000000c1 7622          EALLOW    ; [CPU_ALU] |436| 
     767                      .dwpsn  file "..\device\driverlib\flash.h",line 441,column 5,is_stmt,isa 0
     768 000000c2 B2A9          MOVL      ACC,XAR1              ; [CPU_ALU] |441| 
     769 000000c3 FF17          ADD       ACC,#3 << 7           ; [CPU_ALU] |441| 
         000000c4 0003 
     770 000000c5 8AA9          MOVL      XAR4,ACC              ; [CPU_ALU] |441| 
     771 000000c6 0202          MOVB      ACC,#2                ; [CPU_ALU] |441| 
     772 000000c7 98C4          OR        *+XAR4[0],AL          ; [CPU_ALU] |441| 
     773 000000c8 99CC          OR        *+XAR4[1],AH          ; [CPU_ALU] |441| 
     774                      .dwpsn  file "..\device\driverlib\flash.h",line 443,column 5,is_stmt,isa 0
     775 000000c9 761A          EDIS      ; [CPU_ALU] |443| 
     776                      .dwpsn  file "..\device\driverlib\flash.h",line 374,column 5,is_stmt,isa 0
     777 000000ca 8F05          MOVL      XAR4,#391168          ; [CPU_ARAU] |374| 
         000000cb F800 
     778 000000cc A8A9          MOVL      ACC,XAR4              ; [CPU_ALU] |374| 
     779 000000cd 0FA1          CMPL      ACC,XAR1              ; [CPU_ALU] |374| 
     780 000000ce 6107          B         $C$L23,EQ             ; [CPU_ALU] |374| 
     781                      ; branchcc occurs ; [] |374| 
     782 000000cf FF20          MOV       ACC,#374              ; [CPU_ALU] |374| 
         000000d0 0176 
     783 000000d1 8F00+         MOVL      XAR4,#$C$FSL2         ; [CPU_ARAU] |374| 
         000000d2 001C 
     784              $C$DW$43        .dwtag  DW_TAG_TI_branch
     785                      .dwattr $C$DW$43, DW_AT_low_pc(0x00)
TMS320C2000 Assembler PC v22.6.1 Wed May 21 09:51:56 2025

Copyright (c) 1996-2018 Texas Instruments Incorporated
C:\Users\Daniel\AppData\Local\Temp\{9C93A50B-CE44-4E21-B1BD-8AE2C26BB0E5} PAGE   17

     786                      .dwattr $C$DW$43, DW_AT_name("___error__")
     787                      .dwattr $C$DW$43, DW_AT_TI_call
     788              
     789 000000d3 7640!         LCR       #___error__           ; [CPU_ALU] |374| 
         000000d4 0000 
     790                      ; call occurs [#___error__] ; [] |374| 
     791 000000d5       $C$L23:    
     792                      .dwpsn  file "..\device\driverlib\flash.h",line 376,column 5,is_stmt,isa 0
     793 000000d5 7622          EALLOW    ; [CPU_ALU] |376| 
     794                      .dwpsn  file "..\device\driverlib\flash.h",line 381,column 5,is_stmt,isa 0
     795 000000d6 B2A9          MOVL      ACC,XAR1              ; [CPU_ALU] |381| 
     796 000000d7 FF17          ADD       ACC,#3 << 7           ; [CPU_ALU] |381| 
         000000d8 0003 
     797 000000d9 8BA9          MOVL      XAR1,ACC              ; [CPU_ALU] |381| 
     798 000000da 0201          MOVB      ACC,#1                ; [CPU_ALU] |381| 
     799 000000db 98C1          OR        *+XAR1[0],AL          ; [CPU_ALU] |381| 
     800 000000dc 99C9          OR        *+XAR1[1],AH          ; [CPU_ALU] |381| 
     801                      .dwpsn  file "..\device\driverlib\flash.h",line 383,column 5,is_stmt,isa 0
     802 000000dd 761A          EDIS      ; [CPU_ALU] |383| 
     803                      .dwpsn  file "..\device\driverlib\flash.h",line 494,column 5,is_stmt,isa 0
     804 000000de 8F05          MOVL      XAR4,#391936          ; [CPU_ARAU] |494| 
         000000df FB00 
     805 000000e0 A8A9          MOVL      ACC,XAR4              ; [CPU_ALU] |494| 
     806 000000e1 0FA2          CMPL      ACC,XAR2              ; [CPU_ALU] |494| 
     807 000000e2 6107          B         $C$L24,EQ             ; [CPU_ALU] |494| 
     808                      ; branchcc occurs ; [] |494| 
     809 000000e3 FF20          MOV       ACC,#494              ; [CPU_ALU] |494| 
         000000e4 01EE 
     810 000000e5 8F00+         MOVL      XAR4,#$C$FSL2         ; [CPU_ARAU] |494| 
         000000e6 001C 
     811              $C$DW$44        .dwtag  DW_TAG_TI_branch
     812                      .dwattr $C$DW$44, DW_AT_low_pc(0x00)
     813                      .dwattr $C$DW$44, DW_AT_name("___error__")
     814                      .dwattr $C$DW$44, DW_AT_TI_call
     815              
     816 000000e7 7640!         LCR       #___error__           ; [CPU_ALU] |494| 
         000000e8 0000 
     817                      ; call occurs [#___error__] ; [] |494| 
     818 000000e9       $C$L24:    
     819                      .dwpsn  file "..\device\driverlib\flash.h",line 496,column 5,is_stmt,isa 0
     820 000000e9 7622          EALLOW    ; [CPU_ALU] |496| 
     821                      .dwpsn  file "..\device\driverlib\flash.h",line 501,column 5,is_stmt,isa 0
     822 000000ea 06C2          MOVL      ACC,*+XAR2[0]         ; [CPU_ALU] |501| 
     823 000000eb 18A9          AND       AL,#65528             ; [CPU_ALU] |501| 
         000000ec FFF8 
     824 000000ed 500A          ORB       AL,#0x0a              ; [CPU_ALU] |501| 
     825 000000ee 1EC2          MOVL      *+XAR2[0],ACC         ; [CPU_ALU] |501| 
     826                      .dwpsn  file "..\device\driverlib\flash.h",line 504,column 5,is_stmt,isa 0
     827 000000ef 761A          EDIS      ; [CPU_ALU] |504| 
     828 000000f0 F607   RPT #7 || NOP
         000000f1 7700 
     829 000000f2 FF69          SPM       #0                    ; [CPU_ALU] 
     830 000000f3 82BE          MOVL      XAR3,*--SP            ; [CPU_ALU] 
     831                      .dwcfi  cfa_offset, -6
     832                      .dwcfi  restore_reg, 11
TMS320C2000 Assembler PC v22.6.1 Wed May 21 09:51:56 2025

Copyright (c) 1996-2018 Texas Instruments Incorporated
C:\Users\Daniel\AppData\Local\Temp\{9C93A50B-CE44-4E21-B1BD-8AE2C26BB0E5} PAGE   18

     833 000000f4 86BE          MOVL      XAR2,*--SP            ; [CPU_ALU] 
     834                      .dwcfi  cfa_offset, -4
     835                      .dwcfi  restore_reg, 9
     836 000000f5 8BBE          MOVL      XAR1,*--SP            ; [CPU_ALU] 
     837                      .dwcfi  cfa_offset, -2
     838                      .dwcfi  restore_reg, 7
     839              $C$DW$45        .dwtag  DW_TAG_TI_branch
     840                      .dwattr $C$DW$45, DW_AT_low_pc(0x00)
     841                      .dwattr $C$DW$45, DW_AT_TI_return
     842              
     843 000000f6 0006          LRETR     ; [CPU_ALU] 
     844                      ; return occurs ; [] 
     845                      .dwattr $C$DW$24, DW_AT_TI_end_file("../device/driverlib/flash.c")
     846                      .dwattr $C$DW$24, DW_AT_TI_end_line(0x6f)
     847                      .dwattr $C$DW$24, DW_AT_TI_end_column(0x01)
     848                      .dwendentry
     849                      .dwendtag $C$DW$24
     850              
     851              ;***************************************************************
     852              ;* FAR STRINGS                                                 *
     853              ;***************************************************************
     854 00000000               .sect   ".econst:.string"
     855                      .align  2
     856 00000000 002E  $C$FSL1:        .string "../device/driverlib/flash.c",0
         00000001 002E 
         00000002 002F 
         00000003 0064 
         00000004 0065 
         00000005 0076 
         00000006 0069 
         00000007 0063 
         00000008 0065 
         00000009 002F 
         0000000a 0064 
         0000000b 0072 
         0000000c 0069 
         0000000d 0076 
         0000000e 0065 
         0000000f 0072 
         00000010 006C 
         00000011 0069 
         00000012 0062 
         00000013 002F 
         00000014 0066 
         00000015 006C 
         00000016 0061 
         00000017 0073 
         00000018 0068 
         00000019 002E 
         0000001a 0063 
         0000001b 0000 
     857                      .align  2
     858 0000001c 002E  $C$FSL2:        .string "..",92,"device",92,"driverlib",92,"flash.h",0
         0000001d 002E 
         0000001e 005C 
TMS320C2000 Assembler PC v22.6.1 Wed May 21 09:51:56 2025

Copyright (c) 1996-2018 Texas Instruments Incorporated
C:\Users\Daniel\AppData\Local\Temp\{9C93A50B-CE44-4E21-B1BD-8AE2C26BB0E5} PAGE   19

         0000001f 0064 
         00000020 0065 
         00000021 0076 
         00000022 0069 
         00000023 0063 
         00000024 0065 
         00000025 005C 
         00000026 0064 
         00000027 0072 
         00000028 0069 
         00000029 0076 
         0000002a 0065 
         0000002b 0072 
         0000002c 006C 
         0000002d 0069 
         0000002e 0062 
         0000002f 005C 
         00000030 0066 
         00000031 006C 
         00000032 0061 
         00000033 0073 
         00000034 0068 
         00000035 002E 
         00000036 0068 
         00000037 0000 
     859              ;**************************************************************
     860              ;* UNDEFINED EXTERNAL REFERENCES                              *
     861              ;**************************************************************
     862                      .global ___error__
     863              
     864              ;***************************************************************
     865              ;* TYPE INFORMATION                                            *
     866              ;***************************************************************
     867              
     868              $C$DW$T$19      .dwtag  DW_TAG_enumeration_type
     869                      .dwattr $C$DW$T$19, DW_AT_byte_size(0x01)
     870              $C$DW$46        .dwtag  DW_TAG_enumerator
     871                      .dwattr $C$DW$46, DW_AT_name("FLASH_BANK0")
     872                      .dwattr $C$DW$46, DW_AT_const_value(0x00)
     873              
     874              $C$DW$47        .dwtag  DW_TAG_enumerator
     875                      .dwattr $C$DW$47, DW_AT_name("FLASH_BANK1")
     876                      .dwattr $C$DW$47, DW_AT_const_value(0x01)
     877              
     878              $C$DW$48        .dwtag  DW_TAG_enumerator
     879                      .dwattr $C$DW$48, DW_AT_name("FLASH_BANK2")
     880                      .dwattr $C$DW$48, DW_AT_const_value(0x02)
     881              
     882                      .dwendtag $C$DW$T$19
     883              
     884              $C$DW$T$20      .dwtag  DW_TAG_typedef
     885                      .dwattr $C$DW$T$20, DW_AT_name("Flash_BankNumber")
     886                      .dwattr $C$DW$T$20, DW_AT_type(*$C$DW$T$19)
     887                      .dwattr $C$DW$T$20, DW_AT_language(DW_LANG_C)
     888              
TMS320C2000 Assembler PC v22.6.1 Wed May 21 09:51:56 2025

Copyright (c) 1996-2018 Texas Instruments Incorporated
C:\Users\Daniel\AppData\Local\Temp\{9C93A50B-CE44-4E21-B1BD-8AE2C26BB0E5} PAGE   20

     889              
     890              $C$DW$T$21      .dwtag  DW_TAG_enumeration_type
     891                      .dwattr $C$DW$T$21, DW_AT_byte_size(0x01)
     892              $C$DW$49        .dwtag  DW_TAG_enumerator
     893                      .dwattr $C$DW$49, DW_AT_name("FLASH_BANK_PWR_SLEEP")
     894                      .dwattr $C$DW$49, DW_AT_const_value(0x00)
     895              
     896              $C$DW$50        .dwtag  DW_TAG_enumerator
     897                      .dwattr $C$DW$50, DW_AT_name("FLASH_BANK_PWR_STANDBY")
     898                      .dwattr $C$DW$50, DW_AT_const_value(0x01)
     899              
     900              $C$DW$51        .dwtag  DW_TAG_enumerator
     901                      .dwattr $C$DW$51, DW_AT_name("FLASH_BANK_PWR_ACTIVE")
     902                      .dwattr $C$DW$51, DW_AT_const_value(0x03)
     903              
     904                      .dwendtag $C$DW$T$21
     905              
     906              $C$DW$T$22      .dwtag  DW_TAG_typedef
     907                      .dwattr $C$DW$T$22, DW_AT_name("Flash_BankPowerMode")
     908                      .dwattr $C$DW$T$22, DW_AT_type(*$C$DW$T$21)
     909                      .dwattr $C$DW$T$22, DW_AT_language(DW_LANG_C)
     910              
     911              
     912              $C$DW$T$23      .dwtag  DW_TAG_enumeration_type
     913                      .dwattr $C$DW$T$23, DW_AT_byte_size(0x01)
     914              $C$DW$52        .dwtag  DW_TAG_enumerator
     915                      .dwattr $C$DW$52, DW_AT_name("FLASH_PUMP_PWR_SLEEP")
     916                      .dwattr $C$DW$52, DW_AT_const_value(0x00)
     917              
     918              $C$DW$53        .dwtag  DW_TAG_enumerator
     919                      .dwattr $C$DW$53, DW_AT_name("FLASH_PUMP_PWR_ACTIVE")
     920                      .dwattr $C$DW$53, DW_AT_const_value(0x01)
     921              
     922                      .dwendtag $C$DW$T$23
     923              
     924              $C$DW$T$24      .dwtag  DW_TAG_typedef
     925                      .dwattr $C$DW$T$24, DW_AT_name("Flash_PumpPowerMode")
     926                      .dwattr $C$DW$T$24, DW_AT_type(*$C$DW$T$23)
     927                      .dwattr $C$DW$T$24, DW_AT_language(DW_LANG_C)
     928              
     929              $C$DW$T$2       .dwtag  DW_TAG_unspecified_type
     930                      .dwattr $C$DW$T$2, DW_AT_name("void")
     931              
     932              $C$DW$T$4       .dwtag  DW_TAG_base_type
     933                      .dwattr $C$DW$T$4, DW_AT_encoding(DW_ATE_boolean)
     934                      .dwattr $C$DW$T$4, DW_AT_name("bool")
     935                      .dwattr $C$DW$T$4, DW_AT_byte_size(0x01)
     936              
     937              $C$DW$T$5       .dwtag  DW_TAG_base_type
     938                      .dwattr $C$DW$T$5, DW_AT_encoding(DW_ATE_signed_char)
     939                      .dwattr $C$DW$T$5, DW_AT_name("signed char")
     940                      .dwattr $C$DW$T$5, DW_AT_byte_size(0x01)
     941              
     942              $C$DW$T$6       .dwtag  DW_TAG_base_type
     943                      .dwattr $C$DW$T$6, DW_AT_encoding(DW_ATE_unsigned_char)
TMS320C2000 Assembler PC v22.6.1 Wed May 21 09:51:56 2025

Copyright (c) 1996-2018 Texas Instruments Incorporated
C:\Users\Daniel\AppData\Local\Temp\{9C93A50B-CE44-4E21-B1BD-8AE2C26BB0E5} PAGE   21

     944                      .dwattr $C$DW$T$6, DW_AT_name("unsigned char")
     945                      .dwattr $C$DW$T$6, DW_AT_byte_size(0x01)
     946              
     947              $C$DW$T$7       .dwtag  DW_TAG_base_type
     948                      .dwattr $C$DW$T$7, DW_AT_encoding(DW_ATE_signed_char)
     949                      .dwattr $C$DW$T$7, DW_AT_name("wchar_t")
     950                      .dwattr $C$DW$T$7, DW_AT_byte_size(0x01)
     951              
     952              $C$DW$T$8       .dwtag  DW_TAG_base_type
     953                      .dwattr $C$DW$T$8, DW_AT_encoding(DW_ATE_signed)
     954                      .dwattr $C$DW$T$8, DW_AT_name("short")
     955                      .dwattr $C$DW$T$8, DW_AT_byte_size(0x01)
     956              
     957              $C$DW$T$9       .dwtag  DW_TAG_base_type
     958                      .dwattr $C$DW$T$9, DW_AT_encoding(DW_ATE_unsigned)
     959                      .dwattr $C$DW$T$9, DW_AT_name("unsigned short")
     960                      .dwattr $C$DW$T$9, DW_AT_byte_size(0x01)
     961              
     962              $C$DW$T$10      .dwtag  DW_TAG_base_type
     963                      .dwattr $C$DW$T$10, DW_AT_encoding(DW_ATE_signed)
     964                      .dwattr $C$DW$T$10, DW_AT_name("int")
     965                      .dwattr $C$DW$T$10, DW_AT_byte_size(0x01)
     966              
     967              $C$DW$T$11      .dwtag  DW_TAG_base_type
     968                      .dwattr $C$DW$T$11, DW_AT_encoding(DW_ATE_unsigned)
     969                      .dwattr $C$DW$T$11, DW_AT_name("unsigned int")
     970                      .dwattr $C$DW$T$11, DW_AT_byte_size(0x01)
     971              
     972              $C$DW$T$32      .dwtag  DW_TAG_typedef
     973                      .dwattr $C$DW$T$32, DW_AT_name("__uint16_t")
     974                      .dwattr $C$DW$T$32, DW_AT_type(*$C$DW$T$11)
     975                      .dwattr $C$DW$T$32, DW_AT_language(DW_LANG_C)
     976              
     977              $C$DW$T$33      .dwtag  DW_TAG_typedef
     978                      .dwattr $C$DW$T$33, DW_AT_name("uint16_t")
     979                      .dwattr $C$DW$T$33, DW_AT_type(*$C$DW$T$32)
     980                      .dwattr $C$DW$T$33, DW_AT_language(DW_LANG_C)
     981              
     982              $C$DW$54        .dwtag  DW_TAG_TI_far_type
     983                      .dwattr $C$DW$54, DW_AT_type(*$C$DW$T$33)
     984              
     985              $C$DW$T$45      .dwtag  DW_TAG_const_type
     986                      .dwattr $C$DW$T$45, DW_AT_type(*$C$DW$54)
     987              
     988              $C$DW$T$12      .dwtag  DW_TAG_base_type
     989                      .dwattr $C$DW$T$12, DW_AT_encoding(DW_ATE_signed)
     990                      .dwattr $C$DW$T$12, DW_AT_name("long")
     991                      .dwattr $C$DW$T$12, DW_AT_byte_size(0x02)
     992              
     993              $C$DW$T$13      .dwtag  DW_TAG_base_type
     994                      .dwattr $C$DW$T$13, DW_AT_encoding(DW_ATE_unsigned)
     995                      .dwattr $C$DW$T$13, DW_AT_name("unsigned long")
     996                      .dwattr $C$DW$T$13, DW_AT_byte_size(0x02)
     997              
     998              $C$DW$T$28      .dwtag  DW_TAG_typedef
TMS320C2000 Assembler PC v22.6.1 Wed May 21 09:51:56 2025

Copyright (c) 1996-2018 Texas Instruments Incorporated
C:\Users\Daniel\AppData\Local\Temp\{9C93A50B-CE44-4E21-B1BD-8AE2C26BB0E5} PAGE   22

     999                      .dwattr $C$DW$T$28, DW_AT_name("__uint32_t")
    1000                      .dwattr $C$DW$T$28, DW_AT_type(*$C$DW$T$13)
    1001                      .dwattr $C$DW$T$28, DW_AT_language(DW_LANG_C)
    1002              
    1003              $C$DW$T$29      .dwtag  DW_TAG_typedef
    1004                      .dwattr $C$DW$T$29, DW_AT_name("uint32_t")
    1005                      .dwattr $C$DW$T$29, DW_AT_type(*$C$DW$T$28)
    1006                      .dwattr $C$DW$T$29, DW_AT_language(DW_LANG_C)
    1007              
    1008              $C$DW$55        .dwtag  DW_TAG_TI_far_type
    1009                      .dwattr $C$DW$55, DW_AT_type(*$C$DW$T$29)
    1010              
    1011              $C$DW$T$49      .dwtag  DW_TAG_const_type
    1012                      .dwattr $C$DW$T$49, DW_AT_type(*$C$DW$55)
    1013              
    1014              $C$DW$T$14      .dwtag  DW_TAG_base_type
    1015                      .dwattr $C$DW$T$14, DW_AT_encoding(DW_ATE_signed)
    1016                      .dwattr $C$DW$T$14, DW_AT_name("long long")
    1017                      .dwattr $C$DW$T$14, DW_AT_byte_size(0x04)
    1018              
    1019              $C$DW$T$15      .dwtag  DW_TAG_base_type
    1020                      .dwattr $C$DW$T$15, DW_AT_encoding(DW_ATE_unsigned)
    1021                      .dwattr $C$DW$T$15, DW_AT_name("unsigned long long")
    1022                      .dwattr $C$DW$T$15, DW_AT_byte_size(0x04)
    1023              
    1024              $C$DW$T$16      .dwtag  DW_TAG_base_type
    1025                      .dwattr $C$DW$T$16, DW_AT_encoding(DW_ATE_float)
    1026                      .dwattr $C$DW$T$16, DW_AT_name("float")
    1027                      .dwattr $C$DW$T$16, DW_AT_byte_size(0x02)
    1028              
    1029              $C$DW$T$17      .dwtag  DW_TAG_base_type
    1030                      .dwattr $C$DW$T$17, DW_AT_encoding(DW_ATE_float)
    1031                      .dwattr $C$DW$T$17, DW_AT_name("double")
    1032                      .dwattr $C$DW$T$17, DW_AT_byte_size(0x02)
    1033              
    1034              $C$DW$T$18      .dwtag  DW_TAG_base_type
    1035                      .dwattr $C$DW$T$18, DW_AT_encoding(DW_ATE_float)
    1036                      .dwattr $C$DW$T$18, DW_AT_name("long double")
    1037                      .dwattr $C$DW$T$18, DW_AT_byte_size(0x04)
    1038              
    1039              $C$DW$56        .dwtag  DW_TAG_TI_far_type
    1040                      .dwattr $C$DW$56, DW_AT_type(*$C$DW$T$5)
    1041              
    1042              $C$DW$T$26      .dwtag  DW_TAG_const_type
    1043                      .dwattr $C$DW$T$26, DW_AT_type(*$C$DW$56)
    1044              
    1045              $C$DW$T$27      .dwtag  DW_TAG_pointer_type
    1046                      .dwattr $C$DW$T$27, DW_AT_type(*$C$DW$T$26)
    1047                      .dwattr $C$DW$T$27, DW_AT_address_class(0x20)
    1048              
    1049              $C$DW$T$50      .dwtag  DW_TAG_base_type
    1050                      .dwattr $C$DW$T$50, DW_AT_encoding(DW_ATE_unsigned_char)
    1051                      .dwattr $C$DW$T$50, DW_AT_name("unsigned char")
    1052                      .dwattr $C$DW$T$50, DW_AT_byte_size(0x01)
    1053              
TMS320C2000 Assembler PC v22.6.1 Wed May 21 09:51:56 2025

Copyright (c) 1996-2018 Texas Instruments Incorporated
C:\Users\Daniel\AppData\Local\Temp\{9C93A50B-CE44-4E21-B1BD-8AE2C26BB0E5} PAGE   23

    1054                      .dwattr $C$DW$CU, DW_AT_language(DW_LANG_C)
    1055              
    1056              ;***************************************************************
    1057              ;* DWARF CIE ENTRIES                                           *
    1058              ;***************************************************************
    1059              
    1060              $C$DW$CIE       .dwcie 26
    1061                      .dwcfi  cfa_register, 20
    1062                      .dwcfi  cfa_offset, 0
    1063                      .dwcfi  same_value, 28
    1064                      .dwcfi  same_value, 6
    1065                      .dwcfi  same_value, 7
    1066                      .dwcfi  same_value, 8
    1067                      .dwcfi  same_value, 9
    1068                      .dwcfi  same_value, 10
    1069                      .dwcfi  same_value, 11
    1070                      .dwcfi  same_value, 59
    1071                      .dwcfi  same_value, 63
    1072                      .dwcfi  same_value, 67
    1073                      .dwcfi  same_value, 71
    1074                      .dwendentry
    1075              
    1076              ;***************************************************************
    1077              ;* DWARF REGISTER MAP                                          *
    1078              ;***************************************************************
    1079              
    1080              $C$DW$57        .dwtag  DW_TAG_TI_assign_register
    1081                      .dwattr $C$DW$57, DW_AT_name("AL")
    1082                      .dwattr $C$DW$57, DW_AT_location[DW_OP_reg0]
    1083              
    1084              $C$DW$58        .dwtag  DW_TAG_TI_assign_register
    1085                      .dwattr $C$DW$58, DW_AT_name("AH")
    1086                      .dwattr $C$DW$58, DW_AT_location[DW_OP_reg1]
    1087              
    1088              $C$DW$59        .dwtag  DW_TAG_TI_assign_register
    1089                      .dwattr $C$DW$59, DW_AT_name("PL")
    1090                      .dwattr $C$DW$59, DW_AT_location[DW_OP_reg2]
    1091              
    1092              $C$DW$60        .dwtag  DW_TAG_TI_assign_register
    1093                      .dwattr $C$DW$60, DW_AT_name("PH")
    1094                      .dwattr $C$DW$60, DW_AT_location[DW_OP_reg3]
    1095              
    1096              $C$DW$61        .dwtag  DW_TAG_TI_assign_register
    1097                      .dwattr $C$DW$61, DW_AT_name("SP")
    1098                      .dwattr $C$DW$61, DW_AT_location[DW_OP_reg20]
    1099              
    1100              $C$DW$62        .dwtag  DW_TAG_TI_assign_register
    1101                      .dwattr $C$DW$62, DW_AT_name("XT")
    1102                      .dwattr $C$DW$62, DW_AT_location[DW_OP_reg21]
    1103              
    1104              $C$DW$63        .dwtag  DW_TAG_TI_assign_register
    1105                      .dwattr $C$DW$63, DW_AT_name("T")
    1106                      .dwattr $C$DW$63, DW_AT_location[DW_OP_reg22]
    1107              
    1108              $C$DW$64        .dwtag  DW_TAG_TI_assign_register
TMS320C2000 Assembler PC v22.6.1 Wed May 21 09:51:56 2025

Copyright (c) 1996-2018 Texas Instruments Incorporated
C:\Users\Daniel\AppData\Local\Temp\{9C93A50B-CE44-4E21-B1BD-8AE2C26BB0E5} PAGE   24

    1109                      .dwattr $C$DW$64, DW_AT_name("ST0")
    1110                      .dwattr $C$DW$64, DW_AT_location[DW_OP_reg23]
    1111              
    1112              $C$DW$65        .dwtag  DW_TAG_TI_assign_register
    1113                      .dwattr $C$DW$65, DW_AT_name("ST1")
    1114                      .dwattr $C$DW$65, DW_AT_location[DW_OP_reg24]
    1115              
    1116              $C$DW$66        .dwtag  DW_TAG_TI_assign_register
    1117                      .dwattr $C$DW$66, DW_AT_name("PC")
    1118                      .dwattr $C$DW$66, DW_AT_location[DW_OP_reg25]
    1119              
    1120              $C$DW$67        .dwtag  DW_TAG_TI_assign_register
    1121                      .dwattr $C$DW$67, DW_AT_name("RPC")
    1122                      .dwattr $C$DW$67, DW_AT_location[DW_OP_reg26]
    1123              
    1124              $C$DW$68        .dwtag  DW_TAG_TI_assign_register
    1125                      .dwattr $C$DW$68, DW_AT_name("FP")
    1126                      .dwattr $C$DW$68, DW_AT_location[DW_OP_reg28]
    1127              
    1128              $C$DW$69        .dwtag  DW_TAG_TI_assign_register
    1129                      .dwattr $C$DW$69, DW_AT_name("DP")
    1130                      .dwattr $C$DW$69, DW_AT_location[DW_OP_reg29]
    1131              
    1132              $C$DW$70        .dwtag  DW_TAG_TI_assign_register
    1133                      .dwattr $C$DW$70, DW_AT_name("SXM")
    1134                      .dwattr $C$DW$70, DW_AT_location[DW_OP_reg30]
    1135              
    1136              $C$DW$71        .dwtag  DW_TAG_TI_assign_register
    1137                      .dwattr $C$DW$71, DW_AT_name("PM")
    1138                      .dwattr $C$DW$71, DW_AT_location[DW_OP_reg31]
    1139              
    1140              $C$DW$72        .dwtag  DW_TAG_TI_assign_register
    1141                      .dwattr $C$DW$72, DW_AT_name("OVM")
    1142                      .dwattr $C$DW$72, DW_AT_location[DW_OP_regx 0x20]
    1143              
    1144              $C$DW$73        .dwtag  DW_TAG_TI_assign_register
    1145                      .dwattr $C$DW$73, DW_AT_name("PAGE0")
    1146                      .dwattr $C$DW$73, DW_AT_location[DW_OP_regx 0x21]
    1147              
    1148              $C$DW$74        .dwtag  DW_TAG_TI_assign_register
    1149                      .dwattr $C$DW$74, DW_AT_name("AMODE")
    1150                      .dwattr $C$DW$74, DW_AT_location[DW_OP_regx 0x22]
    1151              
    1152              $C$DW$75        .dwtag  DW_TAG_TI_assign_register
    1153                      .dwattr $C$DW$75, DW_AT_name("EALLOW")
    1154                      .dwattr $C$DW$75, DW_AT_location[DW_OP_regx 0x4e]
    1155              
    1156              $C$DW$76        .dwtag  DW_TAG_TI_assign_register
    1157                      .dwattr $C$DW$76, DW_AT_name("INTM")
    1158                      .dwattr $C$DW$76, DW_AT_location[DW_OP_regx 0x23]
    1159              
    1160              $C$DW$77        .dwtag  DW_TAG_TI_assign_register
    1161                      .dwattr $C$DW$77, DW_AT_name("IFR")
    1162                      .dwattr $C$DW$77, DW_AT_location[DW_OP_regx 0x24]
    1163              
TMS320C2000 Assembler PC v22.6.1 Wed May 21 09:51:56 2025

Copyright (c) 1996-2018 Texas Instruments Incorporated
C:\Users\Daniel\AppData\Local\Temp\{9C93A50B-CE44-4E21-B1BD-8AE2C26BB0E5} PAGE   25

    1164              $C$DW$78        .dwtag  DW_TAG_TI_assign_register
    1165                      .dwattr $C$DW$78, DW_AT_name("IER")
    1166                      .dwattr $C$DW$78, DW_AT_location[DW_OP_regx 0x25]
    1167              
    1168              $C$DW$79        .dwtag  DW_TAG_TI_assign_register
    1169                      .dwattr $C$DW$79, DW_AT_name("V")
    1170                      .dwattr $C$DW$79, DW_AT_location[DW_OP_regx 0x26]
    1171              
    1172              $C$DW$80        .dwtag  DW_TAG_TI_assign_register
    1173                      .dwattr $C$DW$80, DW_AT_name("PSEUDOH")
    1174                      .dwattr $C$DW$80, DW_AT_location[DW_OP_regx 0x4c]
    1175              
    1176              $C$DW$81        .dwtag  DW_TAG_TI_assign_register
    1177                      .dwattr $C$DW$81, DW_AT_name("VOL")
    1178                      .dwattr $C$DW$81, DW_AT_location[DW_OP_regx 0x4d]
    1179              
    1180              $C$DW$82        .dwtag  DW_TAG_TI_assign_register
    1181                      .dwattr $C$DW$82, DW_AT_name("AR0")
    1182                      .dwattr $C$DW$82, DW_AT_location[DW_OP_reg4]
    1183              
    1184              $C$DW$83        .dwtag  DW_TAG_TI_assign_register
    1185                      .dwattr $C$DW$83, DW_AT_name("XAR0")
    1186                      .dwattr $C$DW$83, DW_AT_location[DW_OP_reg5]
    1187              
    1188              $C$DW$84        .dwtag  DW_TAG_TI_assign_register
    1189                      .dwattr $C$DW$84, DW_AT_name("AR1")
    1190                      .dwattr $C$DW$84, DW_AT_location[DW_OP_reg6]
    1191              
    1192              $C$DW$85        .dwtag  DW_TAG_TI_assign_register
    1193                      .dwattr $C$DW$85, DW_AT_name("XAR1")
    1194                      .dwattr $C$DW$85, DW_AT_location[DW_OP_reg7]
    1195              
    1196              $C$DW$86        .dwtag  DW_TAG_TI_assign_register
    1197                      .dwattr $C$DW$86, DW_AT_name("AR2")
    1198                      .dwattr $C$DW$86, DW_AT_location[DW_OP_reg8]
    1199              
    1200              $C$DW$87        .dwtag  DW_TAG_TI_assign_register
    1201                      .dwattr $C$DW$87, DW_AT_name("XAR2")
    1202                      .dwattr $C$DW$87, DW_AT_location[DW_OP_reg9]
    1203              
    1204              $C$DW$88        .dwtag  DW_TAG_TI_assign_register
    1205                      .dwattr $C$DW$88, DW_AT_name("AR3")
    1206                      .dwattr $C$DW$88, DW_AT_location[DW_OP_reg10]
    1207              
    1208              $C$DW$89        .dwtag  DW_TAG_TI_assign_register
    1209                      .dwattr $C$DW$89, DW_AT_name("XAR3")
    1210                      .dwattr $C$DW$89, DW_AT_location[DW_OP_reg11]
    1211              
    1212              $C$DW$90        .dwtag  DW_TAG_TI_assign_register
    1213                      .dwattr $C$DW$90, DW_AT_name("AR4")
    1214                      .dwattr $C$DW$90, DW_AT_location[DW_OP_reg12]
    1215              
    1216              $C$DW$91        .dwtag  DW_TAG_TI_assign_register
    1217                      .dwattr $C$DW$91, DW_AT_name("XAR4")
    1218                      .dwattr $C$DW$91, DW_AT_location[DW_OP_reg13]
TMS320C2000 Assembler PC v22.6.1 Wed May 21 09:51:56 2025

Copyright (c) 1996-2018 Texas Instruments Incorporated
C:\Users\Daniel\AppData\Local\Temp\{9C93A50B-CE44-4E21-B1BD-8AE2C26BB0E5} PAGE   26

    1219              
    1220              $C$DW$92        .dwtag  DW_TAG_TI_assign_register
    1221                      .dwattr $C$DW$92, DW_AT_name("AR5")
    1222                      .dwattr $C$DW$92, DW_AT_location[DW_OP_reg14]
    1223              
    1224              $C$DW$93        .dwtag  DW_TAG_TI_assign_register
    1225                      .dwattr $C$DW$93, DW_AT_name("XAR5")
    1226                      .dwattr $C$DW$93, DW_AT_location[DW_OP_reg15]
    1227              
    1228              $C$DW$94        .dwtag  DW_TAG_TI_assign_register
    1229                      .dwattr $C$DW$94, DW_AT_name("AR6")
    1230                      .dwattr $C$DW$94, DW_AT_location[DW_OP_reg16]
    1231              
    1232              $C$DW$95        .dwtag  DW_TAG_TI_assign_register
    1233                      .dwattr $C$DW$95, DW_AT_name("XAR6")
    1234                      .dwattr $C$DW$95, DW_AT_location[DW_OP_reg17]
    1235              
    1236              $C$DW$96        .dwtag  DW_TAG_TI_assign_register
    1237                      .dwattr $C$DW$96, DW_AT_name("AR7")
    1238                      .dwattr $C$DW$96, DW_AT_location[DW_OP_reg18]
    1239              
    1240              $C$DW$97        .dwtag  DW_TAG_TI_assign_register
    1241                      .dwattr $C$DW$97, DW_AT_name("XAR7")
    1242                      .dwattr $C$DW$97, DW_AT_location[DW_OP_reg19]
    1243              
    1244              $C$DW$98        .dwtag  DW_TAG_TI_assign_register
    1245                      .dwattr $C$DW$98, DW_AT_name("R0H")
    1246                      .dwattr $C$DW$98, DW_AT_location[DW_OP_regx 0x2b]
    1247              
    1248              $C$DW$99        .dwtag  DW_TAG_TI_assign_register
    1249                      .dwattr $C$DW$99, DW_AT_name("R1H")
    1250                      .dwattr $C$DW$99, DW_AT_location[DW_OP_regx 0x2f]
    1251              
    1252              $C$DW$100       .dwtag  DW_TAG_TI_assign_register
    1253                      .dwattr $C$DW$100, DW_AT_name("R2H")
    1254                      .dwattr $C$DW$100, DW_AT_location[DW_OP_regx 0x33]
    1255              
    1256              $C$DW$101       .dwtag  DW_TAG_TI_assign_register
    1257                      .dwattr $C$DW$101, DW_AT_name("R3H")
    1258                      .dwattr $C$DW$101, DW_AT_location[DW_OP_regx 0x37]
    1259              
    1260              $C$DW$102       .dwtag  DW_TAG_TI_assign_register
    1261                      .dwattr $C$DW$102, DW_AT_name("R4H")
    1262                      .dwattr $C$DW$102, DW_AT_location[DW_OP_regx 0x3b]
    1263              
    1264              $C$DW$103       .dwtag  DW_TAG_TI_assign_register
    1265                      .dwattr $C$DW$103, DW_AT_name("R5H")
    1266                      .dwattr $C$DW$103, DW_AT_location[DW_OP_regx 0x3f]
    1267              
    1268              $C$DW$104       .dwtag  DW_TAG_TI_assign_register
    1269                      .dwattr $C$DW$104, DW_AT_name("R6H")
    1270                      .dwattr $C$DW$104, DW_AT_location[DW_OP_regx 0x43]
    1271              
    1272              $C$DW$105       .dwtag  DW_TAG_TI_assign_register
    1273                      .dwattr $C$DW$105, DW_AT_name("R7H")
TMS320C2000 Assembler PC v22.6.1 Wed May 21 09:51:56 2025

Copyright (c) 1996-2018 Texas Instruments Incorporated
C:\Users\Daniel\AppData\Local\Temp\{9C93A50B-CE44-4E21-B1BD-8AE2C26BB0E5} PAGE   27

    1274                      .dwattr $C$DW$105, DW_AT_location[DW_OP_regx 0x47]
    1275              
    1276              $C$DW$106       .dwtag  DW_TAG_TI_assign_register
    1277                      .dwattr $C$DW$106, DW_AT_name("RB")
    1278                      .dwattr $C$DW$106, DW_AT_location[DW_OP_regx 0x4a]
    1279              
    1280              $C$DW$107       .dwtag  DW_TAG_TI_assign_register
    1281                      .dwattr $C$DW$107, DW_AT_name("STF")
    1282                      .dwattr $C$DW$107, DW_AT_location[DW_OP_regx 0x28]
    1283              
    1284              $C$DW$108       .dwtag  DW_TAG_TI_assign_register
    1285                      .dwattr $C$DW$108, DW_AT_name("FPUHAZ")
    1286                      .dwattr $C$DW$108, DW_AT_location[DW_OP_reg27]
    1287              
    1288              $C$DW$109       .dwtag  DW_TAG_TI_assign_register
    1289                      .dwattr $C$DW$109, DW_AT_name("STF_HWDIV")
    1290                      .dwattr $C$DW$109, DW_AT_location[DW_OP_regx 0x4f]
    1291              
    1292              $C$DW$110       .dwtag  DW_TAG_TI_assign_register
    1293                      .dwattr $C$DW$110, DW_AT_name("VCRC")
    1294                      .dwattr $C$DW$110, DW_AT_location[DW_OP_regx 0x50]
    1295              
    1296              $C$DW$111       .dwtag  DW_TAG_TI_assign_register
    1297                      .dwattr $C$DW$111, DW_AT_name("VSTATUS")
    1298                      .dwattr $C$DW$111, DW_AT_location[DW_OP_regx 0x51]
    1299              
    1300              $C$DW$112       .dwtag  DW_TAG_TI_assign_register
    1301                      .dwattr $C$DW$112, DW_AT_name("VCRCPOLY")
    1302                      .dwattr $C$DW$112, DW_AT_location[DW_OP_regx 0x52]
    1303              
    1304              $C$DW$113       .dwtag  DW_TAG_TI_assign_register
    1305                      .dwattr $C$DW$113, DW_AT_name("VCRCSIZE")
    1306                      .dwattr $C$DW$113, DW_AT_location[DW_OP_regx 0x53]
    1307              
    1308                      .dwendtag $C$DW$CU
    1309              

No Assembly Errors, No Assembly Warnings
